9149428_0
--dataset=toxcast --runseed=0 --eval_train --batch_size=256 --dropout_ratio=0.5 --input_model_file=../output/3D_hybrid_03_masking/GEOM_3D_nmol50000_nconf5_nupper1000/CL_1_VAE_1_AM_1/6_51_10_0.1/0.3_EBM_dot_prod_0.05_normalize_l2_detach_target_2_100_0/pretraining_model.pth
start
arguments	 Namespace(AE_loss='l2', AE_model='AE', CL_neg_samples=1, CL_similarity_metric='InfoNCE_dot_prod', JK='last', SSL_2D_mode='AM', SSL_masking_ratio=0, T=0.1, alpha_1=1, alpha_2=1, alpha_3=0.1, batch_size=256, beta=1, contextpred_neg_samples=1, csize=3, cutoff=10, dataset='toxcast', decay=0, detach_target=True, device=0, dropout_ratio=0.5, emb_dim=300, engg_n_layers=4, epochs=100, eval_train=True, flow_length=8, flow_model='planar', gamma_joao=0.1, gamma_joaov2=0.1, gnn_lr_scale=1, gnn_type='gin', graph_pooling='mean', input_data_dir='', input_model_file='../output/3D_hybrid_03_masking/GEOM_3D_nmol50000_nconf5_nupper1000/CL_1_VAE_1_AM_1/6_51_10_0.1/0.3_EBM_dot_prod_0.05_normalize_l2_detach_target_2_100_0/pretraining_model.pth', iw_samples=5, lr=0.001, lr_scale=1, m_dim=50, mask_edge=0, mask_rate=0.15, model_3d='schnet', normalize=False, num_filters=128, num_gaussians=51, num_interactions=6, num_layer=5, num_workers=8, output_model_dir='', readout='mean', runseed=0, schnet_lr_scale=1, seed=42, split='scaffold', split_path=None, verbose=False)
Dataset: toxcast
Data: Data(edge_attr=[330356, 2], edge_index=[2, 330356], id=[8576], x=[161088, 2], y=[5291392])
MoleculeDataset(8576)
split via scaffold
Data(edge_attr=[28, 2], edge_index=[2, 28], id=[1], x=[15, 2], y=[617])
GNN_graphpred(
(molecule_model): GNN(
(x_embedding1): Embedding(120, 300)
(x_embedding2): Embedding(3, 300)
(gnns): ModuleList(
(0): GINConv(
(mlp): Sequential(
(0): Linear(in_features=300, out_features=600, bias=True)
(1): ReLU()
(2): Linear(in_features=600, out_features=300, bias=True)
)
(edge_embedding1): Embedding(6, 300)
(edge_embedding2): Embedding(3, 300)
)
(1): GINConv(
(mlp): Sequential(
(0): Linear(in_features=300, out_features=600, bias=True)
(1): ReLU()
(2): Linear(in_features=600, out_features=300, bias=True)
)
(edge_embedding1): Embedding(6, 300)
(edge_embedding2): Embedding(3, 300)
)
(2): GINConv(
(mlp): Sequential(
(0): Linear(in_features=300, out_features=600, bias=True)
(1): ReLU()
(2): Linear(in_features=600, out_features=300, bias=True)
)
(edge_embedding1): Embedding(6, 300)
(edge_embedding2): Embedding(3, 300)
)
(3): GINConv(
(mlp): Sequential(
(0): Linear(in_features=300, out_features=600, bias=True)
(1): ReLU()
(2): Linear(in_features=600, out_features=300, bias=True)
)
(edge_embedding1): Embedding(6, 300)
(edge_embedding2): Embedding(3, 300)
)
(4): GINConv(
(mlp): Sequential(
(0): Linear(in_features=300, out_features=600, bias=True)
(1): ReLU()
(2): Linear(in_features=600, out_features=300, bias=True)
)
(edge_embedding1): Embedding(6, 300)
(edge_embedding2): Embedding(3, 300)
)
)
(batch_norms): ModuleList(
(0): BatchNorm1d(300, eps=1e-05, momentum=0.1, affine=True, track_running_stats=True)
(1): BatchNorm1d(300, eps=1e-05, momentum=0.1, affine=True, track_running_stats=True)
(2): BatchNorm1d(300, eps=1e-05, momentum=0.1, affine=True, track_running_stats=True)
(3): BatchNorm1d(300, eps=1e-05, momentum=0.1, affine=True, track_running_stats=True)
(4): BatchNorm1d(300, eps=1e-05, momentum=0.1, affine=True, track_running_stats=True)
)
)
(graph_pred_linear): Linear(in_features=300, out_features=617, bias=True)
)
Epoch: 1
Loss: 0.5260753511211129
Some target is missing!
Missing ratio: 0.011345
Some target is missing!
Missing ratio: 0.011345
train: 0.622798	val: 0.540735	test: 0.542615

Epoch: 2
Loss: 0.3351192377396633
Some target is missing!
Missing ratio: 0.011345
Some target is missing!
Missing ratio: 0.011345
train: 0.668213	val: 0.562721	test: 0.561193

Epoch: 3
Loss: 0.2503399734317891
Some target is missing!
Missing ratio: 0.011345
Some target is missing!
Missing ratio: 0.011345
train: 0.709293	val: 0.612687	test: 0.589774

Epoch: 4
Loss: 0.21922526743735993
Some target is missing!
Missing ratio: 0.011345
Some target is missing!
Missing ratio: 0.011345
train: 0.724136	val: 0.610831	test: 0.590328

Epoch: 5
Loss: 0.2086006771445226
Some target is missing!
Missing ratio: 0.011345
Some target is missing!
Missing ratio: 0.011345
train: 0.740131	val: 0.623213	test: 0.614942

Epoch: 6
Loss: 0.2031919148786637
Some target is missing!
Missing ratio: 0.011345
Some target is missing!
Missing ratio: 0.011345
train: 0.756953	val: 0.630738	test: 0.612822

Epoch: 7
Loss: 0.19983519934658306
Some target is missing!
Missing ratio: 0.011345
Some target is missing!
Missing ratio: 0.011345
train: 0.764586	val: 0.638175	test: 0.616852

Epoch: 8
Loss: 0.19601509043605334
Some target is missing!
Missing ratio: 0.011345
Some target is missing!
Missing ratio: 0.011345
train: 0.775082	val: 0.627337	test: 0.612186

Epoch: 9
Loss: 0.19171701427606921
Some target is missing!
Missing ratio: 0.011345
Some target is missing!
Missing ratio: 0.011345
train: 0.781649	val: 0.643418	test: 0.619517

Epoch: 10
Loss: 0.19184696151273523
Some target is missing!
Missing ratio: 0.011345
Some target is missing!
Missing ratio: 0.011345
train: 0.790880	val: 0.640018	test: 0.627023

Epoch: 11
Loss: 0.19030663620907226
Some target is missing!
Missing ratio: 0.011345
Some target is missing!
Missing ratio: 0.011345
train: 0.797623	val: 0.649856	test: 0.628174

Epoch: 12
Loss: 0.18705271200093712
Some target is missing!
Missing ratio: 0.011345
Some target is missing!
Missing ratio: 0.011345
train: 0.804118	val: 0.652977	test: 0.628442

Epoch: 13
Loss: 0.18567336441153806
Some target is missing!
Missing ratio: 0.011345
Some target is missing!
Missing ratio: 0.011345
train: 0.805344	val: 0.645491	test: 0.627742

Epoch: 14
Loss: 0.18430630231857426
Some target is missing!
Missing ratio: 0.011345
Some target is missing!
Missing ratio: 0.011345
train: 0.813237	val: 0.650056	test: 0.627333

Epoch: 15
Loss: 0.18549152480223935
Some target is missing!
Missing ratio: 0.011345
Some target is missing!
Missing ratio: 0.011345
train: 0.817435	val: 0.655769	test: 0.637309

Epoch: 16
Loss: 0.18232805420618037
Some target is missing!
Missing ratio: 0.011345
Some target is missing!
Missing ratio: 0.011345
train: 0.821921	val: 0.650806	test: 0.635570

Epoch: 17
Loss: 0.1804912162667907
Some target is missing!
Missing ratio: 0.011345
Some target is missing!
Missing ratio: 0.011345
train: 0.824153	val: 0.663579	test: 0.624962

Epoch: 18
Loss: 0.1803842672951737
Some target is missing!
Missing ratio: 0.011345
Some target is missing!
Missing ratio: 0.011345
train: 0.829687	val: 0.661774	test: 0.629183

Epoch: 19
Loss: 0.18095815907844426
Some target is missing!
Missing ratio: 0.011345
Some target is missing!
Missing ratio: 0.011345
train: 0.831892	val: 0.663445	test: 0.631278

Epoch: 20
Loss: 0.17753759758641274
Some target is missing!
Missing ratio: 0.011345
Some target is missing!
Missing ratio: 0.011345
train: 0.836656	val: 0.658773	test: 0.631567

Epoch: 21
Loss: 0.17768259518377827
Some target is missing!
Missing ratio: 0.011345
Some target is missing!
Missing ratio: 0.011345
train: 0.839211	val: 0.658844	test: 0.627692

Epoch: 22
Loss: 0.1777851489418582
Some target is missing!
Missing ratio: 0.011345
Some target is missing!
Missing ratio: 0.011345
train: 0.835158	val: 0.649667	test: 0.620259

Epoch: 23
Loss: 0.17582559186546975
Some target is missing!
Missing ratio: 0.011345
Some target is missing!
Missing ratio: 0.011345
train: 0.842269	val: 0.657659	test: 0.626687

Epoch: 24
Loss: 0.17515807345271414
Some target is missing!
Missing ratio: 0.011345
Some target is missing!
Missing ratio: 0.011345
train: 0.844985	val: 0.658984	test: 0.630731

Epoch: 25
Loss: 0.17415552306911442
Some target is missing!
Missing ratio: 0.011345
Some target is missing!
Missing ratio: 0.011345
train: 0.852080	val: 0.668900	test: 0.636023

Epoch: 26
Loss: 0.17271745405762826
Some target is missing!
Missing ratio: 0.011345
Some target is missing!
Missing ratio: 0.011345
train: 0.851083	val: 0.670157	test: 0.629749

Epoch: 27
Loss: 0.17291160735843736
Some target is missing!
Missing ratio: 0.011345
Some target is missing!
Missing ratio: 0.011345
train: 0.855907	val: 0.669631	test: 0.627693

Epoch: 28
Loss: 0.17126777133787435
Some target is missing!
Missing ratio: 0.011345
Some target is missing!
Missing ratio: 0.011345
train: 0.855921	val: 0.669110	test: 0.633111

Epoch: 29
Loss: 0.17016970415501984
Some target is missing!
Missing ratio: 0.011345
Some target is missing!
Missing ratio: 0.011345
train: 0.854461	val: 0.658261	test: 0.620685

Epoch: 30
Loss: 0.1720557229822484
Some target is missing!
Missing ratio: 0.011345
Some target is missing!
Missing ratio: 0.011345
train: 0.859081	val: 0.660745	test: 0.619787

Epoch: 31
Loss: 0.1693536513195804
Some target is missing!
Missing ratio: 0.011345
Some target is missing!
Missing ratio: 0.011345
train: 0.861824	val: 0.661425	test: 0.627926

Epoch: 32
Loss: 0.16959943079261883
Some target is missing!
Missing ratio: 0.011345
Some target is missing!
Missing ratio: 0.011345
train: 0.865023	val: 0.666741	test: 0.623791

Epoch: 33
Loss: 0.16914595959380332
Some target is missing!
Missing ratio: 0.011345
Some target is missing!
Missing ratio: 0.011345
train: 0.866730	val: 0.672080	test: 0.628788

Epoch: 34
Loss: 0.16829698441064128
Some target is missing!
Missing ratio: 0.011345
Some target is missing!
Missing ratio: 0.011345
train: 0.868341	val: 0.672144	test: 0.629583

Epoch: 35
Loss: 0.16724360073772984
Some target is missing!
Missing ratio: 0.011345
Some target is missing!
Missing ratio: 0.011345
train: 0.870111	val: 0.656070	test: 0.623158

Epoch: 36
Loss: 0.16600987819202495
Some target is missing!
Missing ratio: 0.011345
Some target is missing!
Missing ratio: 0.011345
train: 0.872761	val: 0.657082	test: 0.634272

Epoch: 37
Loss: 0.16565642136232736
Some target is missing!
Missing ratio: 0.011345
Some target is missing!
Missing ratio: 0.011345
train: 0.874541	val: 0.672968	test: 0.630604

Epoch: 38
Loss: 0.165265336469005
Some target is missing!
Missing ratio: 0.011345
Some target is missing!
Missing ratio: 0.011345
train: 0.877791	val: 0.666985	test: 0.627533

Epoch: 39
Loss: 0.16505231277527005
Some target is missing!
Missing ratio: 0.011345
Some target is missing!
Missing ratio: 0.011345
train: 0.878654	val: 0.661475	test: 0.626203

Epoch: 40
Loss: 0.16329790691111878
Some target is missing!
Missing ratio: 0.011345
Some target is missing!
Missing ratio: 0.011345
train: 0.876335	val: 0.664485	test: 0.631371

Epoch: 41
Loss: 0.16413689729674233
Some target is missing!
Missing ratio: 0.011345
Some target is missing!
Missing ratio: 0.011345
train: 0.882497	val: 0.667641	test: 0.625406

Epoch: 42
Loss: 0.16262486489868805
Some target is missing!
Missing ratio: 0.011345
Some target is missing!
Missing ratio: 0.011345
train: 0.883502	val: 0.668961	test: 0.625808

Epoch: 43
Loss: 0.16124167920596102
Some target is missing!
Missing ratio: 0.011345
Some target is missing!
Missing ratio: 0.011345
train: 0.885563	val: 0.666293	test: 0.631215

Epoch: 44
Loss: 0.16118975272532474
Some target is missing!
Missing ratio: 0.011345
Some target is missing!
Missing ratio: 0.011345
train: 0.887233	val: 0.666825	test: 0.628497

Epoch: 45
Loss: 0.16125811810012144
Some target is missing!
Missing ratio: 0.011345
Some target is missing!
Missing ratio: 0.011345
train: 0.887568	val: 0.663199	test: 0.630199

Epoch: 46
Loss: 0.15989523270186579
Some target is missing!
Missing ratio: 0.011345
Some target is missing!
Missing ratio: 0.011345
train: 0.887117	val: 0.666699	test: 0.630738

Epoch: 47
Loss: 0.16077672338919372
Some target is missing!
Missing ratio: 0.011345
Some target is missing!
Missing ratio: 0.011345
train: 0.889095	val: 0.664674	test: 0.630239

Epoch: 48
Loss: 0.16010947937239964
Some target is missing!
Missing ratio: 0.011345
Some target is missing!
Missing ratio: 0.011345
train: 0.891438	val: 0.666466	test: 0.618659

Epoch: 49
Loss: 0.15942498359997254
Some target is missing!
Missing ratio: 0.011345
Some target is missing!
Missing ratio: 0.011345
train: 0.893771	val: 0.669075	test: 0.624369

Epoch: 50
Loss: 0.15878618231367966
Some target is missing!
Missing ratio: 0.011345
Some target is missing!
Missing ratio: 0.011345
train: 0.892408	val: 0.654025	test: 0.621756

Epoch: 51
Loss: 0.15927981700579627
Some target is missing!
Missing ratio: 0.011345
Some target is missing!
Missing ratio: 0.011345
train: 0.895114	val: 0.659457	test: 0.623287

Epoch: 52
Loss: 0.15793990644159786
Some target is missing!
Missing ratio: 0.011345
Some target is missing!
Missing ratio: 0.011345
train: 0.895194	val: 0.663902	test: 0.620471

Epoch: 53
Loss: 0.1575389091222538
Some target is missing!
Missing ratio: 0.011345
Some target is missing!
Missing ratio: 0.011345
train: 0.895913	val: 0.669271	test: 0.616997

Epoch: 54
Loss: 0.15791273567970662
Some target is missing!
Missing ratio: 0.011345
Some target is missing!
Missing ratio: 0.011345
train: 0.896241	val: 0.664218	test: 0.626565

Epoch: 55
Loss: 0.1562291381672195
Some target is missing!
Missing ratio: 0.011345
Some target is missing!
Missing ratio: 0.011345
train: 0.901117	val: 0.660661	test: 0.619346

Epoch: 56
Loss: 0.1569004761500281
Some target is missing!
Missing ratio: 0.011345
Some target is missing!
Missing ratio: 0.011345
train: 0.899735	val: 0.671770	test: 0.631897

Epoch: 57
Loss: 0.15667809473988042
Some target is missing!
Missing ratio: 0.011345
Some target is missing!
Missing ratio: 0.011345
train: 0.901861	val: 0.663937	test: 0.638004

Epoch: 58
Loss: 0.1548135842269849
Some target is missing!
Missing ratio: 0.011345
Some target is missing!
Missing ratio: 0.011345
train: 0.902845	val: 0.667845	test: 0.626828

Epoch: 59
Loss: 0.1552582491250662
Some target is missing!
Missing ratio: 0.011345
Some target is missing!
Missing ratio: 0.011345
train: 0.904899	val: 0.668160	test: 0.629079

Epoch: 60
Loss: 0.1544230516797511
Some target is missing!
Missing ratio: 0.011345
Some target is missing!
Missing ratio: 0.011345
train: 0.905362	val: 0.668469	test: 0.627033

Epoch: 61
Loss: 0.15401887110382992
Some target is missing!
Missing ratio: 0.011345
Some target is missing!
Missing ratio: 0.011345
train: 0.905213	val: 0.662728	test: 0.628404

Epoch: 62
Loss: 0.15464472274223076
Some target is missing!
Missing ratio: 0.011345
Some target is missing!
Missing ratio: 0.011345
train: 0.906187	val: 0.667000	test: 0.632626

Epoch: 63
Loss: 0.15336274844256678
Some target is missing!
Missing ratio: 0.011345
Some target is missing!
Missing ratio: 0.011345
train: 0.908194	val: 0.663924	test: 0.625994

Epoch: 64
Loss: 0.15325106610592915
Some target is missing!
Missing ratio: 0.011345
Some target is missing!
Missing ratio: 0.011345
train: 0.909289	val: 0.673456	test: 0.629660

Epoch: 65
Loss: 0.15435668624075694
Some target is missing!
Missing ratio: 0.011345
Some target is missing!
Missing ratio: 0.011345
train: 0.909149	val: 0.677585	test: 0.630987

Epoch: 66
Loss: 0.15308607246099387
Some target is missing!
Missing ratio: 0.011345
Some target is missing!
Missing ratio: 0.011345
train: 0.909931	val: 0.675871	test: 0.629069

Epoch: 67
Loss: 0.15181580282741064
Some target is missing!
Missing ratio: 0.011345
Some target is missing!
Missing ratio: 0.011345
train: 0.912655	val: 0.676631	test: 0.625126

Epoch: 68
Loss: 0.15119974330508004
Some target is missing!
Missing ratio: 0.011345
Some target is missing!
Missing ratio: 0.011345
train: 0.913197	val: 0.671422	test: 0.634141

Epoch: 69
Loss: 0.15063472192822355
Some target is missing!
Missing ratio: 0.011345
Some target is missing!
Missing ratio: 0.011345
train: 0.914701	val: 0.670562	test: 0.635437

Epoch: 70
Loss: 0.15001263292761896
Some target is missing!
Missing ratio: 0.011345
Some target is missing!
Missing ratio: 0.011345
train: 0.914820	val: 0.660643	test: 0.626512

Epoch: 71
Loss: 0.1495430043152469
Some target is missing!
Missing ratio: 0.011345
Some target is missing!
Missing ratio: 0.011345
train: 0.915960	val: 0.665897	test: 0.633250

Epoch: 72
Loss: 0.14984293712407656
Some target is missing!
Missing ratio: 0.011345
Some target is missing!
Missing ratio: 0.011345
train: 0.918457	val: 0.671255	test: 0.635325

Epoch: 73
Loss: 0.14848457815924446
Some target is missing!
Missing ratio: 0.011345
Some target is missing!
Missing ratio: 0.011345
train: 0.916747	val: 0.660931	test: 0.630897

Epoch: 74
Loss: 0.14904364334774758
Some target is missing!
Missing ratio: 0.011345
Some target is missing!
Missing ratio: 0.011345
train: 0.919270	val: 0.672996	test: 0.629812

Epoch: 75
Loss: 0.14804444455315505
Some target is missing!
Missing ratio: 0.011345
Some target is missing!
Missing ratio: 0.011345
train: 0.919535	val: 0.673522	test: 0.624945

Epoch: 76
Loss: 0.14896959057773088
Some target is missing!
Missing ratio: 0.011345
Some target is missing!
Missing ratio: 0.011345
train: 0.918954	val: 0.673240	test: 0.620923

Epoch: 77
Loss: 0.14962662713846864
Some target is missing!
Missing ratio: 0.011345
Some target is missing!
Missing ratio: 0.011345
train: 0.919982	val: 0.675533	test: 0.625386

Epoch: 78
Loss: 0.14818667899490526
Some target is missing!
Missing ratio: 0.011345
Some target is missing!
Missing ratio: 0.011345
train: 0.920781	val: 0.677862	test: 0.633342

Epoch: 79
Loss: 0.14631623943684552
Some target is missing!
Missing ratio: 0.011345
Some target is missing!
Missing ratio: 0.011345
train: 0.922756	val: 0.669957	test: 0.630035

Epoch: 80
Loss: 0.1464043163021858
Some target is missing!
Missing ratio: 0.011345
Some target is missing!
Missing ratio: 0.011345
train: 0.922342	val: 0.670972	test: 0.627419

Epoch: 81
Loss: 0.1463766447148212
Some target is missing!
Missing ratio: 0.011345
Some target is missing!
Missing ratio: 0.011345
train: 0.924325	val: 0.670554	test: 0.628582

Epoch: 82
Loss: 0.1465925645687577
Some target is missing!
Missing ratio: 0.011345
Some target is missing!
Missing ratio: 0.011345
train: 0.923847	val: 0.676851	test: 0.632241

Epoch: 83
Loss: 0.14517145403805312
Some target is missing!
Missing ratio: 0.011345
Some target is missing!
Missing ratio: 0.011345
train: 0.925287	val: 0.673166	test: 0.625319

Epoch: 84
Loss: 0.1448452733578337
Some target is missing!
Missing ratio: 0.011345
Some target is missing!
Missing ratio: 0.011345
train: 0.924208	val: 0.658860	test: 0.627664

Epoch: 85
Loss: 0.14464808293051615
Some target is missing!
Missing ratio: 0.011345
Some target is missing!
Missing ratio: 0.011345
train: 0.926491	val: 0.672847	test: 0.627552

Epoch: 86
Loss: 0.14540690580110316
Some target is missing!
Missing ratio: 0.011345
Some target is missing!
Missing ratio: 0.011345
train: 0.927543	val: 0.675417	test: 0.629975

Epoch: 87
Loss: 0.1438407135620497
Some target is missing!
Missing ratio: 0.011345
Some target is missing!
Missing ratio: 0.011345
train: 0.927189	val: 0.670636	test: 0.623762

Epoch: 88
Loss: 0.1440214184328811
Some target is missing!
Missing ratio: 0.011345
Some target is missing!
Missing ratio: 0.011345
train: 0.928991	val: 0.671872	test: 0.636822

Epoch: 89
Loss: 0.14275347353140372
Some target is missing!
Missing ratio: 0.011345
Some target is missing!
Missing ratio: 0.011345
train: 0.930463	val: 0.672960	test: 0.627399

Epoch: 90
Loss: 0.1416854252231234
Some target is missing!
Missing ratio: 0.011345
Some target is missing!
Missing ratio: 0.011345
train: 0.930189	val: 0.669135	test: 0.622308

Epoch: 91
Loss: 0.14332500534358814
Some target is missing!
Missing ratio: 0.011345
Some target is missing!
Missing ratio: 0.011345
train: 0.930377	val: 0.674981	test: 0.627191

Epoch: 92
Loss: 0.14201037571533082
Some target is missing!
Missing ratio: 0.011345
Some target is missing!
Missing ratio: 0.011345
train: 0.930627	val: 0.667580	test: 0.619867

Epoch: 93
Loss: 0.14308479122496479
Some target is missing!
Missing ratio: 0.011345
Some target is missing!
Missing ratio: 0.011345
train: 0.932155	val: 0.667966	test: 0.628367

Epoch: 94
Loss: 0.14229219173167978
Some target is missing!
Missing ratio: 0.011345
Some target is missing!
Missing ratio: 0.011345
train: 0.932885	val: 0.682640	test: 0.628554

Epoch: 95
Loss: 0.141591115028054
Some target is missing!
Missing ratio: 0.011345
Some target is missing!
Missing ratio: 0.011345
train: 0.931632	val: 0.671059	test: 0.626636

Epoch: 96
Loss: 0.14082301523119797
Some target is missing!
Missing ratio: 0.011345
Some target is missing!
Missing ratio: 0.011345
train: 0.932350	val: 0.680512	test: 0.631559

Epoch: 97
Loss: 0.14017455736738194
Some target is missing!
Missing ratio: 0.011345
Some target is missing!
Missing ratio: 0.011345
train: 0.934303	val: 0.661766	test: 0.629910

Epoch: 98
Loss: 0.13940681269478933
Some target is missing!
Missing ratio: 0.011345
Some target is missing!
Missing ratio: 0.011345
train: 0.934445	val: 0.672277	test: 0.631045

Epoch: 99
Loss: 0.13985100699588754
Some target is missing!
Missing ratio: 0.011345
Some target is missing!
Missing ratio: 0.011345
train: 0.936571	val: 0.675220	test: 0.629303

Epoch: 100
Loss: 0.14012911847311602
Some target is missing!
Missing ratio: 0.011345
Some target is missing!
Missing ratio: 0.011345
train: 0.935767	val: 0.675002	test: 0.629846

best train: 0.932885	val: 0.682640	test: 0.628554
end
