9090750_0
--dataset=muv --runseed=0 --eval_train --batch_size=256 --dropout_ratio=0.5 --input_model_file=../output/3D_hybrid_02_masking/GEOM_3D_nmol50000_nconf5_nupper1000/CL_1_VAE_1/6_51_10_0.1/0.15_EBM_dot_prod_0.2_normalize_l2_detach_target_2_100_0/pretraining_model.pth
start
arguments	 Namespace(AE_loss='l2', AE_model='AE', CL_neg_samples=1, CL_similarity_metric='InfoNCE_dot_prod', JK='last', SSL_2D_mode='AM', SSL_masking_ratio=0, T=0.1, alpha_1=1, alpha_2=1, alpha_3=0.1, batch_size=256, beta=1, contextpred_neg_samples=1, csize=3, cutoff=10, dataset='muv', decay=0, detach_target=True, device=0, dropout_ratio=0.5, emb_dim=300, engg_n_layers=4, epochs=100, eval_train=True, flow_length=8, flow_model='planar', gamma_joao=0.1, gamma_joaov2=0.1, gnn_lr_scale=1, gnn_type='gin', graph_pooling='mean', input_data_dir='', input_model_file='../output/3D_hybrid_02_masking/GEOM_3D_nmol50000_nconf5_nupper1000/CL_1_VAE_1/6_51_10_0.1/0.15_EBM_dot_prod_0.2_normalize_l2_detach_target_2_100_0/pretraining_model.pth', iw_samples=5, lr=0.001, lr_scale=1, m_dim=50, mask_edge=0, mask_rate=0.15, model_3d='schnet', normalize=True, num_filters=128, num_gaussians=51, num_interactions=6, num_layer=5, num_workers=8, output_model_dir='', readout='mean', runseed=0, schnet_lr_scale=1, seed=42, split='scaffold', verbose=False)
Dataset: muv
Data: Data(edge_attr=[4892252, 2], edge_index=[2, 4892252], id=[93087], x=[2255846, 2], y=[1582479])
MoleculeDataset(93087)
split via scaffold
Data(edge_attr=[30, 2], edge_index=[2, 30], id=[1], x=[15, 2], y=[17])
GNN_graphpred(
(molecule_model): GNN(
(x_embedding1): Embedding(120, 300)
(x_embedding2): Embedding(3, 300)
(gnns): ModuleList(
(0): GINConv(
(mlp): Sequential(
(0): Linear(in_features=300, out_features=600, bias=True)
(1): ReLU()
(2): Linear(in_features=600, out_features=300, bias=True)
)
(edge_embedding1): Embedding(6, 300)
(edge_embedding2): Embedding(3, 300)
)
(1): GINConv(
(mlp): Sequential(
(0): Linear(in_features=300, out_features=600, bias=True)
(1): ReLU()
(2): Linear(in_features=600, out_features=300, bias=True)
)
(edge_embedding1): Embedding(6, 300)
(edge_embedding2): Embedding(3, 300)
)
(2): GINConv(
(mlp): Sequential(
(0): Linear(in_features=300, out_features=600, bias=True)
(1): ReLU()
(2): Linear(in_features=600, out_features=300, bias=True)
)
(edge_embedding1): Embedding(6, 300)
(edge_embedding2): Embedding(3, 300)
)
(3): GINConv(
(mlp): Sequential(
(0): Linear(in_features=300, out_features=600, bias=True)
(1): ReLU()
(2): Linear(in_features=600, out_features=300, bias=True)
)
(edge_embedding1): Embedding(6, 300)
(edge_embedding2): Embedding(3, 300)
)
(4): GINConv(
(mlp): Sequential(
(0): Linear(in_features=300, out_features=600, bias=True)
(1): ReLU()
(2): Linear(in_features=600, out_features=300, bias=True)
)
(edge_embedding1): Embedding(6, 300)
(edge_embedding2): Embedding(3, 300)
)
)
(batch_norms): ModuleList(
(0): BatchNorm1d(300, eps=1e-05, momentum=0.1, affine=True, track_running_stats=True)
(1): BatchNorm1d(300, eps=1e-05, momentum=0.1, affine=True, track_running_stats=True)
(2): BatchNorm1d(300, eps=1e-05, momentum=0.1, affine=True, track_running_stats=True)
(3): BatchNorm1d(300, eps=1e-05, momentum=0.1, affine=True, track_running_stats=True)
(4): BatchNorm1d(300, eps=1e-05, momentum=0.1, affine=True, track_running_stats=True)
)
)
(graph_pred_linear): Linear(in_features=300, out_features=17, bias=True)
)
Epoch: 1
Loss: 0.10236106983424094
Some target is missing!
Missing ratio: 0.058824
Some target is missing!
Missing ratio: 0.117647
train: 0.635352	val: 0.691124	test: 0.637903

Epoch: 2
Loss: 0.014020830935410426
Some target is missing!
Missing ratio: 0.058824
Some target is missing!
Missing ratio: 0.117647
train: 0.743719	val: 0.755547	test: 0.677820

Epoch: 3
Loss: 0.013266547306784626
Some target is missing!
Missing ratio: 0.058824
Some target is missing!
Missing ratio: 0.117647
train: 0.784113	val: 0.747860	test: 0.696666

Epoch: 4
Loss: 0.012893837290015621
Some target is missing!
Missing ratio: 0.058824
Some target is missing!
Missing ratio: 0.117647
train: 0.793319	val: 0.751372	test: 0.691503

Epoch: 5
Loss: 0.012610447155160862
Some target is missing!
Missing ratio: 0.058824
Some target is missing!
Missing ratio: 0.117647
train: 0.837825	val: 0.763148	test: 0.737753

Epoch: 6
Loss: 0.012409765108181555
Some target is missing!
Missing ratio: 0.058824
Some target is missing!
Missing ratio: 0.117647
train: 0.841771	val: 0.758396	test: 0.741208

Epoch: 7
Loss: 0.012233362436773318
Some target is missing!
Missing ratio: 0.058824
Some target is missing!
Missing ratio: 0.117647
train: 0.831922	val: 0.766530	test: 0.735169

Epoch: 8
Loss: 0.012031967295366302
Some target is missing!
Missing ratio: 0.058824
Some target is missing!
Missing ratio: 0.117647
train: 0.841053	val: 0.781075	test: 0.754472

Epoch: 9
Loss: 0.011840952072929633
Some target is missing!
Missing ratio: 0.058824
Some target is missing!
Missing ratio: 0.117647
train: 0.871588	val: 0.777932	test: 0.725505

Epoch: 10
Loss: 0.011843167910094182
Some target is missing!
Missing ratio: 0.058824
Some target is missing!
Missing ratio: 0.117647
train: 0.880213	val: 0.752020	test: 0.741193

Epoch: 11
Loss: 0.01157900220501955
Some target is missing!
Missing ratio: 0.058824
Some target is missing!
Missing ratio: 0.117647
train: 0.894688	val: 0.766042	test: 0.745230

Epoch: 12
Loss: 0.011406707751283945
Some target is missing!
Missing ratio: 0.058824
Some target is missing!
Missing ratio: 0.117647
train: 0.900113	val: 0.769943	test: 0.715869

Epoch: 13
Loss: 0.011238137770816952
Some target is missing!
Missing ratio: 0.058824
Some target is missing!
Missing ratio: 0.117647
train: 0.895634	val: 0.773703	test: 0.710621

Epoch: 14
Loss: 0.011055170711258402
Some target is missing!
Missing ratio: 0.058824
Some target is missing!
Missing ratio: 0.117647
train: 0.912462	val: 0.781622	test: 0.753037

Epoch: 15
Loss: 0.011016189276544295
Some target is missing!
Missing ratio: 0.058824
Some target is missing!
Missing ratio: 0.117647
train: 0.923238	val: 0.794957	test: 0.741157

Epoch: 16
Loss: 0.010809347889715987
Some target is missing!
Missing ratio: 0.058824
Some target is missing!
Missing ratio: 0.117647
train: 0.921229	val: 0.787862	test: 0.741217

Epoch: 17
Loss: 0.010636945469568638
Some target is missing!
Missing ratio: 0.058824
Some target is missing!
Missing ratio: 0.117647
train: 0.931831	val: 0.796946	test: 0.759416

Epoch: 18
Loss: 0.010682703935379328
Some target is missing!
Missing ratio: 0.058824
Some target is missing!
Missing ratio: 0.117647
train: 0.937848	val: 0.798323	test: 0.736915

Epoch: 19
Loss: 0.01041348251785272
Some target is missing!
Missing ratio: 0.058824
Some target is missing!
Missing ratio: 0.117647
train: 0.938198	val: 0.806545	test: 0.746195

Epoch: 20
Loss: 0.010350648176726044
Some target is missing!
Missing ratio: 0.058824
Some target is missing!
Missing ratio: 0.117647
train: 0.937777	val: 0.818069	test: 0.773644

Epoch: 21
Loss: 0.010361767105340022
Some target is missing!
Missing ratio: 0.058824
Some target is missing!
Missing ratio: 0.117647
train: 0.944737	val: 0.787353	test: 0.736957

Epoch: 22
Loss: 0.010128578237247061
Some target is missing!
Missing ratio: 0.058824
Some target is missing!
Missing ratio: 0.117647
train: 0.940553	val: 0.806543	test: 0.762697

Epoch: 23
Loss: 0.010049669352314137
Some target is missing!
Missing ratio: 0.058824
Some target is missing!
Missing ratio: 0.117647
train: 0.939608	val: 0.809653	test: 0.726615

Epoch: 24
Loss: 0.009848539580010396
Some target is missing!
Missing ratio: 0.058824
Some target is missing!
Missing ratio: 0.117647
train: 0.947222	val: 0.827386	test: 0.766266

Epoch: 25
Loss: 0.009717638631803766
Some target is missing!
Missing ratio: 0.058824
Some target is missing!
Missing ratio: 0.117647
train: 0.956118	val: 0.814798	test: 0.747675

Epoch: 26
Loss: 0.009850873581794829
Some target is missing!
Missing ratio: 0.058824
Some target is missing!
Missing ratio: 0.117647
train: 0.959119	val: 0.826872	test: 0.750028

Epoch: 27
Loss: 0.009486639908617166
Some target is missing!
Missing ratio: 0.058824
Some target is missing!
Missing ratio: 0.117647
train: 0.957261	val: 0.803807	test: 0.746785

Epoch: 28
Loss: 0.009565858246379972
Some target is missing!
Missing ratio: 0.058824
Some target is missing!
Missing ratio: 0.117647
train: 0.966028	val: 0.837390	test: 0.746982

Epoch: 29
Loss: 0.009280523443099811
Some target is missing!
Missing ratio: 0.058824
Some target is missing!
Missing ratio: 0.117647
train: 0.963445	val: 0.831932	test: 0.753681

Epoch: 30
Loss: 0.009194293670955487
Some target is missing!
Missing ratio: 0.058824
Some target is missing!
Missing ratio: 0.117647
train: 0.968535	val: 0.824997	test: 0.746113

Epoch: 31
Loss: 0.009191610198581767
Some target is missing!
Missing ratio: 0.058824
Some target is missing!
Missing ratio: 0.117647
train: 0.966426	val: 0.814198	test: 0.750066

Epoch: 32
Loss: 0.009229053229145296
Some target is missing!
Missing ratio: 0.058824
Some target is missing!
Missing ratio: 0.117647
train: 0.968397	val: 0.817018	test: 0.725032

Epoch: 33
Loss: 0.009045908121150881
Some target is missing!
Missing ratio: 0.058824
Some target is missing!
Missing ratio: 0.117647
train: 0.970309	val: 0.806781	test: 0.743525

Epoch: 34
Loss: 0.00903029979728269
Some target is missing!
Missing ratio: 0.058824
Some target is missing!
Missing ratio: 0.117647
train: 0.973358	val: 0.810413	test: 0.718339

Epoch: 35
Loss: 0.008670436184262482
Some target is missing!
Missing ratio: 0.058824
Some target is missing!
Missing ratio: 0.117647
train: 0.974458	val: 0.828796	test: 0.761191

Epoch: 36
Loss: 0.008543527677039992
Some target is missing!
Missing ratio: 0.058824
Some target is missing!
Missing ratio: 0.117647
train: 0.975935	val: 0.820050	test: 0.753768

Epoch: 37
Loss: 0.008507565922927203
Some target is missing!
Missing ratio: 0.058824
Some target is missing!
Missing ratio: 0.117647
train: 0.978415	val: 0.825258	test: 0.752608

Epoch: 38
Loss: 0.00830657486999417
Some target is missing!
Missing ratio: 0.058824
Some target is missing!
Missing ratio: 0.117647
train: 0.977657	val: 0.827399	test: 0.720478

Epoch: 39
Loss: 0.008099334004837073
Some target is missing!
Missing ratio: 0.058824
Some target is missing!
Missing ratio: 0.117647
train: 0.980663	val: 0.805731	test: 0.749114

Epoch: 40
Loss: 0.008395160324305654
Some target is missing!
Missing ratio: 0.058824
Some target is missing!
Missing ratio: 0.117647
train: 0.981600	val: 0.839108	test: 0.732020

Epoch: 41
Loss: 0.00815034234121669
Some target is missing!
Missing ratio: 0.058824
Some target is missing!
Missing ratio: 0.117647
train: 0.981416	val: 0.792747	test: 0.723090

Epoch: 42
Loss: 0.00799618719135196
Some target is missing!
Missing ratio: 0.058824
Some target is missing!
Missing ratio: 0.117647
train: 0.980010	val: 0.800206	test: 0.728741

Epoch: 43
Loss: 0.007904948495758094
Some target is missing!
Missing ratio: 0.058824
Some target is missing!
Missing ratio: 0.117647
train: 0.984765	val: 0.819132	test: 0.750661

Epoch: 44
Loss: 0.007763519967900209
Some target is missing!
Missing ratio: 0.058824
Some target is missing!
Missing ratio: 0.117647
train: 0.984498	val: 0.829623	test: 0.751362

Epoch: 45
Loss: 0.007635436382303035
Some target is missing!
Missing ratio: 0.058824
Some target is missing!
Missing ratio: 0.117647
train: 0.988392	val: 0.824660	test: 0.752636

Epoch: 46
Loss: 0.007659253962891272
Some target is missing!
Missing ratio: 0.058824
Some target is missing!
Missing ratio: 0.117647
train: 0.988563	val: 0.840023	test: 0.733738

Epoch: 47
Loss: 0.0077500504180516225
Some target is missing!
Missing ratio: 0.058824
Some target is missing!
Missing ratio: 0.117647
train: 0.988690	val: 0.806026	test: 0.746017

Epoch: 48
Loss: 0.007311297166488236
Some target is missing!
Missing ratio: 0.058824
Some target is missing!
Missing ratio: 0.117647
train: 0.986518	val: 0.811668	test: 0.764773

Epoch: 49
Loss: 0.0071181710123566205
Some target is missing!
Missing ratio: 0.058824
Some target is missing!
Missing ratio: 0.117647
train: 0.989518	val: 0.821943	test: 0.738567

Epoch: 50
Loss: 0.007374475907610562
Some target is missing!
Missing ratio: 0.058824
Some target is missing!
Missing ratio: 0.117647
train: 0.990086	val: 0.816644	test: 0.747186

Epoch: 51
Loss: 0.0070464239429317704
Some target is missing!
Missing ratio: 0.058824
Some target is missing!
Missing ratio: 0.117647
train: 0.990285	val: 0.818635	test: 0.758406

Epoch: 52
Loss: 0.007061050267109834
Some target is missing!
Missing ratio: 0.058824
Some target is missing!
Missing ratio: 0.117647
train: 0.991013	val: 0.821405	test: 0.726196

Epoch: 53
Loss: 0.0069740289380121065
Some target is missing!
Missing ratio: 0.058824
Some target is missing!
Missing ratio: 0.117647
train: 0.992314	val: 0.819298	test: 0.750855

Epoch: 54
Loss: 0.006948714058576879
Some target is missing!
Missing ratio: 0.058824
Some target is missing!
Missing ratio: 0.117647
train: 0.992647	val: 0.791285	test: 0.717286

Epoch: 55
Loss: 0.006664287362095384
Some target is missing!
Missing ratio: 0.058824
Some target is missing!
Missing ratio: 0.117647
train: 0.993605	val: 0.802761	test: 0.734817

Epoch: 56
Loss: 0.006593561918468434
Some target is missing!
Missing ratio: 0.058824
Some target is missing!
Missing ratio: 0.117647
train: 0.993831	val: 0.813038	test: 0.749846

Epoch: 57
Loss: 0.006766420611553944
Some target is missing!
Missing ratio: 0.058824
Some target is missing!
Missing ratio: 0.117647
train: 0.993381	val: 0.806806	test: 0.745232

Epoch: 58
Loss: 0.006515494306493128
Some target is missing!
Missing ratio: 0.058824
Some target is missing!
Missing ratio: 0.117647
train: 0.992319	val: 0.801080	test: 0.740289

Epoch: 59
Loss: 0.006795018050781821
Some target is missing!
Missing ratio: 0.058824
Some target is missing!
Missing ratio: 0.117647
train: 0.995018	val: 0.826075	test: 0.732423

Epoch: 60
Loss: 0.006386914711683534
Some target is missing!
Missing ratio: 0.058824
Some target is missing!
Missing ratio: 0.117647
train: 0.994967	val: 0.813090	test: 0.728424

Epoch: 61
Loss: 0.006131794015481359
Some target is missing!
Missing ratio: 0.058824
Some target is missing!
Missing ratio: 0.117647
train: 0.994259	val: 0.801721	test: 0.734055

Epoch: 62
Loss: 0.00622474676048362
Some target is missing!
Missing ratio: 0.058824
Some target is missing!
Missing ratio: 0.117647
train: 0.995485	val: 0.801725	test: 0.739419

Epoch: 63
Loss: 0.006187070648961049
Some target is missing!
Missing ratio: 0.058824
Some target is missing!
Missing ratio: 0.117647
train: 0.995417	val: 0.794080	test: 0.713156

Epoch: 64
Loss: 0.006095190908596942
Some target is missing!
Missing ratio: 0.058824
Some target is missing!
Missing ratio: 0.117647
train: 0.993754	val: 0.765877	test: 0.730268

Epoch: 65
Loss: 0.005989119310455642
Some target is missing!
Missing ratio: 0.058824
Some target is missing!
Missing ratio: 0.117647
train: 0.996428	val: 0.793235	test: 0.711212

Epoch: 66
Loss: 0.005698908734384574
Some target is missing!
Missing ratio: 0.058824
Some target is missing!
Missing ratio: 0.117647
train: 0.996747	val: 0.806339	test: 0.737340

Epoch: 67
Loss: 0.00599395007869773
Some target is missing!
Missing ratio: 0.058824
Some target is missing!
Missing ratio: 0.117647
train: 0.997330	val: 0.785128	test: 0.706367

Epoch: 68
Loss: 0.005786876275416202
Some target is missing!
Missing ratio: 0.058824
Some target is missing!
Missing ratio: 0.117647
train: 0.997791	val: 0.785269	test: 0.722010

Epoch: 69
Loss: 0.005406365718365733
Some target is missing!
Missing ratio: 0.058824
Some target is missing!
Missing ratio: 0.117647
train: 0.997174	val: 0.810021	test: 0.722161

Epoch: 70
Loss: 0.005748102859626916
Some target is missing!
Missing ratio: 0.058824
Some target is missing!
Missing ratio: 0.117647
train: 0.997687	val: 0.801310	test: 0.704028

Epoch: 71
Loss: 0.0055466767275702
Some target is missing!
Missing ratio: 0.058824
Some target is missing!
Missing ratio: 0.117647
train: 0.998108	val: 0.776479	test: 0.692707

Epoch: 72
Loss: 0.005460186414448037
Some target is missing!
Missing ratio: 0.058824
Some target is missing!
Missing ratio: 0.117647
train: 0.998121	val: 0.798179	test: 0.716311

Epoch: 73
Loss: 0.005582143170795502
Some target is missing!
Missing ratio: 0.058824
Some target is missing!
Missing ratio: 0.117647
train: 0.998313	val: 0.789424	test: 0.720165

Epoch: 74
Loss: 0.005386685471767379
Some target is missing!
Missing ratio: 0.058824
Some target is missing!
Missing ratio: 0.117647
train: 0.998691	val: 0.789319	test: 0.718370

Epoch: 75
Loss: 0.005241995830584188
Some target is missing!
Missing ratio: 0.058824
Some target is missing!
Missing ratio: 0.117647
train: 0.998172	val: 0.794161	test: 0.693832

Epoch: 76
Loss: 0.005217979942483766
Some target is missing!
Missing ratio: 0.058824
Some target is missing!
Missing ratio: 0.117647
train: 0.998657	val: 0.793074	test: 0.720813

Epoch: 77
Loss: 0.005062458447738047
Some target is missing!
Missing ratio: 0.058824
Some target is missing!
Missing ratio: 0.117647
train: 0.998821	val: 0.790274	test: 0.688487

Epoch: 78
Loss: 0.005135396033900624
Some target is missing!
Missing ratio: 0.058824
Some target is missing!
Missing ratio: 0.117647
train: 0.998661	val: 0.790988	test: 0.710135

Epoch: 79
Loss: 0.0050254066193574694
Some target is missing!
Missing ratio: 0.058824
Some target is missing!
Missing ratio: 0.117647
train: 0.998778	val: 0.814918	test: 0.725162

Epoch: 80
Loss: 0.004758687212049095
Some target is missing!
Missing ratio: 0.058824
Some target is missing!
Missing ratio: 0.117647
train: 0.998747	val: 0.796746	test: 0.701631

Epoch: 81
Loss: 0.004794194475922432
Some target is missing!
Missing ratio: 0.058824
Some target is missing!
Missing ratio: 0.117647
train: 0.998905	val: 0.767782	test: 0.724224

Epoch: 82
Loss: 0.00495301548456761
Some target is missing!
Missing ratio: 0.058824
Some target is missing!
Missing ratio: 0.117647
train: 0.999016	val: 0.817373	test: 0.710333

Epoch: 83
Loss: 0.004744710753884991
Some target is missing!
Missing ratio: 0.058824
Some target is missing!
Missing ratio: 0.117647
train: 0.998973	val: 0.790617	test: 0.746864

Epoch: 84
Loss: 0.004682475477126924
Some target is missing!
Missing ratio: 0.058824
Some target is missing!
Missing ratio: 0.117647
train: 0.999218	val: 0.796325	test: 0.724074

Epoch: 85
Loss: 0.0046508340955196395
Some target is missing!
Missing ratio: 0.058824
Some target is missing!
Missing ratio: 0.117647
train: 0.999106	val: 0.770219	test: 0.706473

Epoch: 86
Loss: 0.004901870086345247
Some target is missing!
Missing ratio: 0.058824
Some target is missing!
Missing ratio: 0.117647
train: 0.998283	val: 0.800973	test: 0.698724

Epoch: 87
Loss: 0.0043373781582814455
Some target is missing!
Missing ratio: 0.058824
Some target is missing!
Missing ratio: 0.117647
train: 0.999394	val: 0.796172	test: 0.712297

Epoch: 88
Loss: 0.004485517244698554
Some target is missing!
Missing ratio: 0.058824
Some target is missing!
Missing ratio: 0.117647
train: 0.999315	val: 0.785243	test: 0.706941

Epoch: 89
Loss: 0.004577153996330632
Some target is missing!
Missing ratio: 0.058824
Some target is missing!
Missing ratio: 0.117647
train: 0.999395	val: 0.779335	test: 0.719926

Epoch: 90
Loss: 0.004637053657145565
Some target is missing!
Missing ratio: 0.058824
Some target is missing!
Missing ratio: 0.117647
train: 0.999508	val: 0.790058	test: 0.705876

Epoch: 91
Loss: 0.0045665222800844235
Some target is missing!
Missing ratio: 0.058824
Some target is missing!
Missing ratio: 0.117647
train: 0.999389	val: 0.802867	test: 0.688505

Epoch: 92
Loss: 0.004352310475147776
Some target is missing!
Missing ratio: 0.058824
Some target is missing!
Missing ratio: 0.117647
train: 0.999527	val: 0.795846	test: 0.680565

Epoch: 93
Loss: 0.004188090207244527
Some target is missing!
Missing ratio: 0.058824
Some target is missing!
Missing ratio: 0.117647
train: 0.999593	val: 0.783151	test: 0.708412

Epoch: 94
Loss: 0.004096292783635155
Some target is missing!
Missing ratio: 0.058824
Some target is missing!
Missing ratio: 0.117647
train: 0.999638	val: 0.786728	test: 0.702876

Epoch: 95
Loss: 0.004212517409185749
Some target is missing!
Missing ratio: 0.058824
Some target is missing!
Missing ratio: 0.117647
train: 0.999597	val: 0.767484	test: 0.714378

Epoch: 96
Loss: 0.004011565588079745
Some target is missing!
Missing ratio: 0.058824
Some target is missing!
Missing ratio: 0.117647
train: 0.999543	val: 0.801922	test: 0.692305

Epoch: 97
Loss: 0.004163938699503922
Some target is missing!
Missing ratio: 0.058824
Some target is missing!
Missing ratio: 0.117647
train: 0.999656	val: 0.804726	test: 0.705751

Epoch: 98
Loss: 0.004018512246514348
Some target is missing!
Missing ratio: 0.058824
Some target is missing!
Missing ratio: 0.117647
train: 0.999581	val: 0.798194	test: 0.719991

Epoch: 99
Loss: 0.0041124846846470504
Some target is missing!
Missing ratio: 0.058824
Some target is missing!
Missing ratio: 0.117647
train: 0.999741	val: 0.779512	test: 0.694120

Epoch: 100
Loss: 0.0040454815281074415
Some target is missing!
Missing ratio: 0.058824
Some target is missing!
Missing ratio: 0.117647
train: 0.999720	val: 0.800224	test: 0.705741

best train: 0.988563	val: 0.840023	test: 0.733738
end
