9090750_0
--dataset=toxcast --runseed=0 --eval_train --batch_size=256 --dropout_ratio=0.5 --input_model_file=../output/3D_hybrid_02_masking/GEOM_3D_nmol50000_nconf5_nupper1000/CL_1_VAE_1/6_51_10_0.1/0.15_EBM_dot_prod_0.2_normalize_l2_detach_target_2_100_0/pretraining_model.pth
start
arguments	 Namespace(AE_loss='l2', AE_model='AE', CL_neg_samples=1, CL_similarity_metric='InfoNCE_dot_prod', JK='last', SSL_2D_mode='AM', SSL_masking_ratio=0, T=0.1, alpha_1=1, alpha_2=1, alpha_3=0.1, batch_size=256, beta=1, contextpred_neg_samples=1, csize=3, cutoff=10, dataset='toxcast', decay=0, detach_target=True, device=0, dropout_ratio=0.5, emb_dim=300, engg_n_layers=4, epochs=100, eval_train=True, flow_length=8, flow_model='planar', gamma_joao=0.1, gamma_joaov2=0.1, gnn_lr_scale=1, gnn_type='gin', graph_pooling='mean', input_data_dir='', input_model_file='../output/3D_hybrid_02_masking/GEOM_3D_nmol50000_nconf5_nupper1000/CL_1_VAE_1/6_51_10_0.1/0.15_EBM_dot_prod_0.2_normalize_l2_detach_target_2_100_0/pretraining_model.pth', iw_samples=5, lr=0.001, lr_scale=1, m_dim=50, mask_edge=0, mask_rate=0.15, model_3d='schnet', normalize=True, num_filters=128, num_gaussians=51, num_interactions=6, num_layer=5, num_workers=8, output_model_dir='', readout='mean', runseed=0, schnet_lr_scale=1, seed=42, split='scaffold', verbose=False)
Dataset: toxcast
Data: Data(edge_attr=[330356, 2], edge_index=[2, 330356], id=[8576], x=[161088, 2], y=[5291392])
MoleculeDataset(8576)
split via scaffold
Data(edge_attr=[28, 2], edge_index=[2, 28], id=[1], x=[15, 2], y=[617])
GNN_graphpred(
(molecule_model): GNN(
(x_embedding1): Embedding(120, 300)
(x_embedding2): Embedding(3, 300)
(gnns): ModuleList(
(0): GINConv(
(mlp): Sequential(
(0): Linear(in_features=300, out_features=600, bias=True)
(1): ReLU()
(2): Linear(in_features=600, out_features=300, bias=True)
)
(edge_embedding1): Embedding(6, 300)
(edge_embedding2): Embedding(3, 300)
)
(1): GINConv(
(mlp): Sequential(
(0): Linear(in_features=300, out_features=600, bias=True)
(1): ReLU()
(2): Linear(in_features=600, out_features=300, bias=True)
)
(edge_embedding1): Embedding(6, 300)
(edge_embedding2): Embedding(3, 300)
)
(2): GINConv(
(mlp): Sequential(
(0): Linear(in_features=300, out_features=600, bias=True)
(1): ReLU()
(2): Linear(in_features=600, out_features=300, bias=True)
)
(edge_embedding1): Embedding(6, 300)
(edge_embedding2): Embedding(3, 300)
)
(3): GINConv(
(mlp): Sequential(
(0): Linear(in_features=300, out_features=600, bias=True)
(1): ReLU()
(2): Linear(in_features=600, out_features=300, bias=True)
)
(edge_embedding1): Embedding(6, 300)
(edge_embedding2): Embedding(3, 300)
)
(4): GINConv(
(mlp): Sequential(
(0): Linear(in_features=300, out_features=600, bias=True)
(1): ReLU()
(2): Linear(in_features=600, out_features=300, bias=True)
)
(edge_embedding1): Embedding(6, 300)
(edge_embedding2): Embedding(3, 300)
)
)
(batch_norms): ModuleList(
(0): BatchNorm1d(300, eps=1e-05, momentum=0.1, affine=True, track_running_stats=True)
(1): BatchNorm1d(300, eps=1e-05, momentum=0.1, affine=True, track_running_stats=True)
(2): BatchNorm1d(300, eps=1e-05, momentum=0.1, affine=True, track_running_stats=True)
(3): BatchNorm1d(300, eps=1e-05, momentum=0.1, affine=True, track_running_stats=True)
(4): BatchNorm1d(300, eps=1e-05, momentum=0.1, affine=True, track_running_stats=True)
)
)
(graph_pred_linear): Linear(in_features=300, out_features=617, bias=True)
)
Epoch: 1
Loss: 0.5463607787642977
Some target is missing!
Missing ratio: 0.011345
Some target is missing!
Missing ratio: 0.011345
train: 0.633845	val: 0.562085	test: 0.559511

Epoch: 2
Loss: 0.34851960600699466
Some target is missing!
Missing ratio: 0.011345
Some target is missing!
Missing ratio: 0.011345
train: 0.672513	val: 0.565276	test: 0.557046

Epoch: 3
Loss: 0.25213187479017096
Some target is missing!
Missing ratio: 0.011345
Some target is missing!
Missing ratio: 0.011345
train: 0.702971	val: 0.595865	test: 0.572344

Epoch: 4
Loss: 0.22000151218607011
Some target is missing!
Missing ratio: 0.011345
Some target is missing!
Missing ratio: 0.011345
train: 0.714177	val: 0.594304	test: 0.567260

Epoch: 5
Loss: 0.2101488775054635
Some target is missing!
Missing ratio: 0.011345
Some target is missing!
Missing ratio: 0.011345
train: 0.726605	val: 0.614452	test: 0.596915

Epoch: 6
Loss: 0.2043043533162819
Some target is missing!
Missing ratio: 0.011345
Some target is missing!
Missing ratio: 0.011345
train: 0.752531	val: 0.616481	test: 0.605317

Epoch: 7
Loss: 0.201148838135637
Some target is missing!
Missing ratio: 0.011345
Some target is missing!
Missing ratio: 0.011345
train: 0.767538	val: 0.614903	test: 0.604393

Epoch: 8
Loss: 0.19824689346447308
Some target is missing!
Missing ratio: 0.011345
Some target is missing!
Missing ratio: 0.011345
train: 0.770202	val: 0.623475	test: 0.611964

Epoch: 9
Loss: 0.1958262589174678
Some target is missing!
Missing ratio: 0.011345
Some target is missing!
Missing ratio: 0.011345
train: 0.779647	val: 0.617518	test: 0.603787

Epoch: 10
Loss: 0.19395273724136516
Some target is missing!
Missing ratio: 0.011345
Some target is missing!
Missing ratio: 0.011345
train: 0.789391	val: 0.626953	test: 0.611690

Epoch: 11
Loss: 0.19245609928915147
Some target is missing!
Missing ratio: 0.011345
Some target is missing!
Missing ratio: 0.011345
train: 0.791794	val: 0.641157	test: 0.618297

Epoch: 12
Loss: 0.18915441384229886
Some target is missing!
Missing ratio: 0.011345
Some target is missing!
Missing ratio: 0.011345
train: 0.805045	val: 0.633627	test: 0.622323

Epoch: 13
Loss: 0.18878381720874876
Some target is missing!
Missing ratio: 0.011345
Some target is missing!
Missing ratio: 0.011345
train: 0.806506	val: 0.626542	test: 0.613129

Epoch: 14
Loss: 0.1869189784184173
Some target is missing!
Missing ratio: 0.011345
Some target is missing!
Missing ratio: 0.011345
train: 0.811378	val: 0.634240	test: 0.614366

Epoch: 15
Loss: 0.18694833662885474
Some target is missing!
Missing ratio: 0.011345
Some target is missing!
Missing ratio: 0.011345
train: 0.816408	val: 0.641263	test: 0.621351

Epoch: 16
Loss: 0.1851276016502677
Some target is missing!
Missing ratio: 0.011345
Some target is missing!
Missing ratio: 0.011345
train: 0.820789	val: 0.629933	test: 0.616362

Epoch: 17
Loss: 0.18468867567914954
Some target is missing!
Missing ratio: 0.011345
Some target is missing!
Missing ratio: 0.011345
train: 0.824025	val: 0.636975	test: 0.626206

Epoch: 18
Loss: 0.18324133159191974
Some target is missing!
Missing ratio: 0.011345
Some target is missing!
Missing ratio: 0.011345
train: 0.825471	val: 0.633570	test: 0.625595

Epoch: 19
Loss: 0.1823168592687414
Some target is missing!
Missing ratio: 0.011345
Some target is missing!
Missing ratio: 0.011345
train: 0.831408	val: 0.631462	test: 0.630674

Epoch: 20
Loss: 0.18112869045320004
Some target is missing!
Missing ratio: 0.011345
Some target is missing!
Missing ratio: 0.011345
train: 0.831472	val: 0.629442	test: 0.619276

Epoch: 21
Loss: 0.1801460072204303
Some target is missing!
Missing ratio: 0.011345
Some target is missing!
Missing ratio: 0.011345
train: 0.832275	val: 0.632176	test: 0.622100

Epoch: 22
Loss: 0.17862195151591945
Some target is missing!
Missing ratio: 0.011345
Some target is missing!
Missing ratio: 0.011345
train: 0.837838	val: 0.636329	test: 0.628984

Epoch: 23
Loss: 0.178891393472289
Some target is missing!
Missing ratio: 0.011345
Some target is missing!
Missing ratio: 0.011345
train: 0.841587	val: 0.643322	test: 0.628849

Epoch: 24
Loss: 0.17834075897296942
Some target is missing!
Missing ratio: 0.011345
Some target is missing!
Missing ratio: 0.011345
train: 0.840578	val: 0.637918	test: 0.620023

Epoch: 25
Loss: 0.17737871560750465
Some target is missing!
Missing ratio: 0.011345
Some target is missing!
Missing ratio: 0.011345
train: 0.844957	val: 0.630331	test: 0.631423

Epoch: 26
Loss: 0.17681675287681636
Some target is missing!
Missing ratio: 0.011345
Some target is missing!
Missing ratio: 0.011345
train: 0.850155	val: 0.633384	test: 0.624172

Epoch: 27
Loss: 0.17427855453753627
Some target is missing!
Missing ratio: 0.011345
Some target is missing!
Missing ratio: 0.011345
train: 0.849472	val: 0.632724	test: 0.627360

Epoch: 28
Loss: 0.1756726172271889
Some target is missing!
Missing ratio: 0.011345
Some target is missing!
Missing ratio: 0.011345
train: 0.851388	val: 0.639522	test: 0.634452

Epoch: 29
Loss: 0.17509426420840768
Some target is missing!
Missing ratio: 0.011345
Some target is missing!
Missing ratio: 0.011345
train: 0.852122	val: 0.637941	test: 0.628561

Epoch: 30
Loss: 0.17417871809844526
Some target is missing!
Missing ratio: 0.011345
Some target is missing!
Missing ratio: 0.011345
train: 0.855518	val: 0.639505	test: 0.632099

Epoch: 31
Loss: 0.17340491650138357
Some target is missing!
Missing ratio: 0.011345
Some target is missing!
Missing ratio: 0.011345
train: 0.856751	val: 0.638436	test: 0.632931

Epoch: 32
Loss: 0.17308180297266826
Some target is missing!
Missing ratio: 0.011345
Some target is missing!
Missing ratio: 0.011345
train: 0.853501	val: 0.635131	test: 0.622007

Epoch: 33
Loss: 0.1716679744065597
Some target is missing!
Missing ratio: 0.011345
Some target is missing!
Missing ratio: 0.011345
train: 0.861880	val: 0.650414	test: 0.636443

Epoch: 34
Loss: 0.17106378181802254
Some target is missing!
Missing ratio: 0.011345
Some target is missing!
Missing ratio: 0.011345
train: 0.858057	val: 0.641948	test: 0.626108

Epoch: 35
Loss: 0.17035580102142853
Some target is missing!
Missing ratio: 0.011345
Some target is missing!
Missing ratio: 0.011345
train: 0.864257	val: 0.640687	test: 0.630646

Epoch: 36
Loss: 0.16977570456957625
Some target is missing!
Missing ratio: 0.011345
Some target is missing!
Missing ratio: 0.011345
train: 0.866927	val: 0.631872	test: 0.628006

Epoch: 37
Loss: 0.16994624693211707
Some target is missing!
Missing ratio: 0.011345
Some target is missing!
Missing ratio: 0.011345
train: 0.864565	val: 0.645391	test: 0.628063

Epoch: 38
Loss: 0.17022315835327037
Some target is missing!
Missing ratio: 0.011345
Some target is missing!
Missing ratio: 0.011345
train: 0.868691	val: 0.645075	test: 0.624909

Epoch: 39
Loss: 0.16853611199519097
Some target is missing!
Missing ratio: 0.011345
Some target is missing!
Missing ratio: 0.011345
train: 0.869694	val: 0.651877	test: 0.639783

Epoch: 40
Loss: 0.16775083934801607
Some target is missing!
Missing ratio: 0.011345
Some target is missing!
Missing ratio: 0.011345
train: 0.869400	val: 0.648371	test: 0.636848

Epoch: 41
Loss: 0.16809833221893256
Some target is missing!
Missing ratio: 0.011345
Some target is missing!
Missing ratio: 0.011345
train: 0.871824	val: 0.645329	test: 0.627943

Epoch: 42
Loss: 0.16753639537493434
Some target is missing!
Missing ratio: 0.011345
Some target is missing!
Missing ratio: 0.011345
train: 0.871937	val: 0.649652	test: 0.620285

Epoch: 43
Loss: 0.16648716746919912
Some target is missing!
Missing ratio: 0.011345
Some target is missing!
Missing ratio: 0.011345
train: 0.874225	val: 0.637285	test: 0.627158

Epoch: 44
Loss: 0.1668970795343977
Some target is missing!
Missing ratio: 0.011345
Some target is missing!
Missing ratio: 0.011345
train: 0.876862	val: 0.646256	test: 0.632641

Epoch: 45
Loss: 0.16557442549479842
Some target is missing!
Missing ratio: 0.011345
Some target is missing!
Missing ratio: 0.011345
train: 0.878996	val: 0.650700	test: 0.638031

Epoch: 46
Loss: 0.16576945051632133
Some target is missing!
Missing ratio: 0.011345
Some target is missing!
Missing ratio: 0.011345
train: 0.876718	val: 0.643741	test: 0.630684

Epoch: 47
Loss: 0.1653446021336953
Some target is missing!
Missing ratio: 0.011345
Some target is missing!
Missing ratio: 0.011345
train: 0.877332	val: 0.641021	test: 0.633682

Epoch: 48
Loss: 0.16524336149713412
Some target is missing!
Missing ratio: 0.011345
Some target is missing!
Missing ratio: 0.011345
train: 0.881123	val: 0.644649	test: 0.628002

Epoch: 49
Loss: 0.16493851252957778
Some target is missing!
Missing ratio: 0.011345
Some target is missing!
Missing ratio: 0.011345
train: 0.882404	val: 0.638611	test: 0.627754

Epoch: 50
Loss: 0.16415188762469876
Some target is missing!
Missing ratio: 0.011345
Some target is missing!
Missing ratio: 0.011345
train: 0.883677	val: 0.647880	test: 0.632469

Epoch: 51
Loss: 0.16318166176404528
Some target is missing!
Missing ratio: 0.011345
Some target is missing!
Missing ratio: 0.011345
train: 0.884117	val: 0.642246	test: 0.627559

Epoch: 52
Loss: 0.1636547016821446
Some target is missing!
Missing ratio: 0.011345
Some target is missing!
Missing ratio: 0.011345
train: 0.883656	val: 0.641312	test: 0.630312

Epoch: 53
Loss: 0.16380327826392382
Some target is missing!
Missing ratio: 0.011345
Some target is missing!
Missing ratio: 0.011345
train: 0.884166	val: 0.651471	test: 0.623515

Epoch: 54
Loss: 0.16259137428792833
Some target is missing!
Missing ratio: 0.011345
Some target is missing!
Missing ratio: 0.011345
train: 0.887258	val: 0.646014	test: 0.625549

Epoch: 55
Loss: 0.1602734352997652
Some target is missing!
Missing ratio: 0.011345
Some target is missing!
Missing ratio: 0.011345
train: 0.888277	val: 0.648437	test: 0.625189

Epoch: 56
Loss: 0.16155154634276214
Some target is missing!
Missing ratio: 0.011345
Some target is missing!
Missing ratio: 0.011345
train: 0.881039	val: 0.651829	test: 0.630051

Epoch: 57
Loss: 0.1621821111960768
Some target is missing!
Missing ratio: 0.011345
Some target is missing!
Missing ratio: 0.011345
train: 0.890743	val: 0.652817	test: 0.635527

Epoch: 58
Loss: 0.16104439939900686
Some target is missing!
Missing ratio: 0.011345
Some target is missing!
Missing ratio: 0.011345
train: 0.889601	val: 0.641787	test: 0.626117

Epoch: 59
Loss: 0.16074099544743894
Some target is missing!
Missing ratio: 0.011345
Some target is missing!
Missing ratio: 0.011345
train: 0.892484	val: 0.651325	test: 0.626432

Epoch: 60
Loss: 0.16111006760006796
Some target is missing!
Missing ratio: 0.011345
Some target is missing!
Missing ratio: 0.011345
train: 0.891728	val: 0.646625	test: 0.633352

Epoch: 61
Loss: 0.15983218675062788
Some target is missing!
Missing ratio: 0.011345
Some target is missing!
Missing ratio: 0.011345
train: 0.893719	val: 0.652077	test: 0.618935

Epoch: 62
Loss: 0.158918278530575
Some target is missing!
Missing ratio: 0.011345
Some target is missing!
Missing ratio: 0.011345
train: 0.891426	val: 0.643723	test: 0.637356

Epoch: 63
Loss: 0.15944253590140325
Some target is missing!
Missing ratio: 0.011345
Some target is missing!
Missing ratio: 0.011345
train: 0.890378	val: 0.647330	test: 0.622152

Epoch: 64
Loss: 0.15866428369300592
Some target is missing!
Missing ratio: 0.011345
Some target is missing!
Missing ratio: 0.011345
train: 0.893976	val: 0.651342	test: 0.629214

Epoch: 65
Loss: 0.1589155144839177
Some target is missing!
Missing ratio: 0.011345
Some target is missing!
Missing ratio: 0.011345
train: 0.896976	val: 0.658931	test: 0.629834

Epoch: 66
Loss: 0.15842922870141496
Some target is missing!
Missing ratio: 0.011345
Some target is missing!
Missing ratio: 0.011345
train: 0.898775	val: 0.648770	test: 0.627647

Epoch: 67
Loss: 0.1576052930236816
Some target is missing!
Missing ratio: 0.011345
Some target is missing!
Missing ratio: 0.011345
train: 0.897641	val: 0.646804	test: 0.626294

Epoch: 68
Loss: 0.15791380453760606
Some target is missing!
Missing ratio: 0.011345
Some target is missing!
Missing ratio: 0.011345
train: 0.899294	val: 0.654901	test: 0.633491

Epoch: 69
Loss: 0.1566120828418681
Some target is missing!
Missing ratio: 0.011345
Some target is missing!
Missing ratio: 0.011345
train: 0.899710	val: 0.654306	test: 0.625068

Epoch: 70
Loss: 0.1553409522532806
Some target is missing!
Missing ratio: 0.011345
Some target is missing!
Missing ratio: 0.011345
train: 0.899502	val: 0.650015	test: 0.626353

Epoch: 71
Loss: 0.1537122119676397
Some target is missing!
Missing ratio: 0.011345
Some target is missing!
Missing ratio: 0.011345
train: 0.901647	val: 0.649276	test: 0.632418

Epoch: 72
Loss: 0.15491382862655154
Some target is missing!
Missing ratio: 0.011345
Some target is missing!
Missing ratio: 0.011345
train: 0.903176	val: 0.649012	test: 0.626318

Epoch: 73
Loss: 0.15401067324738527
Some target is missing!
Missing ratio: 0.011345
Some target is missing!
Missing ratio: 0.011345
train: 0.904357	val: 0.647501	test: 0.633701

Epoch: 74
Loss: 0.15487333907807688
Some target is missing!
Missing ratio: 0.011345
Some target is missing!
Missing ratio: 0.011345
train: 0.904127	val: 0.651204	test: 0.622683

Epoch: 75
Loss: 0.1538178740385939
Some target is missing!
Missing ratio: 0.011345
Some target is missing!
Missing ratio: 0.011345
train: 0.905409	val: 0.641778	test: 0.623211

Epoch: 76
Loss: 0.15452232735882387
Some target is missing!
Missing ratio: 0.011345
Some target is missing!
Missing ratio: 0.011345
train: 0.905116	val: 0.649641	test: 0.625438

Epoch: 77
Loss: 0.15444364490308995
Some target is missing!
Missing ratio: 0.011345
Some target is missing!
Missing ratio: 0.011345
train: 0.905147	val: 0.651151	test: 0.629873

Epoch: 78
Loss: 0.1551390563260815
Some target is missing!
Missing ratio: 0.011345
Some target is missing!
Missing ratio: 0.011345
train: 0.904226	val: 0.654522	test: 0.632064

Epoch: 79
Loss: 0.1536360519483146
Some target is missing!
Missing ratio: 0.011345
Some target is missing!
Missing ratio: 0.011345
train: 0.904492	val: 0.649577	test: 0.628151

Epoch: 80
Loss: 0.15225082842343376
Some target is missing!
Missing ratio: 0.011345
Some target is missing!
Missing ratio: 0.011345
train: 0.908179	val: 0.649134	test: 0.633547

Epoch: 81
Loss: 0.15243125329692228
Some target is missing!
Missing ratio: 0.011345
Some target is missing!
Missing ratio: 0.011345
train: 0.909119	val: 0.652859	test: 0.632389

Epoch: 82
Loss: 0.15362874637124407
Some target is missing!
Missing ratio: 0.011345
Some target is missing!
Missing ratio: 0.011345
train: 0.908534	val: 0.652043	test: 0.624312

Epoch: 83
Loss: 0.15219846444186805
Some target is missing!
Missing ratio: 0.011345
Some target is missing!
Missing ratio: 0.011345
train: 0.910782	val: 0.648244	test: 0.627047

Epoch: 84
Loss: 0.15069693149070093
Some target is missing!
Missing ratio: 0.011345
Some target is missing!
Missing ratio: 0.011345
train: 0.912837	val: 0.646146	test: 0.621459

Epoch: 85
Loss: 0.15040548502453266
Some target is missing!
Missing ratio: 0.011345
Some target is missing!
Missing ratio: 0.011345
train: 0.910972	val: 0.654586	test: 0.630018

Epoch: 86
Loss: 0.15019551165627026
Some target is missing!
Missing ratio: 0.011345
Some target is missing!
Missing ratio: 0.011345
train: 0.913392	val: 0.660590	test: 0.634829

Epoch: 87
Loss: 0.1502809695315454
Some target is missing!
Missing ratio: 0.011345
Some target is missing!
Missing ratio: 0.011345
train: 0.913105	val: 0.646323	test: 0.617138

Epoch: 88
Loss: 0.15029878321571932
Some target is missing!
Missing ratio: 0.011345
Some target is missing!
Missing ratio: 0.011345
train: 0.913553	val: 0.654182	test: 0.631854

Epoch: 89
Loss: 0.14972764983850656
Some target is missing!
Missing ratio: 0.011345
Some target is missing!
Missing ratio: 0.011345
train: 0.912521	val: 0.645651	test: 0.628652

Epoch: 90
Loss: 0.14852700833853108
Some target is missing!
Missing ratio: 0.011345
Some target is missing!
Missing ratio: 0.011345
train: 0.915737	val: 0.645293	test: 0.618535

Epoch: 91
Loss: 0.14790991124412708
Some target is missing!
Missing ratio: 0.011345
Some target is missing!
Missing ratio: 0.011345
train: 0.913515	val: 0.651553	test: 0.621509

Epoch: 92
Loss: 0.1483097920044964
Some target is missing!
Missing ratio: 0.011345
Some target is missing!
Missing ratio: 0.011345
train: 0.916895	val: 0.648675	test: 0.625699

Epoch: 93
Loss: 0.14853381118070622
Some target is missing!
Missing ratio: 0.011345
Some target is missing!
Missing ratio: 0.011345
train: 0.916100	val: 0.650992	test: 0.628378

Epoch: 94
Loss: 0.149062110649237
Some target is missing!
Missing ratio: 0.011345
Some target is missing!
Missing ratio: 0.011345
train: 0.918012	val: 0.653819	test: 0.626185

Epoch: 95
Loss: 0.1482888011375371
Some target is missing!
Missing ratio: 0.011345
Some target is missing!
Missing ratio: 0.011345
train: 0.917102	val: 0.652523	test: 0.623962

Epoch: 96
Loss: 0.14814808468506463
Some target is missing!
Missing ratio: 0.011345
Some target is missing!
Missing ratio: 0.011345
train: 0.918972	val: 0.656927	test: 0.627877

Epoch: 97
Loss: 0.14681901573776848
Some target is missing!
Missing ratio: 0.011345
Some target is missing!
Missing ratio: 0.011345
train: 0.919186	val: 0.652406	test: 0.626180

Epoch: 98
Loss: 0.14565799695224246
Some target is missing!
Missing ratio: 0.011345
Some target is missing!
Missing ratio: 0.011345
train: 0.920537	val: 0.663676	test: 0.625949

Epoch: 99
Loss: 0.14694235640685036
Some target is missing!
Missing ratio: 0.011345
Some target is missing!
Missing ratio: 0.011345
train: 0.921634	val: 0.650200	test: 0.633448

Epoch: 100
Loss: 0.14693643065212764
Some target is missing!
Missing ratio: 0.011345
Some target is missing!
Missing ratio: 0.011345
train: 0.920813	val: 0.651781	test: 0.623904

best train: 0.920537	val: 0.663676	test: 0.625949
end
