--epochs=100 --dataset=GEOM_3D_nmol50000_nconf5_nupper1000 --batch_size=256 --SSL_masking_ratio=0.3 --CL_similarity_metric=EBM_dot_prod --T=0.05 --normalize --AE_model=VAE --AE_loss=l2 --detach_target --beta=2 --alpha_1=1 --alpha_2=1 --SSL_2D_mode=AM --alpha_3=1 --num_interactions=6 --num_gaussians=51 --cutoff=10 --schnet_lr_scale=0.1 --dropout_ratio=0 --num_workers=8 --output_model_dir=../output/3D_hybrid_03_masking/GEOM_3D_nmol50000_nconf5_nupper1000/CL_1_VAE_1_AM_1/6_51_10_0.1/0.3_EBM_dot_prod_0.05_normalize_l2_detach_target_2_100_0/pretraining
start
arguments	 Namespace(AE_loss='l2', AE_model='VAE', CL_neg_samples=1, CL_similarity_metric='EBM_dot_prod', JK='last', SSL_2D_mode='AM', SSL_masking_ratio=0.3, T=0.05, alpha_1=1.0, alpha_2=1.0, alpha_3=1.0, batch_size=256, beta=2.0, contextpred_neg_samples=1, csize=3, cutoff=10.0, dataset='GEOM_3D_nmol50000_nconf5_nupper1000', decay=0, detach_target=True, device=0, dropout_ratio=0.0, emb_dim=300, engg_n_layers=4, epochs=100, eval_train=True, flow_length=8, flow_model='planar', gamma_joao=0.1, gamma_joaov2=0.1, gnn_lr_scale=1, gnn_type='gin', graph_pooling='mean', input_data_dir='', input_model_file='', iw_samples=5, lr=0.001, lr_scale=1, m_dim=50, mask_edge=0, mask_rate=0.15, model_3d='schnet', normalize=True, num_filters=128, num_gaussians=51, num_interactions=6, num_layer=5, num_workers=8, output_model_dir='../output/3D_hybrid_03_masking/GEOM_3D_nmol50000_nconf5_nupper1000/CL_1_VAE_1_AM_1/6_51_10_0.1/0.3_EBM_dot_prod_0.05_normalize_l2_detach_target_2_100_0/pretraining', readout='mean', runseed=0, schnet_lr_scale=0.1, seed=42, split='scaffold', verbose=False)
========== Use AM for 2D SSL ==========
Dataset: GEOM_3D_nmol50000_nconf5_nupper1000
Data: Data(edge_attr=[23744740, 2], edge_index=[2, 23744740], id=[250000], mol_id=[250000], positions=[11368635, 3], x=[11368635, 2])
epoch: 1
save model with loss: 0.92933
CL Loss: 0.36309	CL Acc: 0.92809		AE Loss: 0.24632	AE Acc: 0.00000	2D SSL Loss: 0.31992	2D SSL Acc: 0.91349Time: 192.41536
epoch: 2
save model with loss: 0.39502
CL Loss: 0.15810	CL Acc: 0.97441		AE Loss: 0.03343	AE Acc: 0.00000	2D SSL Loss: 0.20349	2D SSL Acc: 0.93711Time: 193.02803
epoch: 3
save model with loss: 0.33025
CL Loss: 0.11818	CL Acc: 0.98223		AE Loss: 0.02250	AE Acc: 0.00000	2D SSL Loss: 0.18956	2D SSL Acc: 0.94101Time: 192.27500
epoch: 4
save model with loss: 0.29427
CL Loss: 0.09589	CL Acc: 0.98634		AE Loss: 0.01897	AE Acc: 0.00000	2D SSL Loss: 0.17941	2D SSL Acc: 0.94395Time: 191.79389
epoch: 5
save model with loss: 0.27642
CL Loss: 0.08357	CL Acc: 0.98862		AE Loss: 0.01822	AE Acc: 0.00000	2D SSL Loss: 0.17463	2D SSL Acc: 0.94524Time: 190.34162
epoch: 6
save model with loss: 0.26036
CL Loss: 0.07276	CL Acc: 0.99054		AE Loss: 0.01843	AE Acc: 0.00000	2D SSL Loss: 0.16917	2D SSL Acc: 0.94712Time: 192.72914
epoch: 7
save model with loss: 0.24851
CL Loss: 0.06387	CL Acc: 0.99221		AE Loss: 0.01890	AE Acc: 0.00000	2D SSL Loss: 0.16574	2D SSL Acc: 0.94806Time: 193.78213
epoch: 8
save model with loss: 0.23954
CL Loss: 0.05793	CL Acc: 0.99316		AE Loss: 0.02008	AE Acc: 0.00000	2D SSL Loss: 0.16153	2D SSL Acc: 0.94927Time: 191.61613
epoch: 9
save model with loss: 0.23375
CL Loss: 0.05407	CL Acc: 0.99383		AE Loss: 0.02144	AE Acc: 0.00000	2D SSL Loss: 0.15824	2D SSL Acc: 0.95023Time: 191.97911
epoch: 10
save model with loss: 0.22491
CL Loss: 0.04804	CL Acc: 0.99490		AE Loss: 0.02207	AE Acc: 0.00000	2D SSL Loss: 0.15480	2D SSL Acc: 0.95124Time: 190.94251
epoch: 11
save model with loss: 0.22108
CL Loss: 0.04602	CL Acc: 0.99515		AE Loss: 0.02325	AE Acc: 0.00000	2D SSL Loss: 0.15181	2D SSL Acc: 0.95220Time: 190.90451
epoch: 12
save model with loss: 0.21679
CL Loss: 0.04206	CL Acc: 0.99578		AE Loss: 0.02421	AE Acc: 0.00000	2D SSL Loss: 0.15052	2D SSL Acc: 0.95272Time: 193.59801
epoch: 13
save model with loss: 0.21168
CL Loss: 0.03903	CL Acc: 0.99625		AE Loss: 0.02486	AE Acc: 0.00000	2D SSL Loss: 0.14780	2D SSL Acc: 0.95358Time: 193.03146
epoch: 14
save model with loss: 0.20858
CL Loss: 0.03718	CL Acc: 0.99644		AE Loss: 0.02552	AE Acc: 0.00000	2D SSL Loss: 0.14589	2D SSL Acc: 0.95384Time: 192.98289
epoch: 15
save model with loss: 0.20478
CL Loss: 0.03454	CL Acc: 0.99691		AE Loss: 0.02648	AE Acc: 0.00000	2D SSL Loss: 0.14375	2D SSL Acc: 0.95459Time: 192.47329
epoch: 16
save model with loss: 0.20208
CL Loss: 0.03259	CL Acc: 0.99711		AE Loss: 0.02721	AE Acc: 0.00000	2D SSL Loss: 0.14228	2D SSL Acc: 0.95498Time: 193.50124
epoch: 17
save model with loss: 0.20106
CL Loss: 0.03154	CL Acc: 0.99722		AE Loss: 0.02807	AE Acc: 0.00000	2D SSL Loss: 0.14145	2D SSL Acc: 0.95531Time: 193.06194
epoch: 18
save model with loss: 0.19961
CL Loss: 0.03010	CL Acc: 0.99742		AE Loss: 0.02904	AE Acc: 0.00000	2D SSL Loss: 0.14048	2D SSL Acc: 0.95579Time: 191.52600
epoch: 19
save model with loss: 0.19691
CL Loss: 0.02824	CL Acc: 0.99766		AE Loss: 0.02990	AE Acc: 0.00000	2D SSL Loss: 0.13877	2D SSL Acc: 0.95610Time: 193.33183
epoch: 20
save model with loss: 0.19474
CL Loss: 0.02720	CL Acc: 0.99783		AE Loss: 0.03079	AE Acc: 0.00000	2D SSL Loss: 0.13676	2D SSL Acc: 0.95683Time: 192.45631
epoch: 21
save model with loss: 0.19451
CL Loss: 0.02653	CL Acc: 0.99788		AE Loss: 0.03194	AE Acc: 0.00000	2D SSL Loss: 0.13605	2D SSL Acc: 0.95698Time: 192.58753
epoch: 22
save model with loss: 0.19270
CL Loss: 0.02537	CL Acc: 0.99808		AE Loss: 0.03277	AE Acc: 0.00000	2D SSL Loss: 0.13456	2D SSL Acc: 0.95742Time: 190.24711
epoch: 23
save model with loss: 0.19264
CL Loss: 0.02460	CL Acc: 0.99814		AE Loss: 0.03397	AE Acc: 0.00000	2D SSL Loss: 0.13407	2D SSL Acc: 0.95769Time: 194.76799
epoch: 24
CL Loss: 0.02397	CL Acc: 0.99823		AE Loss: 0.03537	AE Acc: 0.00000	2D SSL Loss: 0.13336	2D SSL Acc: 0.95788Time: 190.63473
epoch: 25
save model with loss: 0.19060
CL Loss: 0.02304	CL Acc: 0.99832		AE Loss: 0.03629	AE Acc: 0.00000	2D SSL Loss: 0.13126	2D SSL Acc: 0.95856Time: 192.44391
epoch: 26
save model with loss: 0.19024
CL Loss: 0.02230	CL Acc: 0.99843		AE Loss: 0.03734	AE Acc: 0.00000	2D SSL Loss: 0.13060	2D SSL Acc: 0.95859Time: 192.96505
epoch: 27
CL Loss: 0.02219	CL Acc: 0.99845		AE Loss: 0.03877	AE Acc: 0.00000	2D SSL Loss: 0.12965	2D SSL Acc: 0.95889Time: 192.35886
epoch: 28
save model with loss: 0.18950
CL Loss: 0.02086	CL Acc: 0.99861		AE Loss: 0.03995	AE Acc: 0.00000	2D SSL Loss: 0.12868	2D SSL Acc: 0.95937Time: 191.26707
epoch: 29
CL Loss: 0.02097	CL Acc: 0.99856		AE Loss: 0.04111	AE Acc: 0.00000	2D SSL Loss: 0.12771	2D SSL Acc: 0.95957Time: 193.91629
epoch: 30
CL Loss: 0.02051	CL Acc: 0.99867		AE Loss: 0.04296	AE Acc: 0.00000	2D SSL Loss: 0.12771	2D SSL Acc: 0.95964Time: 190.15650
epoch: 31
CL Loss: 0.02013	CL Acc: 0.99872		AE Loss: 0.04448	AE Acc: 0.00000	2D SSL Loss: 0.12707	2D SSL Acc: 0.95978Time: 193.02189
epoch: 32
CL Loss: 0.01958	CL Acc: 0.99876		AE Loss: 0.04585	AE Acc: 0.00000	2D SSL Loss: 0.12691	2D SSL Acc: 0.95976Time: 191.11819
epoch: 33
CL Loss: 0.01906	CL Acc: 0.99879		AE Loss: 0.04713	AE Acc: 0.00000	2D SSL Loss: 0.12611	2D SSL Acc: 0.96003Time: 190.98853
epoch: 34
CL Loss: 0.01873	CL Acc: 0.99882		AE Loss: 0.04866	AE Acc: 0.00000	2D SSL Loss: 0.12529	2D SSL Acc: 0.96033Time: 193.93051
epoch: 35
CL Loss: 0.01832	CL Acc: 0.99887		AE Loss: 0.05024	AE Acc: 0.00000	2D SSL Loss: 0.12529	2D SSL Acc: 0.96024Time: 192.16650
epoch: 36
CL Loss: 0.01808	CL Acc: 0.99889		AE Loss: 0.05173	AE Acc: 0.00000	2D SSL Loss: 0.12386	2D SSL Acc: 0.96093Time: 192.40304
epoch: 37
CL Loss: 0.01776	CL Acc: 0.99897		AE Loss: 0.05317	AE Acc: 0.00000	2D SSL Loss: 0.12402	2D SSL Acc: 0.96065Time: 193.59070
epoch: 38
CL Loss: 0.01722	CL Acc: 0.99903		AE Loss: 0.05473	AE Acc: 0.00000	2D SSL Loss: 0.12374	2D SSL Acc: 0.96068Time: 191.06225
epoch: 39
CL Loss: 0.01687	CL Acc: 0.99907		AE Loss: 0.05618	AE Acc: 0.00000	2D SSL Loss: 0.12255	2D SSL Acc: 0.96111Time: 194.15175
epoch: 40
CL Loss: 0.01688	CL Acc: 0.99903		AE Loss: 0.05766	AE Acc: 0.00000	2D SSL Loss: 0.12233	2D SSL Acc: 0.96131Time: 192.13456
epoch: 41
CL Loss: 0.01668	CL Acc: 0.99904		AE Loss: 0.05953	AE Acc: 0.00000	2D SSL Loss: 0.12210	2D SSL Acc: 0.96126Time: 190.25810
epoch: 42
CL Loss: 0.01625	CL Acc: 0.99912		AE Loss: 0.06128	AE Acc: 0.00000	2D SSL Loss: 0.12214	2D SSL Acc: 0.96129Time: 191.95400
epoch: 43
CL Loss: 0.01615	CL Acc: 0.99914		AE Loss: 0.06310	AE Acc: 0.00000	2D SSL Loss: 0.12098	2D SSL Acc: 0.96162Time: 191.67713
epoch: 44
CL Loss: 0.01580	CL Acc: 0.99914		AE Loss: 0.06451	AE Acc: 0.00000	2D SSL Loss: 0.12066	2D SSL Acc: 0.96171Time: 191.27337
epoch: 45
CL Loss: 0.01579	CL Acc: 0.99916		AE Loss: 0.06639	AE Acc: 0.00000	2D SSL Loss: 0.12008	2D SSL Acc: 0.96187Time: 193.07511
epoch: 46
CL Loss: 0.01575	CL Acc: 0.99913		AE Loss: 0.06765	AE Acc: 0.00000	2D SSL Loss: 0.12111	2D SSL Acc: 0.96154Time: 192.20099
epoch: 47
CL Loss: 0.01557	CL Acc: 0.99917		AE Loss: 0.06975	AE Acc: 0.00000	2D SSL Loss: 0.11951	2D SSL Acc: 0.96192Time: 190.60326
epoch: 48
CL Loss: 0.01518	CL Acc: 0.99921		AE Loss: 0.07178	AE Acc: 0.00000	2D SSL Loss: 0.11909	2D SSL Acc: 0.96206Time: 193.37990
epoch: 49
CL Loss: 0.01507	CL Acc: 0.99921		AE Loss: 0.07354	AE Acc: 0.00000	2D SSL Loss: 0.11910	2D SSL Acc: 0.96198Time: 192.42019
epoch: 50
CL Loss: 0.01512	CL Acc: 0.99921		AE Loss: 0.07543	AE Acc: 0.00000	2D SSL Loss: 0.11834	2D SSL Acc: 0.96243Time: 193.45252
epoch: 51
CL Loss: 0.01466	CL Acc: 0.99929		AE Loss: 0.07720	AE Acc: 0.00000	2D SSL Loss: 0.11830	2D SSL Acc: 0.96250Time: 194.54604
epoch: 52
CL Loss: 0.01453	CL Acc: 0.99925		AE Loss: 0.07853	AE Acc: 0.00000	2D SSL Loss: 0.11777	2D SSL Acc: 0.96264Time: 193.54749
epoch: 53
CL Loss: 0.01438	CL Acc: 0.99932		AE Loss: 0.07966	AE Acc: 0.00000	2D SSL Loss: 0.11838	2D SSL Acc: 0.96224Time: 191.85356
epoch: 54
CL Loss: 0.01455	CL Acc: 0.99925		AE Loss: 0.08195	AE Acc: 0.00000	2D SSL Loss: 0.11788	2D SSL Acc: 0.96240Time: 191.38953
epoch: 55
CL Loss: 0.01412	CL Acc: 0.99932		AE Loss: 0.08310	AE Acc: 0.00000	2D SSL Loss: 0.11664	2D SSL Acc: 0.96281Time: 191.56843
epoch: 56
CL Loss: 0.01395	CL Acc: 0.99933		AE Loss: 0.08597	AE Acc: 0.00000	2D SSL Loss: 0.11655	2D SSL Acc: 0.96282Time: 191.05779
epoch: 57
CL Loss: 0.01390	CL Acc: 0.99935		AE Loss: 0.08735	AE Acc: 0.00000	2D SSL Loss: 0.11611	2D SSL Acc: 0.96306Time: 192.29238
epoch: 58
CL Loss: 0.01355	CL Acc: 0.99936		AE Loss: 0.08855	AE Acc: 0.00000	2D SSL Loss: 0.11605	2D SSL Acc: 0.96313Time: 191.25241
epoch: 59
CL Loss: 0.01369	CL Acc: 0.99937		AE Loss: 0.09037	AE Acc: 0.00000	2D SSL Loss: 0.11593	2D SSL Acc: 0.96320Time: 190.68775
epoch: 60
CL Loss: 0.01343	CL Acc: 0.99938		AE Loss: 0.09293	AE Acc: 0.00000	2D SSL Loss: 0.11549	2D SSL Acc: 0.96308Time: 191.58649
epoch: 61
CL Loss: 0.01352	CL Acc: 0.99938		AE Loss: 0.09495	AE Acc: 0.00000	2D SSL Loss: 0.11572	2D SSL Acc: 0.96320Time: 191.97407
epoch: 62
CL Loss: 0.01348	CL Acc: 0.99936		AE Loss: 0.09771	AE Acc: 0.00000	2D SSL Loss: 0.11538	2D SSL Acc: 0.96319Time: 192.07157
epoch: 63
CL Loss: 0.01382	CL Acc: 0.99931		AE Loss: 0.09898	AE Acc: 0.00000	2D SSL Loss: 0.11497	2D SSL Acc: 0.96334Time: 191.01587
epoch: 64
CL Loss: 0.01322	CL Acc: 0.99940		AE Loss: 0.10140	AE Acc: 0.00000	2D SSL Loss: 0.11496	2D SSL Acc: 0.96355Time: 193.10320
epoch: 65
CL Loss: 0.01305	CL Acc: 0.99942		AE Loss: 0.10374	AE Acc: 0.00000	2D SSL Loss: 0.11491	2D SSL Acc: 0.96343Time: 191.00101
epoch: 66
CL Loss: 0.01313	CL Acc: 0.99940		AE Loss: 0.10527	AE Acc: 0.00000	2D SSL Loss: 0.11486	2D SSL Acc: 0.96336Time: 191.21317
epoch: 67
CL Loss: 0.01316	CL Acc: 0.99939		AE Loss: 0.10534	AE Acc: 0.00000	2D SSL Loss: 0.11488	2D SSL Acc: 0.96365Time: 190.94020
epoch: 68
CL Loss: 0.01271	CL Acc: 0.99942		AE Loss: 0.10839	AE Acc: 0.00000	2D SSL Loss: 0.11395	2D SSL Acc: 0.96367Time: 190.37748
epoch: 69
CL Loss: 0.01290	CL Acc: 0.99940		AE Loss: 0.11034	AE Acc: 0.00000	2D SSL Loss: 0.11497	2D SSL Acc: 0.96346Time: 191.42165
epoch: 70
CL Loss: 0.01241	CL Acc: 0.99948		AE Loss: 0.11118	AE Acc: 0.00000	2D SSL Loss: 0.11329	2D SSL Acc: 0.96390Time: 190.35380
epoch: 71
CL Loss: 0.01279	CL Acc: 0.99940		AE Loss: 0.11399	AE Acc: 0.00000	2D SSL Loss: 0.11356	2D SSL Acc: 0.96394Time: 191.86221
epoch: 72
CL Loss: 0.01219	CL Acc: 0.99946		AE Loss: 0.11517	AE Acc: 0.00000	2D SSL Loss: 0.11317	2D SSL Acc: 0.96392Time: 192.40029
epoch: 73
CL Loss: 0.01208	CL Acc: 0.99951		AE Loss: 0.11663	AE Acc: 0.00000	2D SSL Loss: 0.11360	2D SSL Acc: 0.96380Time: 192.23119
epoch: 74
CL Loss: 0.01231	CL Acc: 0.99950		AE Loss: 0.11819	AE Acc: 0.00000	2D SSL Loss: 0.11261	2D SSL Acc: 0.96418Time: 190.22069
epoch: 75
CL Loss: 0.01193	CL Acc: 0.99953		AE Loss: 0.11883	AE Acc: 0.00000	2D SSL Loss: 0.11280	2D SSL Acc: 0.96406Time: 193.79153
epoch: 76
CL Loss: 0.01209	CL Acc: 0.99949		AE Loss: 0.12117	AE Acc: 0.00000	2D SSL Loss: 0.11309	2D SSL Acc: 0.96395Time: 190.71965
epoch: 77
CL Loss: 0.01209	CL Acc: 0.99949		AE Loss: 0.12295	AE Acc: 0.00000	2D SSL Loss: 0.11216	2D SSL Acc: 0.96419Time: 190.77493
epoch: 78
CL Loss: 0.01210	CL Acc: 0.99950		AE Loss: 0.12524	AE Acc: 0.00000	2D SSL Loss: 0.11238	2D SSL Acc: 0.96409Time: 191.28612
epoch: 79
CL Loss: 0.01197	CL Acc: 0.99950		AE Loss: 0.12692	AE Acc: 0.00000	2D SSL Loss: 0.11307	2D SSL Acc: 0.96388Time: 190.70680
epoch: 80
CL Loss: 0.01181	CL Acc: 0.99951		AE Loss: 0.12896	AE Acc: 0.00000	2D SSL Loss: 0.11107	2D SSL Acc: 0.96446Time: 190.49958
epoch: 81
CL Loss: 0.01173	CL Acc: 0.99954		AE Loss: 0.12993	AE Acc: 0.00000	2D SSL Loss: 0.11158	2D SSL Acc: 0.96435Time: 191.69864
epoch: 82
CL Loss: 0.01158	CL Acc: 0.99954		AE Loss: 0.13101	AE Acc: 0.00000	2D SSL Loss: 0.11193	2D SSL Acc: 0.96430Time: 192.44190
epoch: 83
CL Loss: 0.01175	CL Acc: 0.99954		AE Loss: 0.13217	AE Acc: 0.00000	2D SSL Loss: 0.11203	2D SSL Acc: 0.96426Time: 191.20520
epoch: 84
CL Loss: 0.01150	CL Acc: 0.99953		AE Loss: 0.13404	AE Acc: 0.00000	2D SSL Loss: 0.11160	2D SSL Acc: 0.96450Time: 192.21796
epoch: 85
CL Loss: 0.01157	CL Acc: 0.99954		AE Loss: 0.13619	AE Acc: 0.00000	2D SSL Loss: 0.11157	2D SSL Acc: 0.96461Time: 190.38223
epoch: 86
CL Loss: 0.01145	CL Acc: 0.99954		AE Loss: 0.13661	AE Acc: 0.00000	2D SSL Loss: 0.11111	2D SSL Acc: 0.96461Time: 192.33190
epoch: 87
CL Loss: 0.01154	CL Acc: 0.99953		AE Loss: 0.13891	AE Acc: 0.00000	2D SSL Loss: 0.11159	2D SSL Acc: 0.96448Time: 191.33898
epoch: 88
CL Loss: 0.01150	CL Acc: 0.99952		AE Loss: 0.14109	AE Acc: 0.00000	2D SSL Loss: 0.11022	2D SSL Acc: 0.96486Time: 191.83963
epoch: 89
CL Loss: 0.01118	CL Acc: 0.99957		AE Loss: 0.14154	AE Acc: 0.00000	2D SSL Loss: 0.11108	2D SSL Acc: 0.96459Time: 192.16952
epoch: 90
CL Loss: 0.01147	CL Acc: 0.99949		AE Loss: 0.14259	AE Acc: 0.00000	2D SSL Loss: 0.11099	2D SSL Acc: 0.96458Time: 190.29077
epoch: 91
CL Loss: 0.01106	CL Acc: 0.99960		AE Loss: 0.14454	AE Acc: 0.00000	2D SSL Loss: 0.11057	2D SSL Acc: 0.96461Time: 192.40404
epoch: 92
CL Loss: 0.01114	CL Acc: 0.99959		AE Loss: 0.14690	AE Acc: 0.00000	2D SSL Loss: 0.11093	2D SSL Acc: 0.96467Time: 191.63105
epoch: 93
CL Loss: 0.01097	CL Acc: 0.99959		AE Loss: 0.14645	AE Acc: 0.00000	2D SSL Loss: 0.10977	2D SSL Acc: 0.96487Time: 191.98144
epoch: 94
CL Loss: 0.01100	CL Acc: 0.99956		AE Loss: 0.14718	AE Acc: 0.00000	2D SSL Loss: 0.10953	2D SSL Acc: 0.96517Time: 191.39415
epoch: 95
CL Loss: 0.01102	CL Acc: 0.99957		AE Loss: 0.14940	AE Acc: 0.00000	2D SSL Loss: 0.11071	2D SSL Acc: 0.96457Time: 190.04978
epoch: 96
CL Loss: 0.01107	CL Acc: 0.99958		AE Loss: 0.15312	AE Acc: 0.00000	2D SSL Loss: 0.10965	2D SSL Acc: 0.96507Time: 192.29146
epoch: 97
CL Loss: 0.01079	CL Acc: 0.99961		AE Loss: 0.15364	AE Acc: 0.00000	2D SSL Loss: 0.10910	2D SSL Acc: 0.96513Time: 193.02684
epoch: 98
CL Loss: 0.01093	CL Acc: 0.99958		AE Loss: 0.15362	AE Acc: 0.00000	2D SSL Loss: 0.11000	2D SSL Acc: 0.96470Time: 189.96965
epoch: 99
CL Loss: 0.01071	CL Acc: 0.99962		AE Loss: 0.15550	AE Acc: 0.00000	2D SSL Loss: 0.10947	2D SSL Acc: 0.96500Time: 190.07263
epoch: 100
CL Loss: 0.01087	CL Acc: 0.99957		AE Loss: 0.15556	AE Acc: 0.00000	2D SSL Loss: 0.10956	2D SSL Acc: 0.96503Time: 192.75387
end
