11375797_1
--dataset=muv --runseed=1 --eval_train --batch_size=256 --dropout_ratio=0.5 --input_model_file=../output/3D_hybrid_03_masking/GEOM_3D_nmol50000_nconf5_nupper1000/CL_1_VAE_1_CP_0.1/6_51_10_0.1/0.15_EBM_dot_prod_0.2_normalize_l2_detach_target_2_100_0/pretraining_model.pth
start
arguments	 Namespace(AE_loss='l2', AE_model='AE', CL_neg_samples=1, CL_similarity_metric='InfoNCE_dot_prod', JK='last', SSL_2D_mode='AM', SSL_masking_ratio=0, T=0.1, alpha_1=1, alpha_2=1, alpha_3=0.1, batch_size=256, beta=1, contextpred_neg_samples=1, csize=3, cutoff=10, data_dir_chirality='../datasets/chirality/d4_docking/d4_docking_rs.csv', dataset='muv', decay=0, detach_target=True, device=0, dropout_ratio=0.5, emb_dim=300, engg_n_layers=4, epochs=100, eval_train=True, flow_length=8, flow_model='planar', gamma_joao=0.1, gamma_joaov2=0.1, gnn_lr_scale=1, gnn_type='gin', graph_pooling='mean', input_data_dir='', input_model_file='../output/3D_hybrid_03_masking/GEOM_3D_nmol50000_nconf5_nupper1000/CL_1_VAE_1_CP_0.1/6_51_10_0.1/0.15_EBM_dot_prod_0.2_normalize_l2_detach_target_2_100_0/pretraining_model.pth', iw_samples=5, lr=0.001, lr_scale=1, m_dim=50, mask_edge=0, mask_rate=0.15, model_3d='schnet', normalize=False, num_filters=128, num_gaussians=51, num_interactions=6, num_layer=5, num_workers=8, output_model_dir='', readout='mean', runseed=1, schnet_lr_scale=1, se3_transformer_div=2, se3_transformer_n_heads=8, se3_transformer_num_channels=32, se3_transformer_num_degrees=4, se3_transformer_num_layers=7, se3_transformer_num_nlayers=1, seed=42, split='scaffold', split_path='../datasets/chirality/d4_docking/rs/split0.npy', verbose=False)
Dataset: muv
Data: Data(edge_attr=[4892252, 2], edge_index=[2, 4892252], id=[93087], x=[2255846, 2], y=[1582479])
MoleculeDataset(93087)
split via scaffold
Data(edge_attr=[30, 2], edge_index=[2, 30], id=[1], x=[15, 2], y=[17])
GNN_graphpred(
(molecule_model): GNN(
(x_embedding1): Embedding(120, 300)
(x_embedding2): Embedding(3, 300)
(gnns): ModuleList(
(0): GINConv(
(mlp): Sequential(
(0): Linear(in_features=300, out_features=600, bias=True)
(1): ReLU()
(2): Linear(in_features=600, out_features=300, bias=True)
)
(edge_embedding1): Embedding(6, 300)
(edge_embedding2): Embedding(3, 300)
)
(1): GINConv(
(mlp): Sequential(
(0): Linear(in_features=300, out_features=600, bias=True)
(1): ReLU()
(2): Linear(in_features=600, out_features=300, bias=True)
)
(edge_embedding1): Embedding(6, 300)
(edge_embedding2): Embedding(3, 300)
)
(2): GINConv(
(mlp): Sequential(
(0): Linear(in_features=300, out_features=600, bias=True)
(1): ReLU()
(2): Linear(in_features=600, out_features=300, bias=True)
)
(edge_embedding1): Embedding(6, 300)
(edge_embedding2): Embedding(3, 300)
)
(3): GINConv(
(mlp): Sequential(
(0): Linear(in_features=300, out_features=600, bias=True)
(1): ReLU()
(2): Linear(in_features=600, out_features=300, bias=True)
)
(edge_embedding1): Embedding(6, 300)
(edge_embedding2): Embedding(3, 300)
)
(4): GINConv(
(mlp): Sequential(
(0): Linear(in_features=300, out_features=600, bias=True)
(1): ReLU()
(2): Linear(in_features=600, out_features=300, bias=True)
)
(edge_embedding1): Embedding(6, 300)
(edge_embedding2): Embedding(3, 300)
)
)
(batch_norms): ModuleList(
(0): BatchNorm1d(300, eps=1e-05, momentum=0.1, affine=True, track_running_stats=True)
(1): BatchNorm1d(300, eps=1e-05, momentum=0.1, affine=True, track_running_stats=True)
(2): BatchNorm1d(300, eps=1e-05, momentum=0.1, affine=True, track_running_stats=True)
(3): BatchNorm1d(300, eps=1e-05, momentum=0.1, affine=True, track_running_stats=True)
(4): BatchNorm1d(300, eps=1e-05, momentum=0.1, affine=True, track_running_stats=True)
)
)
(graph_pred_linear): Linear(in_features=300, out_features=17, bias=True)
)
Epoch: 1
Loss: 0.10015694631478976
Some target is missing!
Missing ratio: 0.058824
Some target is missing!
Missing ratio: 0.117647
train: 0.635502	val: 0.647393	test: 0.639209

Epoch: 2
Loss: 0.013901878989357127
Some target is missing!
Missing ratio: 0.058824
Some target is missing!
Missing ratio: 0.117647
train: 0.696336	val: 0.664919	test: 0.609181

Epoch: 3
Loss: 0.013317791416038265
Some target is missing!
Missing ratio: 0.058824
Some target is missing!
Missing ratio: 0.117647
train: 0.798985	val: 0.748780	test: 0.705687

Epoch: 4
Loss: 0.012901439242090145
Some target is missing!
Missing ratio: 0.058824
Some target is missing!
Missing ratio: 0.117647
train: 0.819960	val: 0.738306	test: 0.698919

Epoch: 5
Loss: 0.012685837564108437
Some target is missing!
Missing ratio: 0.058824
Some target is missing!
Missing ratio: 0.117647
train: 0.820141	val: 0.787987	test: 0.701958

Epoch: 6
Loss: 0.012490419281899718
Some target is missing!
Missing ratio: 0.058824
Some target is missing!
Missing ratio: 0.117647
train: 0.852030	val: 0.789256	test: 0.726506

Epoch: 7
Loss: 0.01215130953412498
Some target is missing!
Missing ratio: 0.058824
Some target is missing!
Missing ratio: 0.117647
train: 0.871983	val: 0.805362	test: 0.742856

Epoch: 8
Loss: 0.011902695177187353
Some target is missing!
Missing ratio: 0.058824
Some target is missing!
Missing ratio: 0.117647
train: 0.878450	val: 0.771973	test: 0.710282

Epoch: 9
Loss: 0.011881552925007477
Some target is missing!
Missing ratio: 0.058824
Some target is missing!
Missing ratio: 0.117647
train: 0.884068	val: 0.796386	test: 0.745838

Epoch: 10
Loss: 0.011758217811487916
Some target is missing!
Missing ratio: 0.058824
Some target is missing!
Missing ratio: 0.117647
train: 0.896376	val: 0.781282	test: 0.765611

Epoch: 11
Loss: 0.011509673742956883
Some target is missing!
Missing ratio: 0.058824
Some target is missing!
Missing ratio: 0.117647
train: 0.892746	val: 0.757258	test: 0.697197

Epoch: 12
Loss: 0.011447219582367097
Some target is missing!
Missing ratio: 0.058824
Some target is missing!
Missing ratio: 0.117647
train: 0.911902	val: 0.773992	test: 0.728019

Epoch: 13
Loss: 0.0112705985185245
Some target is missing!
Missing ratio: 0.058824
Some target is missing!
Missing ratio: 0.117647
train: 0.913958	val: 0.785594	test: 0.738603

Epoch: 14
Loss: 0.011140008485257933
Some target is missing!
Missing ratio: 0.058824
Some target is missing!
Missing ratio: 0.117647
train: 0.916276	val: 0.788955	test: 0.756902

Epoch: 15
Loss: 0.010911845064076551
Some target is missing!
Missing ratio: 0.058824
Some target is missing!
Missing ratio: 0.117647
train: 0.928832	val: 0.775508	test: 0.737661

Epoch: 16
Loss: 0.010861895251650258
Some target is missing!
Missing ratio: 0.058824
Some target is missing!
Missing ratio: 0.117647
train: 0.932872	val: 0.776325	test: 0.742961

Epoch: 17
Loss: 0.010748864247985079
Some target is missing!
Missing ratio: 0.058824
Some target is missing!
Missing ratio: 0.117647
train: 0.932232	val: 0.761074	test: 0.731274

Epoch: 18
Loss: 0.010554217934269692
Some target is missing!
Missing ratio: 0.058824
Some target is missing!
Missing ratio: 0.117647
train: 0.941465	val: 0.770084	test: 0.754331

Epoch: 19
Loss: 0.010426307217202105
Some target is missing!
Missing ratio: 0.058824
Some target is missing!
Missing ratio: 0.117647
train: 0.943506	val: 0.790379	test: 0.755826

Epoch: 20
Loss: 0.010487072362164904
Some target is missing!
Missing ratio: 0.058824
Some target is missing!
Missing ratio: 0.117647
train: 0.938982	val: 0.755573	test: 0.735110

Epoch: 21
Loss: 0.0102266118444775
Some target is missing!
Missing ratio: 0.058824
Some target is missing!
Missing ratio: 0.117647
train: 0.948272	val: 0.794982	test: 0.754554

Epoch: 22
Loss: 0.010144383137421208
Some target is missing!
Missing ratio: 0.058824
Some target is missing!
Missing ratio: 0.117647
train: 0.955244	val: 0.774949	test: 0.760607

Epoch: 23
Loss: 0.010150057063400669
Some target is missing!
Missing ratio: 0.058824
Some target is missing!
Missing ratio: 0.117647
train: 0.954986	val: 0.754849	test: 0.735567

Epoch: 24
Loss: 0.00979490468138416
Some target is missing!
Missing ratio: 0.058824
Some target is missing!
Missing ratio: 0.117647
train: 0.957941	val: 0.774631	test: 0.756464

Epoch: 25
Loss: 0.00966659450172379
Some target is missing!
Missing ratio: 0.058824
Some target is missing!
Missing ratio: 0.117647
train: 0.952159	val: 0.767106	test: 0.758783

Epoch: 26
Loss: 0.009564655411724987
Some target is missing!
Missing ratio: 0.058824
Some target is missing!
Missing ratio: 0.117647
train: 0.963920	val: 0.774174	test: 0.733823

Epoch: 27
Loss: 0.009646654844977577
Some target is missing!
Missing ratio: 0.058824
Some target is missing!
Missing ratio: 0.117647
train: 0.958317	val: 0.781961	test: 0.721992

Epoch: 28
Loss: 0.009352989472414117
Some target is missing!
Missing ratio: 0.058824
Some target is missing!
Missing ratio: 0.117647
train: 0.966784	val: 0.784376	test: 0.736649

Epoch: 29
Loss: 0.009291247044435957
Some target is missing!
Missing ratio: 0.058824
Some target is missing!
Missing ratio: 0.117647
train: 0.964196	val: 0.758007	test: 0.701776

Epoch: 30
Loss: 0.009199219099853332
Some target is missing!
Missing ratio: 0.058824
Some target is missing!
Missing ratio: 0.117647
train: 0.965143	val: 0.759468	test: 0.709521

Epoch: 31
Loss: 0.009117142781341908
Some target is missing!
Missing ratio: 0.058824
Some target is missing!
Missing ratio: 0.117647
train: 0.967558	val: 0.763007	test: 0.729225

Epoch: 32
Loss: 0.009044272822612233
Some target is missing!
Missing ratio: 0.058824
Some target is missing!
Missing ratio: 0.117647
train: 0.970053	val: 0.776098	test: 0.750702

Epoch: 33
Loss: 0.009044586263833752
Some target is missing!
Missing ratio: 0.058824
Some target is missing!
Missing ratio: 0.117647
train: 0.971019	val: 0.777709	test: 0.710589

Epoch: 34
Loss: 0.008870699682426167
Some target is missing!
Missing ratio: 0.058824
Some target is missing!
Missing ratio: 0.117647
train: 0.970849	val: 0.784937	test: 0.769979

Epoch: 35
Loss: 0.00895785698758526
Some target is missing!
Missing ratio: 0.058824
Some target is missing!
Missing ratio: 0.117647
train: 0.976838	val: 0.793441	test: 0.749694

Epoch: 36
Loss: 0.008621606781861533
Some target is missing!
Missing ratio: 0.058824
Some target is missing!
Missing ratio: 0.117647
train: 0.977208	val: 0.802226	test: 0.717485

Epoch: 37
Loss: 0.008472360407740034
Some target is missing!
Missing ratio: 0.058824
Some target is missing!
Missing ratio: 0.117647
train: 0.976222	val: 0.796234	test: 0.735813

Epoch: 38
Loss: 0.008568893584642802
Some target is missing!
Missing ratio: 0.058824
Some target is missing!
Missing ratio: 0.117647
train: 0.980701	val: 0.774468	test: 0.707489

Epoch: 39
Loss: 0.008381443469793805
Some target is missing!
Missing ratio: 0.058824
Some target is missing!
Missing ratio: 0.117647
train: 0.981692	val: 0.791971	test: 0.696084

Epoch: 40
Loss: 0.008118542859620716
Some target is missing!
Missing ratio: 0.058824
Some target is missing!
Missing ratio: 0.117647
train: 0.980793	val: 0.762137	test: 0.687725

Epoch: 41
Loss: 0.008386654436285428
Some target is missing!
Missing ratio: 0.058824
Some target is missing!
Missing ratio: 0.117647
train: 0.984019	val: 0.776087	test: 0.701666

Epoch: 42
Loss: 0.007937415540178686
Some target is missing!
Missing ratio: 0.058824
Some target is missing!
Missing ratio: 0.117647
train: 0.985323	val: 0.768784	test: 0.718728

Epoch: 43
Loss: 0.007892991738878757
Some target is missing!
Missing ratio: 0.058824
Some target is missing!
Missing ratio: 0.117647
train: 0.977531	val: 0.767985	test: 0.705036

Epoch: 44
Loss: 0.008124074542135687
Some target is missing!
Missing ratio: 0.058824
Some target is missing!
Missing ratio: 0.117647
train: 0.987996	val: 0.759390	test: 0.718656

Epoch: 45
Loss: 0.007637954017761563
Some target is missing!
Missing ratio: 0.058824
Some target is missing!
Missing ratio: 0.117647
train: 0.988413	val: 0.770541	test: 0.737232

Epoch: 46
Loss: 0.007491494037413766
Some target is missing!
Missing ratio: 0.058824
Some target is missing!
Missing ratio: 0.117647
train: 0.987376	val: 0.788214	test: 0.760498

Epoch: 47
Loss: 0.007505281786034647
Some target is missing!
Missing ratio: 0.058824
Some target is missing!
Missing ratio: 0.117647
train: 0.988005	val: 0.783284	test: 0.699303

Epoch: 48
Loss: 0.007709934951070465
Some target is missing!
Missing ratio: 0.058824
Some target is missing!
Missing ratio: 0.117647
train: 0.988605	val: 0.778171	test: 0.700165

Epoch: 49
Loss: 0.007565932262503515
Some target is missing!
Missing ratio: 0.058824
Some target is missing!
Missing ratio: 0.117647
train: 0.989144	val: 0.784579	test: 0.700388

Epoch: 50
Loss: 0.0075662960238037065
Some target is missing!
Missing ratio: 0.058824
Some target is missing!
Missing ratio: 0.117647
train: 0.990510	val: 0.802805	test: 0.740169

Epoch: 51
Loss: 0.0071373903101640945
Some target is missing!
Missing ratio: 0.058824
Some target is missing!
Missing ratio: 0.117647
train: 0.992607	val: 0.778332	test: 0.724993

Epoch: 52
Loss: 0.007128640117634148
Some target is missing!
Missing ratio: 0.058824
Some target is missing!
Missing ratio: 0.117647
train: 0.992680	val: 0.775268	test: 0.737645

Epoch: 53
Loss: 0.006946129176261159
Some target is missing!
Missing ratio: 0.058824
Some target is missing!
Missing ratio: 0.117647
train: 0.992266	val: 0.782199	test: 0.689957

Epoch: 54
Loss: 0.0069963060332334254
Some target is missing!
Missing ratio: 0.058824
Some target is missing!
Missing ratio: 0.117647
train: 0.992962	val: 0.768507	test: 0.698846

Epoch: 55
Loss: 0.006994163001874256
Some target is missing!
Missing ratio: 0.058824
Some target is missing!
Missing ratio: 0.117647
train: 0.993834	val: 0.738803	test: 0.697794

Epoch: 56
Loss: 0.006732355015706517
Some target is missing!
Missing ratio: 0.058824
Some target is missing!
Missing ratio: 0.117647
train: 0.993572	val: 0.758343	test: 0.698337

Epoch: 57
Loss: 0.006564790405947649
Some target is missing!
Missing ratio: 0.058824
Some target is missing!
Missing ratio: 0.117647
train: 0.994453	val: 0.778091	test: 0.725892

Epoch: 58
Loss: 0.006707929102839348
Some target is missing!
Missing ratio: 0.058824
Some target is missing!
Missing ratio: 0.117647
train: 0.993207	val: 0.760786	test: 0.694041

Epoch: 59
Loss: 0.006427532994484926
Some target is missing!
Missing ratio: 0.058824
Some target is missing!
Missing ratio: 0.117647
train: 0.994697	val: 0.776256	test: 0.701931

Epoch: 60
Loss: 0.00649300620035191
Some target is missing!
Missing ratio: 0.058824
Some target is missing!
Missing ratio: 0.117647
train: 0.995118	val: 0.768411	test: 0.703862

Epoch: 61
Loss: 0.006422223237427712
Some target is missing!
Missing ratio: 0.058824
Some target is missing!
Missing ratio: 0.117647
train: 0.994994	val: 0.796192	test: 0.711273

Epoch: 62
Loss: 0.006635317084170629
Some target is missing!
Missing ratio: 0.058824
Some target is missing!
Missing ratio: 0.117647
train: 0.994990	val: 0.762405	test: 0.714168

Epoch: 63
Loss: 0.006188776992429159
Some target is missing!
Missing ratio: 0.058824
Some target is missing!
Missing ratio: 0.117647
train: 0.996408	val: 0.759077	test: 0.717762

Epoch: 64
Loss: 0.005854945831986306
Some target is missing!
Missing ratio: 0.058824
Some target is missing!
Missing ratio: 0.117647
train: 0.996440	val: 0.746914	test: 0.701655

Epoch: 65
Loss: 0.006262131242378314
Some target is missing!
Missing ratio: 0.058824
Some target is missing!
Missing ratio: 0.117647
train: 0.995649	val: 0.764746	test: 0.725769

Epoch: 66
Loss: 0.006258520079367844
Some target is missing!
Missing ratio: 0.058824
Some target is missing!
Missing ratio: 0.117647
train: 0.996572	val: 0.776870	test: 0.715943

Epoch: 67
Loss: 0.0057826064228278014
Some target is missing!
Missing ratio: 0.058824
Some target is missing!
Missing ratio: 0.117647
train: 0.996319	val: 0.758988	test: 0.711349

Epoch: 68
Loss: 0.005826411940406985
Some target is missing!
Missing ratio: 0.058824
Some target is missing!
Missing ratio: 0.117647
train: 0.997247	val: 0.778686	test: 0.722549

Epoch: 69
Loss: 0.006071177287430108
Some target is missing!
Missing ratio: 0.058824
Some target is missing!
Missing ratio: 0.117647
train: 0.997713	val: 0.767196	test: 0.742005

Epoch: 70
Loss: 0.005808385730164709
Some target is missing!
Missing ratio: 0.058824
Some target is missing!
Missing ratio: 0.117647
train: 0.997480	val: 0.773979	test: 0.719602

Epoch: 71
Loss: 0.005720189960170056
Some target is missing!
Missing ratio: 0.058824
Some target is missing!
Missing ratio: 0.117647
train: 0.997361	val: 0.778741	test: 0.719850

Epoch: 72
Loss: 0.005688075234786033
Some target is missing!
Missing ratio: 0.058824
Some target is missing!
Missing ratio: 0.117647
train: 0.997464	val: 0.776340	test: 0.711911

Epoch: 73
Loss: 0.005266652929413395
Some target is missing!
Missing ratio: 0.058824
Some target is missing!
Missing ratio: 0.117647
train: 0.998038	val: 0.762311	test: 0.697202

Epoch: 74
Loss: 0.005601680094673665
Some target is missing!
Missing ratio: 0.058824
Some target is missing!
Missing ratio: 0.117647
train: 0.998007	val: 0.790838	test: 0.748958

Epoch: 75
Loss: 0.005323891198522936
Some target is missing!
Missing ratio: 0.058824
Some target is missing!
Missing ratio: 0.117647
train: 0.998396	val: 0.771450	test: 0.724215

Epoch: 76
Loss: 0.005353562394331766
Some target is missing!
Missing ratio: 0.058824
Some target is missing!
Missing ratio: 0.117647
train: 0.998245	val: 0.731012	test: 0.713551

Epoch: 77
Loss: 0.005526175017739711
Some target is missing!
Missing ratio: 0.058824
Some target is missing!
Missing ratio: 0.117647
train: 0.998457	val: 0.753891	test: 0.731266

Epoch: 78
Loss: 0.005103628588438392
Some target is missing!
Missing ratio: 0.058824
Some target is missing!
Missing ratio: 0.117647
train: 0.998591	val: 0.757980	test: 0.738794

Epoch: 79
Loss: 0.005276317960837593
Some target is missing!
Missing ratio: 0.058824
Some target is missing!
Missing ratio: 0.117647
train: 0.998963	val: 0.746402	test: 0.698333

Epoch: 80
Loss: 0.005211969348274164
Some target is missing!
Missing ratio: 0.058824
Some target is missing!
Missing ratio: 0.117647
train: 0.998552	val: 0.783879	test: 0.695406

Epoch: 81
Loss: 0.004920100129597501
Some target is missing!
Missing ratio: 0.058824
Some target is missing!
Missing ratio: 0.117647
train: 0.998599	val: 0.756402	test: 0.685165

Epoch: 82
Loss: 0.004803176788087376
Some target is missing!
Missing ratio: 0.058824
Some target is missing!
Missing ratio: 0.117647
train: 0.998987	val: 0.759321	test: 0.714324

Epoch: 83
Loss: 0.004947549102295912
Some target is missing!
Missing ratio: 0.058824
Some target is missing!
Missing ratio: 0.117647
train: 0.998748	val: 0.712202	test: 0.691585

Epoch: 84
Loss: 0.004896849468593203
Some target is missing!
Missing ratio: 0.058824
Some target is missing!
Missing ratio: 0.117647
train: 0.999161	val: 0.759990	test: 0.717220

Epoch: 85
Loss: 0.004749807527294249
Some target is missing!
Missing ratio: 0.058824
Some target is missing!
Missing ratio: 0.117647
train: 0.998992	val: 0.760099	test: 0.704719

Epoch: 86
Loss: 0.004692085651184087
Some target is missing!
Missing ratio: 0.058824
Some target is missing!
Missing ratio: 0.117647
train: 0.999077	val: 0.747939	test: 0.704222

Epoch: 87
Loss: 0.004731846844581588
Some target is missing!
Missing ratio: 0.058824
Some target is missing!
Missing ratio: 0.117647
train: 0.998946	val: 0.756685	test: 0.711041

Epoch: 88
Loss: 0.0047321073248738086
Some target is missing!
Missing ratio: 0.058824
Some target is missing!
Missing ratio: 0.117647
train: 0.999181	val: 0.751301	test: 0.690052

Epoch: 89
Loss: 0.004803827090436135
Some target is missing!
Missing ratio: 0.058824
Some target is missing!
Missing ratio: 0.117647
train: 0.998803	val: 0.770297	test: 0.710982

Epoch: 90
Loss: 0.00437490425982389
Some target is missing!
Missing ratio: 0.058824
Some target is missing!
Missing ratio: 0.117647
train: 0.999419	val: 0.754492	test: 0.710592

Epoch: 91
Loss: 0.004296651307674861
Some target is missing!
Missing ratio: 0.058824
Some target is missing!
Missing ratio: 0.117647
train: 0.999349	val: 0.754062	test: 0.684971

Epoch: 92
Loss: 0.004802182623923601
Some target is missing!
Missing ratio: 0.058824
Some target is missing!
Missing ratio: 0.117647
train: 0.999496	val: 0.773215	test: 0.694821

Epoch: 93
Loss: 0.004622969279438807
Some target is missing!
Missing ratio: 0.058824
Some target is missing!
Missing ratio: 0.117647
train: 0.999573	val: 0.767490	test: 0.717106

Epoch: 94
Loss: 0.004310599986946626
Some target is missing!
Missing ratio: 0.058824
Some target is missing!
Missing ratio: 0.117647
train: 0.999501	val: 0.737146	test: 0.712919

Epoch: 95
Loss: 0.004360428790605585
Some target is missing!
Missing ratio: 0.058824
Some target is missing!
Missing ratio: 0.117647
train: 0.999334	val: 0.770841	test: 0.698878

Epoch: 96
Loss: 0.004332404057350055
Some target is missing!
Missing ratio: 0.058824
Some target is missing!
Missing ratio: 0.117647
train: 0.999472	val: 0.770355	test: 0.701486

Epoch: 97
Loss: 0.003980782409172384
Some target is missing!
Missing ratio: 0.058824
Some target is missing!
Missing ratio: 0.117647
train: 0.999486	val: 0.740467	test: 0.699096

Epoch: 98
Loss: 0.0040013905534279064
Some target is missing!
Missing ratio: 0.058824
Some target is missing!
Missing ratio: 0.117647
train: 0.999664	val: 0.740904	test: 0.700170

Epoch: 99
Loss: 0.004154370860344783
Some target is missing!
Missing ratio: 0.058824
Some target is missing!
Missing ratio: 0.117647
train: 0.999610	val: 0.720684	test: 0.701575

Epoch: 100
Loss: 0.003912462890332083
Some target is missing!
Missing ratio: 0.058824
Some target is missing!
Missing ratio: 0.117647
train: 0.999518	val: 0.720710	test: 0.697663

best train: 0.871983	val: 0.805362	test: 0.742856
end
