11375797_1
--dataset=toxcast --runseed=1 --eval_train --batch_size=256 --dropout_ratio=0.5 --input_model_file=../output/3D_hybrid_03_masking/GEOM_3D_nmol50000_nconf5_nupper1000/CL_1_VAE_1_CP_0.1/6_51_10_0.1/0.15_EBM_dot_prod_0.2_normalize_l2_detach_target_2_100_0/pretraining_model.pth
start
arguments	 Namespace(AE_loss='l2', AE_model='AE', CL_neg_samples=1, CL_similarity_metric='InfoNCE_dot_prod', JK='last', SSL_2D_mode='AM', SSL_masking_ratio=0, T=0.1, alpha_1=1, alpha_2=1, alpha_3=0.1, batch_size=256, beta=1, contextpred_neg_samples=1, csize=3, cutoff=10, data_dir_chirality='../datasets/chirality/d4_docking/d4_docking_rs.csv', dataset='toxcast', decay=0, detach_target=True, device=0, dropout_ratio=0.5, emb_dim=300, engg_n_layers=4, epochs=100, eval_train=True, flow_length=8, flow_model='planar', gamma_joao=0.1, gamma_joaov2=0.1, gnn_lr_scale=1, gnn_type='gin', graph_pooling='mean', input_data_dir='', input_model_file='../output/3D_hybrid_03_masking/GEOM_3D_nmol50000_nconf5_nupper1000/CL_1_VAE_1_CP_0.1/6_51_10_0.1/0.15_EBM_dot_prod_0.2_normalize_l2_detach_target_2_100_0/pretraining_model.pth', iw_samples=5, lr=0.001, lr_scale=1, m_dim=50, mask_edge=0, mask_rate=0.15, model_3d='schnet', normalize=False, num_filters=128, num_gaussians=51, num_interactions=6, num_layer=5, num_workers=8, output_model_dir='', readout='mean', runseed=1, schnet_lr_scale=1, se3_transformer_div=2, se3_transformer_n_heads=8, se3_transformer_num_channels=32, se3_transformer_num_degrees=4, se3_transformer_num_layers=7, se3_transformer_num_nlayers=1, seed=42, split='scaffold', split_path='../datasets/chirality/d4_docking/rs/split0.npy', verbose=False)
Dataset: toxcast
Data: Data(edge_attr=[330356, 2], edge_index=[2, 330356], id=[8576], x=[161088, 2], y=[5291392])
MoleculeDataset(8576)
split via scaffold
Data(edge_attr=[28, 2], edge_index=[2, 28], id=[1], x=[15, 2], y=[617])
GNN_graphpred(
(molecule_model): GNN(
(x_embedding1): Embedding(120, 300)
(x_embedding2): Embedding(3, 300)
(gnns): ModuleList(
(0): GINConv(
(mlp): Sequential(
(0): Linear(in_features=300, out_features=600, bias=True)
(1): ReLU()
(2): Linear(in_features=600, out_features=300, bias=True)
)
(edge_embedding1): Embedding(6, 300)
(edge_embedding2): Embedding(3, 300)
)
(1): GINConv(
(mlp): Sequential(
(0): Linear(in_features=300, out_features=600, bias=True)
(1): ReLU()
(2): Linear(in_features=600, out_features=300, bias=True)
)
(edge_embedding1): Embedding(6, 300)
(edge_embedding2): Embedding(3, 300)
)
(2): GINConv(
(mlp): Sequential(
(0): Linear(in_features=300, out_features=600, bias=True)
(1): ReLU()
(2): Linear(in_features=600, out_features=300, bias=True)
)
(edge_embedding1): Embedding(6, 300)
(edge_embedding2): Embedding(3, 300)
)
(3): GINConv(
(mlp): Sequential(
(0): Linear(in_features=300, out_features=600, bias=True)
(1): ReLU()
(2): Linear(in_features=600, out_features=300, bias=True)
)
(edge_embedding1): Embedding(6, 300)
(edge_embedding2): Embedding(3, 300)
)
(4): GINConv(
(mlp): Sequential(
(0): Linear(in_features=300, out_features=600, bias=True)
(1): ReLU()
(2): Linear(in_features=600, out_features=300, bias=True)
)
(edge_embedding1): Embedding(6, 300)
(edge_embedding2): Embedding(3, 300)
)
)
(batch_norms): ModuleList(
(0): BatchNorm1d(300, eps=1e-05, momentum=0.1, affine=True, track_running_stats=True)
(1): BatchNorm1d(300, eps=1e-05, momentum=0.1, affine=True, track_running_stats=True)
(2): BatchNorm1d(300, eps=1e-05, momentum=0.1, affine=True, track_running_stats=True)
(3): BatchNorm1d(300, eps=1e-05, momentum=0.1, affine=True, track_running_stats=True)
(4): BatchNorm1d(300, eps=1e-05, momentum=0.1, affine=True, track_running_stats=True)
)
)
(graph_pred_linear): Linear(in_features=300, out_features=617, bias=True)
)
Epoch: 1
Loss: 0.5365827974091222
Some target is missing!
Missing ratio: 0.011345
Some target is missing!
Missing ratio: 0.011345
train: 0.615213	val: 0.547004	test: 0.527187

Epoch: 2
Loss: 0.33779335410512457
Some target is missing!
Missing ratio: 0.011345
Some target is missing!
Missing ratio: 0.011345
train: 0.672473	val: 0.567609	test: 0.544135

Epoch: 3
Loss: 0.24712854271272622
Some target is missing!
Missing ratio: 0.011345
Some target is missing!
Missing ratio: 0.011345
train: 0.701396	val: 0.606375	test: 0.586960

Epoch: 4
Loss: 0.2187027153816524
Some target is missing!
Missing ratio: 0.011345
Some target is missing!
Missing ratio: 0.011345
train: 0.722661	val: 0.609370	test: 0.598512

Epoch: 5
Loss: 0.20953232348331927
Some target is missing!
Missing ratio: 0.011345
Some target is missing!
Missing ratio: 0.011345
train: 0.738671	val: 0.615919	test: 0.596022

Epoch: 6
Loss: 0.20469212047242596
Some target is missing!
Missing ratio: 0.011345
Some target is missing!
Missing ratio: 0.011345
train: 0.750159	val: 0.623191	test: 0.601717

Epoch: 7
Loss: 0.20146883709326277
Some target is missing!
Missing ratio: 0.011345
Some target is missing!
Missing ratio: 0.011345
train: 0.751125	val: 0.610605	test: 0.600125

Epoch: 8
Loss: 0.2001027265343284
Some target is missing!
Missing ratio: 0.011345
Some target is missing!
Missing ratio: 0.011345
train: 0.768485	val: 0.627641	test: 0.616284

Epoch: 9
Loss: 0.19681496948851618
Some target is missing!
Missing ratio: 0.011345
Some target is missing!
Missing ratio: 0.011345
train: 0.771566	val: 0.622574	test: 0.602425

Epoch: 10
Loss: 0.19536113445449038
Some target is missing!
Missing ratio: 0.011345
Some target is missing!
Missing ratio: 0.011345
train: 0.787295	val: 0.626343	test: 0.609539

Epoch: 11
Loss: 0.1929159346336051
Some target is missing!
Missing ratio: 0.011345
Some target is missing!
Missing ratio: 0.011345
train: 0.792416	val: 0.630056	test: 0.613960

Epoch: 12
Loss: 0.19061688449712622
Some target is missing!
Missing ratio: 0.011345
Some target is missing!
Missing ratio: 0.011345
train: 0.796716	val: 0.628379	test: 0.622068

Epoch: 13
Loss: 0.18956001636268227
Some target is missing!
Missing ratio: 0.011345
Some target is missing!
Missing ratio: 0.011345
train: 0.799372	val: 0.627275	test: 0.619966

Epoch: 14
Loss: 0.18933399757891967
Some target is missing!
Missing ratio: 0.011345
Some target is missing!
Missing ratio: 0.011345
train: 0.804085	val: 0.635729	test: 0.627932

Epoch: 15
Loss: 0.1886025741924158
Some target is missing!
Missing ratio: 0.011345
Some target is missing!
Missing ratio: 0.011345
train: 0.810347	val: 0.641172	test: 0.626277

Epoch: 16
Loss: 0.1864604341900569
Some target is missing!
Missing ratio: 0.011345
Some target is missing!
Missing ratio: 0.011345
train: 0.815312	val: 0.642028	test: 0.625673

Epoch: 17
Loss: 0.18671091313659535
Some target is missing!
Missing ratio: 0.011345
Some target is missing!
Missing ratio: 0.011345
train: 0.817081	val: 0.636274	test: 0.617944

Epoch: 18
Loss: 0.18648418138673722
Some target is missing!
Missing ratio: 0.011345
Some target is missing!
Missing ratio: 0.011345
train: 0.813942	val: 0.642669	test: 0.622558

Epoch: 19
Loss: 0.18422015093219954
Some target is missing!
Missing ratio: 0.011345
Some target is missing!
Missing ratio: 0.011345
train: 0.824513	val: 0.641661	test: 0.620833

Epoch: 20
Loss: 0.18316074902909746
Some target is missing!
Missing ratio: 0.011345
Some target is missing!
Missing ratio: 0.011345
train: 0.828326	val: 0.646328	test: 0.630468

Epoch: 21
Loss: 0.18285504260413474
Some target is missing!
Missing ratio: 0.011345
Some target is missing!
Missing ratio: 0.011345
train: 0.829200	val: 0.641129	test: 0.626246

Epoch: 22
Loss: 0.1823473679094477
Some target is missing!
Missing ratio: 0.011345
Some target is missing!
Missing ratio: 0.011345
train: 0.833961	val: 0.648843	test: 0.626280

Epoch: 23
Loss: 0.18066940611007748
Some target is missing!
Missing ratio: 0.011345
Some target is missing!
Missing ratio: 0.011345
train: 0.835422	val: 0.636437	test: 0.625819

Epoch: 24
Loss: 0.18014251831969041
Some target is missing!
Missing ratio: 0.011345
Some target is missing!
Missing ratio: 0.011345
train: 0.834945	val: 0.645368	test: 0.621987

Epoch: 25
Loss: 0.17924157691596
Some target is missing!
Missing ratio: 0.011345
Some target is missing!
Missing ratio: 0.011345
train: 0.833348	val: 0.645351	test: 0.620610

Epoch: 26
Loss: 0.17851370567813962
Some target is missing!
Missing ratio: 0.011345
Some target is missing!
Missing ratio: 0.011345
train: 0.843258	val: 0.651428	test: 0.621062

Epoch: 27
Loss: 0.17895322492294063
Some target is missing!
Missing ratio: 0.011345
Some target is missing!
Missing ratio: 0.011345
train: 0.841960	val: 0.651818	test: 0.626278

Epoch: 28
Loss: 0.17759127271030242
Some target is missing!
Missing ratio: 0.011345
Some target is missing!
Missing ratio: 0.011345
train: 0.845571	val: 0.658422	test: 0.627614

Epoch: 29
Loss: 0.1769667679761606
Some target is missing!
Missing ratio: 0.011345
Some target is missing!
Missing ratio: 0.011345
train: 0.847075	val: 0.656102	test: 0.637054

Epoch: 30
Loss: 0.17590593898413345
Some target is missing!
Missing ratio: 0.011345
Some target is missing!
Missing ratio: 0.011345
train: 0.848816	val: 0.642627	test: 0.623622

Epoch: 31
Loss: 0.1762697220268231
Some target is missing!
Missing ratio: 0.011345
Some target is missing!
Missing ratio: 0.011345
train: 0.846891	val: 0.650935	test: 0.619583

Epoch: 32
Loss: 0.17585500685291197
Some target is missing!
Missing ratio: 0.011345
Some target is missing!
Missing ratio: 0.011345
train: 0.852357	val: 0.654228	test: 0.625831

Epoch: 33
Loss: 0.17440641878566082
Some target is missing!
Missing ratio: 0.011345
Some target is missing!
Missing ratio: 0.011345
train: 0.849820	val: 0.644567	test: 0.629949

Epoch: 34
Loss: 0.1738565898293793
Some target is missing!
Missing ratio: 0.011345
Some target is missing!
Missing ratio: 0.011345
train: 0.853928	val: 0.653805	test: 0.629520

Epoch: 35
Loss: 0.17354900875896712
Some target is missing!
Missing ratio: 0.011345
Some target is missing!
Missing ratio: 0.011345
train: 0.858767	val: 0.650545	test: 0.625606

Epoch: 36
Loss: 0.17370459629542123
Some target is missing!
Missing ratio: 0.011345
Some target is missing!
Missing ratio: 0.011345
train: 0.857673	val: 0.653959	test: 0.630978

Epoch: 37
Loss: 0.1722048304848978
Some target is missing!
Missing ratio: 0.011345
Some target is missing!
Missing ratio: 0.011345
train: 0.861694	val: 0.656271	test: 0.624581

Epoch: 38
Loss: 0.17107894849772823
Some target is missing!
Missing ratio: 0.011345
Some target is missing!
Missing ratio: 0.011345
train: 0.862924	val: 0.651630	test: 0.632765

Epoch: 39
Loss: 0.17032691415972304
Some target is missing!
Missing ratio: 0.011345
Some target is missing!
Missing ratio: 0.011345
train: 0.862608	val: 0.659671	test: 0.627008

Epoch: 40
Loss: 0.17008893956740861
Some target is missing!
Missing ratio: 0.011345
Some target is missing!
Missing ratio: 0.011345
train: 0.863519	val: 0.657898	test: 0.641339

Epoch: 41
Loss: 0.1701303422337528
Some target is missing!
Missing ratio: 0.011345
Some target is missing!
Missing ratio: 0.011345
train: 0.865937	val: 0.658375	test: 0.628980

Epoch: 42
Loss: 0.1697588571768195
Some target is missing!
Missing ratio: 0.011345
Some target is missing!
Missing ratio: 0.011345
train: 0.867148	val: 0.658690	test: 0.633284

Epoch: 43
Loss: 0.16851836516942698
Some target is missing!
Missing ratio: 0.011345
Some target is missing!
Missing ratio: 0.011345
train: 0.868152	val: 0.659230	test: 0.622865

Epoch: 44
Loss: 0.16766831735764343
Some target is missing!
Missing ratio: 0.011345
Some target is missing!
Missing ratio: 0.011345
train: 0.869924	val: 0.650298	test: 0.624116

Epoch: 45
Loss: 0.16877882519134976
Some target is missing!
Missing ratio: 0.011345
Some target is missing!
Missing ratio: 0.011345
train: 0.871295	val: 0.657938	test: 0.631843

Epoch: 46
Loss: 0.16827642322450004
Some target is missing!
Missing ratio: 0.011345
Some target is missing!
Missing ratio: 0.011345
train: 0.867877	val: 0.649784	test: 0.624669

Epoch: 47
Loss: 0.16701467712222695
Some target is missing!
Missing ratio: 0.011345
Some target is missing!
Missing ratio: 0.011345
train: 0.874126	val: 0.657452	test: 0.622758

Epoch: 48
Loss: 0.1664157342551854
Some target is missing!
Missing ratio: 0.011345
Some target is missing!
Missing ratio: 0.011345
train: 0.875740	val: 0.654978	test: 0.627209

Epoch: 49
Loss: 0.16626381393714776
Some target is missing!
Missing ratio: 0.011345
Some target is missing!
Missing ratio: 0.011345
train: 0.874275	val: 0.661769	test: 0.633863

Epoch: 50
Loss: 0.16602955732352764
Some target is missing!
Missing ratio: 0.011345
Some target is missing!
Missing ratio: 0.011345
train: 0.875535	val: 0.660880	test: 0.633354

Epoch: 51
Loss: 0.166026536510268
Some target is missing!
Missing ratio: 0.011345
Some target is missing!
Missing ratio: 0.011345
train: 0.877590	val: 0.651836	test: 0.627014

Epoch: 52
Loss: 0.1644227551158652
Some target is missing!
Missing ratio: 0.011345
Some target is missing!
Missing ratio: 0.011345
train: 0.878708	val: 0.648697	test: 0.622686

Epoch: 53
Loss: 0.1646406189766795
Some target is missing!
Missing ratio: 0.011345
Some target is missing!
Missing ratio: 0.011345
train: 0.880596	val: 0.658087	test: 0.630385

Epoch: 54
Loss: 0.16430108250503678
Some target is missing!
Missing ratio: 0.011345
Some target is missing!
Missing ratio: 0.011345
train: 0.880689	val: 0.652743	test: 0.628854

Epoch: 55
Loss: 0.1628524936033201
Some target is missing!
Missing ratio: 0.011345
Some target is missing!
Missing ratio: 0.011345
train: 0.882732	val: 0.656522	test: 0.633563

Epoch: 56
Loss: 0.16286610731978954
Some target is missing!
Missing ratio: 0.011345
Some target is missing!
Missing ratio: 0.011345
train: 0.883364	val: 0.658151	test: 0.630247

Epoch: 57
Loss: 0.16181590194209824
Some target is missing!
Missing ratio: 0.011345
Some target is missing!
Missing ratio: 0.011345
train: 0.883848	val: 0.654356	test: 0.633085

Epoch: 58
Loss: 0.16208673274114005
Some target is missing!
Missing ratio: 0.011345
Some target is missing!
Missing ratio: 0.011345
train: 0.882831	val: 0.670633	test: 0.633753

Epoch: 59
Loss: 0.1612445727451338
Some target is missing!
Missing ratio: 0.011345
Some target is missing!
Missing ratio: 0.011345
train: 0.886317	val: 0.655398	test: 0.626760

Epoch: 60
Loss: 0.16087036755746045
Some target is missing!
Missing ratio: 0.011345
Some target is missing!
Missing ratio: 0.011345
train: 0.885646	val: 0.662036	test: 0.631911

Epoch: 61
Loss: 0.16206754580633384
Some target is missing!
Missing ratio: 0.011345
Some target is missing!
Missing ratio: 0.011345
train: 0.887749	val: 0.657061	test: 0.623117

Epoch: 62
Loss: 0.1608400139609905
Some target is missing!
Missing ratio: 0.011345
Some target is missing!
Missing ratio: 0.011345
train: 0.889646	val: 0.656925	test: 0.624795

Epoch: 63
Loss: 0.16057795375409362
Some target is missing!
Missing ratio: 0.011345
Some target is missing!
Missing ratio: 0.011345
train: 0.888739	val: 0.654137	test: 0.631701

Epoch: 64
Loss: 0.15996587057531325
Some target is missing!
Missing ratio: 0.011345
Some target is missing!
Missing ratio: 0.011345
train: 0.890388	val: 0.662846	test: 0.636412

Epoch: 65
Loss: 0.1598999022699706
Some target is missing!
Missing ratio: 0.011345
Some target is missing!
Missing ratio: 0.011345
train: 0.889940	val: 0.656841	test: 0.633880

Epoch: 66
Loss: 0.15971050391287314
Some target is missing!
Missing ratio: 0.011345
Some target is missing!
Missing ratio: 0.011345
train: 0.891644	val: 0.653811	test: 0.630837

Epoch: 67
Loss: 0.15902845803915014
Some target is missing!
Missing ratio: 0.011345
Some target is missing!
Missing ratio: 0.011345
train: 0.895274	val: 0.652579	test: 0.638416

Epoch: 68
Loss: 0.15954018684873703
Some target is missing!
Missing ratio: 0.011345
Some target is missing!
Missing ratio: 0.011345
train: 0.894802	val: 0.655606	test: 0.638746

Epoch: 69
Loss: 0.15788185125670381
Some target is missing!
Missing ratio: 0.011345
Some target is missing!
Missing ratio: 0.011345
train: 0.895036	val: 0.653691	test: 0.627233

Epoch: 70
Loss: 0.15733928671406888
Some target is missing!
Missing ratio: 0.011345
Some target is missing!
Missing ratio: 0.011345
train: 0.893632	val: 0.665790	test: 0.634931

Epoch: 71
Loss: 0.15687817662836723
Some target is missing!
Missing ratio: 0.011345
Some target is missing!
Missing ratio: 0.011345
train: 0.895246	val: 0.650511	test: 0.639335

Epoch: 72
Loss: 0.15727208708541138
Some target is missing!
Missing ratio: 0.011345
Some target is missing!
Missing ratio: 0.011345
train: 0.896431	val: 0.660661	test: 0.632281

Epoch: 73
Loss: 0.15692885304921061
Some target is missing!
Missing ratio: 0.011345
Some target is missing!
Missing ratio: 0.011345
train: 0.899358	val: 0.662907	test: 0.631146

Epoch: 74
Loss: 0.15616654357933119
Some target is missing!
Missing ratio: 0.011345
Some target is missing!
Missing ratio: 0.011345
train: 0.898771	val: 0.658935	test: 0.640876

Epoch: 75
Loss: 0.1543485310076792
Some target is missing!
Missing ratio: 0.011345
Some target is missing!
Missing ratio: 0.011345
train: 0.899971	val: 0.662036	test: 0.637858

Epoch: 76
Loss: 0.1554341865644766
Some target is missing!
Missing ratio: 0.011345
Some target is missing!
Missing ratio: 0.011345
train: 0.902633	val: 0.664531	test: 0.628470

Epoch: 77
Loss: 0.1556998209678344
Some target is missing!
Missing ratio: 0.011345
Some target is missing!
Missing ratio: 0.011345
train: 0.902256	val: 0.661686	test: 0.635722

Epoch: 78
Loss: 0.15443287825543053
Some target is missing!
Missing ratio: 0.011345
Some target is missing!
Missing ratio: 0.011345
train: 0.899741	val: 0.663077	test: 0.635099

Epoch: 79
Loss: 0.15442241419874123
Some target is missing!
Missing ratio: 0.011345
Some target is missing!
Missing ratio: 0.011345
train: 0.903990	val: 0.662320	test: 0.629513

Epoch: 80
Loss: 0.1539564675580904
Some target is missing!
Missing ratio: 0.011345
Some target is missing!
Missing ratio: 0.011345
train: 0.904297	val: 0.654788	test: 0.629608

Epoch: 81
Loss: 0.15442345399623467
Some target is missing!
Missing ratio: 0.011345
Some target is missing!
Missing ratio: 0.011345
train: 0.905852	val: 0.657828	test: 0.633859

Epoch: 82
Loss: 0.1533845728960752
Some target is missing!
Missing ratio: 0.011345
Some target is missing!
Missing ratio: 0.011345
train: 0.906799	val: 0.657115	test: 0.636001

Epoch: 83
Loss: 0.1524817880415565
Some target is missing!
Missing ratio: 0.011345
Some target is missing!
Missing ratio: 0.011345
train: 0.907709	val: 0.657998	test: 0.636218

Epoch: 84
Loss: 0.15198088448525965
Some target is missing!
Missing ratio: 0.011345
Some target is missing!
Missing ratio: 0.011345
train: 0.905799	val: 0.661776	test: 0.634422

Epoch: 85
Loss: 0.15327463701275348
Some target is missing!
Missing ratio: 0.011345
Some target is missing!
Missing ratio: 0.011345
train: 0.906955	val: 0.666442	test: 0.635933

Epoch: 86
Loss: 0.1520893328354516
Some target is missing!
Missing ratio: 0.011345
Some target is missing!
Missing ratio: 0.011345
train: 0.907987	val: 0.662558	test: 0.633742

Epoch: 87
Loss: 0.1519054399693532
Some target is missing!
Missing ratio: 0.011345
Some target is missing!
Missing ratio: 0.011345
train: 0.907848	val: 0.652053	test: 0.635096

Epoch: 88
Loss: 0.15178317965103202
Some target is missing!
Missing ratio: 0.011345
Some target is missing!
Missing ratio: 0.011345
train: 0.909942	val: 0.664893	test: 0.632628

Epoch: 89
Loss: 0.15111808577940097
Some target is missing!
Missing ratio: 0.011345
Some target is missing!
Missing ratio: 0.011345
train: 0.909921	val: 0.659672	test: 0.637237

Epoch: 90
Loss: 0.1501794055469944
Some target is missing!
Missing ratio: 0.011345
Some target is missing!
Missing ratio: 0.011345
train: 0.912351	val: 0.666755	test: 0.632551

Epoch: 91
Loss: 0.15039143775375688
Some target is missing!
Missing ratio: 0.011345
Some target is missing!
Missing ratio: 0.011345
train: 0.909391	val: 0.658211	test: 0.639168

Epoch: 92
Loss: 0.15032804750491077
Some target is missing!
Missing ratio: 0.011345
Some target is missing!
Missing ratio: 0.011345
train: 0.911320	val: 0.665085	test: 0.640413

Epoch: 93
Loss: 0.14935459890038286
Some target is missing!
Missing ratio: 0.011345
Some target is missing!
Missing ratio: 0.011345
train: 0.911469	val: 0.648503	test: 0.631057

Epoch: 94
Loss: 0.15032193292351834
Some target is missing!
Missing ratio: 0.011345
Some target is missing!
Missing ratio: 0.011345
train: 0.914126	val: 0.661880	test: 0.635721

Epoch: 95
Loss: 0.15075131212562282
Some target is missing!
Missing ratio: 0.011345
Some target is missing!
Missing ratio: 0.011345
train: 0.913117	val: 0.666251	test: 0.640536

Epoch: 96
Loss: 0.1487928005397704
Some target is missing!
Missing ratio: 0.011345
Some target is missing!
Missing ratio: 0.011345
train: 0.913352	val: 0.660168	test: 0.636448

Epoch: 97
Loss: 0.14946842787552295
Some target is missing!
Missing ratio: 0.011345
Some target is missing!
Missing ratio: 0.011345
train: 0.913612	val: 0.674024	test: 0.625477

Epoch: 98
Loss: 0.14897927023003169
Some target is missing!
Missing ratio: 0.011345
Some target is missing!
Missing ratio: 0.011345
train: 0.915873	val: 0.666169	test: 0.641112

Epoch: 99
Loss: 0.1477859990119114
Some target is missing!
Missing ratio: 0.011345
Some target is missing!
Missing ratio: 0.011345
train: 0.915623	val: 0.660060	test: 0.632760

Epoch: 100
Loss: 0.14749227989145883
Some target is missing!
Missing ratio: 0.011345
Some target is missing!
Missing ratio: 0.011345
train: 0.914597	val: 0.659210	test: 0.637475

best train: 0.913612	val: 0.674024	test: 0.625477
end
