13650977_0
--dataset=toxcast --runseed=0 --eval_train --batch_size=256 --dropout_ratio=0.5 --input_model_file=../output/3D_hybrid_02_masking/GEOM_3D_nmol50000_nconf5_nupper1000/CL_1_VAE_1/6_51_10_0.1/0.3_EBM_dot_prod_0.1_normalize_l2_detach_target_2_100_0/pretraining_model.pth
start
arguments	 Namespace(AE_loss='l2', AE_model='AE', CL_neg_samples=1, CL_similarity_metric='InfoNCE_dot_prod', JK='last', SSL_2D_mode='AM', SSL_masking_ratio=0, T=0.1, alpha_1=1, alpha_2=1, alpha_3=0.1, batch_size=256, beta=1, contextpred_neg_samples=1, csize=3, cutoff=10, data_dir_chirality='../datasets/chirality/d4_docking/d4_docking_rs.csv', dataset='toxcast', decay=0, detach_target=True, device=0, dropout_ratio=0.5, emb_dim=300, engg_n_layers=4, epochs=100, eval_train=True, flow_length=8, flow_model='planar', gamma_joao=0.1, gamma_joaov2=0.1, gnn_lr_scale=1, gnn_type='gin', graph_pooling='mean', input_data_dir='', input_model_file='../output/3D_hybrid_02_masking/GEOM_3D_nmol50000_nconf5_nupper1000/CL_1_VAE_1/6_51_10_0.1/0.3_EBM_dot_prod_0.1_normalize_l2_detach_target_2_100_0/pretraining_model.pth', iw_samples=5, lr=0.001, lr_scale=1, m_dim=50, mask_edge=0, mask_rate=0.15, model_3d='schnet', normalize=False, num_filters=128, num_gaussians=51, num_interactions=6, num_layer=5, num_workers=8, output_model_dir='', readout='mean', runseed=0, schnet_lr_scale=1, se3_transformer_div=2, se3_transformer_n_heads=8, se3_transformer_num_channels=32, se3_transformer_num_degrees=4, se3_transformer_num_layers=7, se3_transformer_num_nlayers=1, seed=42, spherenet_basis_emb_size_angle=8, spherenet_basis_emb_size_dist=8, spherenet_basis_emb_size_torsion=8, spherenet_cutoff=3.0, spherenet_envelope_exponent=5, spherenet_int_emb_size=64, spherenet_num_after_skip=2, spherenet_num_before_skip=1, spherenet_num_layers=4, spherenet_num_output_layers=3, spherenet_num_radial=6, spherenet_num_spherical=3, spherenet_out_emb_channels=256, split='scaffold', split_path='../datasets/chirality/d4_docking/rs/split0.npy', verbose=False)
Dataset: toxcast
Data: Data(edge_attr=[330356, 2], edge_index=[2, 330356], id=[8576], x=[161088, 2], y=[5291392])
MoleculeDataset(8576)
split via scaffold
Data(edge_attr=[28, 2], edge_index=[2, 28], id=[1], x=[15, 2], y=[617])
GNN_graphpred(
(molecule_model): GNN(
(x_embedding1): Embedding(120, 300)
(x_embedding2): Embedding(3, 300)
(gnns): ModuleList(
(0): GINConv(
(mlp): Sequential(
(0): Linear(in_features=300, out_features=600, bias=True)
(1): ReLU()
(2): Linear(in_features=600, out_features=300, bias=True)
)
(edge_embedding1): Embedding(6, 300)
(edge_embedding2): Embedding(3, 300)
)
(1): GINConv(
(mlp): Sequential(
(0): Linear(in_features=300, out_features=600, bias=True)
(1): ReLU()
(2): Linear(in_features=600, out_features=300, bias=True)
)
(edge_embedding1): Embedding(6, 300)
(edge_embedding2): Embedding(3, 300)
)
(2): GINConv(
(mlp): Sequential(
(0): Linear(in_features=300, out_features=600, bias=True)
(1): ReLU()
(2): Linear(in_features=600, out_features=300, bias=True)
)
(edge_embedding1): Embedding(6, 300)
(edge_embedding2): Embedding(3, 300)
)
(3): GINConv(
(mlp): Sequential(
(0): Linear(in_features=300, out_features=600, bias=True)
(1): ReLU()
(2): Linear(in_features=600, out_features=300, bias=True)
)
(edge_embedding1): Embedding(6, 300)
(edge_embedding2): Embedding(3, 300)
)
(4): GINConv(
(mlp): Sequential(
(0): Linear(in_features=300, out_features=600, bias=True)
(1): ReLU()
(2): Linear(in_features=600, out_features=300, bias=True)
)
(edge_embedding1): Embedding(6, 300)
(edge_embedding2): Embedding(3, 300)
)
)
(batch_norms): ModuleList(
(0): BatchNorm1d(300, eps=1e-05, momentum=0.1, affine=True, track_running_stats=True)
(1): BatchNorm1d(300, eps=1e-05, momentum=0.1, affine=True, track_running_stats=True)
(2): BatchNorm1d(300, eps=1e-05, momentum=0.1, affine=True, track_running_stats=True)
(3): BatchNorm1d(300, eps=1e-05, momentum=0.1, affine=True, track_running_stats=True)
(4): BatchNorm1d(300, eps=1e-05, momentum=0.1, affine=True, track_running_stats=True)
)
)
(graph_pred_linear): Linear(in_features=300, out_features=617, bias=True)
)
Epoch: 1
Loss: 0.5311829626635942
Some target is missing!
Missing ratio: 0.011345
Some target is missing!
Missing ratio: 0.011345
train: 0.628396	val: 0.551300	test: 0.560863

Epoch: 2
Loss: 0.33646660363809455
Some target is missing!
Missing ratio: 0.011345
Some target is missing!
Missing ratio: 0.011345
train: 0.678417	val: 0.563926	test: 0.561410

Epoch: 3
Loss: 0.249019198383137
Some target is missing!
Missing ratio: 0.011345
Some target is missing!
Missing ratio: 0.011345
train: 0.709547	val: 0.597202	test: 0.583522

Epoch: 4
Loss: 0.21916653569742814
Some target is missing!
Missing ratio: 0.011345
Some target is missing!
Missing ratio: 0.011345
train: 0.720963	val: 0.597178	test: 0.574305

Epoch: 5
Loss: 0.20984422595713798
Some target is missing!
Missing ratio: 0.011345
Some target is missing!
Missing ratio: 0.011345
train: 0.734893	val: 0.609353	test: 0.594454

Epoch: 6
Loss: 0.20381651876342358
Some target is missing!
Missing ratio: 0.011345
Some target is missing!
Missing ratio: 0.011345
train: 0.757979	val: 0.608730	test: 0.605951

Epoch: 7
Loss: 0.2009140333438826
Some target is missing!
Missing ratio: 0.011345
Some target is missing!
Missing ratio: 0.011345
train: 0.774224	val: 0.614844	test: 0.605126

Epoch: 8
Loss: 0.19678849564438608
Some target is missing!
Missing ratio: 0.011345
Some target is missing!
Missing ratio: 0.011345
train: 0.777602	val: 0.625064	test: 0.611665

Epoch: 9
Loss: 0.19455103720626693
Some target is missing!
Missing ratio: 0.011345
Some target is missing!
Missing ratio: 0.011345
train: 0.782056	val: 0.615990	test: 0.601893

Epoch: 10
Loss: 0.1924951005488015
Some target is missing!
Missing ratio: 0.011345
Some target is missing!
Missing ratio: 0.011345
train: 0.795651	val: 0.615299	test: 0.615035

Epoch: 11
Loss: 0.19093051717754597
Some target is missing!
Missing ratio: 0.011345
Some target is missing!
Missing ratio: 0.011345
train: 0.802306	val: 0.628936	test: 0.618170

Epoch: 12
Loss: 0.18853497075161393
Some target is missing!
Missing ratio: 0.011345
Some target is missing!
Missing ratio: 0.011345
train: 0.808179	val: 0.619371	test: 0.618386

Epoch: 13
Loss: 0.18788593759847919
Some target is missing!
Missing ratio: 0.011345
Some target is missing!
Missing ratio: 0.011345
train: 0.813648	val: 0.621981	test: 0.619100

Epoch: 14
Loss: 0.18543196997647246
Some target is missing!
Missing ratio: 0.011345
Some target is missing!
Missing ratio: 0.011345
train: 0.819273	val: 0.632747	test: 0.619521

Epoch: 15
Loss: 0.18429989989136317
Some target is missing!
Missing ratio: 0.011345
Some target is missing!
Missing ratio: 0.011345
train: 0.817891	val: 0.645886	test: 0.616271

Epoch: 16
Loss: 0.1835526015736173
Some target is missing!
Missing ratio: 0.011345
Some target is missing!
Missing ratio: 0.011345
train: 0.828105	val: 0.623158	test: 0.616079

Epoch: 17
Loss: 0.18219472931010636
Some target is missing!
Missing ratio: 0.011345
Some target is missing!
Missing ratio: 0.011345
train: 0.827353	val: 0.635357	test: 0.618191

Epoch: 18
Loss: 0.18169842134255496
Some target is missing!
Missing ratio: 0.011345
Some target is missing!
Missing ratio: 0.011345
train: 0.832953	val: 0.626398	test: 0.625262

Epoch: 19
Loss: 0.1818060229920197
Some target is missing!
Missing ratio: 0.011345
Some target is missing!
Missing ratio: 0.011345
train: 0.837802	val: 0.628645	test: 0.613989

Epoch: 20
Loss: 0.17980053498914028
Some target is missing!
Missing ratio: 0.011345
Some target is missing!
Missing ratio: 0.011345
train: 0.840429	val: 0.627264	test: 0.619648

Epoch: 21
Loss: 0.1785048585620864
Some target is missing!
Missing ratio: 0.011345
Some target is missing!
Missing ratio: 0.011345
train: 0.839149	val: 0.620766	test: 0.621423

Epoch: 22
Loss: 0.1779150714152418
Some target is missing!
Missing ratio: 0.011345
Some target is missing!
Missing ratio: 0.011345
train: 0.847737	val: 0.626444	test: 0.625045

Epoch: 23
Loss: 0.17764546613418528
Some target is missing!
Missing ratio: 0.011345
Some target is missing!
Missing ratio: 0.011345
train: 0.847475	val: 0.630581	test: 0.612724

Epoch: 24
Loss: 0.17746809148396578
Some target is missing!
Missing ratio: 0.011345
Some target is missing!
Missing ratio: 0.011345
train: 0.851307	val: 0.618340	test: 0.620840

Epoch: 25
Loss: 0.17564769266360417
Some target is missing!
Missing ratio: 0.011345
Some target is missing!
Missing ratio: 0.011345
train: 0.856665	val: 0.631363	test: 0.623965

Epoch: 26
Loss: 0.1760471496988231
Some target is missing!
Missing ratio: 0.011345
Some target is missing!
Missing ratio: 0.011345
train: 0.856028	val: 0.635302	test: 0.617605

Epoch: 27
Loss: 0.1741551179012106
Some target is missing!
Missing ratio: 0.011345
Some target is missing!
Missing ratio: 0.011345
train: 0.860498	val: 0.622769	test: 0.619002

Epoch: 28
Loss: 0.1740267299595105
Some target is missing!
Missing ratio: 0.011345
Some target is missing!
Missing ratio: 0.011345
train: 0.858006	val: 0.637597	test: 0.616655

Epoch: 29
Loss: 0.17264056523091076
Some target is missing!
Missing ratio: 0.011345
Some target is missing!
Missing ratio: 0.011345
train: 0.860353	val: 0.634958	test: 0.630132

Epoch: 30
Loss: 0.1727050086476287
Some target is missing!
Missing ratio: 0.011345
Some target is missing!
Missing ratio: 0.011345
train: 0.863430	val: 0.630474	test: 0.613904

Epoch: 31
Loss: 0.17205769853880024
Some target is missing!
Missing ratio: 0.011345
Some target is missing!
Missing ratio: 0.011345
train: 0.865497	val: 0.627478	test: 0.626858

Epoch: 32
Loss: 0.17191182626155044
Some target is missing!
Missing ratio: 0.011345
Some target is missing!
Missing ratio: 0.011345
train: 0.867944	val: 0.633761	test: 0.619013

Epoch: 33
Loss: 0.17137954486371113
Some target is missing!
Missing ratio: 0.011345
Some target is missing!
Missing ratio: 0.011345
train: 0.871829	val: 0.636559	test: 0.626869

Epoch: 34
Loss: 0.1696764113760422
Some target is missing!
Missing ratio: 0.011345
Some target is missing!
Missing ratio: 0.011345
train: 0.872814	val: 0.635248	test: 0.628850

Epoch: 35
Loss: 0.1697546804917156
Some target is missing!
Missing ratio: 0.011345
Some target is missing!
Missing ratio: 0.011345
train: 0.873363	val: 0.622888	test: 0.627742

Epoch: 36
Loss: 0.1688514177525557
Some target is missing!
Missing ratio: 0.011345
Some target is missing!
Missing ratio: 0.011345
train: 0.876318	val: 0.636674	test: 0.626608

Epoch: 37
Loss: 0.16823274342027247
Some target is missing!
Missing ratio: 0.011345
Some target is missing!
Missing ratio: 0.011345
train: 0.875314	val: 0.648486	test: 0.626780

Epoch: 38
Loss: 0.16815380210028052
Some target is missing!
Missing ratio: 0.011345
Some target is missing!
Missing ratio: 0.011345
train: 0.881825	val: 0.634932	test: 0.623351

Epoch: 39
Loss: 0.16591638665767075
Some target is missing!
Missing ratio: 0.011345
Some target is missing!
Missing ratio: 0.011345
train: 0.881189	val: 0.638233	test: 0.630443

Epoch: 40
Loss: 0.16657493043501775
Some target is missing!
Missing ratio: 0.011345
Some target is missing!
Missing ratio: 0.011345
train: 0.881263	val: 0.640023	test: 0.625804

Epoch: 41
Loss: 0.16660809912611402
Some target is missing!
Missing ratio: 0.011345
Some target is missing!
Missing ratio: 0.011345
train: 0.881425	val: 0.632089	test: 0.624321

Epoch: 42
Loss: 0.1659384514704426
Some target is missing!
Missing ratio: 0.011345
Some target is missing!
Missing ratio: 0.011345
train: 0.885510	val: 0.647412	test: 0.625269

Epoch: 43
Loss: 0.16487575895172832
Some target is missing!
Missing ratio: 0.011345
Some target is missing!
Missing ratio: 0.011345
train: 0.884153	val: 0.630972	test: 0.624534

Epoch: 44
Loss: 0.16497487871884248
Some target is missing!
Missing ratio: 0.011345
Some target is missing!
Missing ratio: 0.011345
train: 0.887658	val: 0.615752	test: 0.632433

Epoch: 45
Loss: 0.16428354497667144
Some target is missing!
Missing ratio: 0.011345
Some target is missing!
Missing ratio: 0.011345
train: 0.890665	val: 0.639908	test: 0.630174

Epoch: 46
Loss: 0.1620532077528331
Some target is missing!
Missing ratio: 0.011345
Some target is missing!
Missing ratio: 0.011345
train: 0.889140	val: 0.631157	test: 0.629997

Epoch: 47
Loss: 0.16322507977894662
Some target is missing!
Missing ratio: 0.011345
Some target is missing!
Missing ratio: 0.011345
train: 0.890852	val: 0.629922	test: 0.629962

Epoch: 48
Loss: 0.16309547253345671
Some target is missing!
Missing ratio: 0.011345
Some target is missing!
Missing ratio: 0.011345
train: 0.892580	val: 0.625199	test: 0.619146

Epoch: 49
Loss: 0.1614990801918239
Some target is missing!
Missing ratio: 0.011345
Some target is missing!
Missing ratio: 0.011345
train: 0.893796	val: 0.629026	test: 0.626314

Epoch: 50
Loss: 0.1619119103771602
Some target is missing!
Missing ratio: 0.011345
Some target is missing!
Missing ratio: 0.011345
train: 0.893921	val: 0.632925	test: 0.623005

Epoch: 51
Loss: 0.15960602334704777
Some target is missing!
Missing ratio: 0.011345
Some target is missing!
Missing ratio: 0.011345
train: 0.896538	val: 0.626262	test: 0.625461

Epoch: 52
Loss: 0.16035686895262286
Some target is missing!
Missing ratio: 0.011345
Some target is missing!
Missing ratio: 0.011345
train: 0.895441	val: 0.632266	test: 0.618490

Epoch: 53
Loss: 0.16096451263132538
Some target is missing!
Missing ratio: 0.011345
Some target is missing!
Missing ratio: 0.011345
train: 0.894605	val: 0.631961	test: 0.622300

Epoch: 54
Loss: 0.15852633787119302
Some target is missing!
Missing ratio: 0.011345
Some target is missing!
Missing ratio: 0.011345
train: 0.893905	val: 0.629644	test: 0.619854

Epoch: 55
Loss: 0.15986735421438283
Some target is missing!
Missing ratio: 0.011345
Some target is missing!
Missing ratio: 0.011345
train: 0.898724	val: 0.645612	test: 0.620223

Epoch: 56
Loss: 0.1595567536975839
Some target is missing!
Missing ratio: 0.011345
Some target is missing!
Missing ratio: 0.011345
train: 0.898959	val: 0.629076	test: 0.624596

Epoch: 57
Loss: 0.15973916454311954
Some target is missing!
Missing ratio: 0.011345
Some target is missing!
Missing ratio: 0.011345
train: 0.901118	val: 0.631018	test: 0.624786

Epoch: 58
Loss: 0.15888842033691228
Some target is missing!
Missing ratio: 0.011345
Some target is missing!
Missing ratio: 0.011345
train: 0.901295	val: 0.631742	test: 0.625858

Epoch: 59
Loss: 0.15844947597314982
Some target is missing!
Missing ratio: 0.011345
Some target is missing!
Missing ratio: 0.011345
train: 0.905083	val: 0.640322	test: 0.626803

Epoch: 60
Loss: 0.15763322452901743
Some target is missing!
Missing ratio: 0.011345
Some target is missing!
Missing ratio: 0.011345
train: 0.904127	val: 0.638176	test: 0.629471

Epoch: 61
Loss: 0.15748605774490865
Some target is missing!
Missing ratio: 0.011345
Some target is missing!
Missing ratio: 0.011345
train: 0.904882	val: 0.638880	test: 0.625455

Epoch: 62
Loss: 0.1563744177965484
Some target is missing!
Missing ratio: 0.011345
Some target is missing!
Missing ratio: 0.011345
train: 0.905350	val: 0.633299	test: 0.625000

Epoch: 63
Loss: 0.156493228533923
Some target is missing!
Missing ratio: 0.011345
Some target is missing!
Missing ratio: 0.011345
train: 0.907247	val: 0.641844	test: 0.628999

Epoch: 64
Loss: 0.1561068906303829
Some target is missing!
Missing ratio: 0.011345
Some target is missing!
Missing ratio: 0.011345
train: 0.903268	val: 0.641146	test: 0.624707

Epoch: 65
Loss: 0.15607656538864081
Some target is missing!
Missing ratio: 0.011345
Some target is missing!
Missing ratio: 0.011345
train: 0.907356	val: 0.639208	test: 0.622335

Epoch: 66
Loss: 0.1553617653272092
Some target is missing!
Missing ratio: 0.011345
Some target is missing!
Missing ratio: 0.011345
train: 0.910445	val: 0.633022	test: 0.628223

Epoch: 67
Loss: 0.15471961131153536
Some target is missing!
Missing ratio: 0.011345
Some target is missing!
Missing ratio: 0.011345
train: 0.911276	val: 0.632461	test: 0.625695

Epoch: 68
Loss: 0.1542231177133584
Some target is missing!
Missing ratio: 0.011345
Some target is missing!
Missing ratio: 0.011345
train: 0.913233	val: 0.637203	test: 0.624795

Epoch: 69
Loss: 0.15408968279498916
Some target is missing!
Missing ratio: 0.011345
Some target is missing!
Missing ratio: 0.011345
train: 0.913086	val: 0.635046	test: 0.614741

Epoch: 70
Loss: 0.15157390974783905
Some target is missing!
Missing ratio: 0.011345
Some target is missing!
Missing ratio: 0.011345
train: 0.911694	val: 0.626074	test: 0.615661

Epoch: 71
Loss: 0.1524091814152271
Some target is missing!
Missing ratio: 0.011345
Some target is missing!
Missing ratio: 0.011345
train: 0.914579	val: 0.635305	test: 0.622006

Epoch: 72
Loss: 0.15292132030186567
Some target is missing!
Missing ratio: 0.011345
Some target is missing!
Missing ratio: 0.011345
train: 0.917173	val: 0.639891	test: 0.621979

Epoch: 73
Loss: 0.15160096271451803
Some target is missing!
Missing ratio: 0.011345
Some target is missing!
Missing ratio: 0.011345
train: 0.916490	val: 0.632204	test: 0.623024

Epoch: 74
Loss: 0.151742209828129
Some target is missing!
Missing ratio: 0.011345
Some target is missing!
Missing ratio: 0.011345
train: 0.917414	val: 0.642125	test: 0.619966

Epoch: 75
Loss: 0.15097990661551997
Some target is missing!
Missing ratio: 0.011345
Some target is missing!
Missing ratio: 0.011345
train: 0.918589	val: 0.635333	test: 0.623679

Epoch: 76
Loss: 0.15126598261837684
Some target is missing!
Missing ratio: 0.011345
Some target is missing!
Missing ratio: 0.011345
train: 0.919133	val: 0.645153	test: 0.631483

Epoch: 77
Loss: 0.15142376473890418
Some target is missing!
Missing ratio: 0.011345
Some target is missing!
Missing ratio: 0.011345
train: 0.917332	val: 0.639525	test: 0.623143

Epoch: 78
Loss: 0.15180753184522136
Some target is missing!
Missing ratio: 0.011345
Some target is missing!
Missing ratio: 0.011345
train: 0.918794	val: 0.646918	test: 0.625624

Epoch: 79
Loss: 0.14990716646805272
Some target is missing!
Missing ratio: 0.011345
Some target is missing!
Missing ratio: 0.011345
train: 0.922682	val: 0.642340	test: 0.621842

Epoch: 80
Loss: 0.14973028962999935
Some target is missing!
Missing ratio: 0.011345
Some target is missing!
Missing ratio: 0.011345
train: 0.920591	val: 0.630200	test: 0.625294

Epoch: 81
Loss: 0.14876122492177613
Some target is missing!
Missing ratio: 0.011345
Some target is missing!
Missing ratio: 0.011345
train: 0.922079	val: 0.642220	test: 0.624621

Epoch: 82
Loss: 0.14882324802301758
Some target is missing!
Missing ratio: 0.011345
Some target is missing!
Missing ratio: 0.011345
train: 0.922891	val: 0.643030	test: 0.620017

Epoch: 83
Loss: 0.1491109665051544
Some target is missing!
Missing ratio: 0.011345
Some target is missing!
Missing ratio: 0.011345
train: 0.923222	val: 0.641223	test: 0.623434

Epoch: 84
Loss: 0.14766342861405699
Some target is missing!
Missing ratio: 0.011345
Some target is missing!
Missing ratio: 0.011345
train: 0.921996	val: 0.627323	test: 0.626652

Epoch: 85
Loss: 0.14823196475793463
Some target is missing!
Missing ratio: 0.011345
Some target is missing!
Missing ratio: 0.011345
train: 0.923863	val: 0.640349	test: 0.620657

Epoch: 86
Loss: 0.14673390787517748
Some target is missing!
Missing ratio: 0.011345
Some target is missing!
Missing ratio: 0.011345
train: 0.925934	val: 0.644885	test: 0.630157

Epoch: 87
Loss: 0.14791934913411753
Some target is missing!
Missing ratio: 0.011345
Some target is missing!
Missing ratio: 0.011345
train: 0.924708	val: 0.643691	test: 0.620788

Epoch: 88
Loss: 0.14582176528112326
Some target is missing!
Missing ratio: 0.011345
Some target is missing!
Missing ratio: 0.011345
train: 0.926094	val: 0.648186	test: 0.634781

Epoch: 89
Loss: 0.14633144787074542
Some target is missing!
Missing ratio: 0.011345
Some target is missing!
Missing ratio: 0.011345
train: 0.928058	val: 0.631364	test: 0.619027

Epoch: 90
Loss: 0.145680108498461
Some target is missing!
Missing ratio: 0.011345
Some target is missing!
Missing ratio: 0.011345
train: 0.925358	val: 0.635262	test: 0.622732

Epoch: 91
Loss: 0.14553117978422006
Some target is missing!
Missing ratio: 0.011345
Some target is missing!
Missing ratio: 0.011345
train: 0.927447	val: 0.644091	test: 0.624811

Epoch: 92
Loss: 0.1457775694233233
Some target is missing!
Missing ratio: 0.011345
Some target is missing!
Missing ratio: 0.011345
train: 0.928877	val: 0.638487	test: 0.615653

Epoch: 93
Loss: 0.14505472253396715
Some target is missing!
Missing ratio: 0.011345
Some target is missing!
Missing ratio: 0.011345
train: 0.928418	val: 0.646078	test: 0.625619

Epoch: 94
Loss: 0.14551937995201258
Some target is missing!
Missing ratio: 0.011345
Some target is missing!
Missing ratio: 0.011345
train: 0.930854	val: 0.641947	test: 0.616988

Epoch: 95
Loss: 0.14454921366529777
Some target is missing!
Missing ratio: 0.011345
Some target is missing!
Missing ratio: 0.011345
train: 0.931519	val: 0.641182	test: 0.628273

Epoch: 96
Loss: 0.14421762516605063
Some target is missing!
Missing ratio: 0.011345
Some target is missing!
Missing ratio: 0.011345
train: 0.930485	val: 0.642687	test: 0.629730

Epoch: 97
Loss: 0.1436829187101327
Some target is missing!
Missing ratio: 0.011345
Some target is missing!
Missing ratio: 0.011345
train: 0.932380	val: 0.644216	test: 0.631925

Epoch: 98
Loss: 0.14301115702448308
Some target is missing!
Missing ratio: 0.011345
Some target is missing!
Missing ratio: 0.011345
train: 0.932832	val: 0.640376	test: 0.625463

Epoch: 99
Loss: 0.14270568732717048
Some target is missing!
Missing ratio: 0.011345
Some target is missing!
Missing ratio: 0.011345
train: 0.933431	val: 0.634468	test: 0.620327

Epoch: 100
Loss: 0.14253969805950129
Some target is missing!
Missing ratio: 0.011345
Some target is missing!
Missing ratio: 0.011345
train: 0.933560	val: 0.640323	test: 0.626537

best train: 0.875314	val: 0.648486	test: 0.626780
end
