13984932_1
--dataset=toxcast --runseed=1 --eval_train --batch_size=256 --dropout_ratio=0.5 --input_model_file=../output/3D_hybrid_02_masking/GEOM_3D_nmol50000_nconf5_nupper1000/CL_1_VAE_1/6_51_10_0.1/0.15_EBM_dot_prod_0.2_normalize_l2_detach_target_2_100_0/pretraining_model.pth
start
arguments	 Namespace(AE_loss='l2', AE_model='AE', CL_neg_samples=1, CL_similarity_metric='InfoNCE_dot_prod', JK='last', SSL_2D_mode='AM', SSL_masking_ratio=0, T=0.1, alpha_1=1, alpha_2=1, alpha_3=0.1, batch_size=256, beta=1, contextpred_neg_samples=1, csize=3, cutoff=10, data_dir_chirality='../datasets/chirality/d4_docking/d4_docking_rs.csv', dataset='toxcast', decay=0, detach_target=True, device=0, dropout_ratio=0.5, emb_dim=300, engg_n_layers=4, epochs=100, eval_train=True, flow_length=8, flow_model='planar', gamma_joao=0.1, gamma_joaov2=0.1, gnn_lr_scale=1, gnn_type='gin', graph_pooling='mean', input_data_dir='', input_model_file='../output/3D_hybrid_02_masking/GEOM_3D_nmol50000_nconf5_nupper1000/CL_1_VAE_1/6_51_10_0.1/0.15_EBM_dot_prod_0.2_normalize_l2_detach_target_2_100_0/pretraining_model.pth', iw_samples=5, lr=0.001, lr_scale=1, m_dim=50, mask_edge=0, mask_rate=0.15, model_3d='schnet', normalize=False, num_filters=128, num_gaussians=51, num_interactions=6, num_layer=5, num_workers=8, output_model_dir='', readout='mean', runseed=1, schnet_lr_scale=1, se3_transformer_div=2, se3_transformer_n_heads=8, se3_transformer_num_channels=32, se3_transformer_num_degrees=4, se3_transformer_num_layers=7, se3_transformer_num_nlayers=1, seed=42, spherenet_basis_emb_size_angle=8, spherenet_basis_emb_size_dist=8, spherenet_basis_emb_size_torsion=8, spherenet_cutoff=3.0, spherenet_envelope_exponent=5, spherenet_int_emb_size=64, spherenet_num_after_skip=2, spherenet_num_before_skip=1, spherenet_num_layers=4, spherenet_num_output_layers=3, spherenet_num_radial=6, spherenet_num_spherical=3, spherenet_out_emb_channels=256, split='scaffold', split_path='../datasets/chirality/d4_docking/rs/split0.npy', verbose=False)
Dataset: toxcast
Data: Data(edge_attr=[330356, 2], edge_index=[2, 330356], id=[8576], x=[161088, 2], y=[5291392])
MoleculeDataset(8576)
split via scaffold
Data(edge_attr=[28, 2], edge_index=[2, 28], id=[1], x=[15, 2], y=[617])
GNN_graphpred(
(molecule_model): GNN(
(x_embedding1): Embedding(120, 300)
(x_embedding2): Embedding(3, 300)
(gnns): ModuleList(
(0): GINConv(
(mlp): Sequential(
(0): Linear(in_features=300, out_features=600, bias=True)
(1): ReLU()
(2): Linear(in_features=600, out_features=300, bias=True)
)
(edge_embedding1): Embedding(6, 300)
(edge_embedding2): Embedding(3, 300)
)
(1): GINConv(
(mlp): Sequential(
(0): Linear(in_features=300, out_features=600, bias=True)
(1): ReLU()
(2): Linear(in_features=600, out_features=300, bias=True)
)
(edge_embedding1): Embedding(6, 300)
(edge_embedding2): Embedding(3, 300)
)
(2): GINConv(
(mlp): Sequential(
(0): Linear(in_features=300, out_features=600, bias=True)
(1): ReLU()
(2): Linear(in_features=600, out_features=300, bias=True)
)
(edge_embedding1): Embedding(6, 300)
(edge_embedding2): Embedding(3, 300)
)
(3): GINConv(
(mlp): Sequential(
(0): Linear(in_features=300, out_features=600, bias=True)
(1): ReLU()
(2): Linear(in_features=600, out_features=300, bias=True)
)
(edge_embedding1): Embedding(6, 300)
(edge_embedding2): Embedding(3, 300)
)
(4): GINConv(
(mlp): Sequential(
(0): Linear(in_features=300, out_features=600, bias=True)
(1): ReLU()
(2): Linear(in_features=600, out_features=300, bias=True)
)
(edge_embedding1): Embedding(6, 300)
(edge_embedding2): Embedding(3, 300)
)
)
(batch_norms): ModuleList(
(0): BatchNorm1d(300, eps=1e-05, momentum=0.1, affine=True, track_running_stats=True)
(1): BatchNorm1d(300, eps=1e-05, momentum=0.1, affine=True, track_running_stats=True)
(2): BatchNorm1d(300, eps=1e-05, momentum=0.1, affine=True, track_running_stats=True)
(3): BatchNorm1d(300, eps=1e-05, momentum=0.1, affine=True, track_running_stats=True)
(4): BatchNorm1d(300, eps=1e-05, momentum=0.1, affine=True, track_running_stats=True)
)
)
(graph_pred_linear): Linear(in_features=300, out_features=617, bias=True)
)
Epoch: 1
Loss: 0.5484294052238129
Some target is missing!
Missing ratio: 0.011345
Some target is missing!
Missing ratio: 0.011345
train: 0.632772	val: 0.536592	test: 0.533260
acc train: 0.000000	val: 0.000000	test: 0.000000

Epoch: 2
Loss: 0.3520396126568694
Some target is missing!
Missing ratio: 0.011345
Some target is missing!
Missing ratio: 0.011345
train: 0.670266	val: 0.562213	test: 0.558523
acc train: 0.000000	val: 0.000000	test: 0.000000

Epoch: 3
Loss: 0.2539617469381754
Some target is missing!
Missing ratio: 0.011345
Some target is missing!
Missing ratio: 0.011345
train: 0.707393	val: 0.598969	test: 0.582287
acc train: 0.000000	val: 0.000000	test: 0.000000

Epoch: 4
Loss: 0.22075967212009442
Some target is missing!
Missing ratio: 0.011345
Some target is missing!
Missing ratio: 0.011345
train: 0.725062	val: 0.614633	test: 0.601840
acc train: 0.000000	val: 0.000000	test: 0.000000

Epoch: 5
Loss: 0.20900671698979456
Some target is missing!
Missing ratio: 0.011345
Some target is missing!
Missing ratio: 0.011345
train: 0.737300	val: 0.618633	test: 0.594098
acc train: 0.000000	val: 0.000000	test: 0.000000

Epoch: 6
Loss: 0.2032373982653165
Some target is missing!
Missing ratio: 0.011345
Some target is missing!
Missing ratio: 0.011345
train: 0.757829	val: 0.617447	test: 0.609640
acc train: 0.000000	val: 0.000000	test: 0.000000

Epoch: 7
Loss: 0.2010469999720863
Some target is missing!
Missing ratio: 0.011345
Some target is missing!
Missing ratio: 0.011345
train: 0.759779	val: 0.620695	test: 0.603410
acc train: 0.000000	val: 0.000000	test: 0.000000

Epoch: 8
Loss: 0.19879373860922692
Some target is missing!
Missing ratio: 0.011345
Some target is missing!
Missing ratio: 0.011345
train: 0.771814	val: 0.629090	test: 0.611296
acc train: 0.000000	val: 0.000000	test: 0.000000

Epoch: 9
Loss: 0.1955285422853777
Some target is missing!
Missing ratio: 0.011345
Some target is missing!
Missing ratio: 0.011345
train: 0.772483	val: 0.611402	test: 0.607757
acc train: 0.000000	val: 0.000000	test: 0.000000

Epoch: 10
Loss: 0.19428691732591333
Some target is missing!
Missing ratio: 0.011345
Some target is missing!
Missing ratio: 0.011345
train: 0.779721	val: 0.634013	test: 0.618838
acc train: 0.000000	val: 0.000000	test: 0.000000

Epoch: 11
Loss: 0.19253706145925753
Some target is missing!
Missing ratio: 0.011345
Some target is missing!
Missing ratio: 0.011345
train: 0.788044	val: 0.606789	test: 0.605189
acc train: 0.000000	val: 0.000000	test: 0.000000

Epoch: 12
Loss: 0.18984676042212725
Some target is missing!
Missing ratio: 0.011345
Some target is missing!
Missing ratio: 0.011345
train: 0.802675	val: 0.620105	test: 0.609047
acc train: 0.000000	val: 0.000000	test: 0.000000

Epoch: 13
Loss: 0.18848821692400627
Some target is missing!
Missing ratio: 0.011345
Some target is missing!
Missing ratio: 0.011345
train: 0.805724	val: 0.627104	test: 0.612783
acc train: 0.000000	val: 0.000000	test: 0.000000

Epoch: 14
Loss: 0.18663176011415833
Some target is missing!
Missing ratio: 0.011345
Some target is missing!
Missing ratio: 0.011345
train: 0.812504	val: 0.632068	test: 0.613481
acc train: 0.000000	val: 0.000000	test: 0.000000

Epoch: 15
Loss: 0.18511328773479982
Some target is missing!
Missing ratio: 0.011345
Some target is missing!
Missing ratio: 0.011345
train: 0.816897	val: 0.634812	test: 0.619668
acc train: 0.000000	val: 0.000000	test: 0.000000

Epoch: 16
Loss: 0.18359382640827576
Some target is missing!
Missing ratio: 0.011345
Some target is missing!
Missing ratio: 0.011345
train: 0.815166	val: 0.628098	test: 0.612702
acc train: 0.000000	val: 0.000000	test: 0.000000

Epoch: 17
Loss: 0.18363150222387917
Some target is missing!
Missing ratio: 0.011345
Some target is missing!
Missing ratio: 0.011345
train: 0.822776	val: 0.622975	test: 0.620651
acc train: 0.000000	val: 0.000000	test: 0.000000

Epoch: 18
Loss: 0.18299646899081565
Some target is missing!
Missing ratio: 0.011345
Some target is missing!
Missing ratio: 0.011345
train: 0.829535	val: 0.630371	test: 0.619868
acc train: 0.000000	val: 0.000000	test: 0.000000

Epoch: 19
Loss: 0.18198105865697844
Some target is missing!
Missing ratio: 0.011345
Some target is missing!
Missing ratio: 0.011345
train: 0.828267	val: 0.629214	test: 0.626741
acc train: 0.000000	val: 0.000000	test: 0.000000

Epoch: 20
Loss: 0.18154829337314565
Some target is missing!
Missing ratio: 0.011345
Some target is missing!
Missing ratio: 0.011345
train: 0.832439	val: 0.625420	test: 0.619978
acc train: 0.000000	val: 0.000000	test: 0.000000

Epoch: 21
Loss: 0.17997254717635489
Some target is missing!
Missing ratio: 0.011345
Some target is missing!
Missing ratio: 0.011345
train: 0.834181	val: 0.630913	test: 0.630196
acc train: 0.000000	val: 0.000000	test: 0.000000

Epoch: 22
Loss: 0.17922920977225035
Some target is missing!
Missing ratio: 0.011345
Some target is missing!
Missing ratio: 0.011345
train: 0.840102	val: 0.630772	test: 0.635496
acc train: 0.000000	val: 0.000000	test: 0.000000

Epoch: 23
Loss: 0.17810313082202664
Some target is missing!
Missing ratio: 0.011345
Some target is missing!
Missing ratio: 0.011345
train: 0.839910	val: 0.618434	test: 0.623887
acc train: 0.000000	val: 0.000000	test: 0.000000

Epoch: 24
Loss: 0.17756468192307093
Some target is missing!
Missing ratio: 0.011345
Some target is missing!
Missing ratio: 0.011345
train: 0.839200	val: 0.634329	test: 0.621990
acc train: 0.000000	val: 0.000000	test: 0.000000

Epoch: 25
Loss: 0.17879952617959585
Some target is missing!
Missing ratio: 0.011345
Some target is missing!
Missing ratio: 0.011345
train: 0.842115	val: 0.622647	test: 0.613800
acc train: 0.000000	val: 0.000000	test: 0.000000

Epoch: 26
Loss: 0.17572242034109123
Some target is missing!
Missing ratio: 0.011345
Some target is missing!
Missing ratio: 0.011345
train: 0.843670	val: 0.630360	test: 0.618779
acc train: 0.000000	val: 0.000000	test: 0.000000

Epoch: 27
Loss: 0.1766886250746565
Some target is missing!
Missing ratio: 0.011345
Some target is missing!
Missing ratio: 0.011345
train: 0.846273	val: 0.631893	test: 0.618819
acc train: 0.000000	val: 0.000000	test: 0.000000

Epoch: 28
Loss: 0.17412459314289105
Some target is missing!
Missing ratio: 0.011345
Some target is missing!
Missing ratio: 0.011345
train: 0.846343	val: 0.631721	test: 0.619370
acc train: 0.000000	val: 0.000000	test: 0.000000

Epoch: 29
Loss: 0.17400858371966768
Some target is missing!
Missing ratio: 0.011345
Some target is missing!
Missing ratio: 0.011345
train: 0.852616	val: 0.635848	test: 0.626255
acc train: 0.000000	val: 0.000000	test: 0.000000

Epoch: 30
Loss: 0.1737920817322847
Some target is missing!
Missing ratio: 0.011345
Some target is missing!
Missing ratio: 0.011345
train: 0.853978	val: 0.631673	test: 0.623713
acc train: 0.000000	val: 0.000000	test: 0.000000

Epoch: 31
Loss: 0.17421915938715596
Some target is missing!
Missing ratio: 0.011345
Some target is missing!
Missing ratio: 0.011345
train: 0.856026	val: 0.639085	test: 0.621444
acc train: 0.000000	val: 0.000000	test: 0.000000

Epoch: 32
Loss: 0.1740544571686984
Some target is missing!
Missing ratio: 0.011345
Some target is missing!
Missing ratio: 0.011345
train: 0.856560	val: 0.626673	test: 0.624129
acc train: 0.000000	val: 0.000000	test: 0.000000

Epoch: 33
Loss: 0.17165366980334934
Some target is missing!
Missing ratio: 0.011345
Some target is missing!
Missing ratio: 0.011345
train: 0.856767	val: 0.633804	test: 0.621646
acc train: 0.000000	val: 0.000000	test: 0.000000

Epoch: 34
Loss: 0.17243827119754726
Some target is missing!
Missing ratio: 0.011345
Some target is missing!
Missing ratio: 0.011345
train: 0.863129	val: 0.645713	test: 0.628161
acc train: 0.000000	val: 0.000000	test: 0.000000

Epoch: 35
Loss: 0.17095991197120633
Some target is missing!
Missing ratio: 0.011345
Some target is missing!
Missing ratio: 0.011345
train: 0.863690	val: 0.637012	test: 0.621433
acc train: 0.000000	val: 0.000000	test: 0.000000

Epoch: 36
Loss: 0.17020529125038364
Some target is missing!
Missing ratio: 0.011345
Some target is missing!
Missing ratio: 0.011345
train: 0.865013	val: 0.642851	test: 0.620986
acc train: 0.000000	val: 0.000000	test: 0.000000

Epoch: 37
Loss: 0.17139767525292626
Some target is missing!
Missing ratio: 0.011345
Some target is missing!
Missing ratio: 0.011345
train: 0.866731	val: 0.640506	test: 0.613519
acc train: 0.000000	val: 0.000000	test: 0.000000

Epoch: 38
Loss: 0.16958587638637165
Some target is missing!
Missing ratio: 0.011345
Some target is missing!
Missing ratio: 0.011345
train: 0.869204	val: 0.639765	test: 0.631511
acc train: 0.000000	val: 0.000000	test: 0.000000

Epoch: 39
Loss: 0.1690609691815924
Some target is missing!
Missing ratio: 0.011345
Some target is missing!
Missing ratio: 0.011345
train: 0.869357	val: 0.631595	test: 0.620375
acc train: 0.000000	val: 0.000000	test: 0.000000

Epoch: 40
Loss: 0.16888942954253955
Some target is missing!
Missing ratio: 0.011345
Some target is missing!
Missing ratio: 0.011345
train: 0.870215	val: 0.647255	test: 0.631734
acc train: 0.000000	val: 0.000000	test: 0.000000

Epoch: 41
Loss: 0.16794487523288024
Some target is missing!
Missing ratio: 0.011345
Some target is missing!
Missing ratio: 0.011345
train: 0.869046	val: 0.639090	test: 0.617477
acc train: 0.000000	val: 0.000000	test: 0.000000

Epoch: 42
Loss: 0.16741054745476655
Some target is missing!
Missing ratio: 0.011345
Some target is missing!
Missing ratio: 0.011345
train: 0.873578	val: 0.645780	test: 0.631836
acc train: 0.000000	val: 0.000000	test: 0.000000

Epoch: 43
Loss: 0.1673746447196582
Some target is missing!
Missing ratio: 0.011345
Some target is missing!
Missing ratio: 0.011345
train: 0.872273	val: 0.647024	test: 0.622415
acc train: 0.000000	val: 0.000000	test: 0.000000

Epoch: 44
Loss: 0.16660696924983873
Some target is missing!
Missing ratio: 0.011345
Some target is missing!
Missing ratio: 0.011345
train: 0.877241	val: 0.644843	test: 0.624668
acc train: 0.000000	val: 0.000000	test: 0.000000

Epoch: 45
Loss: 0.16679574529012361
Some target is missing!
Missing ratio: 0.011345
Some target is missing!
Missing ratio: 0.011345
train: 0.876845	val: 0.642183	test: 0.627881
acc train: 0.000000	val: 0.000000	test: 0.000000

Epoch: 46
Loss: 0.16535892036704924
Some target is missing!
Missing ratio: 0.011345
Some target is missing!
Missing ratio: 0.011345
train: 0.874224	val: 0.643953	test: 0.622925
acc train: 0.000000	val: 0.000000	test: 0.000000

Epoch: 47
Loss: 0.1653115343622723
Some target is missing!
Missing ratio: 0.011345
Some target is missing!
Missing ratio: 0.011345
train: 0.880589	val: 0.636024	test: 0.620173
acc train: 0.000000	val: 0.000000	test: 0.000000

Epoch: 48
Loss: 0.1653192617850341
Some target is missing!
Missing ratio: 0.011345
Some target is missing!
Missing ratio: 0.011345
train: 0.880093	val: 0.639097	test: 0.625115
acc train: 0.000000	val: 0.000000	test: 0.000000

Epoch: 49
Loss: 0.16499419245119692
Some target is missing!
Missing ratio: 0.011345
Some target is missing!
Missing ratio: 0.011345
train: 0.879935	val: 0.646567	test: 0.627759
acc train: 0.000000	val: 0.000000	test: 0.000000

Epoch: 50
Loss: 0.1636131681071859
Some target is missing!
Missing ratio: 0.011345
Some target is missing!
Missing ratio: 0.011345
train: 0.882894	val: 0.637773	test: 0.625245
acc train: 0.000000	val: 0.000000	test: 0.000000

Epoch: 51
Loss: 0.16425438287314206
Some target is missing!
Missing ratio: 0.011345
Some target is missing!
Missing ratio: 0.011345
train: 0.884652	val: 0.646633	test: 0.620030
acc train: 0.000000	val: 0.000000	test: 0.000000

Epoch: 52
Loss: 0.161706148473229
Some target is missing!
Missing ratio: 0.011345
Some target is missing!
Missing ratio: 0.011345
train: 0.884605	val: 0.632352	test: 0.621352
acc train: 0.000000	val: 0.000000	test: 0.000000

Epoch: 53
Loss: 0.16219566374798194
Some target is missing!
Missing ratio: 0.011345
Some target is missing!
Missing ratio: 0.011345
train: 0.885845	val: 0.646367	test: 0.629624
acc train: 0.000000	val: 0.000000	test: 0.000000

Epoch: 54
Loss: 0.1616488862753243
Some target is missing!
Missing ratio: 0.011345
Some target is missing!
Missing ratio: 0.011345
train: 0.886142	val: 0.638292	test: 0.621781
acc train: 0.000000	val: 0.000000	test: 0.000000

Epoch: 55
Loss: 0.16206862602885774
Some target is missing!
Missing ratio: 0.011345
Some target is missing!
Missing ratio: 0.011345
train: 0.888323	val: 0.650938	test: 0.630466
acc train: 0.000000	val: 0.000000	test: 0.000000

Epoch: 56
Loss: 0.16147256075864305
Some target is missing!
Missing ratio: 0.011345
Some target is missing!
Missing ratio: 0.011345
train: 0.887288	val: 0.643843	test: 0.622212
acc train: 0.000000	val: 0.000000	test: 0.000000

Epoch: 57
Loss: 0.16101997298891865
Some target is missing!
Missing ratio: 0.011345
Some target is missing!
Missing ratio: 0.011345
train: 0.888958	val: 0.650586	test: 0.634077
acc train: 0.000000	val: 0.000000	test: 0.000000

Epoch: 58
Loss: 0.1607794401895849
Some target is missing!
Missing ratio: 0.011345
Some target is missing!
Missing ratio: 0.011345
train: 0.891670	val: 0.646195	test: 0.628203
acc train: 0.000000	val: 0.000000	test: 0.000000

Epoch: 59
Loss: 0.16099981151509205
Some target is missing!
Missing ratio: 0.011345
Some target is missing!
Missing ratio: 0.011345
train: 0.891766	val: 0.652063	test: 0.621924
acc train: 0.000000	val: 0.000000	test: 0.000000

Epoch: 60
Loss: 0.15784357008963956
Some target is missing!
Missing ratio: 0.011345
Some target is missing!
Missing ratio: 0.011345
train: 0.893415	val: 0.648734	test: 0.624232
acc train: 0.000000	val: 0.000000	test: 0.000000

Epoch: 61
Loss: 0.1596836154039996
Some target is missing!
Missing ratio: 0.011345
Some target is missing!
Missing ratio: 0.011345
train: 0.894053	val: 0.652740	test: 0.621000
acc train: 0.000000	val: 0.000000	test: 0.000000

Epoch: 62
Loss: 0.15858035869301243
Some target is missing!
Missing ratio: 0.011345
Some target is missing!
Missing ratio: 0.011345
train: 0.894705	val: 0.649371	test: 0.621283
acc train: 0.000000	val: 0.000000	test: 0.000000

Epoch: 63
Loss: 0.15952423057914517
Some target is missing!
Missing ratio: 0.011345
Some target is missing!
Missing ratio: 0.011345
train: 0.893652	val: 0.653264	test: 0.624927
acc train: 0.000000	val: 0.000000	test: 0.000000

Epoch: 64
Loss: 0.15872695846420443
Some target is missing!
Missing ratio: 0.011345
Some target is missing!
Missing ratio: 0.011345
train: 0.896384	val: 0.647735	test: 0.618698
acc train: 0.000000	val: 0.000000	test: 0.000000

Epoch: 65
Loss: 0.1588350994615874
Some target is missing!
Missing ratio: 0.011345
Some target is missing!
Missing ratio: 0.011345
train: 0.895539	val: 0.657096	test: 0.626149
acc train: 0.000000	val: 0.000000	test: 0.000000

Epoch: 66
Loss: 0.15787233506308262
Some target is missing!
Missing ratio: 0.011345
Some target is missing!
Missing ratio: 0.011345
train: 0.897719	val: 0.652227	test: 0.628340
acc train: 0.000000	val: 0.000000	test: 0.000000

Epoch: 67
Loss: 0.15700238191888344
Some target is missing!
Missing ratio: 0.011345
Some target is missing!
Missing ratio: 0.011345
train: 0.898457	val: 0.638819	test: 0.619799
acc train: 0.000000	val: 0.000000	test: 0.000000

Epoch: 68
Loss: 0.15675780306264397
Some target is missing!
Missing ratio: 0.011345
Some target is missing!
Missing ratio: 0.011345
train: 0.898602	val: 0.649407	test: 0.621315
acc train: 0.000000	val: 0.000000	test: 0.000000

Epoch: 69
Loss: 0.15673878758622434
Some target is missing!
Missing ratio: 0.011345
Some target is missing!
Missing ratio: 0.011345
train: 0.899760	val: 0.652445	test: 0.620157
acc train: 0.000000	val: 0.000000	test: 0.000000

Epoch: 70
Loss: 0.1547907796792988
Some target is missing!
Missing ratio: 0.011345
Some target is missing!
Missing ratio: 0.011345
train: 0.900657	val: 0.656969	test: 0.619450
acc train: 0.000000	val: 0.000000	test: 0.000000

Epoch: 71
Loss: 0.1553063954401866
Some target is missing!
Missing ratio: 0.011345
Some target is missing!
Missing ratio: 0.011345
train: 0.902657	val: 0.654027	test: 0.624146
acc train: 0.000000	val: 0.000000	test: 0.000000

Epoch: 72
Loss: 0.1552732605234534
Some target is missing!
Missing ratio: 0.011345
Some target is missing!
Missing ratio: 0.011345
train: 0.902127	val: 0.649149	test: 0.619335
acc train: 0.000000	val: 0.000000	test: 0.000000

Epoch: 73
Loss: 0.15564623249508341
Some target is missing!
Missing ratio: 0.011345
Some target is missing!
Missing ratio: 0.011345
train: 0.903847	val: 0.656844	test: 0.623134
acc train: 0.000000	val: 0.000000	test: 0.000000

Epoch: 74
Loss: 0.15466254115141903
Some target is missing!
Missing ratio: 0.011345
Some target is missing!
Missing ratio: 0.011345
train: 0.903565	val: 0.653938	test: 0.629300
acc train: 0.000000	val: 0.000000	test: 0.000000

Epoch: 75
Loss: 0.15355513052430644
Some target is missing!
Missing ratio: 0.011345
Some target is missing!
Missing ratio: 0.011345
train: 0.902157	val: 0.653158	test: 0.625758
acc train: 0.000000	val: 0.000000	test: 0.000000

Epoch: 76
Loss: 0.15403894367286242
Some target is missing!
Missing ratio: 0.011345
Some target is missing!
Missing ratio: 0.011345
train: 0.904493	val: 0.641794	test: 0.617911
acc train: 0.000000	val: 0.000000	test: 0.000000

Epoch: 77
Loss: 0.15505725313535007
Some target is missing!
Missing ratio: 0.011345
Some target is missing!
Missing ratio: 0.011345
train: 0.902540	val: 0.653744	test: 0.631019
acc train: 0.000000	val: 0.000000	test: 0.000000

Epoch: 78
Loss: 0.15320383543671645
Some target is missing!
Missing ratio: 0.011345
Some target is missing!
Missing ratio: 0.011345
train: 0.904832	val: 0.645334	test: 0.627353
acc train: 0.000000	val: 0.000000	test: 0.000000

Epoch: 79
Loss: 0.15238268804379676
Some target is missing!
Missing ratio: 0.011345
Some target is missing!
Missing ratio: 0.011345
train: 0.907545	val: 0.649854	test: 0.626665
acc train: 0.000000	val: 0.000000	test: 0.000000

Epoch: 80
Loss: 0.15260268056524498
Some target is missing!
Missing ratio: 0.011345
Some target is missing!
Missing ratio: 0.011345
train: 0.907854	val: 0.650606	test: 0.619524
acc train: 0.000000	val: 0.000000	test: 0.000000

Epoch: 81
Loss: 0.1524509476887658
Some target is missing!
Missing ratio: 0.011345
Some target is missing!
Missing ratio: 0.011345
train: 0.909308	val: 0.646068	test: 0.622178
acc train: 0.000000	val: 0.000000	test: 0.000000

Epoch: 82
Loss: 0.15166393103090534
Some target is missing!
Missing ratio: 0.011345
Some target is missing!
Missing ratio: 0.011345
train: 0.911173	val: 0.643987	test: 0.629599
acc train: 0.000000	val: 0.000000	test: 0.000000

Epoch: 83
Loss: 0.15100021575564496
Some target is missing!
Missing ratio: 0.011345
Some target is missing!
Missing ratio: 0.011345
train: 0.910481	val: 0.650694	test: 0.623694
acc train: 0.000000	val: 0.000000	test: 0.000000

Epoch: 84
Loss: 0.15113267551734536
Some target is missing!
Missing ratio: 0.011345
Some target is missing!
Missing ratio: 0.011345
train: 0.909620	val: 0.644428	test: 0.619023
acc train: 0.000000	val: 0.000000	test: 0.000000

Epoch: 85
Loss: 0.15170338830690325
Some target is missing!
Missing ratio: 0.011345
Some target is missing!
Missing ratio: 0.011345
train: 0.907780	val: 0.655144	test: 0.627866
acc train: 0.000000	val: 0.000000	test: 0.000000

Epoch: 86
Loss: 0.15053608753647407
Some target is missing!
Missing ratio: 0.011345
Some target is missing!
Missing ratio: 0.011345
train: 0.912570	val: 0.646015	test: 0.625433
acc train: 0.000000	val: 0.000000	test: 0.000000

Epoch: 87
Loss: 0.15059763970861864
Some target is missing!
Missing ratio: 0.011345
Some target is missing!
Missing ratio: 0.011345
train: 0.914054	val: 0.649697	test: 0.626320
acc train: 0.000000	val: 0.000000	test: 0.000000

Epoch: 88
Loss: 0.14948501741856096
Some target is missing!
Missing ratio: 0.011345
Some target is missing!
Missing ratio: 0.011345
train: 0.913400	val: 0.656214	test: 0.625244
acc train: 0.000000	val: 0.000000	test: 0.000000

Epoch: 89
Loss: 0.14992345524819808
Some target is missing!
Missing ratio: 0.011345
Some target is missing!
Missing ratio: 0.011345
train: 0.912067	val: 0.649004	test: 0.624724
acc train: 0.000000	val: 0.000000	test: 0.000000

Epoch: 90
Loss: 0.14878581153506662
Some target is missing!
Missing ratio: 0.011345
Some target is missing!
Missing ratio: 0.011345
train: 0.916081	val: 0.651710	test: 0.620918
acc train: 0.000000	val: 0.000000	test: 0.000000

Epoch: 91
Loss: 0.14833851396567238
Some target is missing!
Missing ratio: 0.011345
Some target is missing!
Missing ratio: 0.011345
train: 0.914209	val: 0.653272	test: 0.623236
acc train: 0.000000	val: 0.000000	test: 0.000000

Epoch: 92
Loss: 0.1492802637110258
Some target is missing!
Missing ratio: 0.011345
Some target is missing!
Missing ratio: 0.011345
train: 0.916251	val: 0.653963	test: 0.621879
acc train: 0.000000	val: 0.000000	test: 0.000000

Epoch: 93
Loss: 0.14728813405033117
Some target is missing!
Missing ratio: 0.011345
Some target is missing!
Missing ratio: 0.011345
train: 0.916699	val: 0.644608	test: 0.619658
acc train: 0.000000	val: 0.000000	test: 0.000000

Epoch: 94
Loss: 0.14874939227340936
Some target is missing!
Missing ratio: 0.011345
Some target is missing!
Missing ratio: 0.011345
train: 0.918539	val: 0.648289	test: 0.630254
acc train: 0.000000	val: 0.000000	test: 0.000000

Epoch: 95
Loss: 0.1490117591216914
Some target is missing!
Missing ratio: 0.011345
Some target is missing!
Missing ratio: 0.011345
train: 0.918603	val: 0.655262	test: 0.628488
acc train: 0.000000	val: 0.000000	test: 0.000000

Epoch: 96
Loss: 0.1469303327619636
Some target is missing!
Missing ratio: 0.011345
Some target is missing!
Missing ratio: 0.011345
train: 0.919794	val: 0.653124	test: 0.631784
acc train: 0.000000	val: 0.000000	test: 0.000000

Epoch: 97
Loss: 0.146550433572579
Some target is missing!
Missing ratio: 0.011345
Some target is missing!
Missing ratio: 0.011345
train: 0.919988	val: 0.644009	test: 0.625503
acc train: 0.000000	val: 0.000000	test: 0.000000

Epoch: 98
Loss: 0.14637012353404708
Some target is missing!
Missing ratio: 0.011345
Some target is missing!
Missing ratio: 0.011345
train: 0.921185	val: 0.645104	test: 0.627814
acc train: 0.000000	val: 0.000000	test: 0.000000

Epoch: 99
Loss: 0.14613605598291643
Some target is missing!
Missing ratio: 0.011345
Some target is missing!
Missing ratio: 0.011345
train: 0.921590	val: 0.649671	test: 0.630812
acc train: 0.000000	val: 0.000000	test: 0.000000

Epoch: 100
Loss: 0.14556425725783562
Some target is missing!
Missing ratio: 0.011345
Some target is missing!
Missing ratio: 0.011345
train: 0.922736	val: 0.643779	test: 0.631242
acc train: 0.000000	val: 0.000000	test: 0.000000

best train: 0.895539	val: 0.657096	test: 0.626149
best ACC train: 0.000000	val: 0.000000	test: 0.000000
end
