9242925_2
--dataset=muv --runseed=2 --eval_train --batch_size=256 --dropout_ratio=0.5 --input_model_file=../output/3D_hybrid_03_masking/GEOM_3D_nmol50000_nconf5_nupper1000/CL_1_VAE_1_CP_0.1/6_51_10_0.1/0.3_EBM_dot_prod_0.1_normalize_l2_detach_target_1_100_0/pretraining_model.pth
start
arguments	 Namespace(AE_loss='l2', AE_model='AE', CL_neg_samples=1, CL_similarity_metric='InfoNCE_dot_prod', JK='last', SSL_2D_mode='AM', SSL_masking_ratio=0, T=0.1, alpha_1=1, alpha_2=1, alpha_3=0.1, batch_size=256, beta=1, contextpred_neg_samples=1, csize=3, cutoff=10, data_dir_chirality='../datasets/chirality/d4_docking/d4_docking_rs.csv', dataset='muv', decay=0, detach_target=True, device=0, dropout_ratio=0.5, emb_dim=300, engg_n_layers=4, epochs=100, eval_train=True, flow_length=8, flow_model='planar', gamma_joao=0.1, gamma_joaov2=0.1, gnn_lr_scale=1, gnn_type='gin', graph_pooling='mean', input_data_dir='', input_model_file='../output/3D_hybrid_03_masking/GEOM_3D_nmol50000_nconf5_nupper1000/CL_1_VAE_1_CP_0.1/6_51_10_0.1/0.3_EBM_dot_prod_0.1_normalize_l2_detach_target_1_100_0/pretraining_model.pth', iw_samples=5, lr=0.001, lr_scale=1, m_dim=50, mask_edge=0, mask_rate=0.15, model_3d='schnet', normalize=False, num_filters=128, num_gaussians=51, num_interactions=6, num_layer=5, num_workers=8, output_model_dir='', readout='mean', runseed=2, schnet_lr_scale=1, seed=42, split='scaffold', split_path='../datasets/chirality/d4_docking/rs/split0.npy', verbose=False)
Dataset: muv
Data: Data(edge_attr=[4892252, 2], edge_index=[2, 4892252], id=[93087], x=[2255846, 2], y=[1582479])
MoleculeDataset(93087)
split via scaffold
Data(edge_attr=[30, 2], edge_index=[2, 30], id=[1], x=[15, 2], y=[17])
GNN_graphpred(
(molecule_model): GNN(
(x_embedding1): Embedding(120, 300)
(x_embedding2): Embedding(3, 300)
(gnns): ModuleList(
(0): GINConv(
(mlp): Sequential(
(0): Linear(in_features=300, out_features=600, bias=True)
(1): ReLU()
(2): Linear(in_features=600, out_features=300, bias=True)
)
(edge_embedding1): Embedding(6, 300)
(edge_embedding2): Embedding(3, 300)
)
(1): GINConv(
(mlp): Sequential(
(0): Linear(in_features=300, out_features=600, bias=True)
(1): ReLU()
(2): Linear(in_features=600, out_features=300, bias=True)
)
(edge_embedding1): Embedding(6, 300)
(edge_embedding2): Embedding(3, 300)
)
(2): GINConv(
(mlp): Sequential(
(0): Linear(in_features=300, out_features=600, bias=True)
(1): ReLU()
(2): Linear(in_features=600, out_features=300, bias=True)
)
(edge_embedding1): Embedding(6, 300)
(edge_embedding2): Embedding(3, 300)
)
(3): GINConv(
(mlp): Sequential(
(0): Linear(in_features=300, out_features=600, bias=True)
(1): ReLU()
(2): Linear(in_features=600, out_features=300, bias=True)
)
(edge_embedding1): Embedding(6, 300)
(edge_embedding2): Embedding(3, 300)
)
(4): GINConv(
(mlp): Sequential(
(0): Linear(in_features=300, out_features=600, bias=True)
(1): ReLU()
(2): Linear(in_features=600, out_features=300, bias=True)
)
(edge_embedding1): Embedding(6, 300)
(edge_embedding2): Embedding(3, 300)
)
)
(batch_norms): ModuleList(
(0): BatchNorm1d(300, eps=1e-05, momentum=0.1, affine=True, track_running_stats=True)
(1): BatchNorm1d(300, eps=1e-05, momentum=0.1, affine=True, track_running_stats=True)
(2): BatchNorm1d(300, eps=1e-05, momentum=0.1, affine=True, track_running_stats=True)
(3): BatchNorm1d(300, eps=1e-05, momentum=0.1, affine=True, track_running_stats=True)
(4): BatchNorm1d(300, eps=1e-05, momentum=0.1, affine=True, track_running_stats=True)
)
)
(graph_pred_linear): Linear(in_features=300, out_features=17, bias=True)
)
Epoch: 1
Loss: 0.08370784940703525
Some target is missing!
Missing ratio: 0.058824
Some target is missing!
Missing ratio: 0.117647
train: 0.682601	val: 0.733547	test: 0.677909

Epoch: 2
Loss: 0.013872873525674196
Some target is missing!
Missing ratio: 0.058824
Some target is missing!
Missing ratio: 0.117647
train: 0.751928	val: 0.735938	test: 0.665971

Epoch: 3
Loss: 0.013199483892536178
Some target is missing!
Missing ratio: 0.058824
Some target is missing!
Missing ratio: 0.117647
train: 0.814514	val: 0.771159	test: 0.726265

Epoch: 4
Loss: 0.012861665846547887
Some target is missing!
Missing ratio: 0.058824
Some target is missing!
Missing ratio: 0.117647
train: 0.827903	val: 0.771190	test: 0.730933

Epoch: 5
Loss: 0.012439093300832831
Some target is missing!
Missing ratio: 0.058824
Some target is missing!
Missing ratio: 0.117647
train: 0.844524	val: 0.766134	test: 0.728397

Epoch: 6
Loss: 0.012386996674841427
Some target is missing!
Missing ratio: 0.058824
Some target is missing!
Missing ratio: 0.117647
train: 0.863173	val: 0.767765	test: 0.759000

Epoch: 7
Loss: 0.01203977659438692
Some target is missing!
Missing ratio: 0.058824
Some target is missing!
Missing ratio: 0.117647
train: 0.860483	val: 0.768790	test: 0.760998

Epoch: 8
Loss: 0.011877382233157478
Some target is missing!
Missing ratio: 0.058824
Some target is missing!
Missing ratio: 0.117647
train: 0.875258	val: 0.785678	test: 0.756588

Epoch: 9
Loss: 0.01165948673693577
Some target is missing!
Missing ratio: 0.058824
Some target is missing!
Missing ratio: 0.117647
train: 0.891839	val: 0.782910	test: 0.730023

Epoch: 10
Loss: 0.011681133536370493
Some target is missing!
Missing ratio: 0.058824
Some target is missing!
Missing ratio: 0.117647
train: 0.885428	val: 0.798184	test: 0.732326

Epoch: 11
Loss: 0.01159168330904654
Some target is missing!
Missing ratio: 0.058824
Some target is missing!
Missing ratio: 0.117647
train: 0.902357	val: 0.807131	test: 0.757254

Epoch: 12
Loss: 0.011437674348937738
Some target is missing!
Missing ratio: 0.058824
Some target is missing!
Missing ratio: 0.117647
train: 0.902426	val: 0.777032	test: 0.731567

Epoch: 13
Loss: 0.011161489327781781
Some target is missing!
Missing ratio: 0.058824
Some target is missing!
Missing ratio: 0.117647
train: 0.916133	val: 0.787897	test: 0.716150

Epoch: 14
Loss: 0.01113978841896473
Some target is missing!
Missing ratio: 0.058824
Some target is missing!
Missing ratio: 0.117647
train: 0.926802	val: 0.796607	test: 0.753443

Epoch: 15
Loss: 0.011158484225325786
Some target is missing!
Missing ratio: 0.058824
Some target is missing!
Missing ratio: 0.117647
train: 0.925734	val: 0.754889	test: 0.706891

Epoch: 16
Loss: 0.010899939804278645
Some target is missing!
Missing ratio: 0.058824
Some target is missing!
Missing ratio: 0.117647
train: 0.937929	val: 0.782396	test: 0.726085

Epoch: 17
Loss: 0.010778498692900231
Some target is missing!
Missing ratio: 0.058824
Some target is missing!
Missing ratio: 0.117647
train: 0.940572	val: 0.795903	test: 0.737622

Epoch: 18
Loss: 0.010558809268485288
Some target is missing!
Missing ratio: 0.058824
Some target is missing!
Missing ratio: 0.117647
train: 0.928646	val: 0.787362	test: 0.745504

Epoch: 19
Loss: 0.010660205083918127
Some target is missing!
Missing ratio: 0.058824
Some target is missing!
Missing ratio: 0.117647
train: 0.940495	val: 0.768614	test: 0.735148

Epoch: 20
Loss: 0.010461626323103795
Some target is missing!
Missing ratio: 0.058824
Some target is missing!
Missing ratio: 0.117647
train: 0.948802	val: 0.786656	test: 0.750516

Epoch: 21
Loss: 0.010282885957222845
Some target is missing!
Missing ratio: 0.058824
Some target is missing!
Missing ratio: 0.117647
train: 0.949365	val: 0.786296	test: 0.748247

Epoch: 22
Loss: 0.010089877765047628
Some target is missing!
Missing ratio: 0.058824
Some target is missing!
Missing ratio: 0.117647
train: 0.944247	val: 0.792026	test: 0.689785

Epoch: 23
Loss: 0.010010839875210203
Some target is missing!
Missing ratio: 0.058824
Some target is missing!
Missing ratio: 0.117647
train: 0.953182	val: 0.779024	test: 0.730906

Epoch: 24
Loss: 0.010098675927251142
Some target is missing!
Missing ratio: 0.058824
Some target is missing!
Missing ratio: 0.117647
train: 0.949703	val: 0.759938	test: 0.728497

Epoch: 25
Loss: 0.009766892924234155
Some target is missing!
Missing ratio: 0.058824
Some target is missing!
Missing ratio: 0.117647
train: 0.960871	val: 0.794698	test: 0.754640

Epoch: 26
Loss: 0.00978750479765323
Some target is missing!
Missing ratio: 0.058824
Some target is missing!
Missing ratio: 0.117647
train: 0.961393	val: 0.767459	test: 0.717230

Epoch: 27
Loss: 0.009702655792748052
Some target is missing!
Missing ratio: 0.058824
Some target is missing!
Missing ratio: 0.117647
train: 0.965187	val: 0.779052	test: 0.742840

Epoch: 28
Loss: 0.009372530996980663
Some target is missing!
Missing ratio: 0.058824
Some target is missing!
Missing ratio: 0.117647
train: 0.949081	val: 0.761723	test: 0.699714

Epoch: 29
Loss: 0.009369600524126923
Some target is missing!
Missing ratio: 0.058824
Some target is missing!
Missing ratio: 0.117647
train: 0.957781	val: 0.748627	test: 0.708079

Epoch: 30
Loss: 0.009403497586373285
Some target is missing!
Missing ratio: 0.058824
Some target is missing!
Missing ratio: 0.117647
train: 0.971825	val: 0.778150	test: 0.733220

Epoch: 31
Loss: 0.009286128553354226
Some target is missing!
Missing ratio: 0.058824
Some target is missing!
Missing ratio: 0.117647
train: 0.968685	val: 0.774857	test: 0.725824

Epoch: 32
Loss: 0.009182082345904449
Some target is missing!
Missing ratio: 0.058824
Some target is missing!
Missing ratio: 0.117647
train: 0.976626	val: 0.770161	test: 0.751804

Epoch: 33
Loss: 0.008961369285311166
Some target is missing!
Missing ratio: 0.058824
Some target is missing!
Missing ratio: 0.117647
train: 0.977832	val: 0.777050	test: 0.742676

Epoch: 34
Loss: 0.008958710525365848
Some target is missing!
Missing ratio: 0.058824
Some target is missing!
Missing ratio: 0.117647
train: 0.978327	val: 0.782433	test: 0.758305

Epoch: 35
Loss: 0.008896582473811976
Some target is missing!
Missing ratio: 0.058824
Some target is missing!
Missing ratio: 0.117647
train: 0.977465	val: 0.737059	test: 0.735833

Epoch: 36
Loss: 0.008692766883711104
Some target is missing!
Missing ratio: 0.058824
Some target is missing!
Missing ratio: 0.117647
train: 0.980606	val: 0.755987	test: 0.727872

Epoch: 37
Loss: 0.008664884099020961
Some target is missing!
Missing ratio: 0.058824
Some target is missing!
Missing ratio: 0.117647
train: 0.984091	val: 0.781086	test: 0.737230

Epoch: 38
Loss: 0.008416429386935043
Some target is missing!
Missing ratio: 0.058824
Some target is missing!
Missing ratio: 0.117647
train: 0.980774	val: 0.763382	test: 0.720507

Epoch: 39
Loss: 0.008536651906202224
Some target is missing!
Missing ratio: 0.058824
Some target is missing!
Missing ratio: 0.117647
train: 0.981980	val: 0.776605	test: 0.765618

Epoch: 40
Loss: 0.008316990071645068
Some target is missing!
Missing ratio: 0.058824
Some target is missing!
Missing ratio: 0.117647
train: 0.985892	val: 0.792743	test: 0.734717

Epoch: 41
Loss: 0.008081278600902115
Some target is missing!
Missing ratio: 0.058824
Some target is missing!
Missing ratio: 0.117647
train: 0.985438	val: 0.750303	test: 0.699397

Epoch: 42
Loss: 0.008120217161124802
Some target is missing!
Missing ratio: 0.058824
Some target is missing!
Missing ratio: 0.117647
train: 0.983147	val: 0.780734	test: 0.740302

Epoch: 43
Loss: 0.007999751464188963
Some target is missing!
Missing ratio: 0.058824
Some target is missing!
Missing ratio: 0.117647
train: 0.988108	val: 0.769395	test: 0.758184

Epoch: 44
Loss: 0.007830666130322616
Some target is missing!
Missing ratio: 0.058824
Some target is missing!
Missing ratio: 0.117647
train: 0.987732	val: 0.763651	test: 0.723448

Epoch: 45
Loss: 0.00782676010759615
Some target is missing!
Missing ratio: 0.058824
Some target is missing!
Missing ratio: 0.117647
train: 0.990782	val: 0.770196	test: 0.707498

Epoch: 46
Loss: 0.007769564681357563
Some target is missing!
Missing ratio: 0.058824
Some target is missing!
Missing ratio: 0.117647
train: 0.989900	val: 0.778870	test: 0.739575

Epoch: 47
Loss: 0.0073613033029452215
Some target is missing!
Missing ratio: 0.058824
Some target is missing!
Missing ratio: 0.117647
train: 0.990390	val: 0.783088	test: 0.750699

Epoch: 48
Loss: 0.007588817633952831
Some target is missing!
Missing ratio: 0.058824
Some target is missing!
Missing ratio: 0.117647
train: 0.991805	val: 0.755325	test: 0.721048

Epoch: 49
Loss: 0.007564290379053905
Some target is missing!
Missing ratio: 0.058824
Some target is missing!
Missing ratio: 0.117647
train: 0.992947	val: 0.757679	test: 0.727959

Epoch: 50
Loss: 0.0073495433250271025
Some target is missing!
Missing ratio: 0.058824
Some target is missing!
Missing ratio: 0.117647
train: 0.990403	val: 0.745443	test: 0.695485

Epoch: 51
Loss: 0.007298909233117523
Some target is missing!
Missing ratio: 0.058824
Some target is missing!
Missing ratio: 0.117647
train: 0.992841	val: 0.756439	test: 0.709234

Epoch: 52
Loss: 0.007159476883564096
Some target is missing!
Missing ratio: 0.058824
Some target is missing!
Missing ratio: 0.117647
train: 0.993814	val: 0.753891	test: 0.734906

Epoch: 53
Loss: 0.007178148483236309
Some target is missing!
Missing ratio: 0.058824
Some target is missing!
Missing ratio: 0.117647
train: 0.992782	val: 0.756417	test: 0.750496

Epoch: 54
Loss: 0.007148405335874346
Some target is missing!
Missing ratio: 0.058824
Some target is missing!
Missing ratio: 0.117647
train: 0.995111	val: 0.767923	test: 0.746826

Epoch: 55
Loss: 0.006806778267498877
Some target is missing!
Missing ratio: 0.058824
Some target is missing!
Missing ratio: 0.117647
train: 0.994777	val: 0.772785	test: 0.729277

Epoch: 56
Loss: 0.006935757221701878
Some target is missing!
Missing ratio: 0.058824
Some target is missing!
Missing ratio: 0.117647
train: 0.994540	val: 0.764354	test: 0.710028

Epoch: 57
Loss: 0.006771794270596934
Some target is missing!
Missing ratio: 0.058824
Some target is missing!
Missing ratio: 0.117647
train: 0.993207	val: 0.764119	test: 0.746007

Epoch: 58
Loss: 0.00691965665334549
Some target is missing!
Missing ratio: 0.058824
Some target is missing!
Missing ratio: 0.117647
train: 0.995242	val: 0.762592	test: 0.743344

Epoch: 59
Loss: 0.006678110559086778
Some target is missing!
Missing ratio: 0.058824
Some target is missing!
Missing ratio: 0.117647
train: 0.995462	val: 0.764066	test: 0.722224

Epoch: 60
Loss: 0.006316058270812215
Some target is missing!
Missing ratio: 0.058824
Some target is missing!
Missing ratio: 0.117647
train: 0.996588	val: 0.765300	test: 0.737754

Epoch: 61
Loss: 0.006153586104342598
Some target is missing!
Missing ratio: 0.058824
Some target is missing!
Missing ratio: 0.117647
train: 0.994114	val: 0.736060	test: 0.724240

Epoch: 62
Loss: 0.006367370116931289
Some target is missing!
Missing ratio: 0.058824
Some target is missing!
Missing ratio: 0.117647
train: 0.996559	val: 0.758500	test: 0.756150

Epoch: 63
Loss: 0.0061365094590993844
Some target is missing!
Missing ratio: 0.058824
Some target is missing!
Missing ratio: 0.117647
train: 0.997351	val: 0.770657	test: 0.733829

Epoch: 64
Loss: 0.006391657429245678
Some target is missing!
Missing ratio: 0.058824
Some target is missing!
Missing ratio: 0.117647
train: 0.996126	val: 0.768795	test: 0.722989

Epoch: 65
Loss: 0.006036430718903886
Some target is missing!
Missing ratio: 0.058824
Some target is missing!
Missing ratio: 0.117647
train: 0.997557	val: 0.769141	test: 0.745466

Epoch: 66
Loss: 0.006031722032503147
Some target is missing!
Missing ratio: 0.058824
Some target is missing!
Missing ratio: 0.117647
train: 0.997703	val: 0.751292	test: 0.753732

Epoch: 67
Loss: 0.006110124822926272
Some target is missing!
Missing ratio: 0.058824
Some target is missing!
Missing ratio: 0.117647
train: 0.997380	val: 0.737536	test: 0.764938

Epoch: 68
Loss: 0.006106133934624346
Some target is missing!
Missing ratio: 0.058824
Some target is missing!
Missing ratio: 0.117647
train: 0.997695	val: 0.752542	test: 0.759121

Epoch: 69
Loss: 0.006048161062368754
Some target is missing!
Missing ratio: 0.058824
Some target is missing!
Missing ratio: 0.117647
train: 0.997466	val: 0.771383	test: 0.749945

Epoch: 70
Loss: 0.0056952479229240936
Some target is missing!
Missing ratio: 0.058824
Some target is missing!
Missing ratio: 0.117647
train: 0.997899	val: 0.752350	test: 0.739497

Epoch: 71
Loss: 0.005579572989145714
Some target is missing!
Missing ratio: 0.058824
Some target is missing!
Missing ratio: 0.117647
train: 0.997921	val: 0.777934	test: 0.713235

Epoch: 72
Loss: 0.005514462506626749
Some target is missing!
Missing ratio: 0.058824
Some target is missing!
Missing ratio: 0.117647
train: 0.998526	val: 0.785195	test: 0.762016

Epoch: 73
Loss: 0.005586197889460372
Some target is missing!
Missing ratio: 0.058824
Some target is missing!
Missing ratio: 0.117647
train: 0.998481	val: 0.768417	test: 0.733438

Epoch: 74
Loss: 0.005650349798879829
Some target is missing!
Missing ratio: 0.058824
Some target is missing!
Missing ratio: 0.117647
train: 0.998679	val: 0.760978	test: 0.750013

Epoch: 75
Loss: 0.005470894571381733
Some target is missing!
Missing ratio: 0.058824
Some target is missing!
Missing ratio: 0.117647
train: 0.998581	val: 0.773201	test: 0.740886

Epoch: 76
Loss: 0.005312353893437995
Some target is missing!
Missing ratio: 0.058824
Some target is missing!
Missing ratio: 0.117647
train: 0.998957	val: 0.756430	test: 0.743540

Epoch: 77
Loss: 0.00534205643415118
Some target is missing!
Missing ratio: 0.058824
Some target is missing!
Missing ratio: 0.117647
train: 0.998601	val: 0.774256	test: 0.706609

Epoch: 78
Loss: 0.005159917143745783
Some target is missing!
Missing ratio: 0.058824
Some target is missing!
Missing ratio: 0.117647
train: 0.998409	val: 0.781879	test: 0.727389

Epoch: 79
Loss: 0.005225549247092232
Some target is missing!
Missing ratio: 0.058824
Some target is missing!
Missing ratio: 0.117647
train: 0.998945	val: 0.759697	test: 0.727568

Epoch: 80
Loss: 0.004968640595369573
Some target is missing!
Missing ratio: 0.058824
Some target is missing!
Missing ratio: 0.117647
train: 0.999049	val: 0.744136	test: 0.716602

Epoch: 81
Loss: 0.0049892378274843585
Some target is missing!
Missing ratio: 0.058824
Some target is missing!
Missing ratio: 0.117647
train: 0.998661	val: 0.753456	test: 0.728524

Epoch: 82
Loss: 0.0048602418681075125
Some target is missing!
Missing ratio: 0.058824
Some target is missing!
Missing ratio: 0.117647
train: 0.999201	val: 0.759621	test: 0.701984

Epoch: 83
Loss: 0.00498953294862289
Some target is missing!
Missing ratio: 0.058824
Some target is missing!
Missing ratio: 0.117647
train: 0.998899	val: 0.750409	test: 0.760455

Epoch: 84
Loss: 0.004990213468351066
Some target is missing!
Missing ratio: 0.058824
Some target is missing!
Missing ratio: 0.117647
train: 0.999135	val: 0.760521	test: 0.731812

Epoch: 85
Loss: 0.004731718489274846
Some target is missing!
Missing ratio: 0.058824
Some target is missing!
Missing ratio: 0.117647
train: 0.999339	val: 0.751830	test: 0.710313

Epoch: 86
Loss: 0.004891260432655425
Some target is missing!
Missing ratio: 0.058824
Some target is missing!
Missing ratio: 0.117647
train: 0.999322	val: 0.741159	test: 0.736229

Epoch: 87
Loss: 0.004644218917505841
Some target is missing!
Missing ratio: 0.058824
Some target is missing!
Missing ratio: 0.117647
train: 0.999329	val: 0.763539	test: 0.713272

Epoch: 88
Loss: 0.004934722447788079
Some target is missing!
Missing ratio: 0.058824
Some target is missing!
Missing ratio: 0.117647
train: 0.999271	val: 0.747147	test: 0.718808

Epoch: 89
Loss: 0.004620327697568175
Some target is missing!
Missing ratio: 0.058824
Some target is missing!
Missing ratio: 0.117647
train: 0.999419	val: 0.743263	test: 0.709700

Epoch: 90
Loss: 0.004420370973354787
Some target is missing!
Missing ratio: 0.058824
Some target is missing!
Missing ratio: 0.117647
train: 0.999436	val: 0.766286	test: 0.749485

Epoch: 91
Loss: 0.0042305848779699866
Some target is missing!
Missing ratio: 0.058824
Some target is missing!
Missing ratio: 0.117647
train: 0.999297	val: 0.749774	test: 0.710903

Epoch: 92
Loss: 0.004523094825309282
Some target is missing!
Missing ratio: 0.058824
Some target is missing!
Missing ratio: 0.117647
train: 0.999556	val: 0.759711	test: 0.724684

Epoch: 93
Loss: 0.0042370212670820575
Some target is missing!
Missing ratio: 0.058824
Some target is missing!
Missing ratio: 0.117647
train: 0.999611	val: 0.738868	test: 0.745208

Epoch: 94
Loss: 0.004301323135242371
Some target is missing!
Missing ratio: 0.058824
Some target is missing!
Missing ratio: 0.117647
train: 0.999522	val: 0.743607	test: 0.736166

Epoch: 95
Loss: 0.004371331258004405
Some target is missing!
Missing ratio: 0.058824
Some target is missing!
Missing ratio: 0.117647
train: 0.999500	val: 0.764490	test: 0.747411

Epoch: 96
Loss: 0.004401524518941973
Some target is missing!
Missing ratio: 0.058824
Some target is missing!
Missing ratio: 0.117647
train: 0.999600	val: 0.756794	test: 0.765795

Epoch: 97
Loss: 0.004119078413870882
Some target is missing!
Missing ratio: 0.058824
Some target is missing!
Missing ratio: 0.117647
train: 0.999725	val: 0.748630	test: 0.727401

Epoch: 98
Loss: 0.004145996337330524
Some target is missing!
Missing ratio: 0.058824
Some target is missing!
Missing ratio: 0.117647
train: 0.999454	val: 0.764454	test: 0.741716

Epoch: 99
Loss: 0.004085533370416778
Some target is missing!
Missing ratio: 0.058824
Some target is missing!
Missing ratio: 0.117647
train: 0.999724	val: 0.761306	test: 0.714661

Epoch: 100
Loss: 0.004194333136749091
Some target is missing!
Missing ratio: 0.058824
Some target is missing!
Missing ratio: 0.117647
train: 0.999769	val: 0.766132	test: 0.748571

best train: 0.902357	val: 0.807131	test: 0.757254
end
