9242925_2
--dataset=toxcast --runseed=2 --eval_train --batch_size=256 --dropout_ratio=0.5 --input_model_file=../output/3D_hybrid_03_masking/GEOM_3D_nmol50000_nconf5_nupper1000/CL_1_VAE_1_CP_0.1/6_51_10_0.1/0.3_EBM_dot_prod_0.1_normalize_l2_detach_target_1_100_0/pretraining_model.pth
start
arguments	 Namespace(AE_loss='l2', AE_model='AE', CL_neg_samples=1, CL_similarity_metric='InfoNCE_dot_prod', JK='last', SSL_2D_mode='AM', SSL_masking_ratio=0, T=0.1, alpha_1=1, alpha_2=1, alpha_3=0.1, batch_size=256, beta=1, contextpred_neg_samples=1, csize=3, cutoff=10, data_dir_chirality='../datasets/chirality/d4_docking/d4_docking_rs.csv', dataset='toxcast', decay=0, detach_target=True, device=0, dropout_ratio=0.5, emb_dim=300, engg_n_layers=4, epochs=100, eval_train=True, flow_length=8, flow_model='planar', gamma_joao=0.1, gamma_joaov2=0.1, gnn_lr_scale=1, gnn_type='gin', graph_pooling='mean', input_data_dir='', input_model_file='../output/3D_hybrid_03_masking/GEOM_3D_nmol50000_nconf5_nupper1000/CL_1_VAE_1_CP_0.1/6_51_10_0.1/0.3_EBM_dot_prod_0.1_normalize_l2_detach_target_1_100_0/pretraining_model.pth', iw_samples=5, lr=0.001, lr_scale=1, m_dim=50, mask_edge=0, mask_rate=0.15, model_3d='schnet', normalize=False, num_filters=128, num_gaussians=51, num_interactions=6, num_layer=5, num_workers=8, output_model_dir='', readout='mean', runseed=2, schnet_lr_scale=1, seed=42, split='scaffold', split_path='../datasets/chirality/d4_docking/rs/split0.npy', verbose=False)
Dataset: toxcast
Data: Data(edge_attr=[330356, 2], edge_index=[2, 330356], id=[8576], x=[161088, 2], y=[5291392])
MoleculeDataset(8576)
split via scaffold
Data(edge_attr=[28, 2], edge_index=[2, 28], id=[1], x=[15, 2], y=[617])
GNN_graphpred(
(molecule_model): GNN(
(x_embedding1): Embedding(120, 300)
(x_embedding2): Embedding(3, 300)
(gnns): ModuleList(
(0): GINConv(
(mlp): Sequential(
(0): Linear(in_features=300, out_features=600, bias=True)
(1): ReLU()
(2): Linear(in_features=600, out_features=300, bias=True)
)
(edge_embedding1): Embedding(6, 300)
(edge_embedding2): Embedding(3, 300)
)
(1): GINConv(
(mlp): Sequential(
(0): Linear(in_features=300, out_features=600, bias=True)
(1): ReLU()
(2): Linear(in_features=600, out_features=300, bias=True)
)
(edge_embedding1): Embedding(6, 300)
(edge_embedding2): Embedding(3, 300)
)
(2): GINConv(
(mlp): Sequential(
(0): Linear(in_features=300, out_features=600, bias=True)
(1): ReLU()
(2): Linear(in_features=600, out_features=300, bias=True)
)
(edge_embedding1): Embedding(6, 300)
(edge_embedding2): Embedding(3, 300)
)
(3): GINConv(
(mlp): Sequential(
(0): Linear(in_features=300, out_features=600, bias=True)
(1): ReLU()
(2): Linear(in_features=600, out_features=300, bias=True)
)
(edge_embedding1): Embedding(6, 300)
(edge_embedding2): Embedding(3, 300)
)
(4): GINConv(
(mlp): Sequential(
(0): Linear(in_features=300, out_features=600, bias=True)
(1): ReLU()
(2): Linear(in_features=600, out_features=300, bias=True)
)
(edge_embedding1): Embedding(6, 300)
(edge_embedding2): Embedding(3, 300)
)
)
(batch_norms): ModuleList(
(0): BatchNorm1d(300, eps=1e-05, momentum=0.1, affine=True, track_running_stats=True)
(1): BatchNorm1d(300, eps=1e-05, momentum=0.1, affine=True, track_running_stats=True)
(2): BatchNorm1d(300, eps=1e-05, momentum=0.1, affine=True, track_running_stats=True)
(3): BatchNorm1d(300, eps=1e-05, momentum=0.1, affine=True, track_running_stats=True)
(4): BatchNorm1d(300, eps=1e-05, momentum=0.1, affine=True, track_running_stats=True)
)
)
(graph_pred_linear): Linear(in_features=300, out_features=617, bias=True)
)
Epoch: 1
Loss: 0.49114938156214266
Some target is missing!
Missing ratio: 0.011345
Some target is missing!
Missing ratio: 0.011345
train: 0.617780	val: 0.565838	test: 0.544716

Epoch: 2
Loss: 0.28939074991149927
Some target is missing!
Missing ratio: 0.011345
Some target is missing!
Missing ratio: 0.011345
train: 0.671044	val: 0.590820	test: 0.552343

Epoch: 3
Loss: 0.22968808464476956
Some target is missing!
Missing ratio: 0.011345
Some target is missing!
Missing ratio: 0.011345
train: 0.703235	val: 0.606920	test: 0.579579

Epoch: 4
Loss: 0.21460437707682617
Some target is missing!
Missing ratio: 0.011345
Some target is missing!
Missing ratio: 0.011345
train: 0.727374	val: 0.623596	test: 0.593704

Epoch: 5
Loss: 0.20712027043808467
Some target is missing!
Missing ratio: 0.011345
Some target is missing!
Missing ratio: 0.011345
train: 0.736265	val: 0.615484	test: 0.605492

Epoch: 6
Loss: 0.2035637760562786
Some target is missing!
Missing ratio: 0.011345
Some target is missing!
Missing ratio: 0.011345
train: 0.746724	val: 0.626271	test: 0.612255

Epoch: 7
Loss: 0.20115584992429092
Some target is missing!
Missing ratio: 0.011345
Some target is missing!
Missing ratio: 0.011345
train: 0.750448	val: 0.629509	test: 0.611550

Epoch: 8
Loss: 0.19891502878182912
Some target is missing!
Missing ratio: 0.011345
Some target is missing!
Missing ratio: 0.011345
train: 0.766550	val: 0.624519	test: 0.611725

Epoch: 9
Loss: 0.19715316242054737
Some target is missing!
Missing ratio: 0.011345
Some target is missing!
Missing ratio: 0.011345
train: 0.775101	val: 0.634762	test: 0.630785

Epoch: 10
Loss: 0.19433982429220362
Some target is missing!
Missing ratio: 0.011345
Some target is missing!
Missing ratio: 0.011345
train: 0.778336	val: 0.605543	test: 0.604187

Epoch: 11
Loss: 0.19371101108525912
Some target is missing!
Missing ratio: 0.011345
Some target is missing!
Missing ratio: 0.011345
train: 0.774728	val: 0.626087	test: 0.620234

Epoch: 12
Loss: 0.19066411336833416
Some target is missing!
Missing ratio: 0.011345
Some target is missing!
Missing ratio: 0.011345
train: 0.790359	val: 0.638061	test: 0.623872

Epoch: 13
Loss: 0.1904575418790699
Some target is missing!
Missing ratio: 0.011345
Some target is missing!
Missing ratio: 0.011345
train: 0.788007	val: 0.621393	test: 0.618302

Epoch: 14
Loss: 0.19014878295621448
Some target is missing!
Missing ratio: 0.011345
Some target is missing!
Missing ratio: 0.011345
train: 0.792904	val: 0.642782	test: 0.618054

Epoch: 15
Loss: 0.18775798334039565
Some target is missing!
Missing ratio: 0.011345
Some target is missing!
Missing ratio: 0.011345
train: 0.807769	val: 0.639560	test: 0.627082

Epoch: 16
Loss: 0.18690001052111452
Some target is missing!
Missing ratio: 0.011345
Some target is missing!
Missing ratio: 0.011345
train: 0.811186	val: 0.641639	test: 0.624367

Epoch: 17
Loss: 0.18618635435859446
Some target is missing!
Missing ratio: 0.011345
Some target is missing!
Missing ratio: 0.011345
train: 0.813861	val: 0.638645	test: 0.632228

Epoch: 18
Loss: 0.1840319279362582
Some target is missing!
Missing ratio: 0.011345
Some target is missing!
Missing ratio: 0.011345
train: 0.818592	val: 0.642713	test: 0.619152

Epoch: 19
Loss: 0.1832240639492687
Some target is missing!
Missing ratio: 0.011345
Some target is missing!
Missing ratio: 0.011345
train: 0.822703	val: 0.640631	test: 0.629944

Epoch: 20
Loss: 0.18299239120639543
Some target is missing!
Missing ratio: 0.011345
Some target is missing!
Missing ratio: 0.011345
train: 0.821176	val: 0.653314	test: 0.634374

Epoch: 21
Loss: 0.18186407694561965
Some target is missing!
Missing ratio: 0.011345
Some target is missing!
Missing ratio: 0.011345
train: 0.828280	val: 0.643093	test: 0.622616

Epoch: 22
Loss: 0.18095198736313933
Some target is missing!
Missing ratio: 0.011345
Some target is missing!
Missing ratio: 0.011345
train: 0.831735	val: 0.650186	test: 0.625532

Epoch: 23
Loss: 0.18055618030693832
Some target is missing!
Missing ratio: 0.011345
Some target is missing!
Missing ratio: 0.011345
train: 0.830712	val: 0.639448	test: 0.624810

Epoch: 24
Loss: 0.18097433399102436
Some target is missing!
Missing ratio: 0.011345
Some target is missing!
Missing ratio: 0.011345
train: 0.833581	val: 0.641476	test: 0.627399

Epoch: 25
Loss: 0.17945858233699324
Some target is missing!
Missing ratio: 0.011345
Some target is missing!
Missing ratio: 0.011345
train: 0.838172	val: 0.641924	test: 0.611322

Epoch: 26
Loss: 0.17831600256705585
Some target is missing!
Missing ratio: 0.011345
Some target is missing!
Missing ratio: 0.011345
train: 0.840705	val: 0.649702	test: 0.629692

Epoch: 27
Loss: 0.17788036289239598
Some target is missing!
Missing ratio: 0.011345
Some target is missing!
Missing ratio: 0.011345
train: 0.836747	val: 0.653779	test: 0.628926

Epoch: 28
Loss: 0.1773120122450675
Some target is missing!
Missing ratio: 0.011345
Some target is missing!
Missing ratio: 0.011345
train: 0.841907	val: 0.635293	test: 0.622201

Epoch: 29
Loss: 0.17554965670524916
Some target is missing!
Missing ratio: 0.011345
Some target is missing!
Missing ratio: 0.011345
train: 0.845256	val: 0.631959	test: 0.624438

Epoch: 30
Loss: 0.1758530041082883
Some target is missing!
Missing ratio: 0.011345
Some target is missing!
Missing ratio: 0.011345
train: 0.849594	val: 0.646259	test: 0.630381

Epoch: 31
Loss: 0.1733471735453845
Some target is missing!
Missing ratio: 0.011345
Some target is missing!
Missing ratio: 0.011345
train: 0.852170	val: 0.636172	test: 0.629551

Epoch: 32
Loss: 0.17513410245216365
Some target is missing!
Missing ratio: 0.011345
Some target is missing!
Missing ratio: 0.011345
train: 0.853879	val: 0.634919	test: 0.627199

Epoch: 33
Loss: 0.1734298817695755
Some target is missing!
Missing ratio: 0.011345
Some target is missing!
Missing ratio: 0.011345
train: 0.854414	val: 0.641705	test: 0.629266

Epoch: 34
Loss: 0.17348194159601837
Some target is missing!
Missing ratio: 0.011345
Some target is missing!
Missing ratio: 0.011345
train: 0.856300	val: 0.651272	test: 0.639032

Epoch: 35
Loss: 0.17314024649836618
Some target is missing!
Missing ratio: 0.011345
Some target is missing!
Missing ratio: 0.011345
train: 0.859149	val: 0.643839	test: 0.626816

Epoch: 36
Loss: 0.17232450057568685
Some target is missing!
Missing ratio: 0.011345
Some target is missing!
Missing ratio: 0.011345
train: 0.862454	val: 0.654823	test: 0.630409

Epoch: 37
Loss: 0.17125741760817362
Some target is missing!
Missing ratio: 0.011345
Some target is missing!
Missing ratio: 0.011345
train: 0.859778	val: 0.650021	test: 0.622995

Epoch: 38
Loss: 0.17047487917826462
Some target is missing!
Missing ratio: 0.011345
Some target is missing!
Missing ratio: 0.011345
train: 0.864023	val: 0.647796	test: 0.634051

Epoch: 39
Loss: 0.16986071007328943
Some target is missing!
Missing ratio: 0.011345
Some target is missing!
Missing ratio: 0.011345
train: 0.867960	val: 0.648150	test: 0.622877

Epoch: 40
Loss: 0.17123965842550565
Some target is missing!
Missing ratio: 0.011345
Some target is missing!
Missing ratio: 0.011345
train: 0.866076	val: 0.654013	test: 0.622230

Epoch: 41
Loss: 0.16990669531167524
Some target is missing!
Missing ratio: 0.011345
Some target is missing!
Missing ratio: 0.011345
train: 0.867012	val: 0.638498	test: 0.620069

Epoch: 42
Loss: 0.1686699688774231
Some target is missing!
Missing ratio: 0.011345
Some target is missing!
Missing ratio: 0.011345
train: 0.862754	val: 0.647489	test: 0.623292

Epoch: 43
Loss: 0.1681126533086036
Some target is missing!
Missing ratio: 0.011345
Some target is missing!
Missing ratio: 0.011345
train: 0.871612	val: 0.645457	test: 0.629299

Epoch: 44
Loss: 0.16808195592833577
Some target is missing!
Missing ratio: 0.011345
Some target is missing!
Missing ratio: 0.011345
train: 0.874143	val: 0.648045	test: 0.630214

Epoch: 45
Loss: 0.16744161535037227
Some target is missing!
Missing ratio: 0.011345
Some target is missing!
Missing ratio: 0.011345
train: 0.875714	val: 0.652788	test: 0.635019

Epoch: 46
Loss: 0.16779077072228502
Some target is missing!
Missing ratio: 0.011345
Some target is missing!
Missing ratio: 0.011345
train: 0.877606	val: 0.641778	test: 0.629451

Epoch: 47
Loss: 0.16697759783039412
Some target is missing!
Missing ratio: 0.011345
Some target is missing!
Missing ratio: 0.011345
train: 0.875939	val: 0.652334	test: 0.621723

Epoch: 48
Loss: 0.1666508773702739
Some target is missing!
Missing ratio: 0.011345
Some target is missing!
Missing ratio: 0.011345
train: 0.878088	val: 0.656531	test: 0.625353

Epoch: 49
Loss: 0.16567646149406312
Some target is missing!
Missing ratio: 0.011345
Some target is missing!
Missing ratio: 0.011345
train: 0.878281	val: 0.658653	test: 0.635719

Epoch: 50
Loss: 0.1660130836349346
Some target is missing!
Missing ratio: 0.011345
Some target is missing!
Missing ratio: 0.011345
train: 0.882184	val: 0.651327	test: 0.631841

Epoch: 51
Loss: 0.16412496772624022
Some target is missing!
Missing ratio: 0.011345
Some target is missing!
Missing ratio: 0.011345
train: 0.881605	val: 0.653306	test: 0.626713

Epoch: 52
Loss: 0.1635567978322923
Some target is missing!
Missing ratio: 0.011345
Some target is missing!
Missing ratio: 0.011345
train: 0.882393	val: 0.656596	test: 0.633421

Epoch: 53
Loss: 0.16409653791554585
Some target is missing!
Missing ratio: 0.011345
Some target is missing!
Missing ratio: 0.011345
train: 0.885849	val: 0.645726	test: 0.623589

Epoch: 54
Loss: 0.16355537242972892
Some target is missing!
Missing ratio: 0.011345
Some target is missing!
Missing ratio: 0.011345
train: 0.886318	val: 0.649154	test: 0.629603

Epoch: 55
Loss: 0.16319322222236254
Some target is missing!
Missing ratio: 0.011345
Some target is missing!
Missing ratio: 0.011345
train: 0.888994	val: 0.641526	test: 0.624586

Epoch: 56
Loss: 0.16173760035462514
Some target is missing!
Missing ratio: 0.011345
Some target is missing!
Missing ratio: 0.011345
train: 0.887066	val: 0.645963	test: 0.632522

Epoch: 57
Loss: 0.1621888374430766
Some target is missing!
Missing ratio: 0.011345
Some target is missing!
Missing ratio: 0.011345
train: 0.887699	val: 0.647699	test: 0.629297

Epoch: 58
Loss: 0.16165967217346017
Some target is missing!
Missing ratio: 0.011345
Some target is missing!
Missing ratio: 0.011345
train: 0.889684	val: 0.656506	test: 0.624527

Epoch: 59
Loss: 0.1607849057789806
Some target is missing!
Missing ratio: 0.011345
Some target is missing!
Missing ratio: 0.011345
train: 0.893030	val: 0.649778	test: 0.626701

Epoch: 60
Loss: 0.15977887205196825
Some target is missing!
Missing ratio: 0.011345
Some target is missing!
Missing ratio: 0.011345
train: 0.890022	val: 0.649668	test: 0.622493

Epoch: 61
Loss: 0.1591931846738429
Some target is missing!
Missing ratio: 0.011345
Some target is missing!
Missing ratio: 0.011345
train: 0.894037	val: 0.651378	test: 0.628389

Epoch: 62
Loss: 0.1593425210574438
Some target is missing!
Missing ratio: 0.011345
Some target is missing!
Missing ratio: 0.011345
train: 0.895213	val: 0.649686	test: 0.628482

Epoch: 63
Loss: 0.15928205594344697
Some target is missing!
Missing ratio: 0.011345
Some target is missing!
Missing ratio: 0.011345
train: 0.894994	val: 0.653350	test: 0.624393

Epoch: 64
Loss: 0.15927552753747584
Some target is missing!
Missing ratio: 0.011345
Some target is missing!
Missing ratio: 0.011345
train: 0.895971	val: 0.642635	test: 0.620466

Epoch: 65
Loss: 0.15842333815028922
Some target is missing!
Missing ratio: 0.011345
Some target is missing!
Missing ratio: 0.011345
train: 0.895667	val: 0.643678	test: 0.629314

Epoch: 66
Loss: 0.1584363217454916
Some target is missing!
Missing ratio: 0.011345
Some target is missing!
Missing ratio: 0.011345
train: 0.898597	val: 0.652144	test: 0.627137

Epoch: 67
Loss: 0.15649554453293463
Some target is missing!
Missing ratio: 0.011345
Some target is missing!
Missing ratio: 0.011345
train: 0.900622	val: 0.646881	test: 0.629063

Epoch: 68
Loss: 0.15721279845019326
Some target is missing!
Missing ratio: 0.011345
Some target is missing!
Missing ratio: 0.011345
train: 0.898242	val: 0.647896	test: 0.628509

Epoch: 69
Loss: 0.15697946721814596
Some target is missing!
Missing ratio: 0.011345
Some target is missing!
Missing ratio: 0.011345
train: 0.903054	val: 0.643933	test: 0.623722

Epoch: 70
Loss: 0.15583539072328878
Some target is missing!
Missing ratio: 0.011345
Some target is missing!
Missing ratio: 0.011345
train: 0.898653	val: 0.650291	test: 0.628087

Epoch: 71
Loss: 0.1554307979087
Some target is missing!
Missing ratio: 0.011345
Some target is missing!
Missing ratio: 0.011345
train: 0.903910	val: 0.650311	test: 0.630784

Epoch: 72
Loss: 0.1555581151847969
Some target is missing!
Missing ratio: 0.011345
Some target is missing!
Missing ratio: 0.011345
train: 0.902192	val: 0.649471	test: 0.635535

Epoch: 73
Loss: 0.1553257070432848
Some target is missing!
Missing ratio: 0.011345
Some target is missing!
Missing ratio: 0.011345
train: 0.905264	val: 0.656244	test: 0.628069

Epoch: 74
Loss: 0.15508135398781023
Some target is missing!
Missing ratio: 0.011345
Some target is missing!
Missing ratio: 0.011345
train: 0.905495	val: 0.654847	test: 0.631233

Epoch: 75
Loss: 0.1527839437087586
Some target is missing!
Missing ratio: 0.011345
Some target is missing!
Missing ratio: 0.011345
train: 0.905938	val: 0.647718	test: 0.632753

Epoch: 76
Loss: 0.15431645782704909
Some target is missing!
Missing ratio: 0.011345
Some target is missing!
Missing ratio: 0.011345
train: 0.909259	val: 0.659693	test: 0.628183

Epoch: 77
Loss: 0.15317469503831005
Some target is missing!
Missing ratio: 0.011345
Some target is missing!
Missing ratio: 0.011345
train: 0.908809	val: 0.653472	test: 0.637320

Epoch: 78
Loss: 0.15399256058661773
Some target is missing!
Missing ratio: 0.011345
Some target is missing!
Missing ratio: 0.011345
train: 0.909320	val: 0.653809	test: 0.629945

Epoch: 79
Loss: 0.15152316613314185
Some target is missing!
Missing ratio: 0.011345
Some target is missing!
Missing ratio: 0.011345
train: 0.910823	val: 0.654630	test: 0.632346

Epoch: 80
Loss: 0.15280918045064554
Some target is missing!
Missing ratio: 0.011345
Some target is missing!
Missing ratio: 0.011345
train: 0.908773	val: 0.652265	test: 0.633073

Epoch: 81
Loss: 0.15284752872528676
Some target is missing!
Missing ratio: 0.011345
Some target is missing!
Missing ratio: 0.011345
train: 0.912014	val: 0.647814	test: 0.631580

Epoch: 82
Loss: 0.15186277644478952
Some target is missing!
Missing ratio: 0.011345
Some target is missing!
Missing ratio: 0.011345
train: 0.913900	val: 0.651755	test: 0.638020

Epoch: 83
Loss: 0.15132098045025047
Some target is missing!
Missing ratio: 0.011345
Some target is missing!
Missing ratio: 0.011345
train: 0.914630	val: 0.652572	test: 0.632508

Epoch: 84
Loss: 0.1509831868199255
Some target is missing!
Missing ratio: 0.011345
Some target is missing!
Missing ratio: 0.011345
train: 0.915028	val: 0.654045	test: 0.632915

Epoch: 85
Loss: 0.15139729349255474
Some target is missing!
Missing ratio: 0.011345
Some target is missing!
Missing ratio: 0.011345
train: 0.912166	val: 0.650577	test: 0.637626

Epoch: 86
Loss: 0.15032609225744256
Some target is missing!
Missing ratio: 0.011345
Some target is missing!
Missing ratio: 0.011345
train: 0.914619	val: 0.644543	test: 0.627311

Epoch: 87
Loss: 0.1497396224172742
Some target is missing!
Missing ratio: 0.011345
Some target is missing!
Missing ratio: 0.011345
train: 0.917815	val: 0.646744	test: 0.631200

Epoch: 88
Loss: 0.14972346312754342
Some target is missing!
Missing ratio: 0.011345
Some target is missing!
Missing ratio: 0.011345
train: 0.917010	val: 0.652414	test: 0.634197

Epoch: 89
Loss: 0.14894117162746515
Some target is missing!
Missing ratio: 0.011345
Some target is missing!
Missing ratio: 0.011345
train: 0.918671	val: 0.654975	test: 0.632650

Epoch: 90
Loss: 0.14846290067644202
Some target is missing!
Missing ratio: 0.011345
Some target is missing!
Missing ratio: 0.011345
train: 0.919575	val: 0.650207	test: 0.625017

Epoch: 91
Loss: 0.1491325267124514
Some target is missing!
Missing ratio: 0.011345
Some target is missing!
Missing ratio: 0.011345
train: 0.920540	val: 0.638417	test: 0.629684

Epoch: 92
Loss: 0.1474427517810401
Some target is missing!
Missing ratio: 0.011345
Some target is missing!
Missing ratio: 0.011345
train: 0.920794	val: 0.648117	test: 0.630858

Epoch: 93
Loss: 0.14791320895343535
Some target is missing!
Missing ratio: 0.011345
Some target is missing!
Missing ratio: 0.011345
train: 0.920678	val: 0.658651	test: 0.635622

Epoch: 94
Loss: 0.14778120041434167
Some target is missing!
Missing ratio: 0.011345
Some target is missing!
Missing ratio: 0.011345
train: 0.922054	val: 0.650843	test: 0.624125

Epoch: 95
Loss: 0.14658026132346802
Some target is missing!
Missing ratio: 0.011345
Some target is missing!
Missing ratio: 0.011345
train: 0.922261	val: 0.648816	test: 0.635099

Epoch: 96
Loss: 0.14684393114210673
Some target is missing!
Missing ratio: 0.011345
Some target is missing!
Missing ratio: 0.011345
train: 0.924747	val: 0.655654	test: 0.623347

Epoch: 97
Loss: 0.14620206226672958
Some target is missing!
Missing ratio: 0.011345
Some target is missing!
Missing ratio: 0.011345
train: 0.923898	val: 0.652065	test: 0.621928

Epoch: 98
Loss: 0.14742327948512507
Some target is missing!
Missing ratio: 0.011345
Some target is missing!
Missing ratio: 0.011345
train: 0.925091	val: 0.655211	test: 0.631829

Epoch: 99
Loss: 0.14571312478294104
Some target is missing!
Missing ratio: 0.011345
Some target is missing!
Missing ratio: 0.011345
train: 0.926354	val: 0.653266	test: 0.630889

Epoch: 100
Loss: 0.14509208293684184
Some target is missing!
Missing ratio: 0.011345
Some target is missing!
Missing ratio: 0.011345
train: 0.925072	val: 0.651044	test: 0.622258

best train: 0.909259	val: 0.659693	test: 0.628183
end
