11288244_2
--dataset=toxcast --runseed=2 --eval_train --batch_size=256 --dropout_ratio=0.5 --input_model_file=../output/3D_hybrid_02_masking/GEOM_3D_nmol50000_nconf5_nupper1000/CL_1_VAE_1/6_51_10_0.1/0.3_EBM_dot_prod_0.1_normalize_l2_detach_target_2_100_0/pretraining_model.pth
start
arguments	 Namespace(AE_loss='l2', AE_model='AE', CL_neg_samples=1, CL_similarity_metric='InfoNCE_dot_prod', JK='last', SSL_2D_mode='AM', SSL_masking_ratio=0, T=0.1, alpha_1=1, alpha_2=1, alpha_3=0.1, batch_size=256, beta=1, contextpred_neg_samples=1, csize=3, cutoff=10, data_dir_chirality='../datasets/chirality/d4_docking/d4_docking_rs.csv', dataset='toxcast', decay=0, detach_target=True, device=0, dropout_ratio=0.5, emb_dim=300, engg_n_layers=4, epochs=100, eval_train=True, flow_length=8, flow_model='planar', gamma_joao=0.1, gamma_joaov2=0.1, gnn_lr_scale=1, gnn_type='gin', graph_pooling='mean', input_data_dir='', input_model_file='../output/3D_hybrid_02_masking/GEOM_3D_nmol50000_nconf5_nupper1000/CL_1_VAE_1/6_51_10_0.1/0.3_EBM_dot_prod_0.1_normalize_l2_detach_target_2_100_0/pretraining_model.pth', iw_samples=5, lr=0.001, lr_scale=1, m_dim=50, mask_edge=0, mask_rate=0.15, model_3d='schnet', normalize=False, num_filters=128, num_gaussians=51, num_interactions=6, num_layer=5, num_workers=8, output_model_dir='', readout='mean', runseed=2, schnet_lr_scale=1, se3_transformer_div=2, se3_transformer_n_heads=8, se3_transformer_num_channels=32, se3_transformer_num_degrees=4, se3_transformer_num_layers=7, se3_transformer_num_nlayers=1, seed=42, split='scaffold', split_path='../datasets/chirality/d4_docking/rs/split0.npy', verbose=False)
Dataset: toxcast
Data: Data(edge_attr=[330356, 2], edge_index=[2, 330356], id=[8576], x=[161088, 2], y=[5291392])
MoleculeDataset(8576)
split via scaffold
Data(edge_attr=[28, 2], edge_index=[2, 28], id=[1], x=[15, 2], y=[617])
GNN_graphpred(
(molecule_model): GNN(
(x_embedding1): Embedding(120, 300)
(x_embedding2): Embedding(3, 300)
(gnns): ModuleList(
(0): GINConv(
(mlp): Sequential(
(0): Linear(in_features=300, out_features=600, bias=True)
(1): ReLU()
(2): Linear(in_features=600, out_features=300, bias=True)
)
(edge_embedding1): Embedding(6, 300)
(edge_embedding2): Embedding(3, 300)
)
(1): GINConv(
(mlp): Sequential(
(0): Linear(in_features=300, out_features=600, bias=True)
(1): ReLU()
(2): Linear(in_features=600, out_features=300, bias=True)
)
(edge_embedding1): Embedding(6, 300)
(edge_embedding2): Embedding(3, 300)
)
(2): GINConv(
(mlp): Sequential(
(0): Linear(in_features=300, out_features=600, bias=True)
(1): ReLU()
(2): Linear(in_features=600, out_features=300, bias=True)
)
(edge_embedding1): Embedding(6, 300)
(edge_embedding2): Embedding(3, 300)
)
(3): GINConv(
(mlp): Sequential(
(0): Linear(in_features=300, out_features=600, bias=True)
(1): ReLU()
(2): Linear(in_features=600, out_features=300, bias=True)
)
(edge_embedding1): Embedding(6, 300)
(edge_embedding2): Embedding(3, 300)
)
(4): GINConv(
(mlp): Sequential(
(0): Linear(in_features=300, out_features=600, bias=True)
(1): ReLU()
(2): Linear(in_features=600, out_features=300, bias=True)
)
(edge_embedding1): Embedding(6, 300)
(edge_embedding2): Embedding(3, 300)
)
)
(batch_norms): ModuleList(
(0): BatchNorm1d(300, eps=1e-05, momentum=0.1, affine=True, track_running_stats=True)
(1): BatchNorm1d(300, eps=1e-05, momentum=0.1, affine=True, track_running_stats=True)
(2): BatchNorm1d(300, eps=1e-05, momentum=0.1, affine=True, track_running_stats=True)
(3): BatchNorm1d(300, eps=1e-05, momentum=0.1, affine=True, track_running_stats=True)
(4): BatchNorm1d(300, eps=1e-05, momentum=0.1, affine=True, track_running_stats=True)
)
)
(graph_pred_linear): Linear(in_features=300, out_features=617, bias=True)
)
Epoch: 1
Loss: 0.5359672762967272
Some target is missing!
Missing ratio: 0.011345
Some target is missing!
Missing ratio: 0.011345
train: 0.623402	val: 0.546294	test: 0.538621

Epoch: 2
Loss: 0.3390778428765902
Some target is missing!
Missing ratio: 0.011345
Some target is missing!
Missing ratio: 0.011345
train: 0.679573	val: 0.562733	test: 0.556187

Epoch: 3
Loss: 0.24971135376924594
Some target is missing!
Missing ratio: 0.011345
Some target is missing!
Missing ratio: 0.011345
train: 0.708306	val: 0.582478	test: 0.582722

Epoch: 4
Loss: 0.2198908262984428
Some target is missing!
Missing ratio: 0.011345
Some target is missing!
Missing ratio: 0.011345
train: 0.731160	val: 0.607899	test: 0.590331

Epoch: 5
Loss: 0.20937820536734442
Some target is missing!
Missing ratio: 0.011345
Some target is missing!
Missing ratio: 0.011345
train: 0.750024	val: 0.612270	test: 0.603114

Epoch: 6
Loss: 0.20208428232990083
Some target is missing!
Missing ratio: 0.011345
Some target is missing!
Missing ratio: 0.011345
train: 0.763504	val: 0.600981	test: 0.608679

Epoch: 7
Loss: 0.19936588608963401
Some target is missing!
Missing ratio: 0.011345
Some target is missing!
Missing ratio: 0.011345
train: 0.762307	val: 0.626804	test: 0.613513

Epoch: 8
Loss: 0.19736312466096423
Some target is missing!
Missing ratio: 0.011345
Some target is missing!
Missing ratio: 0.011345
train: 0.784654	val: 0.612536	test: 0.607183

Epoch: 9
Loss: 0.19513196351927334
Some target is missing!
Missing ratio: 0.011345
Some target is missing!
Missing ratio: 0.011345
train: 0.788433	val: 0.623520	test: 0.617117

Epoch: 10
Loss: 0.19144348411677256
Some target is missing!
Missing ratio: 0.011345
Some target is missing!
Missing ratio: 0.011345
train: 0.788561	val: 0.599442	test: 0.604369

Epoch: 11
Loss: 0.1911958473531333
Some target is missing!
Missing ratio: 0.011345
Some target is missing!
Missing ratio: 0.011345
train: 0.797652	val: 0.615627	test: 0.605195

Epoch: 12
Loss: 0.18840586440248538
Some target is missing!
Missing ratio: 0.011345
Some target is missing!
Missing ratio: 0.011345
train: 0.804924	val: 0.607796	test: 0.612725

Epoch: 13
Loss: 0.18838039769030537
Some target is missing!
Missing ratio: 0.011345
Some target is missing!
Missing ratio: 0.011345
train: 0.805125	val: 0.625358	test: 0.610322

Epoch: 14
Loss: 0.18752792634100027
Some target is missing!
Missing ratio: 0.011345
Some target is missing!
Missing ratio: 0.011345
train: 0.813141	val: 0.636120	test: 0.617391

Epoch: 15
Loss: 0.1849947357703631
Some target is missing!
Missing ratio: 0.011345
Some target is missing!
Missing ratio: 0.011345
train: 0.820679	val: 0.621283	test: 0.616918

Epoch: 16
Loss: 0.18455326746905032
Some target is missing!
Missing ratio: 0.011345
Some target is missing!
Missing ratio: 0.011345
train: 0.825241	val: 0.627503	test: 0.611342

Epoch: 17
Loss: 0.18343241815847827
Some target is missing!
Missing ratio: 0.011345
Some target is missing!
Missing ratio: 0.011345
train: 0.828538	val: 0.617130	test: 0.623101

Epoch: 18
Loss: 0.1814944604754366
Some target is missing!
Missing ratio: 0.011345
Some target is missing!
Missing ratio: 0.011345
train: 0.830159	val: 0.632854	test: 0.626088

Epoch: 19
Loss: 0.18070809936364324
Some target is missing!
Missing ratio: 0.011345
Some target is missing!
Missing ratio: 0.011345
train: 0.836888	val: 0.629723	test: 0.624151

Epoch: 20
Loss: 0.17937038755260068
Some target is missing!
Missing ratio: 0.011345
Some target is missing!
Missing ratio: 0.011345
train: 0.838326	val: 0.625422	test: 0.629396

Epoch: 21
Loss: 0.17908374765261592
Some target is missing!
Missing ratio: 0.011345
Some target is missing!
Missing ratio: 0.011345
train: 0.835672	val: 0.623383	test: 0.626326

Epoch: 22
Loss: 0.1793987819038936
Some target is missing!
Missing ratio: 0.011345
Some target is missing!
Missing ratio: 0.011345
train: 0.845493	val: 0.614981	test: 0.624666

Epoch: 23
Loss: 0.17779172674683585
Some target is missing!
Missing ratio: 0.011345
Some target is missing!
Missing ratio: 0.011345
train: 0.844999	val: 0.627208	test: 0.627191

Epoch: 24
Loss: 0.17833969995874266
Some target is missing!
Missing ratio: 0.011345
Some target is missing!
Missing ratio: 0.011345
train: 0.837068	val: 0.617223	test: 0.617236

Epoch: 25
Loss: 0.17675027178888236
Some target is missing!
Missing ratio: 0.011345
Some target is missing!
Missing ratio: 0.011345
train: 0.852869	val: 0.628256	test: 0.627611

Epoch: 26
Loss: 0.17523843272818784
Some target is missing!
Missing ratio: 0.011345
Some target is missing!
Missing ratio: 0.011345
train: 0.854579	val: 0.627006	test: 0.635098

Epoch: 27
Loss: 0.17502546262872706
Some target is missing!
Missing ratio: 0.011345
Some target is missing!
Missing ratio: 0.011345
train: 0.854671	val: 0.635160	test: 0.632495

Epoch: 28
Loss: 0.17553000816675604
Some target is missing!
Missing ratio: 0.011345
Some target is missing!
Missing ratio: 0.011345
train: 0.856554	val: 0.628096	test: 0.625620

Epoch: 29
Loss: 0.1733746631450457
Some target is missing!
Missing ratio: 0.011345
Some target is missing!
Missing ratio: 0.011345
train: 0.862137	val: 0.612600	test: 0.622701

Epoch: 30
Loss: 0.17322664339389338
Some target is missing!
Missing ratio: 0.011345
Some target is missing!
Missing ratio: 0.011345
train: 0.860127	val: 0.623179	test: 0.630965

Epoch: 31
Loss: 0.17180391089740793
Some target is missing!
Missing ratio: 0.011345
Some target is missing!
Missing ratio: 0.011345
train: 0.866104	val: 0.638131	test: 0.628409

Epoch: 32
Loss: 0.17179733998845143
Some target is missing!
Missing ratio: 0.011345
Some target is missing!
Missing ratio: 0.011345
train: 0.865677	val: 0.624151	test: 0.625803

Epoch: 33
Loss: 0.17105124925306517
Some target is missing!
Missing ratio: 0.011345
Some target is missing!
Missing ratio: 0.011345
train: 0.869659	val: 0.628242	test: 0.625905

Epoch: 34
Loss: 0.1716597159368702
Some target is missing!
Missing ratio: 0.011345
Some target is missing!
Missing ratio: 0.011345
train: 0.871950	val: 0.635670	test: 0.630713

Epoch: 35
Loss: 0.16984308877749504
Some target is missing!
Missing ratio: 0.011345
Some target is missing!
Missing ratio: 0.011345
train: 0.872477	val: 0.626632	test: 0.625683

Epoch: 36
Loss: 0.169279784597196
Some target is missing!
Missing ratio: 0.011345
Some target is missing!
Missing ratio: 0.011345
train: 0.878289	val: 0.627747	test: 0.633076

Epoch: 37
Loss: 0.16865681637948424
Some target is missing!
Missing ratio: 0.011345
Some target is missing!
Missing ratio: 0.011345
train: 0.875790	val: 0.638851	test: 0.637754

Epoch: 38
Loss: 0.16715537635863797
Some target is missing!
Missing ratio: 0.011345
Some target is missing!
Missing ratio: 0.011345
train: 0.878507	val: 0.633995	test: 0.629520

Epoch: 39
Loss: 0.16732066254174432
Some target is missing!
Missing ratio: 0.011345
Some target is missing!
Missing ratio: 0.011345
train: 0.878059	val: 0.629419	test: 0.633313

Epoch: 40
Loss: 0.16695167899600724
Some target is missing!
Missing ratio: 0.011345
Some target is missing!
Missing ratio: 0.011345
train: 0.880056	val: 0.628505	test: 0.631930

Epoch: 41
Loss: 0.16636201026273728
Some target is missing!
Missing ratio: 0.011345
Some target is missing!
Missing ratio: 0.011345
train: 0.883705	val: 0.624750	test: 0.624520

Epoch: 42
Loss: 0.16453459067008028
Some target is missing!
Missing ratio: 0.011345
Some target is missing!
Missing ratio: 0.011345
train: 0.879748	val: 0.634981	test: 0.628251

Epoch: 43
Loss: 0.16440321523385448
Some target is missing!
Missing ratio: 0.011345
Some target is missing!
Missing ratio: 0.011345
train: 0.885227	val: 0.617519	test: 0.633802

Epoch: 44
Loss: 0.16427430764919462
Some target is missing!
Missing ratio: 0.011345
Some target is missing!
Missing ratio: 0.011345
train: 0.887057	val: 0.619828	test: 0.633264

Epoch: 45
Loss: 0.16479532679980854
Some target is missing!
Missing ratio: 0.011345
Some target is missing!
Missing ratio: 0.011345
train: 0.887250	val: 0.632342	test: 0.627189

Epoch: 46
Loss: 0.16316710133852194
Some target is missing!
Missing ratio: 0.011345
Some target is missing!
Missing ratio: 0.011345
train: 0.890563	val: 0.623871	test: 0.630867

Epoch: 47
Loss: 0.16328315938708005
Some target is missing!
Missing ratio: 0.011345
Some target is missing!
Missing ratio: 0.011345
train: 0.891535	val: 0.623905	test: 0.628499

Epoch: 48
Loss: 0.1629774818392354
Some target is missing!
Missing ratio: 0.011345
Some target is missing!
Missing ratio: 0.011345
train: 0.890524	val: 0.631013	test: 0.633629

Epoch: 49
Loss: 0.16261921299580018
Some target is missing!
Missing ratio: 0.011345
Some target is missing!
Missing ratio: 0.011345
train: 0.891778	val: 0.618115	test: 0.641286

Epoch: 50
Loss: 0.16238275752764147
Some target is missing!
Missing ratio: 0.011345
Some target is missing!
Missing ratio: 0.011345
train: 0.895121	val: 0.627599	test: 0.632979

Epoch: 51
Loss: 0.16141639658580687
Some target is missing!
Missing ratio: 0.011345
Some target is missing!
Missing ratio: 0.011345
train: 0.895365	val: 0.634314	test: 0.633688

Epoch: 52
Loss: 0.16234457426879328
Some target is missing!
Missing ratio: 0.011345
Some target is missing!
Missing ratio: 0.011345
train: 0.895543	val: 0.633768	test: 0.633307

Epoch: 53
Loss: 0.1613955106270716
Some target is missing!
Missing ratio: 0.011345
Some target is missing!
Missing ratio: 0.011345
train: 0.899289	val: 0.628882	test: 0.635010

Epoch: 54
Loss: 0.15987626972512722
Some target is missing!
Missing ratio: 0.011345
Some target is missing!
Missing ratio: 0.011345
train: 0.898566	val: 0.635366	test: 0.629398

Epoch: 55
Loss: 0.16092693446244957
Some target is missing!
Missing ratio: 0.011345
Some target is missing!
Missing ratio: 0.011345
train: 0.900863	val: 0.627609	test: 0.626142

Epoch: 56
Loss: 0.15968051652620782
Some target is missing!
Missing ratio: 0.011345
Some target is missing!
Missing ratio: 0.011345
train: 0.899527	val: 0.637128	test: 0.625636

Epoch: 57
Loss: 0.1585215119228319
Some target is missing!
Missing ratio: 0.011345
Some target is missing!
Missing ratio: 0.011345
train: 0.902695	val: 0.633365	test: 0.633765

Epoch: 58
Loss: 0.15864331958961492
Some target is missing!
Missing ratio: 0.011345
Some target is missing!
Missing ratio: 0.011345
train: 0.900096	val: 0.646998	test: 0.634449

Epoch: 59
Loss: 0.1573957958267368
Some target is missing!
Missing ratio: 0.011345
Some target is missing!
Missing ratio: 0.011345
train: 0.904403	val: 0.630078	test: 0.627729

Epoch: 60
Loss: 0.15732001420426817
Some target is missing!
Missing ratio: 0.011345
Some target is missing!
Missing ratio: 0.011345
train: 0.905856	val: 0.627100	test: 0.632353

Epoch: 61
Loss: 0.15648650482278578
Some target is missing!
Missing ratio: 0.011345
Some target is missing!
Missing ratio: 0.011345
train: 0.906277	val: 0.630542	test: 0.623384

Epoch: 62
Loss: 0.1571770689730134
Some target is missing!
Missing ratio: 0.011345
Some target is missing!
Missing ratio: 0.011345
train: 0.906182	val: 0.632283	test: 0.631833

Epoch: 63
Loss: 0.15618666529372421
Some target is missing!
Missing ratio: 0.011345
Some target is missing!
Missing ratio: 0.011345
train: 0.907845	val: 0.630325	test: 0.630152

Epoch: 64
Loss: 0.1568516757203801
Some target is missing!
Missing ratio: 0.011345
Some target is missing!
Missing ratio: 0.011345
train: 0.906897	val: 0.619419	test: 0.623881

Epoch: 65
Loss: 0.1551461223979261
Some target is missing!
Missing ratio: 0.011345
Some target is missing!
Missing ratio: 0.011345
train: 0.910080	val: 0.627532	test: 0.634593

Epoch: 66
Loss: 0.15545056151151612
Some target is missing!
Missing ratio: 0.011345
Some target is missing!
Missing ratio: 0.011345
train: 0.910957	val: 0.624032	test: 0.632258

Epoch: 67
Loss: 0.15335416444733063
Some target is missing!
Missing ratio: 0.011345
Some target is missing!
Missing ratio: 0.011345
train: 0.913053	val: 0.635943	test: 0.629705

Epoch: 68
Loss: 0.15394796670993052
Some target is missing!
Missing ratio: 0.011345
Some target is missing!
Missing ratio: 0.011345
train: 0.913379	val: 0.629523	test: 0.633122

Epoch: 69
Loss: 0.15336717880601813
Some target is missing!
Missing ratio: 0.011345
Some target is missing!
Missing ratio: 0.011345
train: 0.914031	val: 0.630416	test: 0.628533

Epoch: 70
Loss: 0.15507143825316735
Some target is missing!
Missing ratio: 0.011345
Some target is missing!
Missing ratio: 0.011345
train: 0.911165	val: 0.638575	test: 0.632895

Epoch: 71
Loss: 0.15282245434772895
Some target is missing!
Missing ratio: 0.011345
Some target is missing!
Missing ratio: 0.011345
train: 0.913030	val: 0.633879	test: 0.627136

Epoch: 72
Loss: 0.15213611791604095
Some target is missing!
Missing ratio: 0.011345
Some target is missing!
Missing ratio: 0.011345
train: 0.913149	val: 0.633869	test: 0.626803

Epoch: 73
Loss: 0.15264616310954796
Some target is missing!
Missing ratio: 0.011345
Some target is missing!
Missing ratio: 0.011345
train: 0.916209	val: 0.639219	test: 0.638136

Epoch: 74
Loss: 0.15143956084199028
Some target is missing!
Missing ratio: 0.011345
Some target is missing!
Missing ratio: 0.011345
train: 0.917958	val: 0.630791	test: 0.632629

Epoch: 75
Loss: 0.15088159775824314
Some target is missing!
Missing ratio: 0.011345
Some target is missing!
Missing ratio: 0.011345
train: 0.914589	val: 0.631662	test: 0.625708

Epoch: 76
Loss: 0.15084672311060457
Some target is missing!
Missing ratio: 0.011345
Some target is missing!
Missing ratio: 0.011345
train: 0.918367	val: 0.642554	test: 0.623565

Epoch: 77
Loss: 0.15001549261894379
Some target is missing!
Missing ratio: 0.011345
Some target is missing!
Missing ratio: 0.011345
train: 0.920134	val: 0.630978	test: 0.630657

Epoch: 78
Loss: 0.151159227446647
Some target is missing!
Missing ratio: 0.011345
Some target is missing!
Missing ratio: 0.011345
train: 0.920460	val: 0.628488	test: 0.634982

Epoch: 79
Loss: 0.14940098052616313
Some target is missing!
Missing ratio: 0.011345
Some target is missing!
Missing ratio: 0.011345
train: 0.920224	val: 0.631401	test: 0.628089

Epoch: 80
Loss: 0.14955322429742487
Some target is missing!
Missing ratio: 0.011345
Some target is missing!
Missing ratio: 0.011345
train: 0.921880	val: 0.635413	test: 0.631093

Epoch: 81
Loss: 0.14881284784287857
Some target is missing!
Missing ratio: 0.011345
Some target is missing!
Missing ratio: 0.011345
train: 0.923327	val: 0.639889	test: 0.637324

Epoch: 82
Loss: 0.147865103820605
Some target is missing!
Missing ratio: 0.011345
Some target is missing!
Missing ratio: 0.011345
train: 0.923753	val: 0.631871	test: 0.632762

Epoch: 83
Loss: 0.14856161658604794
Some target is missing!
Missing ratio: 0.011345
Some target is missing!
Missing ratio: 0.011345
train: 0.922381	val: 0.634668	test: 0.629691

Epoch: 84
Loss: 0.14830017843111085
Some target is missing!
Missing ratio: 0.011345
Some target is missing!
Missing ratio: 0.011345
train: 0.925845	val: 0.635692	test: 0.632431

Epoch: 85
Loss: 0.1468764927482322
Some target is missing!
Missing ratio: 0.011345
Some target is missing!
Missing ratio: 0.011345
train: 0.923995	val: 0.642317	test: 0.632904

Epoch: 86
Loss: 0.14886160109913507
Some target is missing!
Missing ratio: 0.011345
Some target is missing!
Missing ratio: 0.011345
train: 0.924858	val: 0.631998	test: 0.627735

Epoch: 87
Loss: 0.14786515976003986
Some target is missing!
Missing ratio: 0.011345
Some target is missing!
Missing ratio: 0.011345
train: 0.925766	val: 0.633418	test: 0.630465

Epoch: 88
Loss: 0.14684974944312174
Some target is missing!
Missing ratio: 0.011345
Some target is missing!
Missing ratio: 0.011345
train: 0.927320	val: 0.640384	test: 0.628925

Epoch: 89
Loss: 0.14638313098625422
Some target is missing!
Missing ratio: 0.011345
Some target is missing!
Missing ratio: 0.011345
train: 0.926675	val: 0.632984	test: 0.630291

Epoch: 90
Loss: 0.14734316474054937
Some target is missing!
Missing ratio: 0.011345
Some target is missing!
Missing ratio: 0.011345
train: 0.928121	val: 0.638896	test: 0.627868

Epoch: 91
Loss: 0.14619926748511367
Some target is missing!
Missing ratio: 0.011345
Some target is missing!
Missing ratio: 0.011345
train: 0.928807	val: 0.641439	test: 0.629110

Epoch: 92
Loss: 0.14528460924320122
Some target is missing!
Missing ratio: 0.011345
Some target is missing!
Missing ratio: 0.011345
train: 0.928980	val: 0.638402	test: 0.629769

Epoch: 93
Loss: 0.14435481627945157
Some target is missing!
Missing ratio: 0.011345
Some target is missing!
Missing ratio: 0.011345
train: 0.929412	val: 0.640545	test: 0.631454

Epoch: 94
Loss: 0.14611904802917886
Some target is missing!
Missing ratio: 0.011345
Some target is missing!
Missing ratio: 0.011345
train: 0.930444	val: 0.636067	test: 0.635953

Epoch: 95
Loss: 0.14478185415931474
Some target is missing!
Missing ratio: 0.011345
Some target is missing!
Missing ratio: 0.011345
train: 0.931689	val: 0.638321	test: 0.638430

Epoch: 96
Loss: 0.14392846645020183
Some target is missing!
Missing ratio: 0.011345
Some target is missing!
Missing ratio: 0.011345
train: 0.932275	val: 0.629092	test: 0.631100

Epoch: 97
Loss: 0.14472308395942737
Some target is missing!
Missing ratio: 0.011345
Some target is missing!
Missing ratio: 0.011345
train: 0.932117	val: 0.637361	test: 0.633600

Epoch: 98
Loss: 0.14351567970469778
Some target is missing!
Missing ratio: 0.011345
Some target is missing!
Missing ratio: 0.011345
train: 0.934192	val: 0.637582	test: 0.634205

Epoch: 99
Loss: 0.14319803952764687
Some target is missing!
Missing ratio: 0.011345
Some target is missing!
Missing ratio: 0.011345
train: 0.933353	val: 0.634531	test: 0.635467

Epoch: 100
Loss: 0.14242553824517698
Some target is missing!
Missing ratio: 0.011345
Some target is missing!
Missing ratio: 0.011345
train: 0.931717	val: 0.629246	test: 0.626558

best train: 0.900096	val: 0.646998	test: 0.634449
end
