11511809_1
--dataset=muv --runseed=1 --eval_train --batch_size=256 --dropout_ratio=0.5 --input_model_file=../output/3D_hybrid_03_masking/GEOM_3D_nmol50000_nconf5_nupper1000/CL_1_VAE_1_AM_1/6_51_10_0.1/0.15_EBM_dot_prod_0.05_normalize_l2_detach_target_2_100_0/pretraining_model.pth
start
arguments	 Namespace(AE_loss='l2', AE_model='AE', CL_neg_samples=1, CL_similarity_metric='InfoNCE_dot_prod', JK='last', SSL_2D_mode='AM', SSL_masking_ratio=0, T=0.1, alpha_1=1, alpha_2=1, alpha_3=0.1, batch_size=256, beta=1, contextpred_neg_samples=1, csize=3, cutoff=10, data_dir_chirality='../datasets/chirality/d4_docking/d4_docking_rs.csv', dataset='muv', decay=0, detach_target=True, device=0, dropout_ratio=0.5, emb_dim=300, engg_n_layers=4, epochs=100, eval_train=True, flow_length=8, flow_model='planar', gamma_joao=0.1, gamma_joaov2=0.1, gnn_lr_scale=1, gnn_type='gin', graph_pooling='mean', input_data_dir='', input_model_file='../output/3D_hybrid_03_masking/GEOM_3D_nmol50000_nconf5_nupper1000/CL_1_VAE_1_AM_1/6_51_10_0.1/0.15_EBM_dot_prod_0.05_normalize_l2_detach_target_2_100_0/pretraining_model.pth', iw_samples=5, lr=0.001, lr_scale=1, m_dim=50, mask_edge=0, mask_rate=0.15, model_3d='schnet', normalize=False, num_filters=128, num_gaussians=51, num_interactions=6, num_layer=5, num_workers=8, output_model_dir='', readout='mean', runseed=1, schnet_lr_scale=1, se3_transformer_div=2, se3_transformer_n_heads=8, se3_transformer_num_channels=32, se3_transformer_num_degrees=4, se3_transformer_num_layers=7, se3_transformer_num_nlayers=1, seed=42, spherenet_basis_emb_size_angle=8, spherenet_basis_emb_size_dist=8, spherenet_basis_emb_size_torsion=8, spherenet_cutoff=3.0, spherenet_envelope_exponent=5, spherenet_int_emb_size=64, spherenet_num_after_skip=2, spherenet_num_before_skip=1, spherenet_num_layers=4, spherenet_num_output_layers=3, spherenet_num_radial=6, spherenet_num_spherical=3, spherenet_out_emb_channels=256, split='scaffold', split_path='../datasets/chirality/d4_docking/rs/split0.npy', verbose=False)
Dataset: muv
Data: Data(edge_attr=[4892252, 2], edge_index=[2, 4892252], id=[93087], x=[2255846, 2], y=[1582479])
MoleculeDataset(93087)
split via scaffold
Data(edge_attr=[30, 2], edge_index=[2, 30], id=[1], x=[15, 2], y=[17])
GNN_graphpred(
(molecule_model): GNN(
(x_embedding1): Embedding(120, 300)
(x_embedding2): Embedding(3, 300)
(gnns): ModuleList(
(0): GINConv(
(mlp): Sequential(
(0): Linear(in_features=300, out_features=600, bias=True)
(1): ReLU()
(2): Linear(in_features=600, out_features=300, bias=True)
)
(edge_embedding1): Embedding(6, 300)
(edge_embedding2): Embedding(3, 300)
)
(1): GINConv(
(mlp): Sequential(
(0): Linear(in_features=300, out_features=600, bias=True)
(1): ReLU()
(2): Linear(in_features=600, out_features=300, bias=True)
)
(edge_embedding1): Embedding(6, 300)
(edge_embedding2): Embedding(3, 300)
)
(2): GINConv(
(mlp): Sequential(
(0): Linear(in_features=300, out_features=600, bias=True)
(1): ReLU()
(2): Linear(in_features=600, out_features=300, bias=True)
)
(edge_embedding1): Embedding(6, 300)
(edge_embedding2): Embedding(3, 300)
)
(3): GINConv(
(mlp): Sequential(
(0): Linear(in_features=300, out_features=600, bias=True)
(1): ReLU()
(2): Linear(in_features=600, out_features=300, bias=True)
)
(edge_embedding1): Embedding(6, 300)
(edge_embedding2): Embedding(3, 300)
)
(4): GINConv(
(mlp): Sequential(
(0): Linear(in_features=300, out_features=600, bias=True)
(1): ReLU()
(2): Linear(in_features=600, out_features=300, bias=True)
)
(edge_embedding1): Embedding(6, 300)
(edge_embedding2): Embedding(3, 300)
)
)
(batch_norms): ModuleList(
(0): BatchNorm1d(300, eps=1e-05, momentum=0.1, affine=True, track_running_stats=True)
(1): BatchNorm1d(300, eps=1e-05, momentum=0.1, affine=True, track_running_stats=True)
(2): BatchNorm1d(300, eps=1e-05, momentum=0.1, affine=True, track_running_stats=True)
(3): BatchNorm1d(300, eps=1e-05, momentum=0.1, affine=True, track_running_stats=True)
(4): BatchNorm1d(300, eps=1e-05, momentum=0.1, affine=True, track_running_stats=True)
)
)
(graph_pred_linear): Linear(in_features=300, out_features=17, bias=True)
)
Epoch: 1
Loss: 0.10040143268369156
Some target is missing!
Missing ratio: 0.058824
Some target is missing!
Missing ratio: 0.117647
train: 0.682148	val: 0.711509	test: 0.685094

Epoch: 2
Loss: 0.013838816753483188
Some target is missing!
Missing ratio: 0.058824
Some target is missing!
Missing ratio: 0.117647
train: 0.757432	val: 0.781603	test: 0.716302

Epoch: 3
Loss: 0.013098260755948247
Some target is missing!
Missing ratio: 0.058824
Some target is missing!
Missing ratio: 0.117647
train: 0.785016	val: 0.781839	test: 0.744649

Epoch: 4
Loss: 0.012624533477522359
Some target is missing!
Missing ratio: 0.058824
Some target is missing!
Missing ratio: 0.117647
train: 0.829368	val: 0.758774	test: 0.768423

Epoch: 5
Loss: 0.01250417612048303
Some target is missing!
Missing ratio: 0.058824
Some target is missing!
Missing ratio: 0.117647
train: 0.843500	val: 0.798253	test: 0.770205

Epoch: 6
Loss: 0.012233158137008454
Some target is missing!
Missing ratio: 0.058824
Some target is missing!
Missing ratio: 0.117647
train: 0.867593	val: 0.794223	test: 0.775781

Epoch: 7
Loss: 0.011849683750252683
Some target is missing!
Missing ratio: 0.058824
Some target is missing!
Missing ratio: 0.117647
train: 0.888717	val: 0.809989	test: 0.751014

Epoch: 8
Loss: 0.011591692492341267
Some target is missing!
Missing ratio: 0.058824
Some target is missing!
Missing ratio: 0.117647
train: 0.889845	val: 0.780439	test: 0.750616

Epoch: 9
Loss: 0.011705527873919928
Some target is missing!
Missing ratio: 0.058824
Some target is missing!
Missing ratio: 0.117647
train: 0.878901	val: 0.778970	test: 0.760802

Epoch: 10
Loss: 0.011395636293911538
Some target is missing!
Missing ratio: 0.058824
Some target is missing!
Missing ratio: 0.117647
train: 0.915060	val: 0.794173	test: 0.781216

Epoch: 11
Loss: 0.011311500289275233
Some target is missing!
Missing ratio: 0.058824
Some target is missing!
Missing ratio: 0.117647
train: 0.915632	val: 0.794768	test: 0.766719

Epoch: 12
Loss: 0.011134928415528792
Some target is missing!
Missing ratio: 0.058824
Some target is missing!
Missing ratio: 0.117647
train: 0.925822	val: 0.784366	test: 0.752161

Epoch: 13
Loss: 0.010906058768994512
Some target is missing!
Missing ratio: 0.058824
Some target is missing!
Missing ratio: 0.117647
train: 0.926990	val: 0.781822	test: 0.766474

Epoch: 14
Loss: 0.010618761214364975
Some target is missing!
Missing ratio: 0.058824
Some target is missing!
Missing ratio: 0.117647
train: 0.939862	val: 0.798861	test: 0.754007

Epoch: 15
Loss: 0.010609891832021372
Some target is missing!
Missing ratio: 0.058824
Some target is missing!
Missing ratio: 0.117647
train: 0.943646	val: 0.792941	test: 0.734135

Epoch: 16
Loss: 0.010334301696953907
Some target is missing!
Missing ratio: 0.058824
Some target is missing!
Missing ratio: 0.117647
train: 0.941138	val: 0.772779	test: 0.745260

Epoch: 17
Loss: 0.01030413349317193
Some target is missing!
Missing ratio: 0.058824
Some target is missing!
Missing ratio: 0.117647
train: 0.949604	val: 0.791549	test: 0.724738

Epoch: 18
Loss: 0.010209416261697335
Some target is missing!
Missing ratio: 0.058824
Some target is missing!
Missing ratio: 0.117647
train: 0.944916	val: 0.785308	test: 0.784838

Epoch: 19
Loss: 0.009765739295938618
Some target is missing!
Missing ratio: 0.058824
Some target is missing!
Missing ratio: 0.117647
train: 0.948889	val: 0.788332	test: 0.780639

Epoch: 20
Loss: 0.009917296900502904
Some target is missing!
Missing ratio: 0.058824
Some target is missing!
Missing ratio: 0.117647
train: 0.953800	val: 0.794182	test: 0.742615

Epoch: 21
Loss: 0.009705887302642468
Some target is missing!
Missing ratio: 0.058824
Some target is missing!
Missing ratio: 0.117647
train: 0.962057	val: 0.813401	test: 0.772725

Epoch: 22
Loss: 0.00954688729998943
Some target is missing!
Missing ratio: 0.058824
Some target is missing!
Missing ratio: 0.117647
train: 0.961396	val: 0.793737	test: 0.771285

Epoch: 23
Loss: 0.009702278301953629
Some target is missing!
Missing ratio: 0.058824
Some target is missing!
Missing ratio: 0.117647
train: 0.961196	val: 0.786910	test: 0.742314

Epoch: 24
Loss: 0.009335302857639442
Some target is missing!
Missing ratio: 0.058824
Some target is missing!
Missing ratio: 0.117647
train: 0.967293	val: 0.787591	test: 0.791483

Epoch: 25
Loss: 0.00905922176506001
Some target is missing!
Missing ratio: 0.058824
Some target is missing!
Missing ratio: 0.117647
train: 0.969558	val: 0.789512	test: 0.787911

Epoch: 26
Loss: 0.009127493577635239
Some target is missing!
Missing ratio: 0.058824
Some target is missing!
Missing ratio: 0.117647
train: 0.972136	val: 0.787286	test: 0.786233

Epoch: 27
Loss: 0.009017150891177973
Some target is missing!
Missing ratio: 0.058824
Some target is missing!
Missing ratio: 0.117647
train: 0.970369	val: 0.778189	test: 0.725283

Epoch: 28
Loss: 0.008957098607024337
Some target is missing!
Missing ratio: 0.058824
Some target is missing!
Missing ratio: 0.117647
train: 0.973477	val: 0.778511	test: 0.765364

Epoch: 29
Loss: 0.008700007429315273
Some target is missing!
Missing ratio: 0.058824
Some target is missing!
Missing ratio: 0.117647
train: 0.975132	val: 0.778858	test: 0.786918

Epoch: 30
Loss: 0.008548863022603917
Some target is missing!
Missing ratio: 0.058824
Some target is missing!
Missing ratio: 0.117647
train: 0.974593	val: 0.746003	test: 0.757166

Epoch: 31
Loss: 0.008607533473875011
Some target is missing!
Missing ratio: 0.058824
Some target is missing!
Missing ratio: 0.117647
train: 0.978053	val: 0.739140	test: 0.795599

Epoch: 32
Loss: 0.00847478643029334
Some target is missing!
Missing ratio: 0.058824
Some target is missing!
Missing ratio: 0.117647
train: 0.978105	val: 0.763856	test: 0.774542

Epoch: 33
Loss: 0.008054237611742739
Some target is missing!
Missing ratio: 0.058824
Some target is missing!
Missing ratio: 0.117647
train: 0.980638	val: 0.775154	test: 0.754469

Epoch: 34
Loss: 0.0082778773744885
Some target is missing!
Missing ratio: 0.058824
Some target is missing!
Missing ratio: 0.117647
train: 0.982033	val: 0.791173	test: 0.814714

Epoch: 35
Loss: 0.008173299586390893
Some target is missing!
Missing ratio: 0.058824
Some target is missing!
Missing ratio: 0.117647
train: 0.984828	val: 0.771446	test: 0.796899

Epoch: 36
Loss: 0.007701754208930245
Some target is missing!
Missing ratio: 0.058824
Some target is missing!
Missing ratio: 0.117647
train: 0.982795	val: 0.792641	test: 0.764211

Epoch: 37
Loss: 0.007937843428125965
Some target is missing!
Missing ratio: 0.058824
Some target is missing!
Missing ratio: 0.117647
train: 0.987322	val: 0.784036	test: 0.783353

Epoch: 38
Loss: 0.00758423476411526
Some target is missing!
Missing ratio: 0.058824
Some target is missing!
Missing ratio: 0.117647
train: 0.987123	val: 0.784046	test: 0.756688

Epoch: 39
Loss: 0.007669999441784221
Some target is missing!
Missing ratio: 0.058824
Some target is missing!
Missing ratio: 0.117647
train: 0.987362	val: 0.761601	test: 0.754257

Epoch: 40
Loss: 0.007184739638415386
Some target is missing!
Missing ratio: 0.058824
Some target is missing!
Missing ratio: 0.117647
train: 0.982549	val: 0.767539	test: 0.754517

Epoch: 41
Loss: 0.007337388890721427
Some target is missing!
Missing ratio: 0.058824
Some target is missing!
Missing ratio: 0.117647
train: 0.989237	val: 0.765480	test: 0.758362

Epoch: 42
Loss: 0.0075117908827802725
Some target is missing!
Missing ratio: 0.058824
Some target is missing!
Missing ratio: 0.117647
train: 0.990064	val: 0.745937	test: 0.754721

Epoch: 43
Loss: 0.007195357765660063
Some target is missing!
Missing ratio: 0.058824
Some target is missing!
Missing ratio: 0.117647
train: 0.991018	val: 0.737409	test: 0.742545

Epoch: 44
Loss: 0.00719553624027702
Some target is missing!
Missing ratio: 0.058824
Some target is missing!
Missing ratio: 0.117647
train: 0.993092	val: 0.774110	test: 0.764120

Epoch: 45
Loss: 0.006740606981202469
Some target is missing!
Missing ratio: 0.058824
Some target is missing!
Missing ratio: 0.117647
train: 0.993293	val: 0.763212	test: 0.777670

Epoch: 46
Loss: 0.006675815915197843
Some target is missing!
Missing ratio: 0.058824
Some target is missing!
Missing ratio: 0.117647
train: 0.994010	val: 0.781218	test: 0.803148

Epoch: 47
Loss: 0.006904728192883845
Some target is missing!
Missing ratio: 0.058824
Some target is missing!
Missing ratio: 0.117647
train: 0.993448	val: 0.783899	test: 0.785116

Epoch: 48
Loss: 0.0064891555639677995
Some target is missing!
Missing ratio: 0.058824
Some target is missing!
Missing ratio: 0.117647
train: 0.993600	val: 0.788355	test: 0.829443

Epoch: 49
Loss: 0.00664283351404382
Some target is missing!
Missing ratio: 0.058824
Some target is missing!
Missing ratio: 0.117647
train: 0.993871	val: 0.757189	test: 0.742766

Epoch: 50
Loss: 0.0061696967408281875
Some target is missing!
Missing ratio: 0.058824
Some target is missing!
Missing ratio: 0.117647
train: 0.995150	val: 0.764304	test: 0.760431

Epoch: 51
Loss: 0.006549379550477973
Some target is missing!
Missing ratio: 0.058824
Some target is missing!
Missing ratio: 0.117647
train: 0.995751	val: 0.758317	test: 0.757629

Epoch: 52
Loss: 0.0063930160600079
Some target is missing!
Missing ratio: 0.058824
Some target is missing!
Missing ratio: 0.117647
train: 0.996216	val: 0.756959	test: 0.784070

Epoch: 53
Loss: 0.006240782449772342
Some target is missing!
Missing ratio: 0.058824
Some target is missing!
Missing ratio: 0.117647
train: 0.996588	val: 0.777906	test: 0.782600

Epoch: 54
Loss: 0.005951153044330509
Some target is missing!
Missing ratio: 0.058824
Some target is missing!
Missing ratio: 0.117647
train: 0.996634	val: 0.760115	test: 0.787314

Epoch: 55
Loss: 0.006139298402049389
Some target is missing!
Missing ratio: 0.058824
Some target is missing!
Missing ratio: 0.117647
train: 0.997021	val: 0.744888	test: 0.757061

Epoch: 56
Loss: 0.005803392909209205
Some target is missing!
Missing ratio: 0.058824
Some target is missing!
Missing ratio: 0.117647
train: 0.997292	val: 0.753753	test: 0.757217

Epoch: 57
Loss: 0.005870720461774481
Some target is missing!
Missing ratio: 0.058824
Some target is missing!
Missing ratio: 0.117647
train: 0.997121	val: 0.790239	test: 0.757179

Epoch: 58
Loss: 0.005532938020289657
Some target is missing!
Missing ratio: 0.058824
Some target is missing!
Missing ratio: 0.117647
train: 0.997716	val: 0.746751	test: 0.755448

Epoch: 59
Loss: 0.005794053387083753
Some target is missing!
Missing ratio: 0.058824
Some target is missing!
Missing ratio: 0.117647
train: 0.997678	val: 0.751038	test: 0.765849

Epoch: 60
Loss: 0.005814780048455506
Some target is missing!
Missing ratio: 0.058824
Some target is missing!
Missing ratio: 0.117647
train: 0.998092	val: 0.752188	test: 0.766744

Epoch: 61
Loss: 0.005336936843366067
Some target is missing!
Missing ratio: 0.058824
Some target is missing!
Missing ratio: 0.117647
train: 0.998336	val: 0.781737	test: 0.759137

Epoch: 62
Loss: 0.005366599116956646
Some target is missing!
Missing ratio: 0.058824
Some target is missing!
Missing ratio: 0.117647
train: 0.998538	val: 0.780380	test: 0.773496

Epoch: 63
Loss: 0.005734744764008487
Some target is missing!
Missing ratio: 0.058824
Some target is missing!
Missing ratio: 0.117647
train: 0.998563	val: 0.736920	test: 0.729883

Epoch: 64
Loss: 0.005328363256470804
Some target is missing!
Missing ratio: 0.058824
Some target is missing!
Missing ratio: 0.117647
train: 0.998572	val: 0.762180	test: 0.757282

Epoch: 65
Loss: 0.005230972749948911
Some target is missing!
Missing ratio: 0.058824
Some target is missing!
Missing ratio: 0.117647
train: 0.998521	val: 0.745195	test: 0.731727

Epoch: 66
Loss: 0.005254213196583761
Some target is missing!
Missing ratio: 0.058824
Some target is missing!
Missing ratio: 0.117647
train: 0.998760	val: 0.765737	test: 0.758771

Epoch: 67
Loss: 0.004923262586492435
Some target is missing!
Missing ratio: 0.058824
Some target is missing!
Missing ratio: 0.117647
train: 0.999041	val: 0.755945	test: 0.772059

Epoch: 68
Loss: 0.0049083625871780496
Some target is missing!
Missing ratio: 0.058824
Some target is missing!
Missing ratio: 0.117647
train: 0.999217	val: 0.753890	test: 0.765787

Epoch: 69
Loss: 0.0048419739225642935
Some target is missing!
Missing ratio: 0.058824
Some target is missing!
Missing ratio: 0.117647
train: 0.999170	val: 0.777754	test: 0.727469

Epoch: 70
Loss: 0.005098897331167038
Some target is missing!
Missing ratio: 0.058824
Some target is missing!
Missing ratio: 0.117647
train: 0.998943	val: 0.772925	test: 0.756831

Epoch: 71
Loss: 0.004659230630324724
Some target is missing!
Missing ratio: 0.058824
Some target is missing!
Missing ratio: 0.117647
train: 0.999128	val: 0.750992	test: 0.750933

Epoch: 72
Loss: 0.005032064728868483
Some target is missing!
Missing ratio: 0.058824
Some target is missing!
Missing ratio: 0.117647
train: 0.999022	val: 0.754923	test: 0.743758

Epoch: 73
Loss: 0.0045857773143684714
Some target is missing!
Missing ratio: 0.058824
Some target is missing!
Missing ratio: 0.117647
train: 0.999358	val: 0.778058	test: 0.769821

Epoch: 74
Loss: 0.004720064070996788
Some target is missing!
Missing ratio: 0.058824
Some target is missing!
Missing ratio: 0.117647
train: 0.999271	val: 0.746939	test: 0.762490

Epoch: 75
Loss: 0.0044961384302127805
Some target is missing!
Missing ratio: 0.058824
Some target is missing!
Missing ratio: 0.117647
train: 0.999451	val: 0.760640	test: 0.753262

Epoch: 76
Loss: 0.004345486968394414
Some target is missing!
Missing ratio: 0.058824
Some target is missing!
Missing ratio: 0.117647
train: 0.999529	val: 0.774177	test: 0.758677

Epoch: 77
Loss: 0.0045362993023810565
Some target is missing!
Missing ratio: 0.058824
Some target is missing!
Missing ratio: 0.117647
train: 0.999533	val: 0.760804	test: 0.782054

Epoch: 78
Loss: 0.00452175798027296
Some target is missing!
Missing ratio: 0.058824
Some target is missing!
Missing ratio: 0.117647
train: 0.999531	val: 0.764163	test: 0.742641

Epoch: 79
Loss: 0.004652093483180597
Some target is missing!
Missing ratio: 0.058824
Some target is missing!
Missing ratio: 0.117647
train: 0.998432	val: 0.748592	test: 0.758609

Epoch: 80
Loss: 0.00406815789347599
Some target is missing!
Missing ratio: 0.058824
Some target is missing!
Missing ratio: 0.117647
train: 0.999635	val: 0.767637	test: 0.753813

Epoch: 81
Loss: 0.0043198148218307145
Some target is missing!
Missing ratio: 0.058824
Some target is missing!
Missing ratio: 0.117647
train: 0.999638	val: 0.773321	test: 0.763987

Epoch: 82
Loss: 0.004073111857185164
Some target is missing!
Missing ratio: 0.058824
Some target is missing!
Missing ratio: 0.117647
train: 0.999689	val: 0.788984	test: 0.781347

Epoch: 83
Loss: 0.0039885386399341125
Some target is missing!
Missing ratio: 0.058824
Some target is missing!
Missing ratio: 0.117647
train: 0.999685	val: 0.750993	test: 0.777513

Epoch: 84
Loss: 0.0042160871465752045
Some target is missing!
Missing ratio: 0.058824
Some target is missing!
Missing ratio: 0.117647
train: 0.999573	val: 0.778764	test: 0.806478

Epoch: 85
Loss: 0.0037498642591275444
Some target is missing!
Missing ratio: 0.058824
Some target is missing!
Missing ratio: 0.117647
train: 0.999661	val: 0.760720	test: 0.770856

Epoch: 86
Loss: 0.004101765408432953
Some target is missing!
Missing ratio: 0.058824
Some target is missing!
Missing ratio: 0.117647
train: 0.999724	val: 0.749414	test: 0.761420

Epoch: 87
Loss: 0.003972433918714807
Some target is missing!
Missing ratio: 0.058824
Some target is missing!
Missing ratio: 0.117647
train: 0.999704	val: 0.747511	test: 0.760867

Epoch: 88
Loss: 0.0039051422121508497
Some target is missing!
Missing ratio: 0.058824
Some target is missing!
Missing ratio: 0.117647
train: 0.999788	val: 0.781393	test: 0.780282

Epoch: 89
Loss: 0.0036263835124333388
Some target is missing!
Missing ratio: 0.058824
Some target is missing!
Missing ratio: 0.117647
train: 0.999793	val: 0.781053	test: 0.775041

Epoch: 90
Loss: 0.003548966234908731
Some target is missing!
Missing ratio: 0.058824
Some target is missing!
Missing ratio: 0.117647
train: 0.999794	val: 0.783413	test: 0.799407

Epoch: 91
Loss: 0.003916182355425176
Some target is missing!
Missing ratio: 0.058824
Some target is missing!
Missing ratio: 0.117647
train: 0.999688	val: 0.754534	test: 0.777144

Epoch: 92
Loss: 0.0036495775427809454
Some target is missing!
Missing ratio: 0.058824
Some target is missing!
Missing ratio: 0.117647
train: 0.999861	val: 0.749445	test: 0.748620

Epoch: 93
Loss: 0.0035743438668060633
Some target is missing!
Missing ratio: 0.058824
Some target is missing!
Missing ratio: 0.117647
train: 0.999911	val: 0.784517	test: 0.772849

Epoch: 94
Loss: 0.003450075287034031
Some target is missing!
Missing ratio: 0.058824
Some target is missing!
Missing ratio: 0.117647
train: 0.999808	val: 0.778356	test: 0.737118

Epoch: 95
Loss: 0.0036626488387811896
Some target is missing!
Missing ratio: 0.058824
Some target is missing!
Missing ratio: 0.117647
train: 0.999841	val: 0.765515	test: 0.754205

Epoch: 96
Loss: 0.0035266208129573063
Some target is missing!
Missing ratio: 0.058824
Some target is missing!
Missing ratio: 0.117647
train: 0.999826	val: 0.728683	test: 0.747523

Epoch: 97
Loss: 0.0031676961578155673
Some target is missing!
Missing ratio: 0.058824
Some target is missing!
Missing ratio: 0.117647
train: 0.999864	val: 0.762734	test: 0.746972

Epoch: 98
Loss: 0.0034703999770458235
Some target is missing!
Missing ratio: 0.058824
Some target is missing!
Missing ratio: 0.117647
train: 0.999769	val: 0.764542	test: 0.761286

Epoch: 99
Loss: 0.003410972088627027
Some target is missing!
Missing ratio: 0.058824
Some target is missing!
Missing ratio: 0.117647
train: 0.999881	val: 0.744086	test: 0.724562

Epoch: 100
Loss: 0.0031120093945462154
Some target is missing!
Missing ratio: 0.058824
Some target is missing!
Missing ratio: 0.117647
train: 0.999905	val: 0.773769	test: 0.741914

best train: 0.962057	val: 0.813401	test: 0.772725
end
