11511809_1
--dataset=toxcast --runseed=1 --eval_train --batch_size=256 --dropout_ratio=0.5 --input_model_file=../output/3D_hybrid_03_masking/GEOM_3D_nmol50000_nconf5_nupper1000/CL_1_VAE_1_AM_1/6_51_10_0.1/0.15_EBM_dot_prod_0.05_normalize_l2_detach_target_2_100_0/pretraining_model.pth
start
arguments	 Namespace(AE_loss='l2', AE_model='AE', CL_neg_samples=1, CL_similarity_metric='InfoNCE_dot_prod', JK='last', SSL_2D_mode='AM', SSL_masking_ratio=0, T=0.1, alpha_1=1, alpha_2=1, alpha_3=0.1, batch_size=256, beta=1, contextpred_neg_samples=1, csize=3, cutoff=10, data_dir_chirality='../datasets/chirality/d4_docking/d4_docking_rs.csv', dataset='toxcast', decay=0, detach_target=True, device=0, dropout_ratio=0.5, emb_dim=300, engg_n_layers=4, epochs=100, eval_train=True, flow_length=8, flow_model='planar', gamma_joao=0.1, gamma_joaov2=0.1, gnn_lr_scale=1, gnn_type='gin', graph_pooling='mean', input_data_dir='', input_model_file='../output/3D_hybrid_03_masking/GEOM_3D_nmol50000_nconf5_nupper1000/CL_1_VAE_1_AM_1/6_51_10_0.1/0.15_EBM_dot_prod_0.05_normalize_l2_detach_target_2_100_0/pretraining_model.pth', iw_samples=5, lr=0.001, lr_scale=1, m_dim=50, mask_edge=0, mask_rate=0.15, model_3d='schnet', normalize=False, num_filters=128, num_gaussians=51, num_interactions=6, num_layer=5, num_workers=8, output_model_dir='', readout='mean', runseed=1, schnet_lr_scale=1, se3_transformer_div=2, se3_transformer_n_heads=8, se3_transformer_num_channels=32, se3_transformer_num_degrees=4, se3_transformer_num_layers=7, se3_transformer_num_nlayers=1, seed=42, spherenet_basis_emb_size_angle=8, spherenet_basis_emb_size_dist=8, spherenet_basis_emb_size_torsion=8, spherenet_cutoff=3.0, spherenet_envelope_exponent=5, spherenet_int_emb_size=64, spherenet_num_after_skip=2, spherenet_num_before_skip=1, spherenet_num_layers=4, spherenet_num_output_layers=3, spherenet_num_radial=6, spherenet_num_spherical=3, spherenet_out_emb_channels=256, split='scaffold', split_path='../datasets/chirality/d4_docking/rs/split0.npy', verbose=False)
Dataset: toxcast
Data: Data(edge_attr=[330356, 2], edge_index=[2, 330356], id=[8576], x=[161088, 2], y=[5291392])
MoleculeDataset(8576)
split via scaffold
Data(edge_attr=[28, 2], edge_index=[2, 28], id=[1], x=[15, 2], y=[617])
GNN_graphpred(
(molecule_model): GNN(
(x_embedding1): Embedding(120, 300)
(x_embedding2): Embedding(3, 300)
(gnns): ModuleList(
(0): GINConv(
(mlp): Sequential(
(0): Linear(in_features=300, out_features=600, bias=True)
(1): ReLU()
(2): Linear(in_features=600, out_features=300, bias=True)
)
(edge_embedding1): Embedding(6, 300)
(edge_embedding2): Embedding(3, 300)
)
(1): GINConv(
(mlp): Sequential(
(0): Linear(in_features=300, out_features=600, bias=True)
(1): ReLU()
(2): Linear(in_features=600, out_features=300, bias=True)
)
(edge_embedding1): Embedding(6, 300)
(edge_embedding2): Embedding(3, 300)
)
(2): GINConv(
(mlp): Sequential(
(0): Linear(in_features=300, out_features=600, bias=True)
(1): ReLU()
(2): Linear(in_features=600, out_features=300, bias=True)
)
(edge_embedding1): Embedding(6, 300)
(edge_embedding2): Embedding(3, 300)
)
(3): GINConv(
(mlp): Sequential(
(0): Linear(in_features=300, out_features=600, bias=True)
(1): ReLU()
(2): Linear(in_features=600, out_features=300, bias=True)
)
(edge_embedding1): Embedding(6, 300)
(edge_embedding2): Embedding(3, 300)
)
(4): GINConv(
(mlp): Sequential(
(0): Linear(in_features=300, out_features=600, bias=True)
(1): ReLU()
(2): Linear(in_features=600, out_features=300, bias=True)
)
(edge_embedding1): Embedding(6, 300)
(edge_embedding2): Embedding(3, 300)
)
)
(batch_norms): ModuleList(
(0): BatchNorm1d(300, eps=1e-05, momentum=0.1, affine=True, track_running_stats=True)
(1): BatchNorm1d(300, eps=1e-05, momentum=0.1, affine=True, track_running_stats=True)
(2): BatchNorm1d(300, eps=1e-05, momentum=0.1, affine=True, track_running_stats=True)
(3): BatchNorm1d(300, eps=1e-05, momentum=0.1, affine=True, track_running_stats=True)
(4): BatchNorm1d(300, eps=1e-05, momentum=0.1, affine=True, track_running_stats=True)
)
)
(graph_pred_linear): Linear(in_features=300, out_features=617, bias=True)
)
Epoch: 1
Loss: 0.5258659447547959
Some target is missing!
Missing ratio: 0.011345
Some target is missing!
Missing ratio: 0.011345
train: 0.631396	val: 0.531849	test: 0.529464

Epoch: 2
Loss: 0.34113640688575153
Some target is missing!
Missing ratio: 0.011345
Some target is missing!
Missing ratio: 0.011345
train: 0.673331	val: 0.559990	test: 0.554829

Epoch: 3
Loss: 0.25474394779404086
Some target is missing!
Missing ratio: 0.011345
Some target is missing!
Missing ratio: 0.011345
train: 0.709531	val: 0.600355	test: 0.594779

Epoch: 4
Loss: 0.2205157143739093
Some target is missing!
Missing ratio: 0.011345
Some target is missing!
Missing ratio: 0.011345
train: 0.727833	val: 0.612281	test: 0.613089

Epoch: 5
Loss: 0.20817243236035998
Some target is missing!
Missing ratio: 0.011345
Some target is missing!
Missing ratio: 0.011345
train: 0.746143	val: 0.613562	test: 0.609827

Epoch: 6
Loss: 0.2025807016483636
Some target is missing!
Missing ratio: 0.011345
Some target is missing!
Missing ratio: 0.011345
train: 0.759723	val: 0.618275	test: 0.611607

Epoch: 7
Loss: 0.19860127847517203
Some target is missing!
Missing ratio: 0.011345
Some target is missing!
Missing ratio: 0.011345
train: 0.764809	val: 0.623286	test: 0.610158

Epoch: 8
Loss: 0.19637442989425172
Some target is missing!
Missing ratio: 0.011345
Some target is missing!
Missing ratio: 0.011345
train: 0.778627	val: 0.643032	test: 0.619645

Epoch: 9
Loss: 0.19477157469448692
Some target is missing!
Missing ratio: 0.011345
Some target is missing!
Missing ratio: 0.011345
train: 0.783053	val: 0.627599	test: 0.605470

Epoch: 10
Loss: 0.19123066370955843
Some target is missing!
Missing ratio: 0.011345
Some target is missing!
Missing ratio: 0.011345
train: 0.790500	val: 0.635262	test: 0.618473

Epoch: 11
Loss: 0.19112702308631777
Some target is missing!
Missing ratio: 0.011345
Some target is missing!
Missing ratio: 0.011345
train: 0.792830	val: 0.629798	test: 0.616258

Epoch: 12
Loss: 0.18856048208964188
Some target is missing!
Missing ratio: 0.011345
Some target is missing!
Missing ratio: 0.011345
train: 0.804485	val: 0.639868	test: 0.616419

Epoch: 13
Loss: 0.18676782716651666
Some target is missing!
Missing ratio: 0.011345
Some target is missing!
Missing ratio: 0.011345
train: 0.806838	val: 0.641434	test: 0.621256

Epoch: 14
Loss: 0.18508455527148293
Some target is missing!
Missing ratio: 0.011345
Some target is missing!
Missing ratio: 0.011345
train: 0.812576	val: 0.648268	test: 0.626819

Epoch: 15
Loss: 0.18447156481184002
Some target is missing!
Missing ratio: 0.011345
Some target is missing!
Missing ratio: 0.011345
train: 0.818052	val: 0.649484	test: 0.623176

Epoch: 16
Loss: 0.18282016768790935
Some target is missing!
Missing ratio: 0.011345
Some target is missing!
Missing ratio: 0.011345
train: 0.822916	val: 0.641088	test: 0.618856

Epoch: 17
Loss: 0.1827313249931801
Some target is missing!
Missing ratio: 0.011345
Some target is missing!
Missing ratio: 0.011345
train: 0.823210	val: 0.641630	test: 0.622979

Epoch: 18
Loss: 0.18109127616078613
Some target is missing!
Missing ratio: 0.011345
Some target is missing!
Missing ratio: 0.011345
train: 0.827413	val: 0.649341	test: 0.629879

Epoch: 19
Loss: 0.17964672828117265
Some target is missing!
Missing ratio: 0.011345
Some target is missing!
Missing ratio: 0.011345
train: 0.829357	val: 0.660310	test: 0.630689

Epoch: 20
Loss: 0.17906939651041817
Some target is missing!
Missing ratio: 0.011345
Some target is missing!
Missing ratio: 0.011345
train: 0.837129	val: 0.657561	test: 0.626911

Epoch: 21
Loss: 0.1782780691126251
Some target is missing!
Missing ratio: 0.011345
Some target is missing!
Missing ratio: 0.011345
train: 0.836210	val: 0.649978	test: 0.628251

Epoch: 22
Loss: 0.1771660138918161
Some target is missing!
Missing ratio: 0.011345
Some target is missing!
Missing ratio: 0.011345
train: 0.842732	val: 0.658523	test: 0.620847

Epoch: 23
Loss: 0.17619193865926835
Some target is missing!
Missing ratio: 0.011345
Some target is missing!
Missing ratio: 0.011345
train: 0.843211	val: 0.649461	test: 0.624169

Epoch: 24
Loss: 0.17532099136848664
Some target is missing!
Missing ratio: 0.011345
Some target is missing!
Missing ratio: 0.011345
train: 0.845049	val: 0.658153	test: 0.627138

Epoch: 25
Loss: 0.17519562676584002
Some target is missing!
Missing ratio: 0.011345
Some target is missing!
Missing ratio: 0.011345
train: 0.845738	val: 0.649007	test: 0.617868

Epoch: 26
Loss: 0.1739391815677658
Some target is missing!
Missing ratio: 0.011345
Some target is missing!
Missing ratio: 0.011345
train: 0.852569	val: 0.649470	test: 0.621925

Epoch: 27
Loss: 0.17434203763107284
Some target is missing!
Missing ratio: 0.011345
Some target is missing!
Missing ratio: 0.011345
train: 0.854180	val: 0.657803	test: 0.627432

Epoch: 28
Loss: 0.17237962045839444
Some target is missing!
Missing ratio: 0.011345
Some target is missing!
Missing ratio: 0.011345
train: 0.855361	val: 0.656950	test: 0.620481

Epoch: 29
Loss: 0.17144571090274016
Some target is missing!
Missing ratio: 0.011345
Some target is missing!
Missing ratio: 0.011345
train: 0.859900	val: 0.659895	test: 0.629366

Epoch: 30
Loss: 0.1710813724868371
Some target is missing!
Missing ratio: 0.011345
Some target is missing!
Missing ratio: 0.011345
train: 0.861131	val: 0.665966	test: 0.630785

Epoch: 31
Loss: 0.17054265576215627
Some target is missing!
Missing ratio: 0.011345
Some target is missing!
Missing ratio: 0.011345
train: 0.863606	val: 0.658600	test: 0.624229

Epoch: 32
Loss: 0.1699569955275463
Some target is missing!
Missing ratio: 0.011345
Some target is missing!
Missing ratio: 0.011345
train: 0.863775	val: 0.649651	test: 0.619437

Epoch: 33
Loss: 0.17045963325614952
Some target is missing!
Missing ratio: 0.011345
Some target is missing!
Missing ratio: 0.011345
train: 0.865750	val: 0.658793	test: 0.633130

Epoch: 34
Loss: 0.1690937061463531
Some target is missing!
Missing ratio: 0.011345
Some target is missing!
Missing ratio: 0.011345
train: 0.869576	val: 0.659015	test: 0.626027

Epoch: 35
Loss: 0.16819547616058872
Some target is missing!
Missing ratio: 0.011345
Some target is missing!
Missing ratio: 0.011345
train: 0.872280	val: 0.652245	test: 0.628555

Epoch: 36
Loss: 0.16693377764027467
Some target is missing!
Missing ratio: 0.011345
Some target is missing!
Missing ratio: 0.011345
train: 0.872922	val: 0.654059	test: 0.623034

Epoch: 37
Loss: 0.16750047981975655
Some target is missing!
Missing ratio: 0.011345
Some target is missing!
Missing ratio: 0.011345
train: 0.875487	val: 0.657353	test: 0.618314

Epoch: 38
Loss: 0.16685610639889065
Some target is missing!
Missing ratio: 0.011345
Some target is missing!
Missing ratio: 0.011345
train: 0.877813	val: 0.657618	test: 0.622559

Epoch: 39
Loss: 0.16558005309716536
Some target is missing!
Missing ratio: 0.011345
Some target is missing!
Missing ratio: 0.011345
train: 0.879053	val: 0.662778	test: 0.625882

Epoch: 40
Loss: 0.16508336615067343
Some target is missing!
Missing ratio: 0.011345
Some target is missing!
Missing ratio: 0.011345
train: 0.879668	val: 0.666976	test: 0.634363

Epoch: 41
Loss: 0.16516431226490413
Some target is missing!
Missing ratio: 0.011345
Some target is missing!
Missing ratio: 0.011345
train: 0.880736	val: 0.657693	test: 0.625739

Epoch: 42
Loss: 0.1640817333684701
Some target is missing!
Missing ratio: 0.011345
Some target is missing!
Missing ratio: 0.011345
train: 0.883351	val: 0.664454	test: 0.628371

Epoch: 43
Loss: 0.16383219121754228
Some target is missing!
Missing ratio: 0.011345
Some target is missing!
Missing ratio: 0.011345
train: 0.886157	val: 0.669921	test: 0.631427

Epoch: 44
Loss: 0.16333683085298925
Some target is missing!
Missing ratio: 0.011345
Some target is missing!
Missing ratio: 0.011345
train: 0.886470	val: 0.663324	test: 0.631041

Epoch: 45
Loss: 0.16253738845255528
Some target is missing!
Missing ratio: 0.011345
Some target is missing!
Missing ratio: 0.011345
train: 0.887408	val: 0.665711	test: 0.624350

Epoch: 46
Loss: 0.16151833998155748
Some target is missing!
Missing ratio: 0.011345
Some target is missing!
Missing ratio: 0.011345
train: 0.885967	val: 0.660830	test: 0.627354

Epoch: 47
Loss: 0.16130543098271447
Some target is missing!
Missing ratio: 0.011345
Some target is missing!
Missing ratio: 0.011345
train: 0.891419	val: 0.659729	test: 0.625408

Epoch: 48
Loss: 0.16020061724165832
Some target is missing!
Missing ratio: 0.011345
Some target is missing!
Missing ratio: 0.011345
train: 0.891294	val: 0.659750	test: 0.635082

Epoch: 49
Loss: 0.15960469639239078
Some target is missing!
Missing ratio: 0.011345
Some target is missing!
Missing ratio: 0.011345
train: 0.892974	val: 0.658267	test: 0.628799

Epoch: 50
Loss: 0.15944248089465882
Some target is missing!
Missing ratio: 0.011345
Some target is missing!
Missing ratio: 0.011345
train: 0.894473	val: 0.661092	test: 0.636309

Epoch: 51
Loss: 0.1597676112376645
Some target is missing!
Missing ratio: 0.011345
Some target is missing!
Missing ratio: 0.011345
train: 0.897193	val: 0.664726	test: 0.628615

Epoch: 52
Loss: 0.15848654867145232
Some target is missing!
Missing ratio: 0.011345
Some target is missing!
Missing ratio: 0.011345
train: 0.897878	val: 0.655793	test: 0.632843

Epoch: 53
Loss: 0.15782115578371744
Some target is missing!
Missing ratio: 0.011345
Some target is missing!
Missing ratio: 0.011345
train: 0.898091	val: 0.661272	test: 0.635263

Epoch: 54
Loss: 0.15703868183302058
Some target is missing!
Missing ratio: 0.011345
Some target is missing!
Missing ratio: 0.011345
train: 0.899596	val: 0.659986	test: 0.635924

Epoch: 55
Loss: 0.15737779682994144
Some target is missing!
Missing ratio: 0.011345
Some target is missing!
Missing ratio: 0.011345
train: 0.899959	val: 0.659188	test: 0.637885

Epoch: 56
Loss: 0.15722749287260587
Some target is missing!
Missing ratio: 0.011345
Some target is missing!
Missing ratio: 0.011345
train: 0.901640	val: 0.665790	test: 0.631877

Epoch: 57
Loss: 0.15555498630168504
Some target is missing!
Missing ratio: 0.011345
Some target is missing!
Missing ratio: 0.011345
train: 0.901006	val: 0.666084	test: 0.636720

Epoch: 58
Loss: 0.1563321177947662
Some target is missing!
Missing ratio: 0.011345
Some target is missing!
Missing ratio: 0.011345
train: 0.902767	val: 0.655001	test: 0.639383

Epoch: 59
Loss: 0.15568047901832643
Some target is missing!
Missing ratio: 0.011345
Some target is missing!
Missing ratio: 0.011345
train: 0.904087	val: 0.654243	test: 0.630769

Epoch: 60
Loss: 0.15533588919315958
Some target is missing!
Missing ratio: 0.011345
Some target is missing!
Missing ratio: 0.011345
train: 0.904990	val: 0.663498	test: 0.636732

Epoch: 61
Loss: 0.15453449068999264
Some target is missing!
Missing ratio: 0.011345
Some target is missing!
Missing ratio: 0.011345
train: 0.906277	val: 0.661716	test: 0.628088

Epoch: 62
Loss: 0.15477612948188318
Some target is missing!
Missing ratio: 0.011345
Some target is missing!
Missing ratio: 0.011345
train: 0.907593	val: 0.659270	test: 0.638562

Epoch: 63
Loss: 0.1541576896548937
Some target is missing!
Missing ratio: 0.011345
Some target is missing!
Missing ratio: 0.011345
train: 0.907905	val: 0.656295	test: 0.632686

Epoch: 64
Loss: 0.1523358726073991
Some target is missing!
Missing ratio: 0.011345
Some target is missing!
Missing ratio: 0.011345
train: 0.909596	val: 0.659272	test: 0.637695

Epoch: 65
Loss: 0.1534747783483715
Some target is missing!
Missing ratio: 0.011345
Some target is missing!
Missing ratio: 0.011345
train: 0.910530	val: 0.665419	test: 0.637529

Epoch: 66
Loss: 0.15331546615624703
Some target is missing!
Missing ratio: 0.011345
Some target is missing!
Missing ratio: 0.011345
train: 0.911627	val: 0.660456	test: 0.628850

Epoch: 67
Loss: 0.15236293026588263
Some target is missing!
Missing ratio: 0.011345
Some target is missing!
Missing ratio: 0.011345
train: 0.912023	val: 0.659247	test: 0.632187

Epoch: 68
Loss: 0.15241875522362416
Some target is missing!
Missing ratio: 0.011345
Some target is missing!
Missing ratio: 0.011345
train: 0.911874	val: 0.663819	test: 0.634327

Epoch: 69
Loss: 0.15114567956052186
Some target is missing!
Missing ratio: 0.011345
Some target is missing!
Missing ratio: 0.011345
train: 0.912337	val: 0.657669	test: 0.625855

Epoch: 70
Loss: 0.1509244191422445
Some target is missing!
Missing ratio: 0.011345
Some target is missing!
Missing ratio: 0.011345
train: 0.913353	val: 0.659104	test: 0.627140

Epoch: 71
Loss: 0.15005125708946018
Some target is missing!
Missing ratio: 0.011345
Some target is missing!
Missing ratio: 0.011345
train: 0.915735	val: 0.661155	test: 0.626489

Epoch: 72
Loss: 0.15042355330841617
Some target is missing!
Missing ratio: 0.011345
Some target is missing!
Missing ratio: 0.011345
train: 0.916330	val: 0.662073	test: 0.633667

Epoch: 73
Loss: 0.14943976563881908
Some target is missing!
Missing ratio: 0.011345
Some target is missing!
Missing ratio: 0.011345
train: 0.918236	val: 0.660527	test: 0.631540

Epoch: 74
Loss: 0.14951073087630296
Some target is missing!
Missing ratio: 0.011345
Some target is missing!
Missing ratio: 0.011345
train: 0.916832	val: 0.663992	test: 0.626676

Epoch: 75
Loss: 0.14847903708181193
Some target is missing!
Missing ratio: 0.011345
Some target is missing!
Missing ratio: 0.011345
train: 0.917847	val: 0.665719	test: 0.633596

Epoch: 76
Loss: 0.14896381470013212
Some target is missing!
Missing ratio: 0.011345
Some target is missing!
Missing ratio: 0.011345
train: 0.919863	val: 0.658384	test: 0.619398

Epoch: 77
Loss: 0.14849483462748
Some target is missing!
Missing ratio: 0.011345
Some target is missing!
Missing ratio: 0.011345
train: 0.921565	val: 0.666212	test: 0.638945

Epoch: 78
Loss: 0.14706839020621032
Some target is missing!
Missing ratio: 0.011345
Some target is missing!
Missing ratio: 0.011345
train: 0.920809	val: 0.661149	test: 0.629305

Epoch: 79
Loss: 0.14742201618974363
Some target is missing!
Missing ratio: 0.011345
Some target is missing!
Missing ratio: 0.011345
train: 0.922760	val: 0.658564	test: 0.627393

Epoch: 80
Loss: 0.1467154397947135
Some target is missing!
Missing ratio: 0.011345
Some target is missing!
Missing ratio: 0.011345
train: 0.923585	val: 0.661639	test: 0.629559

Epoch: 81
Loss: 0.14831141234382503
Some target is missing!
Missing ratio: 0.011345
Some target is missing!
Missing ratio: 0.011345
train: 0.923894	val: 0.664635	test: 0.630980

Epoch: 82
Loss: 0.14649792824887078
Some target is missing!
Missing ratio: 0.011345
Some target is missing!
Missing ratio: 0.011345
train: 0.924952	val: 0.665964	test: 0.632516

Epoch: 83
Loss: 0.14558264205337154
Some target is missing!
Missing ratio: 0.011345
Some target is missing!
Missing ratio: 0.011345
train: 0.926577	val: 0.664357	test: 0.633056

Epoch: 84
Loss: 0.14540511087470842
Some target is missing!
Missing ratio: 0.011345
Some target is missing!
Missing ratio: 0.011345
train: 0.927080	val: 0.661178	test: 0.637919

Epoch: 85
Loss: 0.14559124754262578
Some target is missing!
Missing ratio: 0.011345
Some target is missing!
Missing ratio: 0.011345
train: 0.926367	val: 0.661099	test: 0.629041

Epoch: 86
Loss: 0.1443120664427529
Some target is missing!
Missing ratio: 0.011345
Some target is missing!
Missing ratio: 0.011345
train: 0.926833	val: 0.665064	test: 0.630228

Epoch: 87
Loss: 0.14511671793221076
Some target is missing!
Missing ratio: 0.011345
Some target is missing!
Missing ratio: 0.011345
train: 0.928899	val: 0.660591	test: 0.625685

Epoch: 88
Loss: 0.14418717688330407
Some target is missing!
Missing ratio: 0.011345
Some target is missing!
Missing ratio: 0.011345
train: 0.929174	val: 0.663163	test: 0.627527

Epoch: 89
Loss: 0.14492631863432737
Some target is missing!
Missing ratio: 0.011345
Some target is missing!
Missing ratio: 0.011345
train: 0.929360	val: 0.660692	test: 0.631625

Epoch: 90
Loss: 0.14367611052630275
Some target is missing!
Missing ratio: 0.011345
Some target is missing!
Missing ratio: 0.011345
train: 0.929934	val: 0.667393	test: 0.632421

Epoch: 91
Loss: 0.14294837473869815
Some target is missing!
Missing ratio: 0.011345
Some target is missing!
Missing ratio: 0.011345
train: 0.930614	val: 0.661496	test: 0.634200

Epoch: 92
Loss: 0.14327809328750357
Some target is missing!
Missing ratio: 0.011345
Some target is missing!
Missing ratio: 0.011345
train: 0.930933	val: 0.659394	test: 0.634000

Epoch: 93
Loss: 0.14267988570062726
Some target is missing!
Missing ratio: 0.011345
Some target is missing!
Missing ratio: 0.011345
train: 0.930820	val: 0.654398	test: 0.628744

Epoch: 94
Loss: 0.14258505288306042
Some target is missing!
Missing ratio: 0.011345
Some target is missing!
Missing ratio: 0.011345
train: 0.931358	val: 0.660919	test: 0.633938

Epoch: 95
Loss: 0.1424703844446506
Some target is missing!
Missing ratio: 0.011345
Some target is missing!
Missing ratio: 0.011345
train: 0.932975	val: 0.659377	test: 0.639711

Epoch: 96
Loss: 0.14205614412188233
Some target is missing!
Missing ratio: 0.011345
Some target is missing!
Missing ratio: 0.011345
train: 0.932791	val: 0.658837	test: 0.633061

Epoch: 97
Loss: 0.14054025861910255
Some target is missing!
Missing ratio: 0.011345
Some target is missing!
Missing ratio: 0.011345
train: 0.934965	val: 0.664566	test: 0.632437

Epoch: 98
Loss: 0.1411963657601708
Some target is missing!
Missing ratio: 0.011345
Some target is missing!
Missing ratio: 0.011345
train: 0.935373	val: 0.650585	test: 0.632028

Epoch: 99
Loss: 0.14061448119927467
Some target is missing!
Missing ratio: 0.011345
Some target is missing!
Missing ratio: 0.011345
train: 0.935828	val: 0.657863	test: 0.638640

Epoch: 100
Loss: 0.13974255078907896
Some target is missing!
Missing ratio: 0.011345
Some target is missing!
Missing ratio: 0.011345
train: 0.936042	val: 0.652185	test: 0.632369

best train: 0.886157	val: 0.669921	test: 0.631427
end
