9242913_2
--dataset=muv --runseed=2 --eval_train --batch_size=256 --dropout_ratio=0.5 --input_model_file=../output/3D_hybrid_03_masking/GEOM_3D_nmol50000_nconf5_nupper1000/CL_1_VAE_1_CP_0.1/6_51_10_0.1/0.15_EBM_dot_prod_0.2_normalize_l2_detach_target_2_100_0/pretraining_model.pth
start
arguments	 Namespace(AE_loss='l2', AE_model='AE', CL_neg_samples=1, CL_similarity_metric='InfoNCE_dot_prod', JK='last', SSL_2D_mode='AM', SSL_masking_ratio=0, T=0.1, alpha_1=1, alpha_2=1, alpha_3=0.1, batch_size=256, beta=1, contextpred_neg_samples=1, csize=3, cutoff=10, data_dir_chirality='../datasets/chirality/d4_docking/d4_docking_rs.csv', dataset='muv', decay=0, detach_target=True, device=0, dropout_ratio=0.5, emb_dim=300, engg_n_layers=4, epochs=100, eval_train=True, flow_length=8, flow_model='planar', gamma_joao=0.1, gamma_joaov2=0.1, gnn_lr_scale=1, gnn_type='gin', graph_pooling='mean', input_data_dir='', input_model_file='../output/3D_hybrid_03_masking/GEOM_3D_nmol50000_nconf5_nupper1000/CL_1_VAE_1_CP_0.1/6_51_10_0.1/0.15_EBM_dot_prod_0.2_normalize_l2_detach_target_2_100_0/pretraining_model.pth', iw_samples=5, lr=0.001, lr_scale=1, m_dim=50, mask_edge=0, mask_rate=0.15, model_3d='schnet', normalize=False, num_filters=128, num_gaussians=51, num_interactions=6, num_layer=5, num_workers=8, output_model_dir='', readout='mean', runseed=2, schnet_lr_scale=1, seed=42, split='scaffold', split_path='../datasets/chirality/d4_docking/rs/split0.npy', verbose=False)
Dataset: muv
Data: Data(edge_attr=[4892252, 2], edge_index=[2, 4892252], id=[93087], x=[2255846, 2], y=[1582479])
MoleculeDataset(93087)
split via scaffold
Data(edge_attr=[30, 2], edge_index=[2, 30], id=[1], x=[15, 2], y=[17])
GNN_graphpred(
(molecule_model): GNN(
(x_embedding1): Embedding(120, 300)
(x_embedding2): Embedding(3, 300)
(gnns): ModuleList(
(0): GINConv(
(mlp): Sequential(
(0): Linear(in_features=300, out_features=600, bias=True)
(1): ReLU()
(2): Linear(in_features=600, out_features=300, bias=True)
)
(edge_embedding1): Embedding(6, 300)
(edge_embedding2): Embedding(3, 300)
)
(1): GINConv(
(mlp): Sequential(
(0): Linear(in_features=300, out_features=600, bias=True)
(1): ReLU()
(2): Linear(in_features=600, out_features=300, bias=True)
)
(edge_embedding1): Embedding(6, 300)
(edge_embedding2): Embedding(3, 300)
)
(2): GINConv(
(mlp): Sequential(
(0): Linear(in_features=300, out_features=600, bias=True)
(1): ReLU()
(2): Linear(in_features=600, out_features=300, bias=True)
)
(edge_embedding1): Embedding(6, 300)
(edge_embedding2): Embedding(3, 300)
)
(3): GINConv(
(mlp): Sequential(
(0): Linear(in_features=300, out_features=600, bias=True)
(1): ReLU()
(2): Linear(in_features=600, out_features=300, bias=True)
)
(edge_embedding1): Embedding(6, 300)
(edge_embedding2): Embedding(3, 300)
)
(4): GINConv(
(mlp): Sequential(
(0): Linear(in_features=300, out_features=600, bias=True)
(1): ReLU()
(2): Linear(in_features=600, out_features=300, bias=True)
)
(edge_embedding1): Embedding(6, 300)
(edge_embedding2): Embedding(3, 300)
)
)
(batch_norms): ModuleList(
(0): BatchNorm1d(300, eps=1e-05, momentum=0.1, affine=True, track_running_stats=True)
(1): BatchNorm1d(300, eps=1e-05, momentum=0.1, affine=True, track_running_stats=True)
(2): BatchNorm1d(300, eps=1e-05, momentum=0.1, affine=True, track_running_stats=True)
(3): BatchNorm1d(300, eps=1e-05, momentum=0.1, affine=True, track_running_stats=True)
(4): BatchNorm1d(300, eps=1e-05, momentum=0.1, affine=True, track_running_stats=True)
)
)
(graph_pred_linear): Linear(in_features=300, out_features=17, bias=True)
)
Epoch: 1
Loss: 0.10274278130916285
Some target is missing!
Missing ratio: 0.058824
Some target is missing!
Missing ratio: 0.117647
train: 0.671030	val: 0.692683	test: 0.694562

Epoch: 2
Loss: 0.01393402836499466
Some target is missing!
Missing ratio: 0.058824
Some target is missing!
Missing ratio: 0.117647
train: 0.756731	val: 0.766475	test: 0.664109

Epoch: 3
Loss: 0.013032637598819343
Some target is missing!
Missing ratio: 0.058824
Some target is missing!
Missing ratio: 0.117647
train: 0.801660	val: 0.768740	test: 0.711405

Epoch: 4
Loss: 0.01273605927239322
Some target is missing!
Missing ratio: 0.058824
Some target is missing!
Missing ratio: 0.117647
train: 0.822625	val: 0.788673	test: 0.720252

Epoch: 5
Loss: 0.01261199892474156
Some target is missing!
Missing ratio: 0.058824
Some target is missing!
Missing ratio: 0.117647
train: 0.835906	val: 0.780289	test: 0.714964

Epoch: 6
Loss: 0.012261572070084688
Some target is missing!
Missing ratio: 0.058824
Some target is missing!
Missing ratio: 0.117647
train: 0.844059	val: 0.738401	test: 0.708096

Epoch: 7
Loss: 0.012167965142448403
Some target is missing!
Missing ratio: 0.058824
Some target is missing!
Missing ratio: 0.117647
train: 0.855055	val: 0.773836	test: 0.757437

Epoch: 8
Loss: 0.011970100611084724
Some target is missing!
Missing ratio: 0.058824
Some target is missing!
Missing ratio: 0.117647
train: 0.876093	val: 0.789484	test: 0.742507

Epoch: 9
Loss: 0.011731041030960891
Some target is missing!
Missing ratio: 0.058824
Some target is missing!
Missing ratio: 0.117647
train: 0.889568	val: 0.795346	test: 0.747775

Epoch: 10
Loss: 0.01158009175225848
Some target is missing!
Missing ratio: 0.058824
Some target is missing!
Missing ratio: 0.117647
train: 0.896807	val: 0.783234	test: 0.744979

Epoch: 11
Loss: 0.011421928314681057
Some target is missing!
Missing ratio: 0.058824
Some target is missing!
Missing ratio: 0.117647
train: 0.898184	val: 0.776963	test: 0.771541

Epoch: 12
Loss: 0.01140654290158536
Some target is missing!
Missing ratio: 0.058824
Some target is missing!
Missing ratio: 0.117647
train: 0.918811	val: 0.772510	test: 0.782698

Epoch: 13
Loss: 0.011259249595744735
Some target is missing!
Missing ratio: 0.058824
Some target is missing!
Missing ratio: 0.117647
train: 0.918713	val: 0.787182	test: 0.765790

Epoch: 14
Loss: 0.0111526159686344
Some target is missing!
Missing ratio: 0.058824
Some target is missing!
Missing ratio: 0.117647
train: 0.919987	val: 0.773671	test: 0.772525

Epoch: 15
Loss: 0.011030874468525624
Some target is missing!
Missing ratio: 0.058824
Some target is missing!
Missing ratio: 0.117647
train: 0.927325	val: 0.762849	test: 0.728464

Epoch: 16
Loss: 0.010671712705718298
Some target is missing!
Missing ratio: 0.058824
Some target is missing!
Missing ratio: 0.117647
train: 0.933148	val: 0.772082	test: 0.745006

Epoch: 17
Loss: 0.01069535197088071
Some target is missing!
Missing ratio: 0.058824
Some target is missing!
Missing ratio: 0.117647
train: 0.935156	val: 0.740429	test: 0.735693

Epoch: 18
Loss: 0.010480745129518269
Some target is missing!
Missing ratio: 0.058824
Some target is missing!
Missing ratio: 0.117647
train: 0.937644	val: 0.767954	test: 0.798963

Epoch: 19
Loss: 0.010593362323331143
Some target is missing!
Missing ratio: 0.058824
Some target is missing!
Missing ratio: 0.117647
train: 0.940172	val: 0.741719	test: 0.750616

Epoch: 20
Loss: 0.010377763799928446
Some target is missing!
Missing ratio: 0.058824
Some target is missing!
Missing ratio: 0.117647
train: 0.949385	val: 0.786031	test: 0.786038

Epoch: 21
Loss: 0.010227494544458402
Some target is missing!
Missing ratio: 0.058824
Some target is missing!
Missing ratio: 0.117647
train: 0.945263	val: 0.787874	test: 0.758955

Epoch: 22
Loss: 0.010075493965142806
Some target is missing!
Missing ratio: 0.058824
Some target is missing!
Missing ratio: 0.117647
train: 0.948280	val: 0.769732	test: 0.731801

Epoch: 23
Loss: 0.009885489686228049
Some target is missing!
Missing ratio: 0.058824
Some target is missing!
Missing ratio: 0.117647
train: 0.956410	val: 0.744398	test: 0.751645

Epoch: 24
Loss: 0.009890102081196442
Some target is missing!
Missing ratio: 0.058824
Some target is missing!
Missing ratio: 0.117647
train: 0.951394	val: 0.744068	test: 0.734420

Epoch: 25
Loss: 0.009662030096978816
Some target is missing!
Missing ratio: 0.058824
Some target is missing!
Missing ratio: 0.117647
train: 0.954167	val: 0.753168	test: 0.770601

Epoch: 26
Loss: 0.00961583468536679
Some target is missing!
Missing ratio: 0.058824
Some target is missing!
Missing ratio: 0.117647
train: 0.961044	val: 0.756560	test: 0.781581

Epoch: 27
Loss: 0.009502720979509355
Some target is missing!
Missing ratio: 0.058824
Some target is missing!
Missing ratio: 0.117647
train: 0.966268	val: 0.774682	test: 0.743062

Epoch: 28
Loss: 0.009264447942403385
Some target is missing!
Missing ratio: 0.058824
Some target is missing!
Missing ratio: 0.117647
train: 0.963047	val: 0.730826	test: 0.755843

Epoch: 29
Loss: 0.009125120233186724
Some target is missing!
Missing ratio: 0.058824
Some target is missing!
Missing ratio: 0.117647
train: 0.972465	val: 0.756788	test: 0.785097

Epoch: 30
Loss: 0.009219536518800421
Some target is missing!
Missing ratio: 0.058824
Some target is missing!
Missing ratio: 0.117647
train: 0.969807	val: 0.747472	test: 0.747994

Epoch: 31
Loss: 0.009204941207600759
Some target is missing!
Missing ratio: 0.058824
Some target is missing!
Missing ratio: 0.117647
train: 0.970012	val: 0.783621	test: 0.750113

Epoch: 32
Loss: 0.00898337814356033
Some target is missing!
Missing ratio: 0.058824
Some target is missing!
Missing ratio: 0.117647
train: 0.975769	val: 0.780654	test: 0.769295

Epoch: 33
Loss: 0.00887446315689907
Some target is missing!
Missing ratio: 0.058824
Some target is missing!
Missing ratio: 0.117647
train: 0.976497	val: 0.766375	test: 0.738415

Epoch: 34
Loss: 0.008869334618686947
Some target is missing!
Missing ratio: 0.058824
Some target is missing!
Missing ratio: 0.117647
train: 0.976280	val: 0.773807	test: 0.745089

Epoch: 35
Loss: 0.008778518594585305
Some target is missing!
Missing ratio: 0.058824
Some target is missing!
Missing ratio: 0.117647
train: 0.976695	val: 0.765901	test: 0.730677

Epoch: 36
Loss: 0.008501220002621969
Some target is missing!
Missing ratio: 0.058824
Some target is missing!
Missing ratio: 0.117647
train: 0.976337	val: 0.755344	test: 0.730568

Epoch: 37
Loss: 0.008426853765959285
Some target is missing!
Missing ratio: 0.058824
Some target is missing!
Missing ratio: 0.117647
train: 0.983544	val: 0.744357	test: 0.733926

Epoch: 38
Loss: 0.008434972348819385
Some target is missing!
Missing ratio: 0.058824
Some target is missing!
Missing ratio: 0.117647
train: 0.980009	val: 0.755723	test: 0.740365

Epoch: 39
Loss: 0.008291870307643346
Some target is missing!
Missing ratio: 0.058824
Some target is missing!
Missing ratio: 0.117647
train: 0.981255	val: 0.759951	test: 0.748313

Epoch: 40
Loss: 0.008060951510890483
Some target is missing!
Missing ratio: 0.058824
Some target is missing!
Missing ratio: 0.117647
train: 0.985577	val: 0.761234	test: 0.740922

Epoch: 41
Loss: 0.008321195446708668
Some target is missing!
Missing ratio: 0.058824
Some target is missing!
Missing ratio: 0.117647
train: 0.983164	val: 0.747677	test: 0.734396

Epoch: 42
Loss: 0.007934062637785965
Some target is missing!
Missing ratio: 0.058824
Some target is missing!
Missing ratio: 0.117647
train: 0.985137	val: 0.778423	test: 0.764836

Epoch: 43
Loss: 0.007927507617792802
Some target is missing!
Missing ratio: 0.058824
Some target is missing!
Missing ratio: 0.117647
train: 0.984048	val: 0.781447	test: 0.751005

Epoch: 44
Loss: 0.007543017425337267
Some target is missing!
Missing ratio: 0.058824
Some target is missing!
Missing ratio: 0.117647
train: 0.986900	val: 0.769954	test: 0.749910

Epoch: 45
Loss: 0.007714198312679614
Some target is missing!
Missing ratio: 0.058824
Some target is missing!
Missing ratio: 0.117647
train: 0.987469	val: 0.781277	test: 0.757354

Epoch: 46
Loss: 0.007721806663026303
Some target is missing!
Missing ratio: 0.058824
Some target is missing!
Missing ratio: 0.117647
train: 0.989945	val: 0.763806	test: 0.753908

Epoch: 47
Loss: 0.007404995886544954
Some target is missing!
Missing ratio: 0.058824
Some target is missing!
Missing ratio: 0.117647
train: 0.989711	val: 0.758088	test: 0.760392

Epoch: 48
Loss: 0.0074420282407390926
Some target is missing!
Missing ratio: 0.058824
Some target is missing!
Missing ratio: 0.117647
train: 0.991178	val: 0.783602	test: 0.735172

Epoch: 49
Loss: 0.0072059265460124675
Some target is missing!
Missing ratio: 0.058824
Some target is missing!
Missing ratio: 0.117647
train: 0.991889	val: 0.766985	test: 0.745949

Epoch: 50
Loss: 0.007264769109218483
Some target is missing!
Missing ratio: 0.058824
Some target is missing!
Missing ratio: 0.117647
train: 0.992961	val: 0.774205	test: 0.765060

Epoch: 51
Loss: 0.007301875843643485
Some target is missing!
Missing ratio: 0.058824
Some target is missing!
Missing ratio: 0.117647
train: 0.991555	val: 0.768340	test: 0.730974

Epoch: 52
Loss: 0.007071801346853431
Some target is missing!
Missing ratio: 0.058824
Some target is missing!
Missing ratio: 0.117647
train: 0.993520	val: 0.768326	test: 0.745161

Epoch: 53
Loss: 0.007168861178919179
Some target is missing!
Missing ratio: 0.058824
Some target is missing!
Missing ratio: 0.117647
train: 0.992471	val: 0.763485	test: 0.735915

Epoch: 54
Loss: 0.006756185355914238
Some target is missing!
Missing ratio: 0.058824
Some target is missing!
Missing ratio: 0.117647
train: 0.994784	val: 0.792363	test: 0.734084

Epoch: 55
Loss: 0.00663341458171783
Some target is missing!
Missing ratio: 0.058824
Some target is missing!
Missing ratio: 0.117647
train: 0.994953	val: 0.766973	test: 0.728932

Epoch: 56
Loss: 0.006689598640279332
Some target is missing!
Missing ratio: 0.058824
Some target is missing!
Missing ratio: 0.117647
train: 0.994399	val: 0.773907	test: 0.757138

Epoch: 57
Loss: 0.006739566705087512
Some target is missing!
Missing ratio: 0.058824
Some target is missing!
Missing ratio: 0.117647
train: 0.995362	val: 0.782690	test: 0.774920

Epoch: 58
Loss: 0.006442701995057775
Some target is missing!
Missing ratio: 0.058824
Some target is missing!
Missing ratio: 0.117647
train: 0.994949	val: 0.772488	test: 0.728503

Epoch: 59
Loss: 0.006443850258196763
Some target is missing!
Missing ratio: 0.058824
Some target is missing!
Missing ratio: 0.117647
train: 0.994910	val: 0.763837	test: 0.765110

Epoch: 60
Loss: 0.006377000816357532
Some target is missing!
Missing ratio: 0.058824
Some target is missing!
Missing ratio: 0.117647
train: 0.996004	val: 0.779903	test: 0.762940

Epoch: 61
Loss: 0.006456152379908342
Some target is missing!
Missing ratio: 0.058824
Some target is missing!
Missing ratio: 0.117647
train: 0.996379	val: 0.786877	test: 0.748441

Epoch: 62
Loss: 0.0060570967298426035
Some target is missing!
Missing ratio: 0.058824
Some target is missing!
Missing ratio: 0.117647
train: 0.996350	val: 0.788986	test: 0.761804

Epoch: 63
Loss: 0.005900692758157333
Some target is missing!
Missing ratio: 0.058824
Some target is missing!
Missing ratio: 0.117647
train: 0.997078	val: 0.811426	test: 0.765080

Epoch: 64
Loss: 0.0059825948367746296
Some target is missing!
Missing ratio: 0.058824
Some target is missing!
Missing ratio: 0.117647
train: 0.997797	val: 0.793072	test: 0.741870

Epoch: 65
Loss: 0.006009072497361654
Some target is missing!
Missing ratio: 0.058824
Some target is missing!
Missing ratio: 0.117647
train: 0.997560	val: 0.791591	test: 0.764182

Epoch: 66
Loss: 0.005771612725932105
Some target is missing!
Missing ratio: 0.058824
Some target is missing!
Missing ratio: 0.117647
train: 0.997271	val: 0.799080	test: 0.759040

Epoch: 67
Loss: 0.005703802001848714
Some target is missing!
Missing ratio: 0.058824
Some target is missing!
Missing ratio: 0.117647
train: 0.997675	val: 0.797023	test: 0.751733

Epoch: 68
Loss: 0.005953350390599077
Some target is missing!
Missing ratio: 0.058824
Some target is missing!
Missing ratio: 0.117647
train: 0.998017	val: 0.760835	test: 0.746789

Epoch: 69
Loss: 0.0053972339683285835
Some target is missing!
Missing ratio: 0.058824
Some target is missing!
Missing ratio: 0.117647
train: 0.997545	val: 0.770368	test: 0.745001

Epoch: 70
Loss: 0.005384300108287327
Some target is missing!
Missing ratio: 0.058824
Some target is missing!
Missing ratio: 0.117647
train: 0.997466	val: 0.787718	test: 0.763878

Epoch: 71
Loss: 0.00540967723971224
Some target is missing!
Missing ratio: 0.058824
Some target is missing!
Missing ratio: 0.117647
train: 0.998682	val: 0.794718	test: 0.739137

Epoch: 72
Loss: 0.005547074609168102
Some target is missing!
Missing ratio: 0.058824
Some target is missing!
Missing ratio: 0.117647
train: 0.998592	val: 0.796518	test: 0.751256

Epoch: 73
Loss: 0.005577672759002551
Some target is missing!
Missing ratio: 0.058824
Some target is missing!
Missing ratio: 0.117647
train: 0.998383	val: 0.786412	test: 0.734308

Epoch: 74
Loss: 0.005276410010912449
Some target is missing!
Missing ratio: 0.058824
Some target is missing!
Missing ratio: 0.117647
train: 0.998769	val: 0.808923	test: 0.758954

Epoch: 75
Loss: 0.005096281422143463
Some target is missing!
Missing ratio: 0.058824
Some target is missing!
Missing ratio: 0.117647
train: 0.998894	val: 0.789550	test: 0.754445

Epoch: 76
Loss: 0.0051640007552911016
Some target is missing!
Missing ratio: 0.058824
Some target is missing!
Missing ratio: 0.117647
train: 0.998766	val: 0.791196	test: 0.732854

Epoch: 77
Loss: 0.004923957446834268
Some target is missing!
Missing ratio: 0.058824
Some target is missing!
Missing ratio: 0.117647
train: 0.998904	val: 0.792563	test: 0.757876

Epoch: 78
Loss: 0.004896414954585187
Some target is missing!
Missing ratio: 0.058824
Some target is missing!
Missing ratio: 0.117647
train: 0.999230	val: 0.763855	test: 0.734954

Epoch: 79
Loss: 0.004869220581908902
Some target is missing!
Missing ratio: 0.058824
Some target is missing!
Missing ratio: 0.117647
train: 0.999238	val: 0.801566	test: 0.739885

Epoch: 80
Loss: 0.00490450401319576
Some target is missing!
Missing ratio: 0.058824
Some target is missing!
Missing ratio: 0.117647
train: 0.999272	val: 0.757770	test: 0.750022

Epoch: 81
Loss: 0.004876779029472034
Some target is missing!
Missing ratio: 0.058824
Some target is missing!
Missing ratio: 0.117647
train: 0.999108	val: 0.783656	test: 0.751433

Epoch: 82
Loss: 0.004598406078428023
Some target is missing!
Missing ratio: 0.058824
Some target is missing!
Missing ratio: 0.117647
train: 0.999273	val: 0.778984	test: 0.747224

Epoch: 83
Loss: 0.004601165040159799
Some target is missing!
Missing ratio: 0.058824
Some target is missing!
Missing ratio: 0.117647
train: 0.999368	val: 0.785583	test: 0.749787

Epoch: 84
Loss: 0.004903251456980059
Some target is missing!
Missing ratio: 0.058824
Some target is missing!
Missing ratio: 0.117647
train: 0.999368	val: 0.766083	test: 0.739525

Epoch: 85
Loss: 0.004627657126696399
Some target is missing!
Missing ratio: 0.058824
Some target is missing!
Missing ratio: 0.117647
train: 0.999297	val: 0.780136	test: 0.730046

Epoch: 86
Loss: 0.004552268719443742
Some target is missing!
Missing ratio: 0.058824
Some target is missing!
Missing ratio: 0.117647
train: 0.999400	val: 0.800270	test: 0.767415

Epoch: 87
Loss: 0.004453740527792261
Some target is missing!
Missing ratio: 0.058824
Some target is missing!
Missing ratio: 0.117647
train: 0.999387	val: 0.806549	test: 0.746819

Epoch: 88
Loss: 0.0040263376864096406
Some target is missing!
Missing ratio: 0.058824
Some target is missing!
Missing ratio: 0.117647
train: 0.999407	val: 0.763508	test: 0.768941

Epoch: 89
Loss: 0.004006242325693818
Some target is missing!
Missing ratio: 0.058824
Some target is missing!
Missing ratio: 0.117647
train: 0.999617	val: 0.790673	test: 0.759072

Epoch: 90
Loss: 0.004439075519514295
Some target is missing!
Missing ratio: 0.058824
Some target is missing!
Missing ratio: 0.117647
train: 0.999611	val: 0.778380	test: 0.746694

Epoch: 91
Loss: 0.004063712764120126
Some target is missing!
Missing ratio: 0.058824
Some target is missing!
Missing ratio: 0.117647
train: 0.999746	val: 0.787027	test: 0.740969

Epoch: 92
Loss: 0.003963251981804589
Some target is missing!
Missing ratio: 0.058824
Some target is missing!
Missing ratio: 0.117647
train: 0.999662	val: 0.793463	test: 0.736034

Epoch: 93
Loss: 0.004509138622169589
Some target is missing!
Missing ratio: 0.058824
Some target is missing!
Missing ratio: 0.117647
train: 0.999707	val: 0.805457	test: 0.760149

Epoch: 94
Loss: 0.004089368092572324
Some target is missing!
Missing ratio: 0.058824
Some target is missing!
Missing ratio: 0.117647
train: 0.999767	val: 0.789893	test: 0.752592

Epoch: 95
Loss: 0.004013007861477546
Some target is missing!
Missing ratio: 0.058824
Some target is missing!
Missing ratio: 0.117647
train: 0.999638	val: 0.791770	test: 0.751574

Epoch: 96
Loss: 0.004040704687850132
Some target is missing!
Missing ratio: 0.058824
Some target is missing!
Missing ratio: 0.117647
train: 0.999694	val: 0.786572	test: 0.747322

Epoch: 97
Loss: 0.0038909202474404496
Some target is missing!
Missing ratio: 0.058824
Some target is missing!
Missing ratio: 0.117647
train: 0.999795	val: 0.767265	test: 0.734347

Epoch: 98
Loss: 0.0038753825394390834
Some target is missing!
Missing ratio: 0.058824
Some target is missing!
Missing ratio: 0.117647
train: 0.999758	val: 0.777230	test: 0.736409

Epoch: 99
Loss: 0.0039022992732935273
Some target is missing!
Missing ratio: 0.058824
Some target is missing!
Missing ratio: 0.117647
train: 0.999686	val: 0.791249	test: 0.739263

Epoch: 100
Loss: 0.0038094689442358626
Some target is missing!
Missing ratio: 0.058824
Some target is missing!
Missing ratio: 0.117647
train: 0.999537	val: 0.774341	test: 0.738497

best train: 0.997078	val: 0.811426	test: 0.765080
end
