13617833_1
--dataset=muv --runseed=1 --eval_train --batch_size=256 --dropout_ratio=0.5 --input_model_file=../output/3D_hybrid_02_masking/GEOM_3D_nmol50000_nconf5_nupper1000/CL_1_VAE_1/6_51_10_0.1/0.3_EBM_dot_prod_0.1_normalize_l2_detach_target_2_100_0/pretraining_model.pth
start
arguments	 Namespace(AE_loss='l2', AE_model='AE', CL_neg_samples=1, CL_similarity_metric='InfoNCE_dot_prod', JK='last', SSL_2D_mode='AM', SSL_masking_ratio=0, T=0.1, alpha_1=1, alpha_2=1, alpha_3=0.1, batch_size=256, beta=1, contextpred_neg_samples=1, csize=3, cutoff=10, data_dir_chirality='../datasets/chirality/d4_docking/d4_docking_rs.csv', dataset='muv', decay=0, detach_target=True, device=0, dropout_ratio=0.5, emb_dim=300, engg_n_layers=4, epochs=100, eval_train=True, flow_length=8, flow_model='planar', gamma_joao=0.1, gamma_joaov2=0.1, gnn_lr_scale=1, gnn_type='gin', graph_pooling='mean', input_data_dir='', input_model_file='../output/3D_hybrid_02_masking/GEOM_3D_nmol50000_nconf5_nupper1000/CL_1_VAE_1/6_51_10_0.1/0.3_EBM_dot_prod_0.1_normalize_l2_detach_target_2_100_0/pretraining_model.pth', iw_samples=5, lr=0.001, lr_scale=1, m_dim=50, mask_edge=0, mask_rate=0.15, model_3d='schnet', normalize=False, num_filters=128, num_gaussians=51, num_interactions=6, num_layer=5, num_workers=8, output_model_dir='', readout='mean', runseed=1, schnet_lr_scale=1, se3_transformer_div=2, se3_transformer_n_heads=8, se3_transformer_num_channels=32, se3_transformer_num_degrees=4, se3_transformer_num_layers=7, se3_transformer_num_nlayers=1, seed=42, spherenet_basis_emb_size_angle=8, spherenet_basis_emb_size_dist=8, spherenet_basis_emb_size_torsion=8, spherenet_cutoff=3.0, spherenet_envelope_exponent=5, spherenet_int_emb_size=64, spherenet_num_after_skip=2, spherenet_num_before_skip=1, spherenet_num_layers=4, spherenet_num_output_layers=3, spherenet_num_radial=6, spherenet_num_spherical=3, spherenet_out_emb_channels=256, split='scaffold', split_path='../datasets/chirality/d4_docking/rs/split0.npy', verbose=False)
Dataset: muv
Data: Data(edge_attr=[4892252, 2], edge_index=[2, 4892252], id=[93087], x=[2255846, 2], y=[1582479])
MoleculeDataset(93087)
split via scaffold
Data(edge_attr=[30, 2], edge_index=[2, 30], id=[1], x=[15, 2], y=[17])
GNN_graphpred(
(molecule_model): GNN(
(x_embedding1): Embedding(120, 300)
(x_embedding2): Embedding(3, 300)
(gnns): ModuleList(
(0): GINConv(
(mlp): Sequential(
(0): Linear(in_features=300, out_features=600, bias=True)
(1): ReLU()
(2): Linear(in_features=600, out_features=300, bias=True)
)
(edge_embedding1): Embedding(6, 300)
(edge_embedding2): Embedding(3, 300)
)
(1): GINConv(
(mlp): Sequential(
(0): Linear(in_features=300, out_features=600, bias=True)
(1): ReLU()
(2): Linear(in_features=600, out_features=300, bias=True)
)
(edge_embedding1): Embedding(6, 300)
(edge_embedding2): Embedding(3, 300)
)
(2): GINConv(
(mlp): Sequential(
(0): Linear(in_features=300, out_features=600, bias=True)
(1): ReLU()
(2): Linear(in_features=600, out_features=300, bias=True)
)
(edge_embedding1): Embedding(6, 300)
(edge_embedding2): Embedding(3, 300)
)
(3): GINConv(
(mlp): Sequential(
(0): Linear(in_features=300, out_features=600, bias=True)
(1): ReLU()
(2): Linear(in_features=600, out_features=300, bias=True)
)
(edge_embedding1): Embedding(6, 300)
(edge_embedding2): Embedding(3, 300)
)
(4): GINConv(
(mlp): Sequential(
(0): Linear(in_features=300, out_features=600, bias=True)
(1): ReLU()
(2): Linear(in_features=600, out_features=300, bias=True)
)
(edge_embedding1): Embedding(6, 300)
(edge_embedding2): Embedding(3, 300)
)
)
(batch_norms): ModuleList(
(0): BatchNorm1d(300, eps=1e-05, momentum=0.1, affine=True, track_running_stats=True)
(1): BatchNorm1d(300, eps=1e-05, momentum=0.1, affine=True, track_running_stats=True)
(2): BatchNorm1d(300, eps=1e-05, momentum=0.1, affine=True, track_running_stats=True)
(3): BatchNorm1d(300, eps=1e-05, momentum=0.1, affine=True, track_running_stats=True)
(4): BatchNorm1d(300, eps=1e-05, momentum=0.1, affine=True, track_running_stats=True)
)
)
(graph_pred_linear): Linear(in_features=300, out_features=17, bias=True)
)
Epoch: 1
Loss: 0.10078917957540466
Some target is missing!
Missing ratio: 0.058824
Some target is missing!
Missing ratio: 0.117647
train: 0.640111	val: 0.654562	test: 0.662830

Epoch: 2
Loss: 0.013832841753650647
Some target is missing!
Missing ratio: 0.058824
Some target is missing!
Missing ratio: 0.117647
train: 0.726081	val: 0.719761	test: 0.661559

Epoch: 3
Loss: 0.01314526639547047
Some target is missing!
Missing ratio: 0.058824
Some target is missing!
Missing ratio: 0.117647
train: 0.772740	val: 0.732602	test: 0.708461

Epoch: 4
Loss: 0.012749794626232479
Some target is missing!
Missing ratio: 0.058824
Some target is missing!
Missing ratio: 0.117647
train: 0.833723	val: 0.762288	test: 0.713803

Epoch: 5
Loss: 0.01230389042239305
Some target is missing!
Missing ratio: 0.058824
Some target is missing!
Missing ratio: 0.117647
train: 0.822569	val: 0.770480	test: 0.727110

Epoch: 6
Loss: 0.012277037020706419
Some target is missing!
Missing ratio: 0.058824
Some target is missing!
Missing ratio: 0.117647
train: 0.861253	val: 0.787179	test: 0.746726

Epoch: 7
Loss: 0.011997762701007815
Some target is missing!
Missing ratio: 0.058824
Some target is missing!
Missing ratio: 0.117647
train: 0.876085	val: 0.797499	test: 0.736104

Epoch: 8
Loss: 0.011776816015138037
Some target is missing!
Missing ratio: 0.058824
Some target is missing!
Missing ratio: 0.117647
train: 0.885545	val: 0.772560	test: 0.763200

Epoch: 9
Loss: 0.01187253500062798
Some target is missing!
Missing ratio: 0.058824
Some target is missing!
Missing ratio: 0.117647
train: 0.887375	val: 0.776611	test: 0.736524

Epoch: 10
Loss: 0.011436122966722077
Some target is missing!
Missing ratio: 0.058824
Some target is missing!
Missing ratio: 0.117647
train: 0.904210	val: 0.783782	test: 0.763149

Epoch: 11
Loss: 0.011477860583632008
Some target is missing!
Missing ratio: 0.058824
Some target is missing!
Missing ratio: 0.117647
train: 0.914312	val: 0.785543	test: 0.752483

Epoch: 12
Loss: 0.01152326117710164
Some target is missing!
Missing ratio: 0.058824
Some target is missing!
Missing ratio: 0.117647
train: 0.924521	val: 0.789274	test: 0.769517

Epoch: 13
Loss: 0.011059412421006193
Some target is missing!
Missing ratio: 0.058824
Some target is missing!
Missing ratio: 0.117647
train: 0.914222	val: 0.779001	test: 0.766006

Epoch: 14
Loss: 0.010890531011456327
Some target is missing!
Missing ratio: 0.058824
Some target is missing!
Missing ratio: 0.117647
train: 0.923075	val: 0.787636	test: 0.753894

Epoch: 15
Loss: 0.010815373621986955
Some target is missing!
Missing ratio: 0.058824
Some target is missing!
Missing ratio: 0.117647
train: 0.939559	val: 0.795012	test: 0.752713

Epoch: 16
Loss: 0.01051784219508344
Some target is missing!
Missing ratio: 0.058824
Some target is missing!
Missing ratio: 0.117647
train: 0.928062	val: 0.768525	test: 0.753665

Epoch: 17
Loss: 0.010707998456055972
Some target is missing!
Missing ratio: 0.058824
Some target is missing!
Missing ratio: 0.117647
train: 0.946206	val: 0.788217	test: 0.758637

Epoch: 18
Loss: 0.010344780221491288
Some target is missing!
Missing ratio: 0.058824
Some target is missing!
Missing ratio: 0.117647
train: 0.939982	val: 0.765395	test: 0.770636

Epoch: 19
Loss: 0.010185897298730238
Some target is missing!
Missing ratio: 0.058824
Some target is missing!
Missing ratio: 0.117647
train: 0.945502	val: 0.785127	test: 0.766220

Epoch: 20
Loss: 0.01029504509137014
Some target is missing!
Missing ratio: 0.058824
Some target is missing!
Missing ratio: 0.117647
train: 0.941933	val: 0.769076	test: 0.739113

Epoch: 21
Loss: 0.010169779223537264
Some target is missing!
Missing ratio: 0.058824
Some target is missing!
Missing ratio: 0.117647
train: 0.950211	val: 0.779665	test: 0.766596

Epoch: 22
Loss: 0.01014035711073685
Some target is missing!
Missing ratio: 0.058824
Some target is missing!
Missing ratio: 0.117647
train: 0.951456	val: 0.781643	test: 0.761659

Epoch: 23
Loss: 0.009890829415811188
Some target is missing!
Missing ratio: 0.058824
Some target is missing!
Missing ratio: 0.117647
train: 0.958589	val: 0.774874	test: 0.759121

Epoch: 24
Loss: 0.009592509849164538
Some target is missing!
Missing ratio: 0.058824
Some target is missing!
Missing ratio: 0.117647
train: 0.959727	val: 0.776573	test: 0.766189

Epoch: 25
Loss: 0.009602148299544101
Some target is missing!
Missing ratio: 0.058824
Some target is missing!
Missing ratio: 0.117647
train: 0.961302	val: 0.770225	test: 0.763608

Epoch: 26
Loss: 0.009468484914736666
Some target is missing!
Missing ratio: 0.058824
Some target is missing!
Missing ratio: 0.117647
train: 0.970004	val: 0.795543	test: 0.755031

Epoch: 27
Loss: 0.009472435015647686
Some target is missing!
Missing ratio: 0.058824
Some target is missing!
Missing ratio: 0.117647
train: 0.960850	val: 0.764073	test: 0.720927

Epoch: 28
Loss: 0.009346851979169344
Some target is missing!
Missing ratio: 0.058824
Some target is missing!
Missing ratio: 0.117647
train: 0.970180	val: 0.780064	test: 0.740730

Epoch: 29
Loss: 0.009123630812084572
Some target is missing!
Missing ratio: 0.058824
Some target is missing!
Missing ratio: 0.117647
train: 0.973042	val: 0.775103	test: 0.762378

Epoch: 30
Loss: 0.008974184032463394
Some target is missing!
Missing ratio: 0.058824
Some target is missing!
Missing ratio: 0.117647
train: 0.971211	val: 0.756033	test: 0.735028

Epoch: 31
Loss: 0.008934652735850377
Some target is missing!
Missing ratio: 0.058824
Some target is missing!
Missing ratio: 0.117647
train: 0.970924	val: 0.754059	test: 0.722675

Epoch: 32
Loss: 0.008816695769627503
Some target is missing!
Missing ratio: 0.058824
Some target is missing!
Missing ratio: 0.117647
train: 0.972742	val: 0.772578	test: 0.750365

Epoch: 33
Loss: 0.008711658070133216
Some target is missing!
Missing ratio: 0.058824
Some target is missing!
Missing ratio: 0.117647
train: 0.974236	val: 0.766419	test: 0.770746

Epoch: 34
Loss: 0.008670348309586256
Some target is missing!
Missing ratio: 0.058824
Some target is missing!
Missing ratio: 0.117647
train: 0.972087	val: 0.747037	test: 0.776691

Epoch: 35
Loss: 0.008699081947856279
Some target is missing!
Missing ratio: 0.058824
Some target is missing!
Missing ratio: 0.117647
train: 0.973353	val: 0.764290	test: 0.757255

Epoch: 36
Loss: 0.008556160017555025
Some target is missing!
Missing ratio: 0.058824
Some target is missing!
Missing ratio: 0.117647
train: 0.980050	val: 0.768511	test: 0.725890

Epoch: 37
Loss: 0.008291023737099284
Some target is missing!
Missing ratio: 0.058824
Some target is missing!
Missing ratio: 0.117647
train: 0.982156	val: 0.752318	test: 0.739719

Epoch: 38
Loss: 0.008190389105042993
Some target is missing!
Missing ratio: 0.058824
Some target is missing!
Missing ratio: 0.117647
train: 0.984146	val: 0.769700	test: 0.721273

Epoch: 39
Loss: 0.008061534120601021
Some target is missing!
Missing ratio: 0.058824
Some target is missing!
Missing ratio: 0.117647
train: 0.983310	val: 0.764885	test: 0.723000

Epoch: 40
Loss: 0.008045552772099729
Some target is missing!
Missing ratio: 0.058824
Some target is missing!
Missing ratio: 0.117647
train: 0.984451	val: 0.759151	test: 0.705110

Epoch: 41
Loss: 0.007813413381360124
Some target is missing!
Missing ratio: 0.058824
Some target is missing!
Missing ratio: 0.117647
train: 0.982233	val: 0.785374	test: 0.730043

Epoch: 42
Loss: 0.00794330534935203
Some target is missing!
Missing ratio: 0.058824
Some target is missing!
Missing ratio: 0.117647
train: 0.986686	val: 0.764603	test: 0.714629

Epoch: 43
Loss: 0.007608817144795583
Some target is missing!
Missing ratio: 0.058824
Some target is missing!
Missing ratio: 0.117647
train: 0.987166	val: 0.776991	test: 0.731833

Epoch: 44
Loss: 0.007491348432786976
Some target is missing!
Missing ratio: 0.058824
Some target is missing!
Missing ratio: 0.117647
train: 0.988612	val: 0.778482	test: 0.703956

Epoch: 45
Loss: 0.007598500208313594
Some target is missing!
Missing ratio: 0.058824
Some target is missing!
Missing ratio: 0.117647
train: 0.987460	val: 0.758068	test: 0.708622

Epoch: 46
Loss: 0.0074409019506403405
Some target is missing!
Missing ratio: 0.058824
Some target is missing!
Missing ratio: 0.117647
train: 0.990530	val: 0.772190	test: 0.759357

Epoch: 47
Loss: 0.007345852918144984
Some target is missing!
Missing ratio: 0.058824
Some target is missing!
Missing ratio: 0.117647
train: 0.989981	val: 0.788148	test: 0.723970

Epoch: 48
Loss: 0.0072088814316309795
Some target is missing!
Missing ratio: 0.058824
Some target is missing!
Missing ratio: 0.117647
train: 0.988680	val: 0.775441	test: 0.741754

Epoch: 49
Loss: 0.007154395250599959
Some target is missing!
Missing ratio: 0.058824
Some target is missing!
Missing ratio: 0.117647
train: 0.991133	val: 0.776333	test: 0.686190

Epoch: 50
Loss: 0.007012287864558445
Some target is missing!
Missing ratio: 0.058824
Some target is missing!
Missing ratio: 0.117647
train: 0.990423	val: 0.760295	test: 0.731030

Epoch: 51
Loss: 0.00693155205514217
Some target is missing!
Missing ratio: 0.058824
Some target is missing!
Missing ratio: 0.117647
train: 0.993028	val: 0.762994	test: 0.711884

Epoch: 52
Loss: 0.006951603141080122
Some target is missing!
Missing ratio: 0.058824
Some target is missing!
Missing ratio: 0.117647
train: 0.993058	val: 0.751149	test: 0.694499

Epoch: 53
Loss: 0.006823172756256391
Some target is missing!
Missing ratio: 0.058824
Some target is missing!
Missing ratio: 0.117647
train: 0.992947	val: 0.775357	test: 0.691207

Epoch: 54
Loss: 0.006772848195972008
Some target is missing!
Missing ratio: 0.058824
Some target is missing!
Missing ratio: 0.117647
train: 0.993743	val: 0.785713	test: 0.700351

Epoch: 55
Loss: 0.006690008406044943
Some target is missing!
Missing ratio: 0.058824
Some target is missing!
Missing ratio: 0.117647
train: 0.995101	val: 0.770177	test: 0.698278

Epoch: 56
Loss: 0.006533570212077099
Some target is missing!
Missing ratio: 0.058824
Some target is missing!
Missing ratio: 0.117647
train: 0.994724	val: 0.749116	test: 0.708577

Epoch: 57
Loss: 0.006169884252430293
Some target is missing!
Missing ratio: 0.058824
Some target is missing!
Missing ratio: 0.117647
train: 0.995235	val: 0.764913	test: 0.708624

Epoch: 58
Loss: 0.006382388963584115
Some target is missing!
Missing ratio: 0.058824
Some target is missing!
Missing ratio: 0.117647
train: 0.995321	val: 0.758408	test: 0.671662

Epoch: 59
Loss: 0.006306491814940299
Some target is missing!
Missing ratio: 0.058824
Some target is missing!
Missing ratio: 0.117647
train: 0.994693	val: 0.762481	test: 0.666777

Epoch: 60
Loss: 0.006483657448911723
Some target is missing!
Missing ratio: 0.058824
Some target is missing!
Missing ratio: 0.117647
train: 0.996437	val: 0.761657	test: 0.697027

Epoch: 61
Loss: 0.00600274094579588
Some target is missing!
Missing ratio: 0.058824
Some target is missing!
Missing ratio: 0.117647
train: 0.997444	val: 0.768046	test: 0.698727

Epoch: 62
Loss: 0.006159428387210727
Some target is missing!
Missing ratio: 0.058824
Some target is missing!
Missing ratio: 0.117647
train: 0.996664	val: 0.770651	test: 0.716300

Epoch: 63
Loss: 0.0060252884741125905
Some target is missing!
Missing ratio: 0.058824
Some target is missing!
Missing ratio: 0.117647
train: 0.997435	val: 0.757238	test: 0.689758

Epoch: 64
Loss: 0.005737815645341982
Some target is missing!
Missing ratio: 0.058824
Some target is missing!
Missing ratio: 0.117647
train: 0.997674	val: 0.760308	test: 0.696688

Epoch: 65
Loss: 0.005755864482293149
Some target is missing!
Missing ratio: 0.058824
Some target is missing!
Missing ratio: 0.117647
train: 0.997270	val: 0.757828	test: 0.708823

Epoch: 66
Loss: 0.00562474749927377
Some target is missing!
Missing ratio: 0.058824
Some target is missing!
Missing ratio: 0.117647
train: 0.997863	val: 0.760585	test: 0.721163

Epoch: 67
Loss: 0.005535137347949
Some target is missing!
Missing ratio: 0.058824
Some target is missing!
Missing ratio: 0.117647
train: 0.997792	val: 0.750559	test: 0.736560

Epoch: 68
Loss: 0.005580805905462466
Some target is missing!
Missing ratio: 0.058824
Some target is missing!
Missing ratio: 0.117647
train: 0.998345	val: 0.770657	test: 0.728066

Epoch: 69
Loss: 0.005524977159885001
Some target is missing!
Missing ratio: 0.058824
Some target is missing!
Missing ratio: 0.117647
train: 0.997639	val: 0.748439	test: 0.729609

Epoch: 70
Loss: 0.0053020204560486955
Some target is missing!
Missing ratio: 0.058824
Some target is missing!
Missing ratio: 0.117647
train: 0.998481	val: 0.770925	test: 0.717990

Epoch: 71
Loss: 0.005342933765387916
Some target is missing!
Missing ratio: 0.058824
Some target is missing!
Missing ratio: 0.117647
train: 0.998309	val: 0.750921	test: 0.714690

Epoch: 72
Loss: 0.005129006945069084
Some target is missing!
Missing ratio: 0.058824
Some target is missing!
Missing ratio: 0.117647
train: 0.997570	val: 0.768537	test: 0.736752

Epoch: 73
Loss: 0.005336056126337924
Some target is missing!
Missing ratio: 0.058824
Some target is missing!
Missing ratio: 0.117647
train: 0.997383	val: 0.756883	test: 0.699426

Epoch: 74
Loss: 0.005118305086067125
Some target is missing!
Missing ratio: 0.058824
Some target is missing!
Missing ratio: 0.117647
train: 0.998528	val: 0.750012	test: 0.729316

Epoch: 75
Loss: 0.0048596805393459255
Some target is missing!
Missing ratio: 0.058824
Some target is missing!
Missing ratio: 0.117647
train: 0.999155	val: 0.766312	test: 0.700681

Epoch: 76
Loss: 0.004883005063603886
Some target is missing!
Missing ratio: 0.058824
Some target is missing!
Missing ratio: 0.117647
train: 0.999035	val: 0.751630	test: 0.712516

Epoch: 77
Loss: 0.005542669225355134
Some target is missing!
Missing ratio: 0.058824
Some target is missing!
Missing ratio: 0.117647
train: 0.999205	val: 0.747661	test: 0.709904

Epoch: 78
Loss: 0.004799012906812366
Some target is missing!
Missing ratio: 0.058824
Some target is missing!
Missing ratio: 0.117647
train: 0.999079	val: 0.761593	test: 0.697041

Epoch: 79
Loss: 0.004772875951019391
Some target is missing!
Missing ratio: 0.058824
Some target is missing!
Missing ratio: 0.117647
train: 0.999207	val: 0.778965	test: 0.717426

Epoch: 80
Loss: 0.004604562102588372
Some target is missing!
Missing ratio: 0.058824
Some target is missing!
Missing ratio: 0.117647
train: 0.999344	val: 0.768082	test: 0.711339

Epoch: 81
Loss: 0.004675050705361796
Some target is missing!
Missing ratio: 0.058824
Some target is missing!
Missing ratio: 0.117647
train: 0.999118	val: 0.773842	test: 0.695679

Epoch: 82
Loss: 0.004927189901905795
Some target is missing!
Missing ratio: 0.058824
Some target is missing!
Missing ratio: 0.117647
train: 0.998830	val: 0.776717	test: 0.702621

Epoch: 83
Loss: 0.004706158378469216
Some target is missing!
Missing ratio: 0.058824
Some target is missing!
Missing ratio: 0.117647
train: 0.999502	val: 0.746941	test: 0.729114

Epoch: 84
Loss: 0.004671122774688923
Some target is missing!
Missing ratio: 0.058824
Some target is missing!
Missing ratio: 0.117647
train: 0.999466	val: 0.770757	test: 0.725086

Epoch: 85
Loss: 0.004726047789526335
Some target is missing!
Missing ratio: 0.058824
Some target is missing!
Missing ratio: 0.117647
train: 0.999504	val: 0.760754	test: 0.715256

Epoch: 86
Loss: 0.004418973574870147
Some target is missing!
Missing ratio: 0.058824
Some target is missing!
Missing ratio: 0.117647
train: 0.999490	val: 0.774745	test: 0.711832

Epoch: 87
Loss: 0.004372933937916501
Some target is missing!
Missing ratio: 0.058824
Some target is missing!
Missing ratio: 0.117647
train: 0.999632	val: 0.772619	test: 0.695256

Epoch: 88
Loss: 0.0044860294614450695
Some target is missing!
Missing ratio: 0.058824
Some target is missing!
Missing ratio: 0.117647
train: 0.999559	val: 0.768797	test: 0.724225

Epoch: 89
Loss: 0.004220176450211516
Some target is missing!
Missing ratio: 0.058824
Some target is missing!
Missing ratio: 0.117647
train: 0.999593	val: 0.762243	test: 0.712646

Epoch: 90
Loss: 0.004339658964856515
Some target is missing!
Missing ratio: 0.058824
Some target is missing!
Missing ratio: 0.117647
train: 0.999637	val: 0.760146	test: 0.733306

Epoch: 91
Loss: 0.003972219403315399
Some target is missing!
Missing ratio: 0.058824
Some target is missing!
Missing ratio: 0.117647
train: 0.999691	val: 0.733868	test: 0.700774

Epoch: 92
Loss: 0.004187976815264076
Some target is missing!
Missing ratio: 0.058824
Some target is missing!
Missing ratio: 0.117647
train: 0.999700	val: 0.759352	test: 0.713300

Epoch: 93
Loss: 0.003867130927800724
Some target is missing!
Missing ratio: 0.058824
Some target is missing!
Missing ratio: 0.117647
train: 0.999661	val: 0.759900	test: 0.726624

Epoch: 94
Loss: 0.004147296971543596
Some target is missing!
Missing ratio: 0.058824
Some target is missing!
Missing ratio: 0.117647
train: 0.999552	val: 0.758514	test: 0.709570

Epoch: 95
Loss: 0.0039399058068278585
Some target is missing!
Missing ratio: 0.058824
Some target is missing!
Missing ratio: 0.117647
train: 0.999838	val: 0.765911	test: 0.726254

Epoch: 96
Loss: 0.003822994348197207
Some target is missing!
Missing ratio: 0.058824
Some target is missing!
Missing ratio: 0.117647
train: 0.999568	val: 0.770714	test: 0.688663

Epoch: 97
Loss: 0.004053595842279282
Some target is missing!
Missing ratio: 0.058824
Some target is missing!
Missing ratio: 0.117647
train: 0.999733	val: 0.760086	test: 0.716827

Epoch: 98
Loss: 0.0038585816807260973
Some target is missing!
Missing ratio: 0.058824
Some target is missing!
Missing ratio: 0.117647
train: 0.999828	val: 0.775813	test: 0.723359

Epoch: 99
Loss: 0.0036313273611828845
Some target is missing!
Missing ratio: 0.058824
Some target is missing!
Missing ratio: 0.117647
train: 0.999825	val: 0.763637	test: 0.724819

Epoch: 100
Loss: 0.003602151084714684
Some target is missing!
Missing ratio: 0.058824
Some target is missing!
Missing ratio: 0.117647
train: 0.999886	val: 0.745004	test: 0.725287

best train: 0.876085	val: 0.797499	test: 0.736104
end
