13617833_1
--dataset=toxcast --runseed=1 --eval_train --batch_size=256 --dropout_ratio=0.5 --input_model_file=../output/3D_hybrid_02_masking/GEOM_3D_nmol50000_nconf5_nupper1000/CL_1_VAE_1/6_51_10_0.1/0.3_EBM_dot_prod_0.1_normalize_l2_detach_target_2_100_0/pretraining_model.pth
start
arguments	 Namespace(AE_loss='l2', AE_model='AE', CL_neg_samples=1, CL_similarity_metric='InfoNCE_dot_prod', JK='last', SSL_2D_mode='AM', SSL_masking_ratio=0, T=0.1, alpha_1=1, alpha_2=1, alpha_3=0.1, batch_size=256, beta=1, contextpred_neg_samples=1, csize=3, cutoff=10, data_dir_chirality='../datasets/chirality/d4_docking/d4_docking_rs.csv', dataset='toxcast', decay=0, detach_target=True, device=0, dropout_ratio=0.5, emb_dim=300, engg_n_layers=4, epochs=100, eval_train=True, flow_length=8, flow_model='planar', gamma_joao=0.1, gamma_joaov2=0.1, gnn_lr_scale=1, gnn_type='gin', graph_pooling='mean', input_data_dir='', input_model_file='../output/3D_hybrid_02_masking/GEOM_3D_nmol50000_nconf5_nupper1000/CL_1_VAE_1/6_51_10_0.1/0.3_EBM_dot_prod_0.1_normalize_l2_detach_target_2_100_0/pretraining_model.pth', iw_samples=5, lr=0.001, lr_scale=1, m_dim=50, mask_edge=0, mask_rate=0.15, model_3d='schnet', normalize=False, num_filters=128, num_gaussians=51, num_interactions=6, num_layer=5, num_workers=8, output_model_dir='', readout='mean', runseed=1, schnet_lr_scale=1, se3_transformer_div=2, se3_transformer_n_heads=8, se3_transformer_num_channels=32, se3_transformer_num_degrees=4, se3_transformer_num_layers=7, se3_transformer_num_nlayers=1, seed=42, spherenet_basis_emb_size_angle=8, spherenet_basis_emb_size_dist=8, spherenet_basis_emb_size_torsion=8, spherenet_cutoff=3.0, spherenet_envelope_exponent=5, spherenet_int_emb_size=64, spherenet_num_after_skip=2, spherenet_num_before_skip=1, spherenet_num_layers=4, spherenet_num_output_layers=3, spherenet_num_radial=6, spherenet_num_spherical=3, spherenet_out_emb_channels=256, split='scaffold', split_path='../datasets/chirality/d4_docking/rs/split0.npy', verbose=False)
Dataset: toxcast
Data: Data(edge_attr=[330356, 2], edge_index=[2, 330356], id=[8576], x=[161088, 2], y=[5291392])
MoleculeDataset(8576)
split via scaffold
Data(edge_attr=[28, 2], edge_index=[2, 28], id=[1], x=[15, 2], y=[617])
GNN_graphpred(
(molecule_model): GNN(
(x_embedding1): Embedding(120, 300)
(x_embedding2): Embedding(3, 300)
(gnns): ModuleList(
(0): GINConv(
(mlp): Sequential(
(0): Linear(in_features=300, out_features=600, bias=True)
(1): ReLU()
(2): Linear(in_features=600, out_features=300, bias=True)
)
(edge_embedding1): Embedding(6, 300)
(edge_embedding2): Embedding(3, 300)
)
(1): GINConv(
(mlp): Sequential(
(0): Linear(in_features=300, out_features=600, bias=True)
(1): ReLU()
(2): Linear(in_features=600, out_features=300, bias=True)
)
(edge_embedding1): Embedding(6, 300)
(edge_embedding2): Embedding(3, 300)
)
(2): GINConv(
(mlp): Sequential(
(0): Linear(in_features=300, out_features=600, bias=True)
(1): ReLU()
(2): Linear(in_features=600, out_features=300, bias=True)
)
(edge_embedding1): Embedding(6, 300)
(edge_embedding2): Embedding(3, 300)
)
(3): GINConv(
(mlp): Sequential(
(0): Linear(in_features=300, out_features=600, bias=True)
(1): ReLU()
(2): Linear(in_features=600, out_features=300, bias=True)
)
(edge_embedding1): Embedding(6, 300)
(edge_embedding2): Embedding(3, 300)
)
(4): GINConv(
(mlp): Sequential(
(0): Linear(in_features=300, out_features=600, bias=True)
(1): ReLU()
(2): Linear(in_features=600, out_features=300, bias=True)
)
(edge_embedding1): Embedding(6, 300)
(edge_embedding2): Embedding(3, 300)
)
)
(batch_norms): ModuleList(
(0): BatchNorm1d(300, eps=1e-05, momentum=0.1, affine=True, track_running_stats=True)
(1): BatchNorm1d(300, eps=1e-05, momentum=0.1, affine=True, track_running_stats=True)
(2): BatchNorm1d(300, eps=1e-05, momentum=0.1, affine=True, track_running_stats=True)
(3): BatchNorm1d(300, eps=1e-05, momentum=0.1, affine=True, track_running_stats=True)
(4): BatchNorm1d(300, eps=1e-05, momentum=0.1, affine=True, track_running_stats=True)
)
)
(graph_pred_linear): Linear(in_features=300, out_features=617, bias=True)
)
Epoch: 1
Loss: 0.5351548724304426
Some target is missing!
Missing ratio: 0.011345
Some target is missing!
Missing ratio: 0.011345
train: 0.629051	val: 0.543294	test: 0.542703

Epoch: 2
Loss: 0.3409428039460709
Some target is missing!
Missing ratio: 0.011345
Some target is missing!
Missing ratio: 0.011345
train: 0.677685	val: 0.565881	test: 0.562080

Epoch: 3
Loss: 0.2511515248328103
Some target is missing!
Missing ratio: 0.011345
Some target is missing!
Missing ratio: 0.011345
train: 0.709509	val: 0.602047	test: 0.582775

Epoch: 4
Loss: 0.21984296740332943
Some target is missing!
Missing ratio: 0.011345
Some target is missing!
Missing ratio: 0.011345
train: 0.728450	val: 0.608757	test: 0.602971

Epoch: 5
Loss: 0.20937689751900998
Some target is missing!
Missing ratio: 0.011345
Some target is missing!
Missing ratio: 0.011345
train: 0.746680	val: 0.616664	test: 0.591646

Epoch: 6
Loss: 0.2031838105844112
Some target is missing!
Missing ratio: 0.011345
Some target is missing!
Missing ratio: 0.011345
train: 0.759713	val: 0.609568	test: 0.606434

Epoch: 7
Loss: 0.19951097702645557
Some target is missing!
Missing ratio: 0.011345
Some target is missing!
Missing ratio: 0.011345
train: 0.761924	val: 0.622222	test: 0.593370

Epoch: 8
Loss: 0.1975883446984131
Some target is missing!
Missing ratio: 0.011345
Some target is missing!
Missing ratio: 0.011345
train: 0.776924	val: 0.625776	test: 0.605061

Epoch: 9
Loss: 0.19529006796502127
Some target is missing!
Missing ratio: 0.011345
Some target is missing!
Missing ratio: 0.011345
train: 0.787403	val: 0.613725	test: 0.609084

Epoch: 10
Loss: 0.1929892906080751
Some target is missing!
Missing ratio: 0.011345
Some target is missing!
Missing ratio: 0.011345
train: 0.793136	val: 0.624656	test: 0.610032

Epoch: 11
Loss: 0.19269898765856736
Some target is missing!
Missing ratio: 0.011345
Some target is missing!
Missing ratio: 0.011345
train: 0.793174	val: 0.606555	test: 0.594270

Epoch: 12
Loss: 0.190009240777488
Some target is missing!
Missing ratio: 0.011345
Some target is missing!
Missing ratio: 0.011345
train: 0.807401	val: 0.628401	test: 0.606272

Epoch: 13
Loss: 0.1874810410179787
Some target is missing!
Missing ratio: 0.011345
Some target is missing!
Missing ratio: 0.011345
train: 0.810202	val: 0.612527	test: 0.605347

Epoch: 14
Loss: 0.186456016563315
Some target is missing!
Missing ratio: 0.011345
Some target is missing!
Missing ratio: 0.011345
train: 0.813565	val: 0.622974	test: 0.608024

Epoch: 15
Loss: 0.1861007064954603
Some target is missing!
Missing ratio: 0.011345
Some target is missing!
Missing ratio: 0.011345
train: 0.816392	val: 0.628582	test: 0.616056

Epoch: 16
Loss: 0.184526922320498
Some target is missing!
Missing ratio: 0.011345
Some target is missing!
Missing ratio: 0.011345
train: 0.825739	val: 0.631617	test: 0.610335

Epoch: 17
Loss: 0.18249580123689432
Some target is missing!
Missing ratio: 0.011345
Some target is missing!
Missing ratio: 0.011345
train: 0.817727	val: 0.614096	test: 0.589369

Epoch: 18
Loss: 0.18123359072674589
Some target is missing!
Missing ratio: 0.011345
Some target is missing!
Missing ratio: 0.011345
train: 0.829740	val: 0.627655	test: 0.620013

Epoch: 19
Loss: 0.1804781926162576
Some target is missing!
Missing ratio: 0.011345
Some target is missing!
Missing ratio: 0.011345
train: 0.832882	val: 0.632597	test: 0.617255

Epoch: 20
Loss: 0.18094979853983412
Some target is missing!
Missing ratio: 0.011345
Some target is missing!
Missing ratio: 0.011345
train: 0.840807	val: 0.618308	test: 0.615561

Epoch: 21
Loss: 0.1800098534633701
Some target is missing!
Missing ratio: 0.011345
Some target is missing!
Missing ratio: 0.011345
train: 0.841567	val: 0.633852	test: 0.618884

Epoch: 22
Loss: 0.1795005460507078
Some target is missing!
Missing ratio: 0.011345
Some target is missing!
Missing ratio: 0.011345
train: 0.846891	val: 0.622663	test: 0.624642

Epoch: 23
Loss: 0.17848077206088278
Some target is missing!
Missing ratio: 0.011345
Some target is missing!
Missing ratio: 0.011345
train: 0.845939	val: 0.627662	test: 0.611010

Epoch: 24
Loss: 0.17720149230062499
Some target is missing!
Missing ratio: 0.011345
Some target is missing!
Missing ratio: 0.011345
train: 0.846301	val: 0.631554	test: 0.626009

Epoch: 25
Loss: 0.1769896447514276
Some target is missing!
Missing ratio: 0.011345
Some target is missing!
Missing ratio: 0.011345
train: 0.849418	val: 0.627658	test: 0.606782

Epoch: 26
Loss: 0.17519569081216682
Some target is missing!
Missing ratio: 0.011345
Some target is missing!
Missing ratio: 0.011345
train: 0.856080	val: 0.637103	test: 0.621033

Epoch: 27
Loss: 0.17541345670324143
Some target is missing!
Missing ratio: 0.011345
Some target is missing!
Missing ratio: 0.011345
train: 0.851910	val: 0.626217	test: 0.614981

Epoch: 28
Loss: 0.17427578827180845
Some target is missing!
Missing ratio: 0.011345
Some target is missing!
Missing ratio: 0.011345
train: 0.858134	val: 0.629195	test: 0.612843

Epoch: 29
Loss: 0.17342813633959697
Some target is missing!
Missing ratio: 0.011345
Some target is missing!
Missing ratio: 0.011345
train: 0.863111	val: 0.633219	test: 0.630344

Epoch: 30
Loss: 0.17133053145524824
Some target is missing!
Missing ratio: 0.011345
Some target is missing!
Missing ratio: 0.011345
train: 0.867672	val: 0.634767	test: 0.619853

Epoch: 31
Loss: 0.17142696664769322
Some target is missing!
Missing ratio: 0.011345
Some target is missing!
Missing ratio: 0.011345
train: 0.861658	val: 0.634917	test: 0.616215

Epoch: 32
Loss: 0.1713082015685898
Some target is missing!
Missing ratio: 0.011345
Some target is missing!
Missing ratio: 0.011345
train: 0.868928	val: 0.636301	test: 0.627236

Epoch: 33
Loss: 0.1705143066245444
Some target is missing!
Missing ratio: 0.011345
Some target is missing!
Missing ratio: 0.011345
train: 0.870703	val: 0.634613	test: 0.618980

Epoch: 34
Loss: 0.16946559807825534
Some target is missing!
Missing ratio: 0.011345
Some target is missing!
Missing ratio: 0.011345
train: 0.872441	val: 0.634752	test: 0.622979

Epoch: 35
Loss: 0.1685656089344468
Some target is missing!
Missing ratio: 0.011345
Some target is missing!
Missing ratio: 0.011345
train: 0.875710	val: 0.626668	test: 0.618190

Epoch: 36
Loss: 0.16995646853424695
Some target is missing!
Missing ratio: 0.011345
Some target is missing!
Missing ratio: 0.011345
train: 0.870800	val: 0.638928	test: 0.615609

Epoch: 37
Loss: 0.17023859189986637
Some target is missing!
Missing ratio: 0.011345
Some target is missing!
Missing ratio: 0.011345
train: 0.877402	val: 0.640212	test: 0.618334

Epoch: 38
Loss: 0.16775046029159843
Some target is missing!
Missing ratio: 0.011345
Some target is missing!
Missing ratio: 0.011345
train: 0.881107	val: 0.641541	test: 0.622215

Epoch: 39
Loss: 0.16546425025047318
Some target is missing!
Missing ratio: 0.011345
Some target is missing!
Missing ratio: 0.011345
train: 0.882682	val: 0.640054	test: 0.627493

Epoch: 40
Loss: 0.1658419865677383
Some target is missing!
Missing ratio: 0.011345
Some target is missing!
Missing ratio: 0.011345
train: 0.879888	val: 0.638324	test: 0.632176

Epoch: 41
Loss: 0.16704894926542335
Some target is missing!
Missing ratio: 0.011345
Some target is missing!
Missing ratio: 0.011345
train: 0.884149	val: 0.643069	test: 0.624354

Epoch: 42
Loss: 0.16552724064549423
Some target is missing!
Missing ratio: 0.011345
Some target is missing!
Missing ratio: 0.011345
train: 0.886678	val: 0.642185	test: 0.626440

Epoch: 43
Loss: 0.164516668152609
Some target is missing!
Missing ratio: 0.011345
Some target is missing!
Missing ratio: 0.011345
train: 0.886468	val: 0.648398	test: 0.621868

Epoch: 44
Loss: 0.16482712047942755
Some target is missing!
Missing ratio: 0.011345
Some target is missing!
Missing ratio: 0.011345
train: 0.887664	val: 0.642697	test: 0.621389

Epoch: 45
Loss: 0.1651665384055905
Some target is missing!
Missing ratio: 0.011345
Some target is missing!
Missing ratio: 0.011345
train: 0.889031	val: 0.645454	test: 0.626828

Epoch: 46
Loss: 0.16281694894020393
Some target is missing!
Missing ratio: 0.011345
Some target is missing!
Missing ratio: 0.011345
train: 0.887305	val: 0.647367	test: 0.622664

Epoch: 47
Loss: 0.16330032862745994
Some target is missing!
Missing ratio: 0.011345
Some target is missing!
Missing ratio: 0.011345
train: 0.893849	val: 0.632924	test: 0.622048

Epoch: 48
Loss: 0.16194730047219322
Some target is missing!
Missing ratio: 0.011345
Some target is missing!
Missing ratio: 0.011345
train: 0.890638	val: 0.636376	test: 0.619952

Epoch: 49
Loss: 0.1613516172992677
Some target is missing!
Missing ratio: 0.011345
Some target is missing!
Missing ratio: 0.011345
train: 0.890925	val: 0.642592	test: 0.631634

Epoch: 50
Loss: 0.16169787049945802
Some target is missing!
Missing ratio: 0.011345
Some target is missing!
Missing ratio: 0.011345
train: 0.895526	val: 0.642719	test: 0.627202

Epoch: 51
Loss: 0.16066002051814413
Some target is missing!
Missing ratio: 0.011345
Some target is missing!
Missing ratio: 0.011345
train: 0.895239	val: 0.639621	test: 0.622676

Epoch: 52
Loss: 0.15912889413236744
Some target is missing!
Missing ratio: 0.011345
Some target is missing!
Missing ratio: 0.011345
train: 0.897162	val: 0.625568	test: 0.616152

Epoch: 53
Loss: 0.16022762125230053
Some target is missing!
Missing ratio: 0.011345
Some target is missing!
Missing ratio: 0.011345
train: 0.898329	val: 0.634884	test: 0.619100

Epoch: 54
Loss: 0.15935363261324426
Some target is missing!
Missing ratio: 0.011345
Some target is missing!
Missing ratio: 0.011345
train: 0.899318	val: 0.645147	test: 0.627013

Epoch: 55
Loss: 0.1594282976669618
Some target is missing!
Missing ratio: 0.011345
Some target is missing!
Missing ratio: 0.011345
train: 0.900933	val: 0.641410	test: 0.627725

Epoch: 56
Loss: 0.15896186912941898
Some target is missing!
Missing ratio: 0.011345
Some target is missing!
Missing ratio: 0.011345
train: 0.899630	val: 0.641580	test: 0.622878

Epoch: 57
Loss: 0.15776482972895364
Some target is missing!
Missing ratio: 0.011345
Some target is missing!
Missing ratio: 0.011345
train: 0.903640	val: 0.656816	test: 0.626573

Epoch: 58
Loss: 0.1579411589657942
Some target is missing!
Missing ratio: 0.011345
Some target is missing!
Missing ratio: 0.011345
train: 0.904561	val: 0.649995	test: 0.625729

Epoch: 59
Loss: 0.1574944376372206
Some target is missing!
Missing ratio: 0.011345
Some target is missing!
Missing ratio: 0.011345
train: 0.902781	val: 0.648498	test: 0.617192

Epoch: 60
Loss: 0.156182868583305
Some target is missing!
Missing ratio: 0.011345
Some target is missing!
Missing ratio: 0.011345
train: 0.906280	val: 0.639143	test: 0.624115

Epoch: 61
Loss: 0.15652568919806933
Some target is missing!
Missing ratio: 0.011345
Some target is missing!
Missing ratio: 0.011345
train: 0.905150	val: 0.637874	test: 0.617923

Epoch: 62
Loss: 0.15543050097554054
Some target is missing!
Missing ratio: 0.011345
Some target is missing!
Missing ratio: 0.011345
train: 0.907427	val: 0.650849	test: 0.622431

Epoch: 63
Loss: 0.15633540915458935
Some target is missing!
Missing ratio: 0.011345
Some target is missing!
Missing ratio: 0.011345
train: 0.908490	val: 0.657861	test: 0.626629

Epoch: 64
Loss: 0.15588652530366826
Some target is missing!
Missing ratio: 0.011345
Some target is missing!
Missing ratio: 0.011345
train: 0.908131	val: 0.653364	test: 0.624488

Epoch: 65
Loss: 0.15636167530584494
Some target is missing!
Missing ratio: 0.011345
Some target is missing!
Missing ratio: 0.011345
train: 0.909477	val: 0.652687	test: 0.623489

Epoch: 66
Loss: 0.1544383579403051
Some target is missing!
Missing ratio: 0.011345
Some target is missing!
Missing ratio: 0.011345
train: 0.913133	val: 0.640937	test: 0.622898

Epoch: 67
Loss: 0.15425173103083115
Some target is missing!
Missing ratio: 0.011345
Some target is missing!
Missing ratio: 0.011345
train: 0.912888	val: 0.632073	test: 0.621835

Epoch: 68
Loss: 0.15390228662664593
Some target is missing!
Missing ratio: 0.011345
Some target is missing!
Missing ratio: 0.011345
train: 0.912186	val: 0.640785	test: 0.629603

Epoch: 69
Loss: 0.15378830788982611
Some target is missing!
Missing ratio: 0.011345
Some target is missing!
Missing ratio: 0.011345
train: 0.910253	val: 0.643242	test: 0.617381

Epoch: 70
Loss: 0.15314162103186918
Some target is missing!
Missing ratio: 0.011345
Some target is missing!
Missing ratio: 0.011345
train: 0.913837	val: 0.643299	test: 0.622631

Epoch: 71
Loss: 0.15221344752942592
Some target is missing!
Missing ratio: 0.011345
Some target is missing!
Missing ratio: 0.011345
train: 0.915995	val: 0.648259	test: 0.625156

Epoch: 72
Loss: 0.15219100118655138
Some target is missing!
Missing ratio: 0.011345
Some target is missing!
Missing ratio: 0.011345
train: 0.915266	val: 0.644528	test: 0.622745

Epoch: 73
Loss: 0.15176378568099785
Some target is missing!
Missing ratio: 0.011345
Some target is missing!
Missing ratio: 0.011345
train: 0.918466	val: 0.640772	test: 0.618431

Epoch: 74
Loss: 0.15212064637832692
Some target is missing!
Missing ratio: 0.011345
Some target is missing!
Missing ratio: 0.011345
train: 0.918118	val: 0.648779	test: 0.623652

Epoch: 75
Loss: 0.15108479002933045
Some target is missing!
Missing ratio: 0.011345
Some target is missing!
Missing ratio: 0.011345
train: 0.919357	val: 0.646722	test: 0.625004

Epoch: 76
Loss: 0.1499081799884117
Some target is missing!
Missing ratio: 0.011345
Some target is missing!
Missing ratio: 0.011345
train: 0.918145	val: 0.642546	test: 0.621687

Epoch: 77
Loss: 0.1513154284770861
Some target is missing!
Missing ratio: 0.011345
Some target is missing!
Missing ratio: 0.011345
train: 0.919799	val: 0.649582	test: 0.625037

Epoch: 78
Loss: 0.14964841841977247
Some target is missing!
Missing ratio: 0.011345
Some target is missing!
Missing ratio: 0.011345
train: 0.919686	val: 0.642292	test: 0.623166

Epoch: 79
Loss: 0.14968306320341138
Some target is missing!
Missing ratio: 0.011345
Some target is missing!
Missing ratio: 0.011345
train: 0.921631	val: 0.645227	test: 0.620186

Epoch: 80
Loss: 0.1497480259276602
Some target is missing!
Missing ratio: 0.011345
Some target is missing!
Missing ratio: 0.011345
train: 0.921770	val: 0.641100	test: 0.625061

Epoch: 81
Loss: 0.1481336432423693
Some target is missing!
Missing ratio: 0.011345
Some target is missing!
Missing ratio: 0.011345
train: 0.923161	val: 0.648272	test: 0.625194

Epoch: 82
Loss: 0.14844598962211025
Some target is missing!
Missing ratio: 0.011345
Some target is missing!
Missing ratio: 0.011345
train: 0.922221	val: 0.647939	test: 0.622434

Epoch: 83
Loss: 0.14860543264088452
Some target is missing!
Missing ratio: 0.011345
Some target is missing!
Missing ratio: 0.011345
train: 0.925034	val: 0.646261	test: 0.617633

Epoch: 84
Loss: 0.14770427605356726
Some target is missing!
Missing ratio: 0.011345
Some target is missing!
Missing ratio: 0.011345
train: 0.924377	val: 0.645258	test: 0.620960

Epoch: 85
Loss: 0.14707248322229163
Some target is missing!
Missing ratio: 0.011345
Some target is missing!
Missing ratio: 0.011345
train: 0.924552	val: 0.654273	test: 0.628059

Epoch: 86
Loss: 0.14554011388440086
Some target is missing!
Missing ratio: 0.011345
Some target is missing!
Missing ratio: 0.011345
train: 0.924830	val: 0.649298	test: 0.620308

Epoch: 87
Loss: 0.14702972657901323
Some target is missing!
Missing ratio: 0.011345
Some target is missing!
Missing ratio: 0.011345
train: 0.925403	val: 0.644916	test: 0.626201

Epoch: 88
Loss: 0.14587602842285285
Some target is missing!
Missing ratio: 0.011345
Some target is missing!
Missing ratio: 0.011345
train: 0.927821	val: 0.650146	test: 0.621256

Epoch: 89
Loss: 0.14569510270074565
Some target is missing!
Missing ratio: 0.011345
Some target is missing!
Missing ratio: 0.011345
train: 0.927032	val: 0.652161	test: 0.622750

Epoch: 90
Loss: 0.14576129286773018
Some target is missing!
Missing ratio: 0.011345
Some target is missing!
Missing ratio: 0.011345
train: 0.928536	val: 0.659875	test: 0.624036

Epoch: 91
Loss: 0.1452726384640857
Some target is missing!
Missing ratio: 0.011345
Some target is missing!
Missing ratio: 0.011345
train: 0.926461	val: 0.642183	test: 0.620438

Epoch: 92
Loss: 0.14769636152014862
Some target is missing!
Missing ratio: 0.011345
Some target is missing!
Missing ratio: 0.011345
train: 0.927153	val: 0.646820	test: 0.624735

Epoch: 93
Loss: 0.144690803694859
Some target is missing!
Missing ratio: 0.011345
Some target is missing!
Missing ratio: 0.011345
train: 0.930179	val: 0.642072	test: 0.619561

Epoch: 94
Loss: 0.1449104814788879
Some target is missing!
Missing ratio: 0.011345
Some target is missing!
Missing ratio: 0.011345
train: 0.929736	val: 0.648400	test: 0.620627

Epoch: 95
Loss: 0.1446087395633638
Some target is missing!
Missing ratio: 0.011345
Some target is missing!
Missing ratio: 0.011345
train: 0.930982	val: 0.650017	test: 0.628763

Epoch: 96
Loss: 0.14334791594687918
Some target is missing!
Missing ratio: 0.011345
Some target is missing!
Missing ratio: 0.011345
train: 0.931266	val: 0.652071	test: 0.626861

Epoch: 97
Loss: 0.14346586012046333
Some target is missing!
Missing ratio: 0.011345
Some target is missing!
Missing ratio: 0.011345
train: 0.930116	val: 0.644860	test: 0.622671

Epoch: 98
Loss: 0.14455650188697303
Some target is missing!
Missing ratio: 0.011345
Some target is missing!
Missing ratio: 0.011345
train: 0.932519	val: 0.654198	test: 0.628815

Epoch: 99
Loss: 0.14197509031883382
Some target is missing!
Missing ratio: 0.011345
Some target is missing!
Missing ratio: 0.011345
train: 0.933494	val: 0.646463	test: 0.629540

Epoch: 100
Loss: 0.14340505058178085
Some target is missing!
Missing ratio: 0.011345
Some target is missing!
Missing ratio: 0.011345
train: 0.933527	val: 0.640437	test: 0.623555

best train: 0.928536	val: 0.659875	test: 0.624036
end
