11558877_1
--dataset=muv --runseed=1 --eval_train --batch_size=256 --dropout_ratio=0.5 --input_model_file=../output/3D_hybrid_03_masking/GEOM_3D_nmol50000_nconf5_nupper1000/CL_1_VAE_1_AM_1/6_51_10_0.1/0.3_EBM_dot_prod_0.05_normalize_l2_detach_target_2_100_0/pretraining_model.pth
start
arguments	 Namespace(AE_loss='l2', AE_model='AE', CL_neg_samples=1, CL_similarity_metric='InfoNCE_dot_prod', JK='last', SSL_2D_mode='AM', SSL_masking_ratio=0, T=0.1, alpha_1=1, alpha_2=1, alpha_3=0.1, batch_size=256, beta=1, contextpred_neg_samples=1, csize=3, cutoff=10, data_dir_chirality='../datasets/chirality/d4_docking/d4_docking_rs.csv', dataset='muv', decay=0, detach_target=True, device=0, dropout_ratio=0.5, emb_dim=300, engg_n_layers=4, epochs=100, eval_train=True, flow_length=8, flow_model='planar', gamma_joao=0.1, gamma_joaov2=0.1, gnn_lr_scale=1, gnn_type='gin', graph_pooling='mean', input_data_dir='', input_model_file='../output/3D_hybrid_03_masking/GEOM_3D_nmol50000_nconf5_nupper1000/CL_1_VAE_1_AM_1/6_51_10_0.1/0.3_EBM_dot_prod_0.05_normalize_l2_detach_target_2_100_0/pretraining_model.pth', iw_samples=5, lr=0.001, lr_scale=1, m_dim=50, mask_edge=0, mask_rate=0.15, model_3d='schnet', normalize=False, num_filters=128, num_gaussians=51, num_interactions=6, num_layer=5, num_workers=8, output_model_dir='', readout='mean', runseed=1, schnet_lr_scale=1, se3_transformer_div=2, se3_transformer_n_heads=8, se3_transformer_num_channels=32, se3_transformer_num_degrees=4, se3_transformer_num_layers=7, se3_transformer_num_nlayers=1, seed=42, spherenet_basis_emb_size_angle=8, spherenet_basis_emb_size_dist=8, spherenet_basis_emb_size_torsion=8, spherenet_cutoff=3.0, spherenet_envelope_exponent=5, spherenet_int_emb_size=64, spherenet_num_after_skip=2, spherenet_num_before_skip=1, spherenet_num_layers=4, spherenet_num_output_layers=3, spherenet_num_radial=6, spherenet_num_spherical=3, spherenet_out_emb_channels=256, split='scaffold', split_path='../datasets/chirality/d4_docking/rs/split0.npy', verbose=False)
Dataset: muv
Data: Data(edge_attr=[4892252, 2], edge_index=[2, 4892252], id=[93087], x=[2255846, 2], y=[1582479])
MoleculeDataset(93087)
split via scaffold
Data(edge_attr=[30, 2], edge_index=[2, 30], id=[1], x=[15, 2], y=[17])
GNN_graphpred(
(molecule_model): GNN(
(x_embedding1): Embedding(120, 300)
(x_embedding2): Embedding(3, 300)
(gnns): ModuleList(
(0): GINConv(
(mlp): Sequential(
(0): Linear(in_features=300, out_features=600, bias=True)
(1): ReLU()
(2): Linear(in_features=600, out_features=300, bias=True)
)
(edge_embedding1): Embedding(6, 300)
(edge_embedding2): Embedding(3, 300)
)
(1): GINConv(
(mlp): Sequential(
(0): Linear(in_features=300, out_features=600, bias=True)
(1): ReLU()
(2): Linear(in_features=600, out_features=300, bias=True)
)
(edge_embedding1): Embedding(6, 300)
(edge_embedding2): Embedding(3, 300)
)
(2): GINConv(
(mlp): Sequential(
(0): Linear(in_features=300, out_features=600, bias=True)
(1): ReLU()
(2): Linear(in_features=600, out_features=300, bias=True)
)
(edge_embedding1): Embedding(6, 300)
(edge_embedding2): Embedding(3, 300)
)
(3): GINConv(
(mlp): Sequential(
(0): Linear(in_features=300, out_features=600, bias=True)
(1): ReLU()
(2): Linear(in_features=600, out_features=300, bias=True)
)
(edge_embedding1): Embedding(6, 300)
(edge_embedding2): Embedding(3, 300)
)
(4): GINConv(
(mlp): Sequential(
(0): Linear(in_features=300, out_features=600, bias=True)
(1): ReLU()
(2): Linear(in_features=600, out_features=300, bias=True)
)
(edge_embedding1): Embedding(6, 300)
(edge_embedding2): Embedding(3, 300)
)
)
(batch_norms): ModuleList(
(0): BatchNorm1d(300, eps=1e-05, momentum=0.1, affine=True, track_running_stats=True)
(1): BatchNorm1d(300, eps=1e-05, momentum=0.1, affine=True, track_running_stats=True)
(2): BatchNorm1d(300, eps=1e-05, momentum=0.1, affine=True, track_running_stats=True)
(3): BatchNorm1d(300, eps=1e-05, momentum=0.1, affine=True, track_running_stats=True)
(4): BatchNorm1d(300, eps=1e-05, momentum=0.1, affine=True, track_running_stats=True)
)
)
(graph_pred_linear): Linear(in_features=300, out_features=17, bias=True)
)
Epoch: 1
Loss: 0.10145712540119955
Some target is missing!
Missing ratio: 0.058824
Some target is missing!
Missing ratio: 0.117647
train: 0.689835	val: 0.682272	test: 0.686235

Epoch: 2
Loss: 0.013880577282341149
Some target is missing!
Missing ratio: 0.058824
Some target is missing!
Missing ratio: 0.117647
train: 0.748632	val: 0.758870	test: 0.716719

Epoch: 3
Loss: 0.01317101930071736
Some target is missing!
Missing ratio: 0.058824
Some target is missing!
Missing ratio: 0.117647
train: 0.796586	val: 0.767606	test: 0.726238

Epoch: 4
Loss: 0.012765898534177809
Some target is missing!
Missing ratio: 0.058824
Some target is missing!
Missing ratio: 0.117647
train: 0.830150	val: 0.775123	test: 0.746745

Epoch: 5
Loss: 0.012494862870782539
Some target is missing!
Missing ratio: 0.058824
Some target is missing!
Missing ratio: 0.117647
train: 0.818721	val: 0.761226	test: 0.739004

Epoch: 6
Loss: 0.012189362486824269
Some target is missing!
Missing ratio: 0.058824
Some target is missing!
Missing ratio: 0.117647
train: 0.863082	val: 0.788963	test: 0.760842

Epoch: 7
Loss: 0.011956495370348806
Some target is missing!
Missing ratio: 0.058824
Some target is missing!
Missing ratio: 0.117647
train: 0.868340	val: 0.791718	test: 0.739321

Epoch: 8
Loss: 0.011847048967258566
Some target is missing!
Missing ratio: 0.058824
Some target is missing!
Missing ratio: 0.117647
train: 0.882187	val: 0.781746	test: 0.767520

Epoch: 9
Loss: 0.01177905581586243
Some target is missing!
Missing ratio: 0.058824
Some target is missing!
Missing ratio: 0.117647
train: 0.878452	val: 0.751620	test: 0.725494

Epoch: 10
Loss: 0.0113329936096528
Some target is missing!
Missing ratio: 0.058824
Some target is missing!
Missing ratio: 0.117647
train: 0.908302	val: 0.758319	test: 0.784730

Epoch: 11
Loss: 0.01133981374209268
Some target is missing!
Missing ratio: 0.058824
Some target is missing!
Missing ratio: 0.117647
train: 0.906669	val: 0.782424	test: 0.766068

Epoch: 12
Loss: 0.011388365951606293
Some target is missing!
Missing ratio: 0.058824
Some target is missing!
Missing ratio: 0.117647
train: 0.915926	val: 0.783855	test: 0.766849

Epoch: 13
Loss: 0.011032368115395184
Some target is missing!
Missing ratio: 0.058824
Some target is missing!
Missing ratio: 0.117647
train: 0.906806	val: 0.746815	test: 0.755143

Epoch: 14
Loss: 0.010821414116648373
Some target is missing!
Missing ratio: 0.058824
Some target is missing!
Missing ratio: 0.117647
train: 0.929705	val: 0.788105	test: 0.775952

Epoch: 15
Loss: 0.010728500962692808
Some target is missing!
Missing ratio: 0.058824
Some target is missing!
Missing ratio: 0.117647
train: 0.935405	val: 0.789336	test: 0.736474

Epoch: 16
Loss: 0.01050443032747713
Some target is missing!
Missing ratio: 0.058824
Some target is missing!
Missing ratio: 0.117647
train: 0.937083	val: 0.763688	test: 0.765613

Epoch: 17
Loss: 0.010463322239336804
Some target is missing!
Missing ratio: 0.058824
Some target is missing!
Missing ratio: 0.117647
train: 0.942403	val: 0.780813	test: 0.759893

Epoch: 18
Loss: 0.010346092185295287
Some target is missing!
Missing ratio: 0.058824
Some target is missing!
Missing ratio: 0.117647
train: 0.944537	val: 0.782622	test: 0.786828

Epoch: 19
Loss: 0.010100460742888038
Some target is missing!
Missing ratio: 0.058824
Some target is missing!
Missing ratio: 0.117647
train: 0.947775	val: 0.785480	test: 0.745857

Epoch: 20
Loss: 0.010154777111953294
Some target is missing!
Missing ratio: 0.058824
Some target is missing!
Missing ratio: 0.117647
train: 0.948301	val: 0.777466	test: 0.750352

Epoch: 21
Loss: 0.009923722624955283
Some target is missing!
Missing ratio: 0.058824
Some target is missing!
Missing ratio: 0.117647
train: 0.957412	val: 0.805224	test: 0.775735

Epoch: 22
Loss: 0.0097562246177225
Some target is missing!
Missing ratio: 0.058824
Some target is missing!
Missing ratio: 0.117647
train: 0.958202	val: 0.796789	test: 0.752196

Epoch: 23
Loss: 0.009624918230157493
Some target is missing!
Missing ratio: 0.058824
Some target is missing!
Missing ratio: 0.117647
train: 0.963112	val: 0.780354	test: 0.767295

Epoch: 24
Loss: 0.009652233436186286
Some target is missing!
Missing ratio: 0.058824
Some target is missing!
Missing ratio: 0.117647
train: 0.964148	val: 0.792803	test: 0.748774

Epoch: 25
Loss: 0.0093246366217212
Some target is missing!
Missing ratio: 0.058824
Some target is missing!
Missing ratio: 0.117647
train: 0.965619	val: 0.768421	test: 0.768130

Epoch: 26
Loss: 0.009036123730842466
Some target is missing!
Missing ratio: 0.058824
Some target is missing!
Missing ratio: 0.117647
train: 0.971514	val: 0.792435	test: 0.765892

Epoch: 27
Loss: 0.009078988101204782
Some target is missing!
Missing ratio: 0.058824
Some target is missing!
Missing ratio: 0.117647
train: 0.965754	val: 0.772921	test: 0.749883

Epoch: 28
Loss: 0.008932691880864376
Some target is missing!
Missing ratio: 0.058824
Some target is missing!
Missing ratio: 0.117647
train: 0.971362	val: 0.768282	test: 0.796041

Epoch: 29
Loss: 0.008849648978057007
Some target is missing!
Missing ratio: 0.058824
Some target is missing!
Missing ratio: 0.117647
train: 0.976699	val: 0.780691	test: 0.755218

Epoch: 30
Loss: 0.00886295758892872
Some target is missing!
Missing ratio: 0.058824
Some target is missing!
Missing ratio: 0.117647
train: 0.973522	val: 0.771292	test: 0.781444

Epoch: 31
Loss: 0.008724751269988475
Some target is missing!
Missing ratio: 0.058824
Some target is missing!
Missing ratio: 0.117647
train: 0.973829	val: 0.777941	test: 0.757665

Epoch: 32
Loss: 0.008807075065051271
Some target is missing!
Missing ratio: 0.058824
Some target is missing!
Missing ratio: 0.117647
train: 0.978764	val: 0.786409	test: 0.763272

Epoch: 33
Loss: 0.008454860285903767
Some target is missing!
Missing ratio: 0.058824
Some target is missing!
Missing ratio: 0.117647
train: 0.980487	val: 0.794910	test: 0.788911

Epoch: 34
Loss: 0.008410253119999914
Some target is missing!
Missing ratio: 0.058824
Some target is missing!
Missing ratio: 0.117647
train: 0.982879	val: 0.792125	test: 0.792650

Epoch: 35
Loss: 0.008195680659130936
Some target is missing!
Missing ratio: 0.058824
Some target is missing!
Missing ratio: 0.117647
train: 0.981543	val: 0.782190	test: 0.775515

Epoch: 36
Loss: 0.008118750059692863
Some target is missing!
Missing ratio: 0.058824
Some target is missing!
Missing ratio: 0.117647
train: 0.982694	val: 0.795471	test: 0.761659

Epoch: 37
Loss: 0.008258539500673448
Some target is missing!
Missing ratio: 0.058824
Some target is missing!
Missing ratio: 0.117647
train: 0.983102	val: 0.804942	test: 0.749704

Epoch: 38
Loss: 0.007976891919480473
Some target is missing!
Missing ratio: 0.058824
Some target is missing!
Missing ratio: 0.117647
train: 0.986008	val: 0.793977	test: 0.761632

Epoch: 39
Loss: 0.007799646091728106
Some target is missing!
Missing ratio: 0.058824
Some target is missing!
Missing ratio: 0.117647
train: 0.987810	val: 0.804047	test: 0.765444

Epoch: 40
Loss: 0.007599966369431378
Some target is missing!
Missing ratio: 0.058824
Some target is missing!
Missing ratio: 0.117647
train: 0.989513	val: 0.805642	test: 0.755215

Epoch: 41
Loss: 0.0076937619728442265
Some target is missing!
Missing ratio: 0.058824
Some target is missing!
Missing ratio: 0.117647
train: 0.986263	val: 0.809683	test: 0.749369

Epoch: 42
Loss: 0.007721423223678416
Some target is missing!
Missing ratio: 0.058824
Some target is missing!
Missing ratio: 0.117647
train: 0.988646	val: 0.801211	test: 0.757971

Epoch: 43
Loss: 0.0074168926908752325
Some target is missing!
Missing ratio: 0.058824
Some target is missing!
Missing ratio: 0.117647
train: 0.985663	val: 0.796387	test: 0.770360

Epoch: 44
Loss: 0.007622934572774931
Some target is missing!
Missing ratio: 0.058824
Some target is missing!
Missing ratio: 0.117647
train: 0.991094	val: 0.813420	test: 0.769719

Epoch: 45
Loss: 0.007166877049718468
Some target is missing!
Missing ratio: 0.058824
Some target is missing!
Missing ratio: 0.117647
train: 0.992048	val: 0.834301	test: 0.787827

Epoch: 46
Loss: 0.006899820104148488
Some target is missing!
Missing ratio: 0.058824
Some target is missing!
Missing ratio: 0.117647
train: 0.991852	val: 0.824524	test: 0.768978

Epoch: 47
Loss: 0.0073084360313324815
Some target is missing!
Missing ratio: 0.058824
Some target is missing!
Missing ratio: 0.117647
train: 0.992883	val: 0.810135	test: 0.738580

Epoch: 48
Loss: 0.006887696721557529
Some target is missing!
Missing ratio: 0.058824
Some target is missing!
Missing ratio: 0.117647
train: 0.992316	val: 0.797916	test: 0.735387

Epoch: 49
Loss: 0.007009132301228861
Some target is missing!
Missing ratio: 0.058824
Some target is missing!
Missing ratio: 0.117647
train: 0.993166	val: 0.811832	test: 0.733851

Epoch: 50
Loss: 0.00652940136843985
Some target is missing!
Missing ratio: 0.058824
Some target is missing!
Missing ratio: 0.117647
train: 0.993528	val: 0.788303	test: 0.739628

Epoch: 51
Loss: 0.0066822784922943015
Some target is missing!
Missing ratio: 0.058824
Some target is missing!
Missing ratio: 0.117647
train: 0.994618	val: 0.797243	test: 0.735340

Epoch: 52
Loss: 0.007000029997539753
Some target is missing!
Missing ratio: 0.058824
Some target is missing!
Missing ratio: 0.117647
train: 0.995082	val: 0.780710	test: 0.747566

Epoch: 53
Loss: 0.00655130930041416
Some target is missing!
Missing ratio: 0.058824
Some target is missing!
Missing ratio: 0.117647
train: 0.994501	val: 0.776814	test: 0.729686

Epoch: 54
Loss: 0.006391951040134977
Some target is missing!
Missing ratio: 0.058824
Some target is missing!
Missing ratio: 0.117647
train: 0.996707	val: 0.783087	test: 0.720557

Epoch: 55
Loss: 0.006341587590995633
Some target is missing!
Missing ratio: 0.058824
Some target is missing!
Missing ratio: 0.117647
train: 0.997292	val: 0.782136	test: 0.721785

Epoch: 56
Loss: 0.006015354930869415
Some target is missing!
Missing ratio: 0.058824
Some target is missing!
Missing ratio: 0.117647
train: 0.996638	val: 0.774655	test: 0.733401

Epoch: 57
Loss: 0.006056681662288443
Some target is missing!
Missing ratio: 0.058824
Some target is missing!
Missing ratio: 0.117647
train: 0.995627	val: 0.787187	test: 0.749000

Epoch: 58
Loss: 0.00622026519753795
Some target is missing!
Missing ratio: 0.058824
Some target is missing!
Missing ratio: 0.117647
train: 0.996635	val: 0.786032	test: 0.728510

Epoch: 59
Loss: 0.006059646692496016
Some target is missing!
Missing ratio: 0.058824
Some target is missing!
Missing ratio: 0.117647
train: 0.995699	val: 0.783574	test: 0.741292

Epoch: 60
Loss: 0.006078512234811033
Some target is missing!
Missing ratio: 0.058824
Some target is missing!
Missing ratio: 0.117647
train: 0.997226	val: 0.793165	test: 0.728722

Epoch: 61
Loss: 0.005719122376183458
Some target is missing!
Missing ratio: 0.058824
Some target is missing!
Missing ratio: 0.117647
train: 0.997609	val: 0.812995	test: 0.781465

Epoch: 62
Loss: 0.005760882183062276
Some target is missing!
Missing ratio: 0.058824
Some target is missing!
Missing ratio: 0.117647
train: 0.998000	val: 0.810581	test: 0.760200

Epoch: 63
Loss: 0.005692939589585881
Some target is missing!
Missing ratio: 0.058824
Some target is missing!
Missing ratio: 0.117647
train: 0.998162	val: 0.813439	test: 0.756394

Epoch: 64
Loss: 0.005374151626344078
Some target is missing!
Missing ratio: 0.058824
Some target is missing!
Missing ratio: 0.117647
train: 0.998292	val: 0.812650	test: 0.750952

Epoch: 65
Loss: 0.005650879485044164
Some target is missing!
Missing ratio: 0.058824
Some target is missing!
Missing ratio: 0.117647
train: 0.997875	val: 0.783434	test: 0.750323

Epoch: 66
Loss: 0.005637486994369578
Some target is missing!
Missing ratio: 0.058824
Some target is missing!
Missing ratio: 0.117647
train: 0.998404	val: 0.816289	test: 0.770093

Epoch: 67
Loss: 0.0052206879760040535
Some target is missing!
Missing ratio: 0.058824
Some target is missing!
Missing ratio: 0.117647
train: 0.998171	val: 0.805930	test: 0.776096

Epoch: 68
Loss: 0.005305198047207229
Some target is missing!
Missing ratio: 0.058824
Some target is missing!
Missing ratio: 0.117647
train: 0.998212	val: 0.798713	test: 0.745505

Epoch: 69
Loss: 0.005095646372479973
Some target is missing!
Missing ratio: 0.058824
Some target is missing!
Missing ratio: 0.117647
train: 0.998584	val: 0.778262	test: 0.770581

Epoch: 70
Loss: 0.005251941803763643
Some target is missing!
Missing ratio: 0.058824
Some target is missing!
Missing ratio: 0.117647
train: 0.998760	val: 0.795262	test: 0.749584

Epoch: 71
Loss: 0.005037027290255241
Some target is missing!
Missing ratio: 0.058824
Some target is missing!
Missing ratio: 0.117647
train: 0.998481	val: 0.795307	test: 0.751031

Epoch: 72
Loss: 0.005158819586999226
Some target is missing!
Missing ratio: 0.058824
Some target is missing!
Missing ratio: 0.117647
train: 0.998683	val: 0.796311	test: 0.763682

Epoch: 73
Loss: 0.005200306370101591
Some target is missing!
Missing ratio: 0.058824
Some target is missing!
Missing ratio: 0.117647
train: 0.998893	val: 0.797195	test: 0.756055

Epoch: 74
Loss: 0.005006340556041094
Some target is missing!
Missing ratio: 0.058824
Some target is missing!
Missing ratio: 0.117647
train: 0.999229	val: 0.807742	test: 0.780309

Epoch: 75
Loss: 0.004847150774077653
Some target is missing!
Missing ratio: 0.058824
Some target is missing!
Missing ratio: 0.117647
train: 0.999319	val: 0.764759	test: 0.758797

Epoch: 76
Loss: 0.004769479219495991
Some target is missing!
Missing ratio: 0.058824
Some target is missing!
Missing ratio: 0.117647
train: 0.999016	val: 0.798759	test: 0.743188

Epoch: 77
Loss: 0.004778750072142164
Some target is missing!
Missing ratio: 0.058824
Some target is missing!
Missing ratio: 0.117647
train: 0.999101	val: 0.793939	test: 0.727719

Epoch: 78
Loss: 0.004327111873159638
Some target is missing!
Missing ratio: 0.058824
Some target is missing!
Missing ratio: 0.117647
train: 0.999370	val: 0.799388	test: 0.741872

Epoch: 79
Loss: 0.004645671349981598
Some target is missing!
Missing ratio: 0.058824
Some target is missing!
Missing ratio: 0.117647
train: 0.999334	val: 0.772568	test: 0.727958

Epoch: 80
Loss: 0.004693010197889746
Some target is missing!
Missing ratio: 0.058824
Some target is missing!
Missing ratio: 0.117647
train: 0.999218	val: 0.792740	test: 0.747725

Epoch: 81
Loss: 0.004542946608766322
Some target is missing!
Missing ratio: 0.058824
Some target is missing!
Missing ratio: 0.117647
train: 0.999305	val: 0.784211	test: 0.745021

Epoch: 82
Loss: 0.0042350491476009335
Some target is missing!
Missing ratio: 0.058824
Some target is missing!
Missing ratio: 0.117647
train: 0.999584	val: 0.792055	test: 0.735324

Epoch: 83
Loss: 0.00450734126084079
Some target is missing!
Missing ratio: 0.058824
Some target is missing!
Missing ratio: 0.117647
train: 0.999520	val: 0.786802	test: 0.760530

Epoch: 84
Loss: 0.004310973816234695
Some target is missing!
Missing ratio: 0.058824
Some target is missing!
Missing ratio: 0.117647
train: 0.999625	val: 0.811454	test: 0.735888

Epoch: 85
Loss: 0.0040712819999262646
Some target is missing!
Missing ratio: 0.058824
Some target is missing!
Missing ratio: 0.117647
train: 0.999449	val: 0.802071	test: 0.747028

Epoch: 86
Loss: 0.004393505842371806
Some target is missing!
Missing ratio: 0.058824
Some target is missing!
Missing ratio: 0.117647
train: 0.999600	val: 0.775051	test: 0.748668

Epoch: 87
Loss: 0.004294004222490365
Some target is missing!
Missing ratio: 0.058824
Some target is missing!
Missing ratio: 0.117647
train: 0.999534	val: 0.794124	test: 0.756807

Epoch: 88
Loss: 0.004166869587347765
Some target is missing!
Missing ratio: 0.058824
Some target is missing!
Missing ratio: 0.117647
train: 0.999622	val: 0.796845	test: 0.745401

Epoch: 89
Loss: 0.004094554270576086
Some target is missing!
Missing ratio: 0.058824
Some target is missing!
Missing ratio: 0.117647
train: 0.999362	val: 0.794771	test: 0.735328

Epoch: 90
Loss: 0.0040456373752710256
Some target is missing!
Missing ratio: 0.058824
Some target is missing!
Missing ratio: 0.117647
train: 0.999672	val: 0.804318	test: 0.754126

Epoch: 91
Loss: 0.004165005566889608
Some target is missing!
Missing ratio: 0.058824
Some target is missing!
Missing ratio: 0.117647
train: 0.999606	val: 0.783693	test: 0.701884

Epoch: 92
Loss: 0.0036551484449294275
Some target is missing!
Missing ratio: 0.058824
Some target is missing!
Missing ratio: 0.117647
train: 0.999828	val: 0.801722	test: 0.741058

Epoch: 93
Loss: 0.003964205223555025
Some target is missing!
Missing ratio: 0.058824
Some target is missing!
Missing ratio: 0.117647
train: 0.999773	val: 0.790773	test: 0.742462

Epoch: 94
Loss: 0.003935837867152085
Some target is missing!
Missing ratio: 0.058824
Some target is missing!
Missing ratio: 0.117647
train: 0.999775	val: 0.773055	test: 0.746866

Epoch: 95
Loss: 0.0037545318719340716
Some target is missing!
Missing ratio: 0.058824
Some target is missing!
Missing ratio: 0.117647
train: 0.999740	val: 0.779180	test: 0.750986

Epoch: 96
Loss: 0.0037147845527907737
Some target is missing!
Missing ratio: 0.058824
Some target is missing!
Missing ratio: 0.117647
train: 0.999749	val: 0.757901	test: 0.739632

Epoch: 97
Loss: 0.0035474930689298793
Some target is missing!
Missing ratio: 0.058824
Some target is missing!
Missing ratio: 0.117647
train: 0.999851	val: 0.761363	test: 0.741870

Epoch: 98
Loss: 0.0037287698121895503
Some target is missing!
Missing ratio: 0.058824
Some target is missing!
Missing ratio: 0.117647
train: 0.999583	val: 0.779345	test: 0.719702

Epoch: 99
Loss: 0.0036597659098910385
Some target is missing!
Missing ratio: 0.058824
Some target is missing!
Missing ratio: 0.117647
train: 0.999743	val: 0.768239	test: 0.741739

Epoch: 100
Loss: 0.003384672248591657
Some target is missing!
Missing ratio: 0.058824
Some target is missing!
Missing ratio: 0.117647
train: 0.999765	val: 0.764401	test: 0.760879

best train: 0.992048	val: 0.834301	test: 0.787827
end
