11558877_1
--dataset=toxcast --runseed=1 --eval_train --batch_size=256 --dropout_ratio=0.5 --input_model_file=../output/3D_hybrid_03_masking/GEOM_3D_nmol50000_nconf5_nupper1000/CL_1_VAE_1_AM_1/6_51_10_0.1/0.3_EBM_dot_prod_0.05_normalize_l2_detach_target_2_100_0/pretraining_model.pth
start
arguments	 Namespace(AE_loss='l2', AE_model='AE', CL_neg_samples=1, CL_similarity_metric='InfoNCE_dot_prod', JK='last', SSL_2D_mode='AM', SSL_masking_ratio=0, T=0.1, alpha_1=1, alpha_2=1, alpha_3=0.1, batch_size=256, beta=1, contextpred_neg_samples=1, csize=3, cutoff=10, data_dir_chirality='../datasets/chirality/d4_docking/d4_docking_rs.csv', dataset='toxcast', decay=0, detach_target=True, device=0, dropout_ratio=0.5, emb_dim=300, engg_n_layers=4, epochs=100, eval_train=True, flow_length=8, flow_model='planar', gamma_joao=0.1, gamma_joaov2=0.1, gnn_lr_scale=1, gnn_type='gin', graph_pooling='mean', input_data_dir='', input_model_file='../output/3D_hybrid_03_masking/GEOM_3D_nmol50000_nconf5_nupper1000/CL_1_VAE_1_AM_1/6_51_10_0.1/0.3_EBM_dot_prod_0.05_normalize_l2_detach_target_2_100_0/pretraining_model.pth', iw_samples=5, lr=0.001, lr_scale=1, m_dim=50, mask_edge=0, mask_rate=0.15, model_3d='schnet', normalize=False, num_filters=128, num_gaussians=51, num_interactions=6, num_layer=5, num_workers=8, output_model_dir='', readout='mean', runseed=1, schnet_lr_scale=1, se3_transformer_div=2, se3_transformer_n_heads=8, se3_transformer_num_channels=32, se3_transformer_num_degrees=4, se3_transformer_num_layers=7, se3_transformer_num_nlayers=1, seed=42, spherenet_basis_emb_size_angle=8, spherenet_basis_emb_size_dist=8, spherenet_basis_emb_size_torsion=8, spherenet_cutoff=3.0, spherenet_envelope_exponent=5, spherenet_int_emb_size=64, spherenet_num_after_skip=2, spherenet_num_before_skip=1, spherenet_num_layers=4, spherenet_num_output_layers=3, spherenet_num_radial=6, spherenet_num_spherical=3, spherenet_out_emb_channels=256, split='scaffold', split_path='../datasets/chirality/d4_docking/rs/split0.npy', verbose=False)
Dataset: toxcast
Data: Data(edge_attr=[330356, 2], edge_index=[2, 330356], id=[8576], x=[161088, 2], y=[5291392])
MoleculeDataset(8576)
split via scaffold
Data(edge_attr=[28, 2], edge_index=[2, 28], id=[1], x=[15, 2], y=[617])
GNN_graphpred(
(molecule_model): GNN(
(x_embedding1): Embedding(120, 300)
(x_embedding2): Embedding(3, 300)
(gnns): ModuleList(
(0): GINConv(
(mlp): Sequential(
(0): Linear(in_features=300, out_features=600, bias=True)
(1): ReLU()
(2): Linear(in_features=600, out_features=300, bias=True)
)
(edge_embedding1): Embedding(6, 300)
(edge_embedding2): Embedding(3, 300)
)
(1): GINConv(
(mlp): Sequential(
(0): Linear(in_features=300, out_features=600, bias=True)
(1): ReLU()
(2): Linear(in_features=600, out_features=300, bias=True)
)
(edge_embedding1): Embedding(6, 300)
(edge_embedding2): Embedding(3, 300)
)
(2): GINConv(
(mlp): Sequential(
(0): Linear(in_features=300, out_features=600, bias=True)
(1): ReLU()
(2): Linear(in_features=600, out_features=300, bias=True)
)
(edge_embedding1): Embedding(6, 300)
(edge_embedding2): Embedding(3, 300)
)
(3): GINConv(
(mlp): Sequential(
(0): Linear(in_features=300, out_features=600, bias=True)
(1): ReLU()
(2): Linear(in_features=600, out_features=300, bias=True)
)
(edge_embedding1): Embedding(6, 300)
(edge_embedding2): Embedding(3, 300)
)
(4): GINConv(
(mlp): Sequential(
(0): Linear(in_features=300, out_features=600, bias=True)
(1): ReLU()
(2): Linear(in_features=600, out_features=300, bias=True)
)
(edge_embedding1): Embedding(6, 300)
(edge_embedding2): Embedding(3, 300)
)
)
(batch_norms): ModuleList(
(0): BatchNorm1d(300, eps=1e-05, momentum=0.1, affine=True, track_running_stats=True)
(1): BatchNorm1d(300, eps=1e-05, momentum=0.1, affine=True, track_running_stats=True)
(2): BatchNorm1d(300, eps=1e-05, momentum=0.1, affine=True, track_running_stats=True)
(3): BatchNorm1d(300, eps=1e-05, momentum=0.1, affine=True, track_running_stats=True)
(4): BatchNorm1d(300, eps=1e-05, momentum=0.1, affine=True, track_running_stats=True)
)
)
(graph_pred_linear): Linear(in_features=300, out_features=617, bias=True)
)
Epoch: 1
Loss: 0.5301788882582014
Some target is missing!
Missing ratio: 0.011345
Some target is missing!
Missing ratio: 0.011345
train: 0.626343	val: 0.545152	test: 0.528905

Epoch: 2
Loss: 0.3364856437547565
Some target is missing!
Missing ratio: 0.011345
Some target is missing!
Missing ratio: 0.011345
train: 0.680321	val: 0.569976	test: 0.553336

Epoch: 3
Loss: 0.2501823381380572
Some target is missing!
Missing ratio: 0.011345
Some target is missing!
Missing ratio: 0.011345
train: 0.714219	val: 0.606290	test: 0.590979

Epoch: 4
Loss: 0.2192173631257472
Some target is missing!
Missing ratio: 0.011345
Some target is missing!
Missing ratio: 0.011345
train: 0.727943	val: 0.611910	test: 0.608065

Epoch: 5
Loss: 0.2081247359389193
Some target is missing!
Missing ratio: 0.011345
Some target is missing!
Missing ratio: 0.011345
train: 0.748489	val: 0.614721	test: 0.602875

Epoch: 6
Loss: 0.20157708199111551
Some target is missing!
Missing ratio: 0.011345
Some target is missing!
Missing ratio: 0.011345
train: 0.758076	val: 0.623084	test: 0.619157

Epoch: 7
Loss: 0.1984487245792142
Some target is missing!
Missing ratio: 0.011345
Some target is missing!
Missing ratio: 0.011345
train: 0.764512	val: 0.628227	test: 0.612640

Epoch: 8
Loss: 0.1958940036033154
Some target is missing!
Missing ratio: 0.011345
Some target is missing!
Missing ratio: 0.011345
train: 0.777138	val: 0.628154	test: 0.615799

Epoch: 9
Loss: 0.1932378101932679
Some target is missing!
Missing ratio: 0.011345
Some target is missing!
Missing ratio: 0.011345
train: 0.785383	val: 0.621540	test: 0.618836

Epoch: 10
Loss: 0.19069062980476284
Some target is missing!
Missing ratio: 0.011345
Some target is missing!
Missing ratio: 0.011345
train: 0.792526	val: 0.628116	test: 0.614871

Epoch: 11
Loss: 0.1894823421669873
Some target is missing!
Missing ratio: 0.011345
Some target is missing!
Missing ratio: 0.011345
train: 0.798258	val: 0.625715	test: 0.618947

Epoch: 12
Loss: 0.18685347373509043
Some target is missing!
Missing ratio: 0.011345
Some target is missing!
Missing ratio: 0.011345
train: 0.808361	val: 0.634306	test: 0.620094

Epoch: 13
Loss: 0.1862861236095988
Some target is missing!
Missing ratio: 0.011345
Some target is missing!
Missing ratio: 0.011345
train: 0.810603	val: 0.632206	test: 0.620156

Epoch: 14
Loss: 0.1851006899047007
Some target is missing!
Missing ratio: 0.011345
Some target is missing!
Missing ratio: 0.011345
train: 0.813815	val: 0.653133	test: 0.615853

Epoch: 15
Loss: 0.1840639596990164
Some target is missing!
Missing ratio: 0.011345
Some target is missing!
Missing ratio: 0.011345
train: 0.818922	val: 0.643366	test: 0.625372

Epoch: 16
Loss: 0.1822384019109365
Some target is missing!
Missing ratio: 0.011345
Some target is missing!
Missing ratio: 0.011345
train: 0.825508	val: 0.635230	test: 0.615916

Epoch: 17
Loss: 0.18049621625586254
Some target is missing!
Missing ratio: 0.011345
Some target is missing!
Missing ratio: 0.011345
train: 0.825086	val: 0.629813	test: 0.624187

Epoch: 18
Loss: 0.17974904262216726
Some target is missing!
Missing ratio: 0.011345
Some target is missing!
Missing ratio: 0.011345
train: 0.831776	val: 0.636739	test: 0.618814

Epoch: 19
Loss: 0.17877677623999108
Some target is missing!
Missing ratio: 0.011345
Some target is missing!
Missing ratio: 0.011345
train: 0.835571	val: 0.643015	test: 0.619118

Epoch: 20
Loss: 0.17790804493542395
Some target is missing!
Missing ratio: 0.011345
Some target is missing!
Missing ratio: 0.011345
train: 0.837550	val: 0.646815	test: 0.632424

Epoch: 21
Loss: 0.1769644508168024
Some target is missing!
Missing ratio: 0.011345
Some target is missing!
Missing ratio: 0.011345
train: 0.842312	val: 0.637747	test: 0.628061

Epoch: 22
Loss: 0.17597012805007875
Some target is missing!
Missing ratio: 0.011345
Some target is missing!
Missing ratio: 0.011345
train: 0.846529	val: 0.647195	test: 0.629433

Epoch: 23
Loss: 0.17543877155154816
Some target is missing!
Missing ratio: 0.011345
Some target is missing!
Missing ratio: 0.011345
train: 0.847440	val: 0.642317	test: 0.624310

Epoch: 24
Loss: 0.17523056169212467
Some target is missing!
Missing ratio: 0.011345
Some target is missing!
Missing ratio: 0.011345
train: 0.849193	val: 0.646621	test: 0.627846

Epoch: 25
Loss: 0.17526404081207805
Some target is missing!
Missing ratio: 0.011345
Some target is missing!
Missing ratio: 0.011345
train: 0.854962	val: 0.653627	test: 0.617430

Epoch: 26
Loss: 0.17286780764222776
Some target is missing!
Missing ratio: 0.011345
Some target is missing!
Missing ratio: 0.011345
train: 0.856859	val: 0.642344	test: 0.619963

Epoch: 27
Loss: 0.1731567434814094
Some target is missing!
Missing ratio: 0.011345
Some target is missing!
Missing ratio: 0.011345
train: 0.856337	val: 0.659749	test: 0.620652

Epoch: 28
Loss: 0.17184965400903088
Some target is missing!
Missing ratio: 0.011345
Some target is missing!
Missing ratio: 0.011345
train: 0.858781	val: 0.638156	test: 0.617440

Epoch: 29
Loss: 0.17129764206631784
Some target is missing!
Missing ratio: 0.011345
Some target is missing!
Missing ratio: 0.011345
train: 0.861909	val: 0.654705	test: 0.631386

Epoch: 30
Loss: 0.17107671734108404
Some target is missing!
Missing ratio: 0.011345
Some target is missing!
Missing ratio: 0.011345
train: 0.864845	val: 0.656360	test: 0.623941

Epoch: 31
Loss: 0.16912826366276879
Some target is missing!
Missing ratio: 0.011345
Some target is missing!
Missing ratio: 0.011345
train: 0.867123	val: 0.663828	test: 0.622120

Epoch: 32
Loss: 0.16889560601464718
Some target is missing!
Missing ratio: 0.011345
Some target is missing!
Missing ratio: 0.011345
train: 0.869055	val: 0.663270	test: 0.631406

Epoch: 33
Loss: 0.1688138042279513
Some target is missing!
Missing ratio: 0.011345
Some target is missing!
Missing ratio: 0.011345
train: 0.869980	val: 0.657637	test: 0.632898

Epoch: 34
Loss: 0.16773886711252295
Some target is missing!
Missing ratio: 0.011345
Some target is missing!
Missing ratio: 0.011345
train: 0.874258	val: 0.657501	test: 0.627748

Epoch: 35
Loss: 0.1668644042284439
Some target is missing!
Missing ratio: 0.011345
Some target is missing!
Missing ratio: 0.011345
train: 0.874848	val: 0.659168	test: 0.624356

Epoch: 36
Loss: 0.1665604923588382
Some target is missing!
Missing ratio: 0.011345
Some target is missing!
Missing ratio: 0.011345
train: 0.875397	val: 0.665063	test: 0.626660

Epoch: 37
Loss: 0.16537226389279436
Some target is missing!
Missing ratio: 0.011345
Some target is missing!
Missing ratio: 0.011345
train: 0.878608	val: 0.666420	test: 0.626528

Epoch: 38
Loss: 0.16513730681916908
Some target is missing!
Missing ratio: 0.011345
Some target is missing!
Missing ratio: 0.011345
train: 0.881031	val: 0.661902	test: 0.627185

Epoch: 39
Loss: 0.16411039854255718
Some target is missing!
Missing ratio: 0.011345
Some target is missing!
Missing ratio: 0.011345
train: 0.883340	val: 0.667348	test: 0.628312

Epoch: 40
Loss: 0.16300304419741976
Some target is missing!
Missing ratio: 0.011345
Some target is missing!
Missing ratio: 0.011345
train: 0.879563	val: 0.667757	test: 0.638701

Epoch: 41
Loss: 0.1635512228043075
Some target is missing!
Missing ratio: 0.011345
Some target is missing!
Missing ratio: 0.011345
train: 0.884141	val: 0.653085	test: 0.616747

Epoch: 42
Loss: 0.16351820082191748
Some target is missing!
Missing ratio: 0.011345
Some target is missing!
Missing ratio: 0.011345
train: 0.886667	val: 0.663089	test: 0.621842

Epoch: 43
Loss: 0.16220401202948923
Some target is missing!
Missing ratio: 0.011345
Some target is missing!
Missing ratio: 0.011345
train: 0.887140	val: 0.659861	test: 0.624406

Epoch: 44
Loss: 0.16148328833296233
Some target is missing!
Missing ratio: 0.011345
Some target is missing!
Missing ratio: 0.011345
train: 0.885142	val: 0.652769	test: 0.625342

Epoch: 45
Loss: 0.16278258532772863
Some target is missing!
Missing ratio: 0.011345
Some target is missing!
Missing ratio: 0.011345
train: 0.889343	val: 0.647174	test: 0.619649

Epoch: 46
Loss: 0.1612892394187283
Some target is missing!
Missing ratio: 0.011345
Some target is missing!
Missing ratio: 0.011345
train: 0.886998	val: 0.664315	test: 0.622569

Epoch: 47
Loss: 0.1605307434360121
Some target is missing!
Missing ratio: 0.011345
Some target is missing!
Missing ratio: 0.011345
train: 0.893023	val: 0.653561	test: 0.628480

Epoch: 48
Loss: 0.15853342975319887
Some target is missing!
Missing ratio: 0.011345
Some target is missing!
Missing ratio: 0.011345
train: 0.892266	val: 0.645731	test: 0.623652

Epoch: 49
Loss: 0.159546247193362
Some target is missing!
Missing ratio: 0.011345
Some target is missing!
Missing ratio: 0.011345
train: 0.892961	val: 0.666710	test: 0.623342

Epoch: 50
Loss: 0.15871640921424499
Some target is missing!
Missing ratio: 0.011345
Some target is missing!
Missing ratio: 0.011345
train: 0.895292	val: 0.654829	test: 0.625069

Epoch: 51
Loss: 0.15890175836242743
Some target is missing!
Missing ratio: 0.011345
Some target is missing!
Missing ratio: 0.011345
train: 0.897415	val: 0.668126	test: 0.618155

Epoch: 52
Loss: 0.15662509168320116
Some target is missing!
Missing ratio: 0.011345
Some target is missing!
Missing ratio: 0.011345
train: 0.898879	val: 0.647170	test: 0.615612

Epoch: 53
Loss: 0.15711810987722896
Some target is missing!
Missing ratio: 0.011345
Some target is missing!
Missing ratio: 0.011345
train: 0.898379	val: 0.667845	test: 0.625017

Epoch: 54
Loss: 0.15732845944782828
Some target is missing!
Missing ratio: 0.011345
Some target is missing!
Missing ratio: 0.011345
train: 0.900113	val: 0.653452	test: 0.619646

Epoch: 55
Loss: 0.15671135618838916
Some target is missing!
Missing ratio: 0.011345
Some target is missing!
Missing ratio: 0.011345
train: 0.900883	val: 0.665819	test: 0.628517

Epoch: 56
Loss: 0.15584732474444424
Some target is missing!
Missing ratio: 0.011345
Some target is missing!
Missing ratio: 0.011345
train: 0.902138	val: 0.650994	test: 0.615931

Epoch: 57
Loss: 0.15431890237952292
Some target is missing!
Missing ratio: 0.011345
Some target is missing!
Missing ratio: 0.011345
train: 0.904074	val: 0.661356	test: 0.624084

Epoch: 58
Loss: 0.15460086633735567
Some target is missing!
Missing ratio: 0.011345
Some target is missing!
Missing ratio: 0.011345
train: 0.902098	val: 0.668540	test: 0.633169

Epoch: 59
Loss: 0.15444523923624073
Some target is missing!
Missing ratio: 0.011345
Some target is missing!
Missing ratio: 0.011345
train: 0.905752	val: 0.661038	test: 0.622677

Epoch: 60
Loss: 0.15455083894645533
Some target is missing!
Missing ratio: 0.011345
Some target is missing!
Missing ratio: 0.011345
train: 0.906141	val: 0.656084	test: 0.619396

Epoch: 61
Loss: 0.15512222942727705
Some target is missing!
Missing ratio: 0.011345
Some target is missing!
Missing ratio: 0.011345
train: 0.906439	val: 0.659212	test: 0.626423

Epoch: 62
Loss: 0.15452480958754383
Some target is missing!
Missing ratio: 0.011345
Some target is missing!
Missing ratio: 0.011345
train: 0.910124	val: 0.658338	test: 0.620584

Epoch: 63
Loss: 0.15316687494596876
Some target is missing!
Missing ratio: 0.011345
Some target is missing!
Missing ratio: 0.011345
train: 0.909860	val: 0.658046	test: 0.631636

Epoch: 64
Loss: 0.1525185057222171
Some target is missing!
Missing ratio: 0.011345
Some target is missing!
Missing ratio: 0.011345
train: 0.911247	val: 0.652625	test: 0.619136

Epoch: 65
Loss: 0.152235518145137
Some target is missing!
Missing ratio: 0.011345
Some target is missing!
Missing ratio: 0.011345
train: 0.910778	val: 0.665345	test: 0.628267

Epoch: 66
Loss: 0.1516234656126134
Some target is missing!
Missing ratio: 0.011345
Some target is missing!
Missing ratio: 0.011345
train: 0.912399	val: 0.654529	test: 0.619722

Epoch: 67
Loss: 0.1511351867126661
Some target is missing!
Missing ratio: 0.011345
Some target is missing!
Missing ratio: 0.011345
train: 0.913635	val: 0.658268	test: 0.622105

Epoch: 68
Loss: 0.15077929274405105
Some target is missing!
Missing ratio: 0.011345
Some target is missing!
Missing ratio: 0.011345
train: 0.912930	val: 0.656862	test: 0.618039

Epoch: 69
Loss: 0.15096448807718726
Some target is missing!
Missing ratio: 0.011345
Some target is missing!
Missing ratio: 0.011345
train: 0.911221	val: 0.670719	test: 0.617108

Epoch: 70
Loss: 0.14935705944225305
Some target is missing!
Missing ratio: 0.011345
Some target is missing!
Missing ratio: 0.011345
train: 0.912071	val: 0.671366	test: 0.622001

Epoch: 71
Loss: 0.14994132841970031
Some target is missing!
Missing ratio: 0.011345
Some target is missing!
Missing ratio: 0.011345
train: 0.917179	val: 0.659116	test: 0.619277

Epoch: 72
Loss: 0.1498987750304962
Some target is missing!
Missing ratio: 0.011345
Some target is missing!
Missing ratio: 0.011345
train: 0.917749	val: 0.651727	test: 0.625539

Epoch: 73
Loss: 0.1496091775979433
Some target is missing!
Missing ratio: 0.011345
Some target is missing!
Missing ratio: 0.011345
train: 0.918477	val: 0.656973	test: 0.624806

Epoch: 74
Loss: 0.14845777890944853
Some target is missing!
Missing ratio: 0.011345
Some target is missing!
Missing ratio: 0.011345
train: 0.917538	val: 0.662841	test: 0.627060

Epoch: 75
Loss: 0.1484815760944244
Some target is missing!
Missing ratio: 0.011345
Some target is missing!
Missing ratio: 0.011345
train: 0.918311	val: 0.663516	test: 0.632095

Epoch: 76
Loss: 0.14871454214792046
Some target is missing!
Missing ratio: 0.011345
Some target is missing!
Missing ratio: 0.011345
train: 0.921140	val: 0.665088	test: 0.621439

Epoch: 77
Loss: 0.14831919251336328
Some target is missing!
Missing ratio: 0.011345
Some target is missing!
Missing ratio: 0.011345
train: 0.920246	val: 0.660021	test: 0.627539

Epoch: 78
Loss: 0.1466123858427076
Some target is missing!
Missing ratio: 0.011345
Some target is missing!
Missing ratio: 0.011345
train: 0.920767	val: 0.656652	test: 0.622611

Epoch: 79
Loss: 0.14708257860850404
Some target is missing!
Missing ratio: 0.011345
Some target is missing!
Missing ratio: 0.011345
train: 0.921368	val: 0.663429	test: 0.627331

Epoch: 80
Loss: 0.14768192114686748
Some target is missing!
Missing ratio: 0.011345
Some target is missing!
Missing ratio: 0.011345
train: 0.923483	val: 0.662958	test: 0.626197

Epoch: 81
Loss: 0.14562891539916958
Some target is missing!
Missing ratio: 0.011345
Some target is missing!
Missing ratio: 0.011345
train: 0.925161	val: 0.655202	test: 0.627736

Epoch: 82
Loss: 0.14642531312832993
Some target is missing!
Missing ratio: 0.011345
Some target is missing!
Missing ratio: 0.011345
train: 0.924140	val: 0.652353	test: 0.627583

Epoch: 83
Loss: 0.14581422834216992
Some target is missing!
Missing ratio: 0.011345
Some target is missing!
Missing ratio: 0.011345
train: 0.925565	val: 0.656089	test: 0.624220

Epoch: 84
Loss: 0.14485127394081906
Some target is missing!
Missing ratio: 0.011345
Some target is missing!
Missing ratio: 0.011345
train: 0.926774	val: 0.655648	test: 0.629149

Epoch: 85
Loss: 0.14507103508885769
Some target is missing!
Missing ratio: 0.011345
Some target is missing!
Missing ratio: 0.011345
train: 0.925565	val: 0.661335	test: 0.628116

Epoch: 86
Loss: 0.1445321383690113
Some target is missing!
Missing ratio: 0.011345
Some target is missing!
Missing ratio: 0.011345
train: 0.927192	val: 0.655004	test: 0.626258

Epoch: 87
Loss: 0.14407012873084335
Some target is missing!
Missing ratio: 0.011345
Some target is missing!
Missing ratio: 0.011345
train: 0.928347	val: 0.655166	test: 0.629285

Epoch: 88
Loss: 0.14385511255140265
Some target is missing!
Missing ratio: 0.011345
Some target is missing!
Missing ratio: 0.011345
train: 0.929144	val: 0.654876	test: 0.628704

Epoch: 89
Loss: 0.14277466843804631
Some target is missing!
Missing ratio: 0.011345
Some target is missing!
Missing ratio: 0.011345
train: 0.928964	val: 0.657122	test: 0.627146

Epoch: 90
Loss: 0.14134565062359086
Some target is missing!
Missing ratio: 0.011345
Some target is missing!
Missing ratio: 0.011345
train: 0.931738	val: 0.658474	test: 0.624992

Epoch: 91
Loss: 0.14232953939550566
Some target is missing!
Missing ratio: 0.011345
Some target is missing!
Missing ratio: 0.011345
train: 0.931084	val: 0.656929	test: 0.630931

Epoch: 92
Loss: 0.14267010304148153
Some target is missing!
Missing ratio: 0.011345
Some target is missing!
Missing ratio: 0.011345
train: 0.931259	val: 0.658268	test: 0.627959

Epoch: 93
Loss: 0.1423454905492346
Some target is missing!
Missing ratio: 0.011345
Some target is missing!
Missing ratio: 0.011345
train: 0.932552	val: 0.653198	test: 0.630197

Epoch: 94
Loss: 0.14121972584186968
Some target is missing!
Missing ratio: 0.011345
Some target is missing!
Missing ratio: 0.011345
train: 0.932334	val: 0.657314	test: 0.629192

Epoch: 95
Loss: 0.14189695214988113
Some target is missing!
Missing ratio: 0.011345
Some target is missing!
Missing ratio: 0.011345
train: 0.932520	val: 0.661957	test: 0.629057

Epoch: 96
Loss: 0.14106793408394008
Some target is missing!
Missing ratio: 0.011345
Some target is missing!
Missing ratio: 0.011345
train: 0.934536	val: 0.655679	test: 0.622246

Epoch: 97
Loss: 0.14111486722947045
Some target is missing!
Missing ratio: 0.011345
Some target is missing!
Missing ratio: 0.011345
train: 0.935058	val: 0.662656	test: 0.622608

Epoch: 98
Loss: 0.13942713154017838
Some target is missing!
Missing ratio: 0.011345
Some target is missing!
Missing ratio: 0.011345
train: 0.935108	val: 0.665263	test: 0.623479

Epoch: 99
Loss: 0.139380606065386
Some target is missing!
Missing ratio: 0.011345
Some target is missing!
Missing ratio: 0.011345
train: 0.935226	val: 0.664931	test: 0.630326

Epoch: 100
Loss: 0.13909098675087903
Some target is missing!
Missing ratio: 0.011345
Some target is missing!
Missing ratio: 0.011345
train: 0.935816	val: 0.650589	test: 0.619821

best train: 0.912071	val: 0.671366	test: 0.622001
end
