13698849_0
--dataset=toxcast --runseed=0 --eval_train --batch_size=256 --dropout_ratio=0.5 --input_model_file=../output/3D_hybrid_03_masking/GEOM_3D_nmol50000_nconf5_nupper1000/CL_1_VAE_1_CP_0.1/6_51_10_0.1/0.3_EBM_dot_prod_0.1_normalize_l2_detach_target_1_100_0/pretraining_model.pth
start
arguments	 Namespace(AE_loss='l2', AE_model='AE', CL_neg_samples=1, CL_similarity_metric='InfoNCE_dot_prod', JK='last', SSL_2D_mode='AM', SSL_masking_ratio=0, T=0.1, alpha_1=1, alpha_2=1, alpha_3=0.1, batch_size=256, beta=1, contextpred_neg_samples=1, csize=3, cutoff=10, data_dir_chirality='../datasets/chirality/d4_docking/d4_docking_rs.csv', dataset='toxcast', decay=0, detach_target=True, device=0, dropout_ratio=0.5, emb_dim=300, engg_n_layers=4, epochs=100, eval_train=True, flow_length=8, flow_model='planar', gamma_joao=0.1, gamma_joaov2=0.1, gnn_lr_scale=1, gnn_type='gin', graph_pooling='mean', input_data_dir='', input_model_file='../output/3D_hybrid_03_masking/GEOM_3D_nmol50000_nconf5_nupper1000/CL_1_VAE_1_CP_0.1/6_51_10_0.1/0.3_EBM_dot_prod_0.1_normalize_l2_detach_target_1_100_0/pretraining_model.pth', iw_samples=5, lr=0.001, lr_scale=1, m_dim=50, mask_edge=0, mask_rate=0.15, model_3d='schnet', normalize=False, num_filters=128, num_gaussians=51, num_interactions=6, num_layer=5, num_workers=8, output_model_dir='', readout='mean', runseed=0, schnet_lr_scale=1, se3_transformer_div=2, se3_transformer_n_heads=8, se3_transformer_num_channels=32, se3_transformer_num_degrees=4, se3_transformer_num_layers=7, se3_transformer_num_nlayers=1, seed=42, spherenet_basis_emb_size_angle=8, spherenet_basis_emb_size_dist=8, spherenet_basis_emb_size_torsion=8, spherenet_cutoff=3.0, spherenet_envelope_exponent=5, spherenet_int_emb_size=64, spherenet_num_after_skip=2, spherenet_num_before_skip=1, spherenet_num_layers=4, spherenet_num_output_layers=3, spherenet_num_radial=6, spherenet_num_spherical=3, spherenet_out_emb_channels=256, split='scaffold', split_path='../datasets/chirality/d4_docking/rs/split0.npy', verbose=False)
Dataset: toxcast
Data: Data(edge_attr=[330356, 2], edge_index=[2, 330356], id=[8576], x=[161088, 2], y=[5291392])
MoleculeDataset(8576)
split via scaffold
Data(edge_attr=[28, 2], edge_index=[2, 28], id=[1], x=[15, 2], y=[617])
GNN_graphpred(
(molecule_model): GNN(
(x_embedding1): Embedding(120, 300)
(x_embedding2): Embedding(3, 300)
(gnns): ModuleList(
(0): GINConv(
(mlp): Sequential(
(0): Linear(in_features=300, out_features=600, bias=True)
(1): ReLU()
(2): Linear(in_features=600, out_features=300, bias=True)
)
(edge_embedding1): Embedding(6, 300)
(edge_embedding2): Embedding(3, 300)
)
(1): GINConv(
(mlp): Sequential(
(0): Linear(in_features=300, out_features=600, bias=True)
(1): ReLU()
(2): Linear(in_features=600, out_features=300, bias=True)
)
(edge_embedding1): Embedding(6, 300)
(edge_embedding2): Embedding(3, 300)
)
(2): GINConv(
(mlp): Sequential(
(0): Linear(in_features=300, out_features=600, bias=True)
(1): ReLU()
(2): Linear(in_features=600, out_features=300, bias=True)
)
(edge_embedding1): Embedding(6, 300)
(edge_embedding2): Embedding(3, 300)
)
(3): GINConv(
(mlp): Sequential(
(0): Linear(in_features=300, out_features=600, bias=True)
(1): ReLU()
(2): Linear(in_features=600, out_features=300, bias=True)
)
(edge_embedding1): Embedding(6, 300)
(edge_embedding2): Embedding(3, 300)
)
(4): GINConv(
(mlp): Sequential(
(0): Linear(in_features=300, out_features=600, bias=True)
(1): ReLU()
(2): Linear(in_features=600, out_features=300, bias=True)
)
(edge_embedding1): Embedding(6, 300)
(edge_embedding2): Embedding(3, 300)
)
)
(batch_norms): ModuleList(
(0): BatchNorm1d(300, eps=1e-05, momentum=0.1, affine=True, track_running_stats=True)
(1): BatchNorm1d(300, eps=1e-05, momentum=0.1, affine=True, track_running_stats=True)
(2): BatchNorm1d(300, eps=1e-05, momentum=0.1, affine=True, track_running_stats=True)
(3): BatchNorm1d(300, eps=1e-05, momentum=0.1, affine=True, track_running_stats=True)
(4): BatchNorm1d(300, eps=1e-05, momentum=0.1, affine=True, track_running_stats=True)
)
)
(graph_pred_linear): Linear(in_features=300, out_features=617, bias=True)
)
Epoch: 1
Loss: 0.4883679925887799
Some target is missing!
Missing ratio: 0.011345
Some target is missing!
Missing ratio: 0.011345
train: 0.633865	val: 0.568410	test: 0.544337

Epoch: 2
Loss: 0.2872527975113728
Some target is missing!
Missing ratio: 0.011345
Some target is missing!
Missing ratio: 0.011345
train: 0.678002	val: 0.581054	test: 0.555922

Epoch: 3
Loss: 0.22979965851995593
Some target is missing!
Missing ratio: 0.011345
Some target is missing!
Missing ratio: 0.011345
train: 0.700095	val: 0.612149	test: 0.568408

Epoch: 4
Loss: 0.21419826962464017
Some target is missing!
Missing ratio: 0.011345
Some target is missing!
Missing ratio: 0.011345
train: 0.702008	val: 0.597652	test: 0.559168

Epoch: 5
Loss: 0.20860452458231477
Some target is missing!
Missing ratio: 0.011345
Some target is missing!
Missing ratio: 0.011345
train: 0.720219	val: 0.608864	test: 0.594175

Epoch: 6
Loss: 0.2034340558827092
Some target is missing!
Missing ratio: 0.011345
Some target is missing!
Missing ratio: 0.011345
train: 0.736984	val: 0.608422	test: 0.589744

Epoch: 7
Loss: 0.20126446344774382
Some target is missing!
Missing ratio: 0.011345
Some target is missing!
Missing ratio: 0.011345
train: 0.761462	val: 0.625497	test: 0.609049

Epoch: 8
Loss: 0.1973553360611362
Some target is missing!
Missing ratio: 0.011345
Some target is missing!
Missing ratio: 0.011345
train: 0.763165	val: 0.617414	test: 0.611558

Epoch: 9
Loss: 0.19639424192824806
Some target is missing!
Missing ratio: 0.011345
Some target is missing!
Missing ratio: 0.011345
train: 0.774106	val: 0.629533	test: 0.617866

Epoch: 10
Loss: 0.19509965351530523
Some target is missing!
Missing ratio: 0.011345
Some target is missing!
Missing ratio: 0.011345
train: 0.781038	val: 0.629583	test: 0.620531

Epoch: 11
Loss: 0.19275677177975314
Some target is missing!
Missing ratio: 0.011345
Some target is missing!
Missing ratio: 0.011345
train: 0.784309	val: 0.637924	test: 0.618456

Epoch: 12
Loss: 0.19055168994746804
Some target is missing!
Missing ratio: 0.011345
Some target is missing!
Missing ratio: 0.011345
train: 0.792029	val: 0.623087	test: 0.624672

Epoch: 13
Loss: 0.1892155830484196
Some target is missing!
Missing ratio: 0.011345
Some target is missing!
Missing ratio: 0.011345
train: 0.800523	val: 0.629806	test: 0.628187

Epoch: 14
Loss: 0.18838868316367646
Some target is missing!
Missing ratio: 0.011345
Some target is missing!
Missing ratio: 0.011345
train: 0.806353	val: 0.630445	test: 0.634797

Epoch: 15
Loss: 0.18681114414508035
Some target is missing!
Missing ratio: 0.011345
Some target is missing!
Missing ratio: 0.011345
train: 0.812247	val: 0.639615	test: 0.634021

Epoch: 16
Loss: 0.184830648511201
Some target is missing!
Missing ratio: 0.011345
Some target is missing!
Missing ratio: 0.011345
train: 0.814943	val: 0.612116	test: 0.632609

Epoch: 17
Loss: 0.1843387057726695
Some target is missing!
Missing ratio: 0.011345
Some target is missing!
Missing ratio: 0.011345
train: 0.818080	val: 0.633735	test: 0.619588

Epoch: 18
Loss: 0.18327012277694302
Some target is missing!
Missing ratio: 0.011345
Some target is missing!
Missing ratio: 0.011345
train: 0.821115	val: 0.629094	test: 0.634104

Epoch: 19
Loss: 0.1833373589402327
Some target is missing!
Missing ratio: 0.011345
Some target is missing!
Missing ratio: 0.011345
train: 0.824440	val: 0.632616	test: 0.631420

Epoch: 20
Loss: 0.1807242560775798
Some target is missing!
Missing ratio: 0.011345
Some target is missing!
Missing ratio: 0.011345
train: 0.826437	val: 0.622127	test: 0.628450

Epoch: 21
Loss: 0.1814968837904077
Some target is missing!
Missing ratio: 0.011345
Some target is missing!
Missing ratio: 0.011345
train: 0.832163	val: 0.629498	test: 0.621620

Epoch: 22
Loss: 0.18020627637672196
Some target is missing!
Missing ratio: 0.011345
Some target is missing!
Missing ratio: 0.011345
train: 0.827644	val: 0.618689	test: 0.626615

Epoch: 23
Loss: 0.17975177784335356
Some target is missing!
Missing ratio: 0.011345
Some target is missing!
Missing ratio: 0.011345
train: 0.832629	val: 0.611818	test: 0.618976

Epoch: 24
Loss: 0.1792365372840994
Some target is missing!
Missing ratio: 0.011345
Some target is missing!
Missing ratio: 0.011345
train: 0.840001	val: 0.619449	test: 0.619894

Epoch: 25
Loss: 0.17738344452540544
Some target is missing!
Missing ratio: 0.011345
Some target is missing!
Missing ratio: 0.011345
train: 0.840906	val: 0.632539	test: 0.635610

Epoch: 26
Loss: 0.17692843249215928
Some target is missing!
Missing ratio: 0.011345
Some target is missing!
Missing ratio: 0.011345
train: 0.844683	val: 0.640923	test: 0.627409

Epoch: 27
Loss: 0.17657856708681677
Some target is missing!
Missing ratio: 0.011345
Some target is missing!
Missing ratio: 0.011345
train: 0.846815	val: 0.625662	test: 0.615977

Epoch: 28
Loss: 0.17602302414255322
Some target is missing!
Missing ratio: 0.011345
Some target is missing!
Missing ratio: 0.011345
train: 0.844433	val: 0.636033	test: 0.629500

Epoch: 29
Loss: 0.1764222953901502
Some target is missing!
Missing ratio: 0.011345
Some target is missing!
Missing ratio: 0.011345
train: 0.847518	val: 0.634087	test: 0.624783

Epoch: 30
Loss: 0.1756813963592474
Some target is missing!
Missing ratio: 0.011345
Some target is missing!
Missing ratio: 0.011345
train: 0.845993	val: 0.636819	test: 0.630656

Epoch: 31
Loss: 0.17385869832701625
Some target is missing!
Missing ratio: 0.011345
Some target is missing!
Missing ratio: 0.011345
train: 0.855693	val: 0.624752	test: 0.628319

Epoch: 32
Loss: 0.1731551702440949
Some target is missing!
Missing ratio: 0.011345
Some target is missing!
Missing ratio: 0.011345
train: 0.852576	val: 0.639116	test: 0.622339

Epoch: 33
Loss: 0.17246056226825196
Some target is missing!
Missing ratio: 0.011345
Some target is missing!
Missing ratio: 0.011345
train: 0.859797	val: 0.631203	test: 0.629863

Epoch: 34
Loss: 0.17173940050868167
Some target is missing!
Missing ratio: 0.011345
Some target is missing!
Missing ratio: 0.011345
train: 0.858216	val: 0.636132	test: 0.627017

Epoch: 35
Loss: 0.17136852155051313
Some target is missing!
Missing ratio: 0.011345
Some target is missing!
Missing ratio: 0.011345
train: 0.860626	val: 0.641453	test: 0.631910

Epoch: 36
Loss: 0.17059600903725147
Some target is missing!
Missing ratio: 0.011345
Some target is missing!
Missing ratio: 0.011345
train: 0.864748	val: 0.627340	test: 0.622439

Epoch: 37
Loss: 0.17106594343119175
Some target is missing!
Missing ratio: 0.011345
Some target is missing!
Missing ratio: 0.011345
train: 0.864027	val: 0.635899	test: 0.629658

Epoch: 38
Loss: 0.17138478823210695
Some target is missing!
Missing ratio: 0.011345
Some target is missing!
Missing ratio: 0.011345
train: 0.867706	val: 0.633313	test: 0.625863

Epoch: 39
Loss: 0.16902996583823687
Some target is missing!
Missing ratio: 0.011345
Some target is missing!
Missing ratio: 0.011345
train: 0.870325	val: 0.636770	test: 0.638051

Epoch: 40
Loss: 0.16864349766516296
Some target is missing!
Missing ratio: 0.011345
Some target is missing!
Missing ratio: 0.011345
train: 0.867336	val: 0.634713	test: 0.637257

Epoch: 41
Loss: 0.16791270614222145
Some target is missing!
Missing ratio: 0.011345
Some target is missing!
Missing ratio: 0.011345
train: 0.870500	val: 0.633913	test: 0.620676

Epoch: 42
Loss: 0.16724767831624174
Some target is missing!
Missing ratio: 0.011345
Some target is missing!
Missing ratio: 0.011345
train: 0.872734	val: 0.637074	test: 0.635182

Epoch: 43
Loss: 0.16728178514766384
Some target is missing!
Missing ratio: 0.011345
Some target is missing!
Missing ratio: 0.011345
train: 0.874537	val: 0.625047	test: 0.626967

Epoch: 44
Loss: 0.16666536181710118
Some target is missing!
Missing ratio: 0.011345
Some target is missing!
Missing ratio: 0.011345
train: 0.875943	val: 0.633331	test: 0.640355

Epoch: 45
Loss: 0.1674179203352764
Some target is missing!
Missing ratio: 0.011345
Some target is missing!
Missing ratio: 0.011345
train: 0.876422	val: 0.633977	test: 0.631153

Epoch: 46
Loss: 0.16503681190809225
Some target is missing!
Missing ratio: 0.011345
Some target is missing!
Missing ratio: 0.011345
train: 0.877746	val: 0.636905	test: 0.627956

Epoch: 47
Loss: 0.16478531231747814
Some target is missing!
Missing ratio: 0.011345
Some target is missing!
Missing ratio: 0.011345
train: 0.879061	val: 0.635723	test: 0.642259

Epoch: 48
Loss: 0.16470326902581026
Some target is missing!
Missing ratio: 0.011345
Some target is missing!
Missing ratio: 0.011345
train: 0.880657	val: 0.626918	test: 0.625385

Epoch: 49
Loss: 0.16630270256389482
Some target is missing!
Missing ratio: 0.011345
Some target is missing!
Missing ratio: 0.011345
train: 0.881913	val: 0.639684	test: 0.628937

Epoch: 50
Loss: 0.1643972255850025
Some target is missing!
Missing ratio: 0.011345
Some target is missing!
Missing ratio: 0.011345
train: 0.880311	val: 0.625968	test: 0.625611

Epoch: 51
Loss: 0.16397847624906298
Some target is missing!
Missing ratio: 0.011345
Some target is missing!
Missing ratio: 0.011345
train: 0.883861	val: 0.636255	test: 0.624164

Epoch: 52
Loss: 0.16265887221614253
Some target is missing!
Missing ratio: 0.011345
Some target is missing!
Missing ratio: 0.011345
train: 0.880956	val: 0.631578	test: 0.637817

Epoch: 53
Loss: 0.16234671991959246
Some target is missing!
Missing ratio: 0.011345
Some target is missing!
Missing ratio: 0.011345
train: 0.886432	val: 0.646226	test: 0.632350

Epoch: 54
Loss: 0.16093787937528092
Some target is missing!
Missing ratio: 0.011345
Some target is missing!
Missing ratio: 0.011345
train: 0.885316	val: 0.643438	test: 0.631384

Epoch: 55
Loss: 0.16105222525012355
Some target is missing!
Missing ratio: 0.011345
Some target is missing!
Missing ratio: 0.011345
train: 0.886246	val: 0.645250	test: 0.630499

Epoch: 56
Loss: 0.1611745853795449
Some target is missing!
Missing ratio: 0.011345
Some target is missing!
Missing ratio: 0.011345
train: 0.887630	val: 0.644464	test: 0.636018

Epoch: 57
Loss: 0.16238583482664104
Some target is missing!
Missing ratio: 0.011345
Some target is missing!
Missing ratio: 0.011345
train: 0.891199	val: 0.641337	test: 0.643645

Epoch: 58
Loss: 0.161343269187515
Some target is missing!
Missing ratio: 0.011345
Some target is missing!
Missing ratio: 0.011345
train: 0.891437	val: 0.640192	test: 0.628500

Epoch: 59
Loss: 0.16045070920843674
Some target is missing!
Missing ratio: 0.011345
Some target is missing!
Missing ratio: 0.011345
train: 0.894400	val: 0.650669	test: 0.636035

Epoch: 60
Loss: 0.16006406006858676
Some target is missing!
Missing ratio: 0.011345
Some target is missing!
Missing ratio: 0.011345
train: 0.893237	val: 0.641938	test: 0.631959

Epoch: 61
Loss: 0.1594836158416316
Some target is missing!
Missing ratio: 0.011345
Some target is missing!
Missing ratio: 0.011345
train: 0.894865	val: 0.640967	test: 0.633270

Epoch: 62
Loss: 0.1590917108394267
Some target is missing!
Missing ratio: 0.011345
Some target is missing!
Missing ratio: 0.011345
train: 0.894644	val: 0.631775	test: 0.627449

Epoch: 63
Loss: 0.15884409365198396
Some target is missing!
Missing ratio: 0.011345
Some target is missing!
Missing ratio: 0.011345
train: 0.897667	val: 0.634247	test: 0.638779

Epoch: 64
Loss: 0.15916820107739174
Some target is missing!
Missing ratio: 0.011345
Some target is missing!
Missing ratio: 0.011345
train: 0.896430	val: 0.644821	test: 0.633022

Epoch: 65
Loss: 0.1584017201114183
Some target is missing!
Missing ratio: 0.011345
Some target is missing!
Missing ratio: 0.011345
train: 0.897716	val: 0.637285	test: 0.631420

Epoch: 66
Loss: 0.15681691485794647
Some target is missing!
Missing ratio: 0.011345
Some target is missing!
Missing ratio: 0.011345
train: 0.897257	val: 0.640351	test: 0.635594

Epoch: 67
Loss: 0.15673056102213026
Some target is missing!
Missing ratio: 0.011345
Some target is missing!
Missing ratio: 0.011345
train: 0.900877	val: 0.637727	test: 0.632951

Epoch: 68
Loss: 0.15608834138780792
Some target is missing!
Missing ratio: 0.011345
Some target is missing!
Missing ratio: 0.011345
train: 0.902854	val: 0.639387	test: 0.633077

Epoch: 69
Loss: 0.1566349877623847
Some target is missing!
Missing ratio: 0.011345
Some target is missing!
Missing ratio: 0.011345
train: 0.903316	val: 0.641001	test: 0.642864

Epoch: 70
Loss: 0.15523381047253124
Some target is missing!
Missing ratio: 0.011345
Some target is missing!
Missing ratio: 0.011345
train: 0.900157	val: 0.638337	test: 0.628367

Epoch: 71
Loss: 0.15445567945360217
Some target is missing!
Missing ratio: 0.011345
Some target is missing!
Missing ratio: 0.011345
train: 0.903449	val: 0.643573	test: 0.634029

Epoch: 72
Loss: 0.15421529544824347
Some target is missing!
Missing ratio: 0.011345
Some target is missing!
Missing ratio: 0.011345
train: 0.904715	val: 0.645355	test: 0.638330

Epoch: 73
Loss: 0.15425858619860314
Some target is missing!
Missing ratio: 0.011345
Some target is missing!
Missing ratio: 0.011345
train: 0.904211	val: 0.632466	test: 0.643229

Epoch: 74
Loss: 0.1552102134298522
Some target is missing!
Missing ratio: 0.011345
Some target is missing!
Missing ratio: 0.011345
train: 0.904499	val: 0.640098	test: 0.635931

Epoch: 75
Loss: 0.15356823132036795
Some target is missing!
Missing ratio: 0.011345
Some target is missing!
Missing ratio: 0.011345
train: 0.909692	val: 0.641994	test: 0.632285

Epoch: 76
Loss: 0.1529604667935976
Some target is missing!
Missing ratio: 0.011345
Some target is missing!
Missing ratio: 0.011345
train: 0.910141	val: 0.645273	test: 0.642086

Epoch: 77
Loss: 0.15259387300206775
Some target is missing!
Missing ratio: 0.011345
Some target is missing!
Missing ratio: 0.011345
train: 0.907942	val: 0.634554	test: 0.633675

Epoch: 78
Loss: 0.1531410392556395
Some target is missing!
Missing ratio: 0.011345
Some target is missing!
Missing ratio: 0.011345
train: 0.909782	val: 0.645633	test: 0.639258

Epoch: 79
Loss: 0.1524896696463772
Some target is missing!
Missing ratio: 0.011345
Some target is missing!
Missing ratio: 0.011345
train: 0.912314	val: 0.642617	test: 0.636079

Epoch: 80
Loss: 0.15206496037765665
Some target is missing!
Missing ratio: 0.011345
Some target is missing!
Missing ratio: 0.011345
train: 0.911592	val: 0.641608	test: 0.626109

Epoch: 81
Loss: 0.15204188710443922
Some target is missing!
Missing ratio: 0.011345
Some target is missing!
Missing ratio: 0.011345
train: 0.912853	val: 0.644162	test: 0.638988

Epoch: 82
Loss: 0.15208653042171752
Some target is missing!
Missing ratio: 0.011345
Some target is missing!
Missing ratio: 0.011345
train: 0.910079	val: 0.639615	test: 0.624235

Epoch: 83
Loss: 0.15112230019998255
Some target is missing!
Missing ratio: 0.011345
Some target is missing!
Missing ratio: 0.011345
train: 0.913912	val: 0.643465	test: 0.639167

Epoch: 84
Loss: 0.150433667360465
Some target is missing!
Missing ratio: 0.011345
Some target is missing!
Missing ratio: 0.011345
train: 0.913942	val: 0.642074	test: 0.628555

Epoch: 85
Loss: 0.15075358719381715
Some target is missing!
Missing ratio: 0.011345
Some target is missing!
Missing ratio: 0.011345
train: 0.916712	val: 0.645892	test: 0.633448

Epoch: 86
Loss: 0.15076897717267276
Some target is missing!
Missing ratio: 0.011345
Some target is missing!
Missing ratio: 0.011345
train: 0.917111	val: 0.648797	test: 0.637106

Epoch: 87
Loss: 0.15027366005221843
Some target is missing!
Missing ratio: 0.011345
Some target is missing!
Missing ratio: 0.011345
train: 0.918705	val: 0.646098	test: 0.635679

Epoch: 88
Loss: 0.14913951970186473
Some target is missing!
Missing ratio: 0.011345
Some target is missing!
Missing ratio: 0.011345
train: 0.917956	val: 0.644860	test: 0.635735

Epoch: 89
Loss: 0.14831210937814607
Some target is missing!
Missing ratio: 0.011345
Some target is missing!
Missing ratio: 0.011345
train: 0.919975	val: 0.648661	test: 0.633686

Epoch: 90
Loss: 0.14772194589803223
Some target is missing!
Missing ratio: 0.011345
Some target is missing!
Missing ratio: 0.011345
train: 0.918653	val: 0.643038	test: 0.629129

Epoch: 91
Loss: 0.1474408076599378
Some target is missing!
Missing ratio: 0.011345
Some target is missing!
Missing ratio: 0.011345
train: 0.921078	val: 0.638371	test: 0.630901

Epoch: 92
Loss: 0.1472287287875123
Some target is missing!
Missing ratio: 0.011345
Some target is missing!
Missing ratio: 0.011345
train: 0.918028	val: 0.641727	test: 0.634172

Epoch: 93
Loss: 0.14850590142764797
Some target is missing!
Missing ratio: 0.011345
Some target is missing!
Missing ratio: 0.011345
train: 0.920925	val: 0.648454	test: 0.640268

Epoch: 94
Loss: 0.14831695437437606
Some target is missing!
Missing ratio: 0.011345
Some target is missing!
Missing ratio: 0.011345
train: 0.921915	val: 0.641361	test: 0.637689

Epoch: 95
Loss: 0.14736357472773756
Some target is missing!
Missing ratio: 0.011345
Some target is missing!
Missing ratio: 0.011345
train: 0.917777	val: 0.641946	test: 0.629046

Epoch: 96
Loss: 0.14638285676183763
Some target is missing!
Missing ratio: 0.011345
Some target is missing!
Missing ratio: 0.011345
train: 0.923151	val: 0.652994	test: 0.643074

Epoch: 97
Loss: 0.14554073680064303
Some target is missing!
Missing ratio: 0.011345
Some target is missing!
Missing ratio: 0.011345
train: 0.924317	val: 0.658331	test: 0.641422

Epoch: 98
Loss: 0.14588554311271695
Some target is missing!
Missing ratio: 0.011345
Some target is missing!
Missing ratio: 0.011345
train: 0.923709	val: 0.646377	test: 0.640139

Epoch: 99
Loss: 0.14545441346181226
Some target is missing!
Missing ratio: 0.011345
Some target is missing!
Missing ratio: 0.011345
train: 0.927051	val: 0.647027	test: 0.634922

Epoch: 100
Loss: 0.14541150849146314
Some target is missing!
Missing ratio: 0.011345
Some target is missing!
Missing ratio: 0.011345
train: 0.925016	val: 0.654452	test: 0.634397

best train: 0.924317	val: 0.658331	test: 0.641422
end
