9112376_2
--dataset=toxcast --runseed=2 --eval_train --batch_size=256 --dropout_ratio=0.5 --input_model_file=../output/3D_hybrid_03_masking/GEOM_3D_nmol50000_nconf5_nupper1000/CL_1_VAE_1_AM_1/6_51_10_0.1/0.15_EBM_dot_prod_0.05_normalize_l2_detach_target_2_100_0/pretraining_model.pth
start
arguments	 Namespace(AE_loss='l2', AE_model='AE', CL_neg_samples=1, CL_similarity_metric='InfoNCE_dot_prod', JK='last', SSL_2D_mode='AM', SSL_masking_ratio=0, T=0.1, alpha_1=1, alpha_2=1, alpha_3=0.1, batch_size=256, beta=1, contextpred_neg_samples=1, csize=3, cutoff=10, dataset='toxcast', decay=0, detach_target=True, device=0, dropout_ratio=0.5, emb_dim=300, engg_n_layers=4, epochs=100, eval_train=True, flow_length=8, flow_model='planar', gamma_joao=0.1, gamma_joaov2=0.1, gnn_lr_scale=1, gnn_type='gin', graph_pooling='mean', input_data_dir='', input_model_file='../output/3D_hybrid_03_masking/GEOM_3D_nmol50000_nconf5_nupper1000/CL_1_VAE_1_AM_1/6_51_10_0.1/0.15_EBM_dot_prod_0.05_normalize_l2_detach_target_2_100_0/pretraining_model.pth', iw_samples=5, lr=0.001, lr_scale=1, m_dim=50, mask_edge=0, mask_rate=0.15, model_3d='schnet', normalize=False, num_filters=128, num_gaussians=51, num_interactions=6, num_layer=5, num_workers=8, output_model_dir='', readout='mean', runseed=2, schnet_lr_scale=1, seed=42, split='scaffold', split_path=None, verbose=False)
Dataset: toxcast
Data: Data(edge_attr=[330356, 2], edge_index=[2, 330356], id=[8576], x=[161088, 2], y=[5291392])
MoleculeDataset(8576)
split via scaffold
Data(edge_attr=[28, 2], edge_index=[2, 28], id=[1], x=[15, 2], y=[617])
GNN_graphpred(
(molecule_model): GNN(
(x_embedding1): Embedding(120, 300)
(x_embedding2): Embedding(3, 300)
(gnns): ModuleList(
(0): GINConv(
(mlp): Sequential(
(0): Linear(in_features=300, out_features=600, bias=True)
(1): ReLU()
(2): Linear(in_features=600, out_features=300, bias=True)
)
(edge_embedding1): Embedding(6, 300)
(edge_embedding2): Embedding(3, 300)
)
(1): GINConv(
(mlp): Sequential(
(0): Linear(in_features=300, out_features=600, bias=True)
(1): ReLU()
(2): Linear(in_features=600, out_features=300, bias=True)
)
(edge_embedding1): Embedding(6, 300)
(edge_embedding2): Embedding(3, 300)
)
(2): GINConv(
(mlp): Sequential(
(0): Linear(in_features=300, out_features=600, bias=True)
(1): ReLU()
(2): Linear(in_features=600, out_features=300, bias=True)
)
(edge_embedding1): Embedding(6, 300)
(edge_embedding2): Embedding(3, 300)
)
(3): GINConv(
(mlp): Sequential(
(0): Linear(in_features=300, out_features=600, bias=True)
(1): ReLU()
(2): Linear(in_features=600, out_features=300, bias=True)
)
(edge_embedding1): Embedding(6, 300)
(edge_embedding2): Embedding(3, 300)
)
(4): GINConv(
(mlp): Sequential(
(0): Linear(in_features=300, out_features=600, bias=True)
(1): ReLU()
(2): Linear(in_features=600, out_features=300, bias=True)
)
(edge_embedding1): Embedding(6, 300)
(edge_embedding2): Embedding(3, 300)
)
)
(batch_norms): ModuleList(
(0): BatchNorm1d(300, eps=1e-05, momentum=0.1, affine=True, track_running_stats=True)
(1): BatchNorm1d(300, eps=1e-05, momentum=0.1, affine=True, track_running_stats=True)
(2): BatchNorm1d(300, eps=1e-05, momentum=0.1, affine=True, track_running_stats=True)
(3): BatchNorm1d(300, eps=1e-05, momentum=0.1, affine=True, track_running_stats=True)
(4): BatchNorm1d(300, eps=1e-05, momentum=0.1, affine=True, track_running_stats=True)
)
)
(graph_pred_linear): Linear(in_features=300, out_features=617, bias=True)
)
Epoch: 1
Loss: 0.5298576305887843
Some target is missing!
Missing ratio: 0.011345
Some target is missing!
Missing ratio: 0.011345
train: 0.637150	val: 0.545176	test: 0.542982

Epoch: 2
Loss: 0.3381178447169518
Some target is missing!
Missing ratio: 0.011345
Some target is missing!
Missing ratio: 0.011345
train: 0.677566	val: 0.565076	test: 0.566076

Epoch: 3
Loss: 0.25301492473640574
Some target is missing!
Missing ratio: 0.011345
Some target is missing!
Missing ratio: 0.011345
train: 0.710585	val: 0.597318	test: 0.579243

Epoch: 4
Loss: 0.22056116176127052
Some target is missing!
Missing ratio: 0.011345
Some target is missing!
Missing ratio: 0.011345
train: 0.732465	val: 0.612399	test: 0.596966

Epoch: 5
Loss: 0.20845727052619953
Some target is missing!
Missing ratio: 0.011345
Some target is missing!
Missing ratio: 0.011345
train: 0.747183	val: 0.614548	test: 0.596596

Epoch: 6
Loss: 0.20225957502346847
Some target is missing!
Missing ratio: 0.011345
Some target is missing!
Missing ratio: 0.011345
train: 0.761466	val: 0.615869	test: 0.599625

Epoch: 7
Loss: 0.1993882032266841
Some target is missing!
Missing ratio: 0.011345
Some target is missing!
Missing ratio: 0.011345
train: 0.768725	val: 0.629527	test: 0.613001

Epoch: 8
Loss: 0.19577614180846192
Some target is missing!
Missing ratio: 0.011345
Some target is missing!
Missing ratio: 0.011345
train: 0.778613	val: 0.617397	test: 0.612135

Epoch: 9
Loss: 0.1939622855137895
Some target is missing!
Missing ratio: 0.011345
Some target is missing!
Missing ratio: 0.011345
train: 0.785102	val: 0.627806	test: 0.614581

Epoch: 10
Loss: 0.19081343597862468
Some target is missing!
Missing ratio: 0.011345
Some target is missing!
Missing ratio: 0.011345
train: 0.792033	val: 0.613717	test: 0.599259

Epoch: 11
Loss: 0.1899123361502266
Some target is missing!
Missing ratio: 0.011345
Some target is missing!
Missing ratio: 0.011345
train: 0.798141	val: 0.620929	test: 0.611872

Epoch: 12
Loss: 0.18746956263454503
Some target is missing!
Missing ratio: 0.011345
Some target is missing!
Missing ratio: 0.011345
train: 0.806135	val: 0.634099	test: 0.625477

Epoch: 13
Loss: 0.18694418457590126
Some target is missing!
Missing ratio: 0.011345
Some target is missing!
Missing ratio: 0.011345
train: 0.808640	val: 0.640496	test: 0.620371

Epoch: 14
Loss: 0.18640940962228
Some target is missing!
Missing ratio: 0.011345
Some target is missing!
Missing ratio: 0.011345
train: 0.809758	val: 0.651224	test: 0.618326

Epoch: 15
Loss: 0.18393209830834292
Some target is missing!
Missing ratio: 0.011345
Some target is missing!
Missing ratio: 0.011345
train: 0.818815	val: 0.644075	test: 0.623210

Epoch: 16
Loss: 0.18235851057396993
Some target is missing!
Missing ratio: 0.011345
Some target is missing!
Missing ratio: 0.011345
train: 0.825788	val: 0.643451	test: 0.619494

Epoch: 17
Loss: 0.18106890286324667
Some target is missing!
Missing ratio: 0.011345
Some target is missing!
Missing ratio: 0.011345
train: 0.828697	val: 0.650566	test: 0.624624

Epoch: 18
Loss: 0.1790636030008962
Some target is missing!
Missing ratio: 0.011345
Some target is missing!
Missing ratio: 0.011345
train: 0.831820	val: 0.653863	test: 0.620682

Epoch: 19
Loss: 0.17919085492905965
Some target is missing!
Missing ratio: 0.011345
Some target is missing!
Missing ratio: 0.011345
train: 0.835951	val: 0.645029	test: 0.626966

Epoch: 20
Loss: 0.1788942065358208
Some target is missing!
Missing ratio: 0.011345
Some target is missing!
Missing ratio: 0.011345
train: 0.836993	val: 0.653739	test: 0.624739

Epoch: 21
Loss: 0.1771944415587093
Some target is missing!
Missing ratio: 0.011345
Some target is missing!
Missing ratio: 0.011345
train: 0.842224	val: 0.639730	test: 0.618044

Epoch: 22
Loss: 0.17700029044631319
Some target is missing!
Missing ratio: 0.011345
Some target is missing!
Missing ratio: 0.011345
train: 0.843465	val: 0.650277	test: 0.624928

Epoch: 23
Loss: 0.17669367076063816
Some target is missing!
Missing ratio: 0.011345
Some target is missing!
Missing ratio: 0.011345
train: 0.844775	val: 0.647112	test: 0.622742

Epoch: 24
Loss: 0.17655602379148216
Some target is missing!
Missing ratio: 0.011345
Some target is missing!
Missing ratio: 0.011345
train: 0.845491	val: 0.640929	test: 0.621528

Epoch: 25
Loss: 0.17392981897283497
Some target is missing!
Missing ratio: 0.011345
Some target is missing!
Missing ratio: 0.011345
train: 0.852967	val: 0.651171	test: 0.628474

Epoch: 26
Loss: 0.17305776152771132
Some target is missing!
Missing ratio: 0.011345
Some target is missing!
Missing ratio: 0.011345
train: 0.853064	val: 0.651195	test: 0.623350

Epoch: 27
Loss: 0.17322176068144948
Some target is missing!
Missing ratio: 0.011345
Some target is missing!
Missing ratio: 0.011345
train: 0.855975	val: 0.660960	test: 0.630758

Epoch: 28
Loss: 0.17288023473611197
Some target is missing!
Missing ratio: 0.011345
Some target is missing!
Missing ratio: 0.011345
train: 0.857333	val: 0.662098	test: 0.624266

Epoch: 29
Loss: 0.1722690452890843
Some target is missing!
Missing ratio: 0.011345
Some target is missing!
Missing ratio: 0.011345
train: 0.862823	val: 0.653932	test: 0.625893

Epoch: 30
Loss: 0.17088902956765034
Some target is missing!
Missing ratio: 0.011345
Some target is missing!
Missing ratio: 0.011345
train: 0.862707	val: 0.656858	test: 0.626866

Epoch: 31
Loss: 0.1708787095393203
Some target is missing!
Missing ratio: 0.011345
Some target is missing!
Missing ratio: 0.011345
train: 0.865420	val: 0.657726	test: 0.619140

Epoch: 32
Loss: 0.16951922252506296
Some target is missing!
Missing ratio: 0.011345
Some target is missing!
Missing ratio: 0.011345
train: 0.867076	val: 0.657485	test: 0.625043

Epoch: 33
Loss: 0.1684937805345259
Some target is missing!
Missing ratio: 0.011345
Some target is missing!
Missing ratio: 0.011345
train: 0.868637	val: 0.652446	test: 0.626246

Epoch: 34
Loss: 0.16856737432161292
Some target is missing!
Missing ratio: 0.011345
Some target is missing!
Missing ratio: 0.011345
train: 0.870555	val: 0.655155	test: 0.632700

Epoch: 35
Loss: 0.16737666295255002
Some target is missing!
Missing ratio: 0.011345
Some target is missing!
Missing ratio: 0.011345
train: 0.872141	val: 0.655855	test: 0.624711

Epoch: 36
Loss: 0.16837000075593272
Some target is missing!
Missing ratio: 0.011345
Some target is missing!
Missing ratio: 0.011345
train: 0.876144	val: 0.650213	test: 0.627848

Epoch: 37
Loss: 0.16727035079847197
Some target is missing!
Missing ratio: 0.011345
Some target is missing!
Missing ratio: 0.011345
train: 0.875630	val: 0.652566	test: 0.633596

Epoch: 38
Loss: 0.1654003093476918
Some target is missing!
Missing ratio: 0.011345
Some target is missing!
Missing ratio: 0.011345
train: 0.877871	val: 0.653244	test: 0.626125

Epoch: 39
Loss: 0.1655664045183858
Some target is missing!
Missing ratio: 0.011345
Some target is missing!
Missing ratio: 0.011345
train: 0.879320	val: 0.658378	test: 0.628950

Epoch: 40
Loss: 0.16464197355348262
Some target is missing!
Missing ratio: 0.011345
Some target is missing!
Missing ratio: 0.011345
train: 0.881976	val: 0.655978	test: 0.626342

Epoch: 41
Loss: 0.16402081026762647
Some target is missing!
Missing ratio: 0.011345
Some target is missing!
Missing ratio: 0.011345
train: 0.881811	val: 0.648926	test: 0.621568

Epoch: 42
Loss: 0.16431963539164093
Some target is missing!
Missing ratio: 0.011345
Some target is missing!
Missing ratio: 0.011345
train: 0.884370	val: 0.650887	test: 0.633375

Epoch: 43
Loss: 0.1611986733081564
Some target is missing!
Missing ratio: 0.011345
Some target is missing!
Missing ratio: 0.011345
train: 0.886653	val: 0.658051	test: 0.629252

Epoch: 44
Loss: 0.16262751570544604
Some target is missing!
Missing ratio: 0.011345
Some target is missing!
Missing ratio: 0.011345
train: 0.887898	val: 0.658599	test: 0.625296

Epoch: 45
Loss: 0.16309658783270853
Some target is missing!
Missing ratio: 0.011345
Some target is missing!
Missing ratio: 0.011345
train: 0.885209	val: 0.658430	test: 0.630392

Epoch: 46
Loss: 0.16142472252451143
Some target is missing!
Missing ratio: 0.011345
Some target is missing!
Missing ratio: 0.011345
train: 0.890910	val: 0.654295	test: 0.620511

Epoch: 47
Loss: 0.1609004894568626
Some target is missing!
Missing ratio: 0.011345
Some target is missing!
Missing ratio: 0.011345
train: 0.892106	val: 0.657069	test: 0.631749

Epoch: 48
Loss: 0.1615154719710269
Some target is missing!
Missing ratio: 0.011345
Some target is missing!
Missing ratio: 0.011345
train: 0.893610	val: 0.656737	test: 0.627269

Epoch: 49
Loss: 0.16067642690712855
Some target is missing!
Missing ratio: 0.011345
Some target is missing!
Missing ratio: 0.011345
train: 0.891715	val: 0.653952	test: 0.626704

Epoch: 50
Loss: 0.15934599356871337
Some target is missing!
Missing ratio: 0.011345
Some target is missing!
Missing ratio: 0.011345
train: 0.895206	val: 0.654582	test: 0.619736

Epoch: 51
Loss: 0.15903471518143308
Some target is missing!
Missing ratio: 0.011345
Some target is missing!
Missing ratio: 0.011345
train: 0.894741	val: 0.656700	test: 0.633437

Epoch: 52
Loss: 0.15832909604523818
Some target is missing!
Missing ratio: 0.011345
Some target is missing!
Missing ratio: 0.011345
train: 0.896005	val: 0.665104	test: 0.624446

Epoch: 53
Loss: 0.15927014490021954
Some target is missing!
Missing ratio: 0.011345
Some target is missing!
Missing ratio: 0.011345
train: 0.898670	val: 0.656085	test: 0.621527

Epoch: 54
Loss: 0.15654659070232432
Some target is missing!
Missing ratio: 0.011345
Some target is missing!
Missing ratio: 0.011345
train: 0.898772	val: 0.664697	test: 0.620936

Epoch: 55
Loss: 0.158653455793961
Some target is missing!
Missing ratio: 0.011345
Some target is missing!
Missing ratio: 0.011345
train: 0.900059	val: 0.646559	test: 0.625708

Epoch: 56
Loss: 0.1558029287904604
Some target is missing!
Missing ratio: 0.011345
Some target is missing!
Missing ratio: 0.011345
train: 0.901247	val: 0.664702	test: 0.628724

Epoch: 57
Loss: 0.15588586279672328
Some target is missing!
Missing ratio: 0.011345
Some target is missing!
Missing ratio: 0.011345
train: 0.901681	val: 0.662213	test: 0.622846

Epoch: 58
Loss: 0.15682636766033287
Some target is missing!
Missing ratio: 0.011345
Some target is missing!
Missing ratio: 0.011345
train: 0.902692	val: 0.670620	test: 0.631608

Epoch: 59
Loss: 0.15642588917951206
Some target is missing!
Missing ratio: 0.011345
Some target is missing!
Missing ratio: 0.011345
train: 0.902610	val: 0.661330	test: 0.624769

Epoch: 60
Loss: 0.15456650701282862
Some target is missing!
Missing ratio: 0.011345
Some target is missing!
Missing ratio: 0.011345
train: 0.905594	val: 0.656380	test: 0.630529

Epoch: 61
Loss: 0.15606875242200863
Some target is missing!
Missing ratio: 0.011345
Some target is missing!
Missing ratio: 0.011345
train: 0.903695	val: 0.662885	test: 0.611032

Epoch: 62
Loss: 0.15449537618118
Some target is missing!
Missing ratio: 0.011345
Some target is missing!
Missing ratio: 0.011345
train: 0.905311	val: 0.657006	test: 0.628894

Epoch: 63
Loss: 0.1536314307829142
Some target is missing!
Missing ratio: 0.011345
Some target is missing!
Missing ratio: 0.011345
train: 0.908388	val: 0.662989	test: 0.622714

Epoch: 64
Loss: 0.15447730819449723
Some target is missing!
Missing ratio: 0.011345
Some target is missing!
Missing ratio: 0.011345
train: 0.908494	val: 0.655457	test: 0.625574

Epoch: 65
Loss: 0.15258836796788067
Some target is missing!
Missing ratio: 0.011345
Some target is missing!
Missing ratio: 0.011345
train: 0.910663	val: 0.664647	test: 0.623435

Epoch: 66
Loss: 0.1523011424208938
Some target is missing!
Missing ratio: 0.011345
Some target is missing!
Missing ratio: 0.011345
train: 0.911416	val: 0.658779	test: 0.629720

Epoch: 67
Loss: 0.15146129132823202
Some target is missing!
Missing ratio: 0.011345
Some target is missing!
Missing ratio: 0.011345
train: 0.913207	val: 0.671755	test: 0.628021

Epoch: 68
Loss: 0.15175208214129352
Some target is missing!
Missing ratio: 0.011345
Some target is missing!
Missing ratio: 0.011345
train: 0.913376	val: 0.657816	test: 0.630172

Epoch: 69
Loss: 0.15282203681106155
Some target is missing!
Missing ratio: 0.011345
Some target is missing!
Missing ratio: 0.011345
train: 0.915214	val: 0.660598	test: 0.626907

Epoch: 70
Loss: 0.15105850049221792
Some target is missing!
Missing ratio: 0.011345
Some target is missing!
Missing ratio: 0.011345
train: 0.913653	val: 0.660979	test: 0.626782

Epoch: 71
Loss: 0.15092510976562454
Some target is missing!
Missing ratio: 0.011345
Some target is missing!
Missing ratio: 0.011345
train: 0.915157	val: 0.667105	test: 0.631277

Epoch: 72
Loss: 0.14974956211669574
Some target is missing!
Missing ratio: 0.011345
Some target is missing!
Missing ratio: 0.011345
train: 0.916001	val: 0.659332	test: 0.628463

Epoch: 73
Loss: 0.14949924016194577
Some target is missing!
Missing ratio: 0.011345
Some target is missing!
Missing ratio: 0.011345
train: 0.916875	val: 0.665977	test: 0.631408

Epoch: 74
Loss: 0.1499406860146684
Some target is missing!
Missing ratio: 0.011345
Some target is missing!
Missing ratio: 0.011345
train: 0.918334	val: 0.661259	test: 0.626053

Epoch: 75
Loss: 0.1492447471325645
Some target is missing!
Missing ratio: 0.011345
Some target is missing!
Missing ratio: 0.011345
train: 0.919482	val: 0.665153	test: 0.633410

Epoch: 76
Loss: 0.14821414488914456
Some target is missing!
Missing ratio: 0.011345
Some target is missing!
Missing ratio: 0.011345
train: 0.917206	val: 0.667694	test: 0.626813

Epoch: 77
Loss: 0.1481728002331493
Some target is missing!
Missing ratio: 0.011345
Some target is missing!
Missing ratio: 0.011345
train: 0.920837	val: 0.656133	test: 0.627958

Epoch: 78
Loss: 0.14703805271465953
Some target is missing!
Missing ratio: 0.011345
Some target is missing!
Missing ratio: 0.011345
train: 0.922247	val: 0.655676	test: 0.628329

Epoch: 79
Loss: 0.14662393175593216
Some target is missing!
Missing ratio: 0.011345
Some target is missing!
Missing ratio: 0.011345
train: 0.923551	val: 0.659429	test: 0.628351

Epoch: 80
Loss: 0.14660730574339084
Some target is missing!
Missing ratio: 0.011345
Some target is missing!
Missing ratio: 0.011345
train: 0.923621	val: 0.662798	test: 0.630141

Epoch: 81
Loss: 0.14651323938346136
Some target is missing!
Missing ratio: 0.011345
Some target is missing!
Missing ratio: 0.011345
train: 0.924787	val: 0.657404	test: 0.630914

Epoch: 82
Loss: 0.14652077010105458
Some target is missing!
Missing ratio: 0.011345
Some target is missing!
Missing ratio: 0.011345
train: 0.925621	val: 0.661003	test: 0.628115

Epoch: 83
Loss: 0.14525391220010808
Some target is missing!
Missing ratio: 0.011345
Some target is missing!
Missing ratio: 0.011345
train: 0.926629	val: 0.660950	test: 0.629955

Epoch: 84
Loss: 0.14522114868926583
Some target is missing!
Missing ratio: 0.011345
Some target is missing!
Missing ratio: 0.011345
train: 0.926549	val: 0.660641	test: 0.626298

Epoch: 85
Loss: 0.14411860335197266
Some target is missing!
Missing ratio: 0.011345
Some target is missing!
Missing ratio: 0.011345
train: 0.926433	val: 0.668545	test: 0.625495

Epoch: 86
Loss: 0.14594634696091063
Some target is missing!
Missing ratio: 0.011345
Some target is missing!
Missing ratio: 0.011345
train: 0.926734	val: 0.665667	test: 0.616906

Epoch: 87
Loss: 0.1442999652850202
Some target is missing!
Missing ratio: 0.011345
Some target is missing!
Missing ratio: 0.011345
train: 0.930086	val: 0.649708	test: 0.622062

Epoch: 88
Loss: 0.14369503045014295
Some target is missing!
Missing ratio: 0.011345
Some target is missing!
Missing ratio: 0.011345
train: 0.929048	val: 0.661765	test: 0.628745

Epoch: 89
Loss: 0.14341539315398594
Some target is missing!
Missing ratio: 0.011345
Some target is missing!
Missing ratio: 0.011345
train: 0.928797	val: 0.658322	test: 0.624251

Epoch: 90
Loss: 0.14322636734079808
Some target is missing!
Missing ratio: 0.011345
Some target is missing!
Missing ratio: 0.011345
train: 0.928337	val: 0.652833	test: 0.614325

Epoch: 91
Loss: 0.14398851914395477
Some target is missing!
Missing ratio: 0.011345
Some target is missing!
Missing ratio: 0.011345
train: 0.931450	val: 0.660420	test: 0.622429

Epoch: 92
Loss: 0.14241083977454355
Some target is missing!
Missing ratio: 0.011345
Some target is missing!
Missing ratio: 0.011345
train: 0.932097	val: 0.666018	test: 0.620479

Epoch: 93
Loss: 0.1422715206615193
Some target is missing!
Missing ratio: 0.011345
Some target is missing!
Missing ratio: 0.011345
train: 0.932087	val: 0.661370	test: 0.621216

Epoch: 94
Loss: 0.14243683822027464
Some target is missing!
Missing ratio: 0.011345
Some target is missing!
Missing ratio: 0.011345
train: 0.932877	val: 0.662736	test: 0.621635

Epoch: 95
Loss: 0.1421219548953284
Some target is missing!
Missing ratio: 0.011345
Some target is missing!
Missing ratio: 0.011345
train: 0.932453	val: 0.664200	test: 0.632592

Epoch: 96
Loss: 0.1417637498847615
Some target is missing!
Missing ratio: 0.011345
Some target is missing!
Missing ratio: 0.011345
train: 0.933778	val: 0.670941	test: 0.626447

Epoch: 97
Loss: 0.14074060044426956
Some target is missing!
Missing ratio: 0.011345
Some target is missing!
Missing ratio: 0.011345
train: 0.933331	val: 0.663729	test: 0.624219

Epoch: 98
Loss: 0.1410181525252502
Some target is missing!
Missing ratio: 0.011345
Some target is missing!
Missing ratio: 0.011345
train: 0.935136	val: 0.663665	test: 0.619832

Epoch: 99
Loss: 0.14118309805309226
Some target is missing!
Missing ratio: 0.011345
Some target is missing!
Missing ratio: 0.011345
train: 0.936278	val: 0.663066	test: 0.624284

Epoch: 100
Loss: 0.1397276926959277
Some target is missing!
Missing ratio: 0.011345
Some target is missing!
Missing ratio: 0.011345
train: 0.936685	val: 0.663558	test: 0.630568

best train: 0.913207	val: 0.671755	test: 0.628021
end
