11405800_1
--dataset=muv --runseed=1 --eval_train --batch_size=256 --dropout_ratio=0.5 --input_model_file=../output/3D_hybrid_03_masking/GEOM_3D_nmol50000_nconf5_nupper1000/CL_1_VAE_1_CP_0.1/6_51_10_0.1/0.3_EBM_dot_prod_0.1_normalize_l2_detach_target_1_100_0/pretraining_model.pth
start
arguments	 Namespace(AE_loss='l2', AE_model='AE', CL_neg_samples=1, CL_similarity_metric='InfoNCE_dot_prod', JK='last', SSL_2D_mode='AM', SSL_masking_ratio=0, T=0.1, alpha_1=1, alpha_2=1, alpha_3=0.1, batch_size=256, beta=1, contextpred_neg_samples=1, csize=3, cutoff=10, data_dir_chirality='../datasets/chirality/d4_docking/d4_docking_rs.csv', dataset='muv', decay=0, detach_target=True, device=0, dropout_ratio=0.5, emb_dim=300, engg_n_layers=4, epochs=100, eval_train=True, flow_length=8, flow_model='planar', gamma_joao=0.1, gamma_joaov2=0.1, gnn_lr_scale=1, gnn_type='gin', graph_pooling='mean', input_data_dir='', input_model_file='../output/3D_hybrid_03_masking/GEOM_3D_nmol50000_nconf5_nupper1000/CL_1_VAE_1_CP_0.1/6_51_10_0.1/0.3_EBM_dot_prod_0.1_normalize_l2_detach_target_1_100_0/pretraining_model.pth', iw_samples=5, lr=0.001, lr_scale=1, m_dim=50, mask_edge=0, mask_rate=0.15, model_3d='schnet', normalize=False, num_filters=128, num_gaussians=51, num_interactions=6, num_layer=5, num_workers=8, output_model_dir='', readout='mean', runseed=1, schnet_lr_scale=1, se3_transformer_div=2, se3_transformer_n_heads=8, se3_transformer_num_channels=32, se3_transformer_num_degrees=4, se3_transformer_num_layers=7, se3_transformer_num_nlayers=1, seed=42, split='scaffold', split_path='../datasets/chirality/d4_docking/rs/split0.npy', verbose=False)
Dataset: muv
Data: Data(edge_attr=[4892252, 2], edge_index=[2, 4892252], id=[93087], x=[2255846, 2], y=[1582479])
MoleculeDataset(93087)
split via scaffold
Data(edge_attr=[30, 2], edge_index=[2, 30], id=[1], x=[15, 2], y=[17])
GNN_graphpred(
(molecule_model): GNN(
(x_embedding1): Embedding(120, 300)
(x_embedding2): Embedding(3, 300)
(gnns): ModuleList(
(0): GINConv(
(mlp): Sequential(
(0): Linear(in_features=300, out_features=600, bias=True)
(1): ReLU()
(2): Linear(in_features=600, out_features=300, bias=True)
)
(edge_embedding1): Embedding(6, 300)
(edge_embedding2): Embedding(3, 300)
)
(1): GINConv(
(mlp): Sequential(
(0): Linear(in_features=300, out_features=600, bias=True)
(1): ReLU()
(2): Linear(in_features=600, out_features=300, bias=True)
)
(edge_embedding1): Embedding(6, 300)
(edge_embedding2): Embedding(3, 300)
)
(2): GINConv(
(mlp): Sequential(
(0): Linear(in_features=300, out_features=600, bias=True)
(1): ReLU()
(2): Linear(in_features=600, out_features=300, bias=True)
)
(edge_embedding1): Embedding(6, 300)
(edge_embedding2): Embedding(3, 300)
)
(3): GINConv(
(mlp): Sequential(
(0): Linear(in_features=300, out_features=600, bias=True)
(1): ReLU()
(2): Linear(in_features=600, out_features=300, bias=True)
)
(edge_embedding1): Embedding(6, 300)
(edge_embedding2): Embedding(3, 300)
)
(4): GINConv(
(mlp): Sequential(
(0): Linear(in_features=300, out_features=600, bias=True)
(1): ReLU()
(2): Linear(in_features=600, out_features=300, bias=True)
)
(edge_embedding1): Embedding(6, 300)
(edge_embedding2): Embedding(3, 300)
)
)
(batch_norms): ModuleList(
(0): BatchNorm1d(300, eps=1e-05, momentum=0.1, affine=True, track_running_stats=True)
(1): BatchNorm1d(300, eps=1e-05, momentum=0.1, affine=True, track_running_stats=True)
(2): BatchNorm1d(300, eps=1e-05, momentum=0.1, affine=True, track_running_stats=True)
(3): BatchNorm1d(300, eps=1e-05, momentum=0.1, affine=True, track_running_stats=True)
(4): BatchNorm1d(300, eps=1e-05, momentum=0.1, affine=True, track_running_stats=True)
)
)
(graph_pred_linear): Linear(in_features=300, out_features=17, bias=True)
)
Epoch: 1
Loss: 0.08172009587535825
Some target is missing!
Missing ratio: 0.058824
Some target is missing!
Missing ratio: 0.117647
train: 0.653831	val: 0.695319	test: 0.640185

Epoch: 2
Loss: 0.013794356962816116
Some target is missing!
Missing ratio: 0.058824
Some target is missing!
Missing ratio: 0.117647
train: 0.751764	val: 0.749283	test: 0.678044

Epoch: 3
Loss: 0.013190620357963813
Some target is missing!
Missing ratio: 0.058824
Some target is missing!
Missing ratio: 0.117647
train: 0.790300	val: 0.766979	test: 0.705056

Epoch: 4
Loss: 0.012934832346515473
Some target is missing!
Missing ratio: 0.058824
Some target is missing!
Missing ratio: 0.117647
train: 0.818549	val: 0.756087	test: 0.726428

Epoch: 5
Loss: 0.012703795919019921
Some target is missing!
Missing ratio: 0.058824
Some target is missing!
Missing ratio: 0.117647
train: 0.821492	val: 0.756442	test: 0.721182

Epoch: 6
Loss: 0.01253677526990938
Some target is missing!
Missing ratio: 0.058824
Some target is missing!
Missing ratio: 0.117647
train: 0.840046	val: 0.767941	test: 0.740091

Epoch: 7
Loss: 0.01228238440105491
Some target is missing!
Missing ratio: 0.058824
Some target is missing!
Missing ratio: 0.117647
train: 0.854962	val: 0.775578	test: 0.717813

Epoch: 8
Loss: 0.012013072559229171
Some target is missing!
Missing ratio: 0.058824
Some target is missing!
Missing ratio: 0.117647
train: 0.869849	val: 0.776867	test: 0.739330

Epoch: 9
Loss: 0.012019604243920507
Some target is missing!
Missing ratio: 0.058824
Some target is missing!
Missing ratio: 0.117647
train: 0.870034	val: 0.755180	test: 0.742674

Epoch: 10
Loss: 0.011794529729026232
Some target is missing!
Missing ratio: 0.058824
Some target is missing!
Missing ratio: 0.117647
train: 0.886586	val: 0.776475	test: 0.743438

Epoch: 11
Loss: 0.01181834046197122
Some target is missing!
Missing ratio: 0.058824
Some target is missing!
Missing ratio: 0.117647
train: 0.890914	val: 0.778504	test: 0.751033

Epoch: 12
Loss: 0.011618130643594432
Some target is missing!
Missing ratio: 0.058824
Some target is missing!
Missing ratio: 0.117647
train: 0.900882	val: 0.765393	test: 0.750591

Epoch: 13
Loss: 0.01147133085817124
Some target is missing!
Missing ratio: 0.058824
Some target is missing!
Missing ratio: 0.117647
train: 0.904945	val: 0.764623	test: 0.750096

Epoch: 14
Loss: 0.011287108202562186
Some target is missing!
Missing ratio: 0.058824
Some target is missing!
Missing ratio: 0.117647
train: 0.907115	val: 0.780231	test: 0.764039

Epoch: 15
Loss: 0.011257752224109168
Some target is missing!
Missing ratio: 0.058824
Some target is missing!
Missing ratio: 0.117647
train: 0.922331	val: 0.784841	test: 0.748289

Epoch: 16
Loss: 0.011031454529603066
Some target is missing!
Missing ratio: 0.058824
Some target is missing!
Missing ratio: 0.117647
train: 0.913248	val: 0.742260	test: 0.735895

Epoch: 17
Loss: 0.011097908870945888
Some target is missing!
Missing ratio: 0.058824
Some target is missing!
Missing ratio: 0.117647
train: 0.934851	val: 0.782642	test: 0.758853

Epoch: 18
Loss: 0.010772745413254466
Some target is missing!
Missing ratio: 0.058824
Some target is missing!
Missing ratio: 0.117647
train: 0.927874	val: 0.781863	test: 0.738214

Epoch: 19
Loss: 0.010730964136728418
Some target is missing!
Missing ratio: 0.058824
Some target is missing!
Missing ratio: 0.117647
train: 0.929244	val: 0.780778	test: 0.732588

Epoch: 20
Loss: 0.010657029688834653
Some target is missing!
Missing ratio: 0.058824
Some target is missing!
Missing ratio: 0.117647
train: 0.933653	val: 0.769039	test: 0.715779

Epoch: 21
Loss: 0.010531902144481547
Some target is missing!
Missing ratio: 0.058824
Some target is missing!
Missing ratio: 0.117647
train: 0.937096	val: 0.774990	test: 0.764234

Epoch: 22
Loss: 0.0104515595197264
Some target is missing!
Missing ratio: 0.058824
Some target is missing!
Missing ratio: 0.117647
train: 0.945351	val: 0.792360	test: 0.754292

Epoch: 23
Loss: 0.01042642156798543
Some target is missing!
Missing ratio: 0.058824
Some target is missing!
Missing ratio: 0.117647
train: 0.948368	val: 0.782303	test: 0.710629

Epoch: 24
Loss: 0.010271811594775162
Some target is missing!
Missing ratio: 0.058824
Some target is missing!
Missing ratio: 0.117647
train: 0.947244	val: 0.785309	test: 0.751499

Epoch: 25
Loss: 0.009874619925952803
Some target is missing!
Missing ratio: 0.058824
Some target is missing!
Missing ratio: 0.117647
train: 0.952009	val: 0.785390	test: 0.734731

Epoch: 26
Loss: 0.00983108534777935
Some target is missing!
Missing ratio: 0.058824
Some target is missing!
Missing ratio: 0.117647
train: 0.961495	val: 0.802928	test: 0.719801

Epoch: 27
Loss: 0.010055892750284899
Some target is missing!
Missing ratio: 0.058824
Some target is missing!
Missing ratio: 0.117647
train: 0.954128	val: 0.778831	test: 0.720706

Epoch: 28
Loss: 0.009649609193433946
Some target is missing!
Missing ratio: 0.058824
Some target is missing!
Missing ratio: 0.117647
train: 0.958999	val: 0.773441	test: 0.706728

Epoch: 29
Loss: 0.009583373893686855
Some target is missing!
Missing ratio: 0.058824
Some target is missing!
Missing ratio: 0.117647
train: 0.962604	val: 0.792560	test: 0.714993

Epoch: 30
Loss: 0.009702795874158876
Some target is missing!
Missing ratio: 0.058824
Some target is missing!
Missing ratio: 0.117647
train: 0.966336	val: 0.763258	test: 0.700303

Epoch: 31
Loss: 0.009481029026065495
Some target is missing!
Missing ratio: 0.058824
Some target is missing!
Missing ratio: 0.117647
train: 0.965123	val: 0.766505	test: 0.725433

Epoch: 32
Loss: 0.009413365269564235
Some target is missing!
Missing ratio: 0.058824
Some target is missing!
Missing ratio: 0.117647
train: 0.965774	val: 0.784953	test: 0.728626

Epoch: 33
Loss: 0.00930636889479601
Some target is missing!
Missing ratio: 0.058824
Some target is missing!
Missing ratio: 0.117647
train: 0.971043	val: 0.778535	test: 0.742892

Epoch: 34
Loss: 0.009234701025504822
Some target is missing!
Missing ratio: 0.058824
Some target is missing!
Missing ratio: 0.117647
train: 0.971305	val: 0.754852	test: 0.739468

Epoch: 35
Loss: 0.009009845716650176
Some target is missing!
Missing ratio: 0.058824
Some target is missing!
Missing ratio: 0.117647
train: 0.973596	val: 0.792957	test: 0.728600

Epoch: 36
Loss: 0.00901214066830255
Some target is missing!
Missing ratio: 0.058824
Some target is missing!
Missing ratio: 0.117647
train: 0.974774	val: 0.744942	test: 0.670889

Epoch: 37
Loss: 0.00881357102129806
Some target is missing!
Missing ratio: 0.058824
Some target is missing!
Missing ratio: 0.117647
train: 0.975943	val: 0.759705	test: 0.721942

Epoch: 38
Loss: 0.00868981707596332
Some target is missing!
Missing ratio: 0.058824
Some target is missing!
Missing ratio: 0.117647
train: 0.982092	val: 0.767483	test: 0.701608

Epoch: 39
Loss: 0.008487684412144866
Some target is missing!
Missing ratio: 0.058824
Some target is missing!
Missing ratio: 0.117647
train: 0.982402	val: 0.756850	test: 0.706717

Epoch: 40
Loss: 0.008314644816698538
Some target is missing!
Missing ratio: 0.058824
Some target is missing!
Missing ratio: 0.117647
train: 0.980372	val: 0.742643	test: 0.709450

Epoch: 41
Loss: 0.008365940000575162
Some target is missing!
Missing ratio: 0.058824
Some target is missing!
Missing ratio: 0.117647
train: 0.980887	val: 0.770032	test: 0.720980

Epoch: 42
Loss: 0.008431911826094804
Some target is missing!
Missing ratio: 0.058824
Some target is missing!
Missing ratio: 0.117647
train: 0.983362	val: 0.765195	test: 0.728059

Epoch: 43
Loss: 0.008073752907346927
Some target is missing!
Missing ratio: 0.058824
Some target is missing!
Missing ratio: 0.117647
train: 0.984971	val: 0.745097	test: 0.693446

Epoch: 44
Loss: 0.008293648989901323
Some target is missing!
Missing ratio: 0.058824
Some target is missing!
Missing ratio: 0.117647
train: 0.987844	val: 0.744271	test: 0.693195

Epoch: 45
Loss: 0.007862406412803011
Some target is missing!
Missing ratio: 0.058824
Some target is missing!
Missing ratio: 0.117647
train: 0.984489	val: 0.759428	test: 0.672305

Epoch: 46
Loss: 0.007825407465935852
Some target is missing!
Missing ratio: 0.058824
Some target is missing!
Missing ratio: 0.117647
train: 0.988782	val: 0.785418	test: 0.719035

Epoch: 47
Loss: 0.007590055313517394
Some target is missing!
Missing ratio: 0.058824
Some target is missing!
Missing ratio: 0.117647
train: 0.988956	val: 0.772029	test: 0.706423

Epoch: 48
Loss: 0.007808810822218727
Some target is missing!
Missing ratio: 0.058824
Some target is missing!
Missing ratio: 0.117647
train: 0.989598	val: 0.756804	test: 0.707276

Epoch: 49
Loss: 0.007861573987367186
Some target is missing!
Missing ratio: 0.058824
Some target is missing!
Missing ratio: 0.117647
train: 0.989933	val: 0.766741	test: 0.688482

Epoch: 50
Loss: 0.00729622949533897
Some target is missing!
Missing ratio: 0.058824
Some target is missing!
Missing ratio: 0.117647
train: 0.988727	val: 0.771640	test: 0.719750

Epoch: 51
Loss: 0.0074523842571410075
Some target is missing!
Missing ratio: 0.058824
Some target is missing!
Missing ratio: 0.117647
train: 0.989583	val: 0.748455	test: 0.688894

Epoch: 52
Loss: 0.007347269618694341
Some target is missing!
Missing ratio: 0.058824
Some target is missing!
Missing ratio: 0.117647
train: 0.991592	val: 0.762143	test: 0.704628

Epoch: 53
Loss: 0.007110260060740978
Some target is missing!
Missing ratio: 0.058824
Some target is missing!
Missing ratio: 0.117647
train: 0.991736	val: 0.754094	test: 0.690571

Epoch: 54
Loss: 0.007182160805058233
Some target is missing!
Missing ratio: 0.058824
Some target is missing!
Missing ratio: 0.117647
train: 0.993258	val: 0.755850	test: 0.690150

Epoch: 55
Loss: 0.007072340851382843
Some target is missing!
Missing ratio: 0.058824
Some target is missing!
Missing ratio: 0.117647
train: 0.993802	val: 0.768899	test: 0.706878

Epoch: 56
Loss: 0.006862836402322548
Some target is missing!
Missing ratio: 0.058824
Some target is missing!
Missing ratio: 0.117647
train: 0.993686	val: 0.741528	test: 0.691076

Epoch: 57
Loss: 0.006805711664257068
Some target is missing!
Missing ratio: 0.058824
Some target is missing!
Missing ratio: 0.117647
train: 0.994391	val: 0.760388	test: 0.731950

Epoch: 58
Loss: 0.006894420688013146
Some target is missing!
Missing ratio: 0.058824
Some target is missing!
Missing ratio: 0.117647
train: 0.993873	val: 0.762728	test: 0.672931

Epoch: 59
Loss: 0.00677331379747322
Some target is missing!
Missing ratio: 0.058824
Some target is missing!
Missing ratio: 0.117647
train: 0.995053	val: 0.772794	test: 0.679434

Epoch: 60
Loss: 0.006473805684745058
Some target is missing!
Missing ratio: 0.058824
Some target is missing!
Missing ratio: 0.117647
train: 0.995216	val: 0.755834	test: 0.701934

Epoch: 61
Loss: 0.0066101320735360335
Some target is missing!
Missing ratio: 0.058824
Some target is missing!
Missing ratio: 0.117647
train: 0.995966	val: 0.749963	test: 0.690210

Epoch: 62
Loss: 0.006728753062612972
Some target is missing!
Missing ratio: 0.058824
Some target is missing!
Missing ratio: 0.117647
train: 0.995374	val: 0.762206	test: 0.698586

Epoch: 63
Loss: 0.006501370438876131
Some target is missing!
Missing ratio: 0.058824
Some target is missing!
Missing ratio: 0.117647
train: 0.996129	val: 0.768984	test: 0.699731

Epoch: 64
Loss: 0.006378635249122373
Some target is missing!
Missing ratio: 0.058824
Some target is missing!
Missing ratio: 0.117647
train: 0.996580	val: 0.769433	test: 0.688227

Epoch: 65
Loss: 0.006190182391342406
Some target is missing!
Missing ratio: 0.058824
Some target is missing!
Missing ratio: 0.117647
train: 0.996436	val: 0.761963	test: 0.681041

Epoch: 66
Loss: 0.006300457527953802
Some target is missing!
Missing ratio: 0.058824
Some target is missing!
Missing ratio: 0.117647
train: 0.996129	val: 0.783665	test: 0.700227

Epoch: 67
Loss: 0.006109541569422238
Some target is missing!
Missing ratio: 0.058824
Some target is missing!
Missing ratio: 0.117647
train: 0.996808	val: 0.759454	test: 0.715615

Epoch: 68
Loss: 0.00610500372396268
Some target is missing!
Missing ratio: 0.058824
Some target is missing!
Missing ratio: 0.117647
train: 0.996822	val: 0.747492	test: 0.678780

Epoch: 69
Loss: 0.005999800940663497
Some target is missing!
Missing ratio: 0.058824
Some target is missing!
Missing ratio: 0.117647
train: 0.997313	val: 0.753192	test: 0.702504

Epoch: 70
Loss: 0.005706973236434032
Some target is missing!
Missing ratio: 0.058824
Some target is missing!
Missing ratio: 0.117647
train: 0.997709	val: 0.755515	test: 0.679396

Epoch: 71
Loss: 0.005646961671793179
Some target is missing!
Missing ratio: 0.058824
Some target is missing!
Missing ratio: 0.117647
train: 0.997548	val: 0.759464	test: 0.679789

Epoch: 72
Loss: 0.005871727359287658
Some target is missing!
Missing ratio: 0.058824
Some target is missing!
Missing ratio: 0.117647
train: 0.997518	val: 0.752807	test: 0.690666

Epoch: 73
Loss: 0.005906592502207105
Some target is missing!
Missing ratio: 0.058824
Some target is missing!
Missing ratio: 0.117647
train: 0.998130	val: 0.754434	test: 0.686973

Epoch: 74
Loss: 0.005395037970801849
Some target is missing!
Missing ratio: 0.058824
Some target is missing!
Missing ratio: 0.117647
train: 0.998285	val: 0.755466	test: 0.705886

Epoch: 75
Loss: 0.005537208697429469
Some target is missing!
Missing ratio: 0.058824
Some target is missing!
Missing ratio: 0.117647
train: 0.998809	val: 0.747869	test: 0.697434

Epoch: 76
Loss: 0.005451009391972029
Some target is missing!
Missing ratio: 0.058824
Some target is missing!
Missing ratio: 0.117647
train: 0.998071	val: 0.740153	test: 0.686911

Epoch: 77
Loss: 0.0054496977074741
Some target is missing!
Missing ratio: 0.058824
Some target is missing!
Missing ratio: 0.117647
train: 0.998423	val: 0.742836	test: 0.697550

Epoch: 78
Loss: 0.005335687820704207
Some target is missing!
Missing ratio: 0.058824
Some target is missing!
Missing ratio: 0.117647
train: 0.998728	val: 0.744493	test: 0.696228

Epoch: 79
Loss: 0.005255728993634289
Some target is missing!
Missing ratio: 0.058824
Some target is missing!
Missing ratio: 0.117647
train: 0.998588	val: 0.732424	test: 0.680206

Epoch: 80
Loss: 0.00511284754511696
Some target is missing!
Missing ratio: 0.058824
Some target is missing!
Missing ratio: 0.117647
train: 0.998955	val: 0.733068	test: 0.704202

Epoch: 81
Loss: 0.005024545473249132
Some target is missing!
Missing ratio: 0.058824
Some target is missing!
Missing ratio: 0.117647
train: 0.998936	val: 0.735109	test: 0.685199

Epoch: 82
Loss: 0.004842447303145688
Some target is missing!
Missing ratio: 0.058824
Some target is missing!
Missing ratio: 0.117647
train: 0.998993	val: 0.738942	test: 0.696611

Epoch: 83
Loss: 0.005329249600138396
Some target is missing!
Missing ratio: 0.058824
Some target is missing!
Missing ratio: 0.117647
train: 0.998841	val: 0.783955	test: 0.695994

Epoch: 84
Loss: 0.004875548588387045
Some target is missing!
Missing ratio: 0.058824
Some target is missing!
Missing ratio: 0.117647
train: 0.999278	val: 0.757752	test: 0.681947

Epoch: 85
Loss: 0.004927214032689779
Some target is missing!
Missing ratio: 0.058824
Some target is missing!
Missing ratio: 0.117647
train: 0.999195	val: 0.771129	test: 0.680932

Epoch: 86
Loss: 0.0046872462034629366
Some target is missing!
Missing ratio: 0.058824
Some target is missing!
Missing ratio: 0.117647
train: 0.999340	val: 0.757569	test: 0.666607

Epoch: 87
Loss: 0.004625727886235745
Some target is missing!
Missing ratio: 0.058824
Some target is missing!
Missing ratio: 0.117647
train: 0.999371	val: 0.749087	test: 0.688107

Epoch: 88
Loss: 0.004606096038301621
Some target is missing!
Missing ratio: 0.058824
Some target is missing!
Missing ratio: 0.117647
train: 0.999445	val: 0.742356	test: 0.689603

Epoch: 89
Loss: 0.004778795167418713
Some target is missing!
Missing ratio: 0.058824
Some target is missing!
Missing ratio: 0.117647
train: 0.999375	val: 0.765582	test: 0.710089

Epoch: 90
Loss: 0.004500933777219887
Some target is missing!
Missing ratio: 0.058824
Some target is missing!
Missing ratio: 0.117647
train: 0.999242	val: 0.737685	test: 0.678516

Epoch: 91
Loss: 0.0044323065076501255
Some target is missing!
Missing ratio: 0.058824
Some target is missing!
Missing ratio: 0.117647
train: 0.999049	val: 0.724673	test: 0.660592

Epoch: 92
Loss: 0.004419887012985577
Some target is missing!
Missing ratio: 0.058824
Some target is missing!
Missing ratio: 0.117647
train: 0.999406	val: 0.753663	test: 0.711598

Epoch: 93
Loss: 0.004307653910472234
Some target is missing!
Missing ratio: 0.058824
Some target is missing!
Missing ratio: 0.117647
train: 0.999542	val: 0.744382	test: 0.695247

Epoch: 94
Loss: 0.004657115110019118
Some target is missing!
Missing ratio: 0.058824
Some target is missing!
Missing ratio: 0.117647
train: 0.999354	val: 0.749761	test: 0.707009

Epoch: 95
Loss: 0.0042999502489714575
Some target is missing!
Missing ratio: 0.058824
Some target is missing!
Missing ratio: 0.117647
train: 0.999280	val: 0.733216	test: 0.672886

Epoch: 96
Loss: 0.0042093961694904805
Some target is missing!
Missing ratio: 0.058824
Some target is missing!
Missing ratio: 0.117647
train: 0.999486	val: 0.755765	test: 0.682560

Epoch: 97
Loss: 0.0037968581156302165
Some target is missing!
Missing ratio: 0.058824
Some target is missing!
Missing ratio: 0.117647
train: 0.999610	val: 0.734703	test: 0.667816

Epoch: 98
Loss: 0.0038598107062990054
Some target is missing!
Missing ratio: 0.058824
Some target is missing!
Missing ratio: 0.117647
train: 0.999548	val: 0.762765	test: 0.709205

Epoch: 99
Loss: 0.004061767748591721
Some target is missing!
Missing ratio: 0.058824
Some target is missing!
Missing ratio: 0.117647
train: 0.999406	val: 0.750589	test: 0.696644

Epoch: 100
Loss: 0.0042003393579286095
Some target is missing!
Missing ratio: 0.058824
Some target is missing!
Missing ratio: 0.117647
train: 0.999445	val: 0.738005	test: 0.720527

best train: 0.961495	val: 0.802928	test: 0.719801
end
