11405800_1
--dataset=toxcast --runseed=1 --eval_train --batch_size=256 --dropout_ratio=0.5 --input_model_file=../output/3D_hybrid_03_masking/GEOM_3D_nmol50000_nconf5_nupper1000/CL_1_VAE_1_CP_0.1/6_51_10_0.1/0.3_EBM_dot_prod_0.1_normalize_l2_detach_target_1_100_0/pretraining_model.pth
start
arguments	 Namespace(AE_loss='l2', AE_model='AE', CL_neg_samples=1, CL_similarity_metric='InfoNCE_dot_prod', JK='last', SSL_2D_mode='AM', SSL_masking_ratio=0, T=0.1, alpha_1=1, alpha_2=1, alpha_3=0.1, batch_size=256, beta=1, contextpred_neg_samples=1, csize=3, cutoff=10, data_dir_chirality='../datasets/chirality/d4_docking/d4_docking_rs.csv', dataset='toxcast', decay=0, detach_target=True, device=0, dropout_ratio=0.5, emb_dim=300, engg_n_layers=4, epochs=100, eval_train=True, flow_length=8, flow_model='planar', gamma_joao=0.1, gamma_joaov2=0.1, gnn_lr_scale=1, gnn_type='gin', graph_pooling='mean', input_data_dir='', input_model_file='../output/3D_hybrid_03_masking/GEOM_3D_nmol50000_nconf5_nupper1000/CL_1_VAE_1_CP_0.1/6_51_10_0.1/0.3_EBM_dot_prod_0.1_normalize_l2_detach_target_1_100_0/pretraining_model.pth', iw_samples=5, lr=0.001, lr_scale=1, m_dim=50, mask_edge=0, mask_rate=0.15, model_3d='schnet', normalize=False, num_filters=128, num_gaussians=51, num_interactions=6, num_layer=5, num_workers=8, output_model_dir='', readout='mean', runseed=1, schnet_lr_scale=1, se3_transformer_div=2, se3_transformer_n_heads=8, se3_transformer_num_channels=32, se3_transformer_num_degrees=4, se3_transformer_num_layers=7, se3_transformer_num_nlayers=1, seed=42, split='scaffold', split_path='../datasets/chirality/d4_docking/rs/split0.npy', verbose=False)
Dataset: toxcast
Data: Data(edge_attr=[330356, 2], edge_index=[2, 330356], id=[8576], x=[161088, 2], y=[5291392])
MoleculeDataset(8576)
split via scaffold
Data(edge_attr=[28, 2], edge_index=[2, 28], id=[1], x=[15, 2], y=[617])
GNN_graphpred(
(molecule_model): GNN(
(x_embedding1): Embedding(120, 300)
(x_embedding2): Embedding(3, 300)
(gnns): ModuleList(
(0): GINConv(
(mlp): Sequential(
(0): Linear(in_features=300, out_features=600, bias=True)
(1): ReLU()
(2): Linear(in_features=600, out_features=300, bias=True)
)
(edge_embedding1): Embedding(6, 300)
(edge_embedding2): Embedding(3, 300)
)
(1): GINConv(
(mlp): Sequential(
(0): Linear(in_features=300, out_features=600, bias=True)
(1): ReLU()
(2): Linear(in_features=600, out_features=300, bias=True)
)
(edge_embedding1): Embedding(6, 300)
(edge_embedding2): Embedding(3, 300)
)
(2): GINConv(
(mlp): Sequential(
(0): Linear(in_features=300, out_features=600, bias=True)
(1): ReLU()
(2): Linear(in_features=600, out_features=300, bias=True)
)
(edge_embedding1): Embedding(6, 300)
(edge_embedding2): Embedding(3, 300)
)
(3): GINConv(
(mlp): Sequential(
(0): Linear(in_features=300, out_features=600, bias=True)
(1): ReLU()
(2): Linear(in_features=600, out_features=300, bias=True)
)
(edge_embedding1): Embedding(6, 300)
(edge_embedding2): Embedding(3, 300)
)
(4): GINConv(
(mlp): Sequential(
(0): Linear(in_features=300, out_features=600, bias=True)
(1): ReLU()
(2): Linear(in_features=600, out_features=300, bias=True)
)
(edge_embedding1): Embedding(6, 300)
(edge_embedding2): Embedding(3, 300)
)
)
(batch_norms): ModuleList(
(0): BatchNorm1d(300, eps=1e-05, momentum=0.1, affine=True, track_running_stats=True)
(1): BatchNorm1d(300, eps=1e-05, momentum=0.1, affine=True, track_running_stats=True)
(2): BatchNorm1d(300, eps=1e-05, momentum=0.1, affine=True, track_running_stats=True)
(3): BatchNorm1d(300, eps=1e-05, momentum=0.1, affine=True, track_running_stats=True)
(4): BatchNorm1d(300, eps=1e-05, momentum=0.1, affine=True, track_running_stats=True)
)
)
(graph_pred_linear): Linear(in_features=300, out_features=617, bias=True)
)
Epoch: 1
Loss: 0.49095834702281216
Some target is missing!
Missing ratio: 0.011345
Some target is missing!
Missing ratio: 0.011345
train: 0.631795	val: 0.565151	test: 0.534149

Epoch: 2
Loss: 0.2916941382078973
Some target is missing!
Missing ratio: 0.011345
Some target is missing!
Missing ratio: 0.011345
train: 0.679966	val: 0.574399	test: 0.567064

Epoch: 3
Loss: 0.23127066069399382
Some target is missing!
Missing ratio: 0.011345
Some target is missing!
Missing ratio: 0.011345
train: 0.704900	val: 0.593911	test: 0.579884

Epoch: 4
Loss: 0.21444303985860905
Some target is missing!
Missing ratio: 0.011345
Some target is missing!
Missing ratio: 0.011345
train: 0.729357	val: 0.615442	test: 0.609393

Epoch: 5
Loss: 0.20754877783014894
Some target is missing!
Missing ratio: 0.011345
Some target is missing!
Missing ratio: 0.011345
train: 0.731288	val: 0.608326	test: 0.592223

Epoch: 6
Loss: 0.20323958478502982
Some target is missing!
Missing ratio: 0.011345
Some target is missing!
Missing ratio: 0.011345
train: 0.749565	val: 0.625579	test: 0.617245

Epoch: 7
Loss: 0.19993079918917656
Some target is missing!
Missing ratio: 0.011345
Some target is missing!
Missing ratio: 0.011345
train: 0.740824	val: 0.599470	test: 0.597274

Epoch: 8
Loss: 0.19946356654951622
Some target is missing!
Missing ratio: 0.011345
Some target is missing!
Missing ratio: 0.011345
train: 0.766333	val: 0.619188	test: 0.623216

Epoch: 9
Loss: 0.1971516828421431
Some target is missing!
Missing ratio: 0.011345
Some target is missing!
Missing ratio: 0.011345
train: 0.767066	val: 0.615773	test: 0.615657

Epoch: 10
Loss: 0.19440824227652326
Some target is missing!
Missing ratio: 0.011345
Some target is missing!
Missing ratio: 0.011345
train: 0.783710	val: 0.619722	test: 0.627030

Epoch: 11
Loss: 0.1932529697709097
Some target is missing!
Missing ratio: 0.011345
Some target is missing!
Missing ratio: 0.011345
train: 0.785417	val: 0.605447	test: 0.609782

Epoch: 12
Loss: 0.19162397312411253
Some target is missing!
Missing ratio: 0.011345
Some target is missing!
Missing ratio: 0.011345
train: 0.799514	val: 0.611502	test: 0.623962

Epoch: 13
Loss: 0.18951581556350916
Some target is missing!
Missing ratio: 0.011345
Some target is missing!
Missing ratio: 0.011345
train: 0.798374	val: 0.616499	test: 0.631360

Epoch: 14
Loss: 0.18748717024350567
Some target is missing!
Missing ratio: 0.011345
Some target is missing!
Missing ratio: 0.011345
train: 0.804617	val: 0.620265	test: 0.626835

Epoch: 15
Loss: 0.18744048788120155
Some target is missing!
Missing ratio: 0.011345
Some target is missing!
Missing ratio: 0.011345
train: 0.811249	val: 0.615861	test: 0.622163

Epoch: 16
Loss: 0.18577352347863893
Some target is missing!
Missing ratio: 0.011345
Some target is missing!
Missing ratio: 0.011345
train: 0.809589	val: 0.623921	test: 0.619794

Epoch: 17
Loss: 0.18474376929851533
Some target is missing!
Missing ratio: 0.011345
Some target is missing!
Missing ratio: 0.011345
train: 0.813314	val: 0.618719	test: 0.612856

Epoch: 18
Loss: 0.1840869570103726
Some target is missing!
Missing ratio: 0.011345
Some target is missing!
Missing ratio: 0.011345
train: 0.822072	val: 0.635341	test: 0.635086

Epoch: 19
Loss: 0.18224716724524648
Some target is missing!
Missing ratio: 0.011345
Some target is missing!
Missing ratio: 0.011345
train: 0.823122	val: 0.627438	test: 0.626798

Epoch: 20
Loss: 0.18145542449540628
Some target is missing!
Missing ratio: 0.011345
Some target is missing!
Missing ratio: 0.011345
train: 0.826238	val: 0.622258	test: 0.625050

Epoch: 21
Loss: 0.18133058114228806
Some target is missing!
Missing ratio: 0.011345
Some target is missing!
Missing ratio: 0.011345
train: 0.827474	val: 0.624400	test: 0.626623

Epoch: 22
Loss: 0.18193863166247795
Some target is missing!
Missing ratio: 0.011345
Some target is missing!
Missing ratio: 0.011345
train: 0.834082	val: 0.621120	test: 0.629457

Epoch: 23
Loss: 0.1798747703857304
Some target is missing!
Missing ratio: 0.011345
Some target is missing!
Missing ratio: 0.011345
train: 0.836269	val: 0.619703	test: 0.627285

Epoch: 24
Loss: 0.17767888004431956
Some target is missing!
Missing ratio: 0.011345
Some target is missing!
Missing ratio: 0.011345
train: 0.835757	val: 0.632588	test: 0.624959

Epoch: 25
Loss: 0.17946977137505749
Some target is missing!
Missing ratio: 0.011345
Some target is missing!
Missing ratio: 0.011345
train: 0.838142	val: 0.617678	test: 0.615143

Epoch: 26
Loss: 0.1768900490713573
Some target is missing!
Missing ratio: 0.011345
Some target is missing!
Missing ratio: 0.011345
train: 0.842692	val: 0.627361	test: 0.620940

Epoch: 27
Loss: 0.17735166961467944
Some target is missing!
Missing ratio: 0.011345
Some target is missing!
Missing ratio: 0.011345
train: 0.845252	val: 0.632866	test: 0.626953

Epoch: 28
Loss: 0.17635223334173156
Some target is missing!
Missing ratio: 0.011345
Some target is missing!
Missing ratio: 0.011345
train: 0.845506	val: 0.617024	test: 0.619761

Epoch: 29
Loss: 0.17635176256568125
Some target is missing!
Missing ratio: 0.011345
Some target is missing!
Missing ratio: 0.011345
train: 0.849531	val: 0.636495	test: 0.631770

Epoch: 30
Loss: 0.17539343713171876
Some target is missing!
Missing ratio: 0.011345
Some target is missing!
Missing ratio: 0.011345
train: 0.849886	val: 0.627833	test: 0.627060

Epoch: 31
Loss: 0.1756170002108742
Some target is missing!
Missing ratio: 0.011345
Some target is missing!
Missing ratio: 0.011345
train: 0.848360	val: 0.635934	test: 0.624747

Epoch: 32
Loss: 0.1745214866795546
Some target is missing!
Missing ratio: 0.011345
Some target is missing!
Missing ratio: 0.011345
train: 0.852900	val: 0.628224	test: 0.628877

Epoch: 33
Loss: 0.1743730550816577
Some target is missing!
Missing ratio: 0.011345
Some target is missing!
Missing ratio: 0.011345
train: 0.853941	val: 0.636703	test: 0.642471

Epoch: 34
Loss: 0.17282884265635423
Some target is missing!
Missing ratio: 0.011345
Some target is missing!
Missing ratio: 0.011345
train: 0.856599	val: 0.631004	test: 0.626696

Epoch: 35
Loss: 0.17190889938145867
Some target is missing!
Missing ratio: 0.011345
Some target is missing!
Missing ratio: 0.011345
train: 0.860612	val: 0.632011	test: 0.628430

Epoch: 36
Loss: 0.17138965456909544
Some target is missing!
Missing ratio: 0.011345
Some target is missing!
Missing ratio: 0.011345
train: 0.854888	val: 0.623481	test: 0.628141

Epoch: 37
Loss: 0.1722335948161858
Some target is missing!
Missing ratio: 0.011345
Some target is missing!
Missing ratio: 0.011345
train: 0.863957	val: 0.633206	test: 0.626717

Epoch: 38
Loss: 0.16994411790793773
Some target is missing!
Missing ratio: 0.011345
Some target is missing!
Missing ratio: 0.011345
train: 0.865849	val: 0.632605	test: 0.635117

Epoch: 39
Loss: 0.17035950467040023
Some target is missing!
Missing ratio: 0.011345
Some target is missing!
Missing ratio: 0.011345
train: 0.867543	val: 0.627780	test: 0.634043

Epoch: 40
Loss: 0.1692099322516722
Some target is missing!
Missing ratio: 0.011345
Some target is missing!
Missing ratio: 0.011345
train: 0.865976	val: 0.633195	test: 0.641194

Epoch: 41
Loss: 0.16922717933938886
Some target is missing!
Missing ratio: 0.011345
Some target is missing!
Missing ratio: 0.011345
train: 0.868807	val: 0.635927	test: 0.619825

Epoch: 42
Loss: 0.16846918559119198
Some target is missing!
Missing ratio: 0.011345
Some target is missing!
Missing ratio: 0.011345
train: 0.870555	val: 0.637074	test: 0.631919

Epoch: 43
Loss: 0.1676711530633871
Some target is missing!
Missing ratio: 0.011345
Some target is missing!
Missing ratio: 0.011345
train: 0.871498	val: 0.648846	test: 0.636676

Epoch: 44
Loss: 0.1664512860988959
Some target is missing!
Missing ratio: 0.011345
Some target is missing!
Missing ratio: 0.011345
train: 0.874493	val: 0.640669	test: 0.628398

Epoch: 45
Loss: 0.16839122024698064
Some target is missing!
Missing ratio: 0.011345
Some target is missing!
Missing ratio: 0.011345
train: 0.871616	val: 0.635698	test: 0.626585

Epoch: 46
Loss: 0.16570619196148512
Some target is missing!
Missing ratio: 0.011345
Some target is missing!
Missing ratio: 0.011345
train: 0.872269	val: 0.638103	test: 0.624912

Epoch: 47
Loss: 0.16587441119982155
Some target is missing!
Missing ratio: 0.011345
Some target is missing!
Missing ratio: 0.011345
train: 0.879289	val: 0.639370	test: 0.627577

Epoch: 48
Loss: 0.1657344927071719
Some target is missing!
Missing ratio: 0.011345
Some target is missing!
Missing ratio: 0.011345
train: 0.878394	val: 0.639679	test: 0.630682

Epoch: 49
Loss: 0.1647637034030305
Some target is missing!
Missing ratio: 0.011345
Some target is missing!
Missing ratio: 0.011345
train: 0.881944	val: 0.639472	test: 0.629947

Epoch: 50
Loss: 0.16418516279342155
Some target is missing!
Missing ratio: 0.011345
Some target is missing!
Missing ratio: 0.011345
train: 0.880051	val: 0.636665	test: 0.637344

Epoch: 51
Loss: 0.16486024135029417
Some target is missing!
Missing ratio: 0.011345
Some target is missing!
Missing ratio: 0.011345
train: 0.879072	val: 0.640128	test: 0.630877

Epoch: 52
Loss: 0.16387548737729357
Some target is missing!
Missing ratio: 0.011345
Some target is missing!
Missing ratio: 0.011345
train: 0.884370	val: 0.639489	test: 0.626134

Epoch: 53
Loss: 0.16370551777179565
Some target is missing!
Missing ratio: 0.011345
Some target is missing!
Missing ratio: 0.011345
train: 0.884026	val: 0.638980	test: 0.632449

Epoch: 54
Loss: 0.16144565875043654
Some target is missing!
Missing ratio: 0.011345
Some target is missing!
Missing ratio: 0.011345
train: 0.884482	val: 0.637828	test: 0.628904

Epoch: 55
Loss: 0.1625314323460717
Some target is missing!
Missing ratio: 0.011345
Some target is missing!
Missing ratio: 0.011345
train: 0.887720	val: 0.639176	test: 0.635196

Epoch: 56
Loss: 0.16205035103685425
Some target is missing!
Missing ratio: 0.011345
Some target is missing!
Missing ratio: 0.011345
train: 0.887452	val: 0.647295	test: 0.626591

Epoch: 57
Loss: 0.16065739484743247
Some target is missing!
Missing ratio: 0.011345
Some target is missing!
Missing ratio: 0.011345
train: 0.888560	val: 0.643618	test: 0.627918

Epoch: 58
Loss: 0.16191394233639902
Some target is missing!
Missing ratio: 0.011345
Some target is missing!
Missing ratio: 0.011345
train: 0.889594	val: 0.636338	test: 0.637398

Epoch: 59
Loss: 0.1599558771295016
Some target is missing!
Missing ratio: 0.011345
Some target is missing!
Missing ratio: 0.011345
train: 0.891068	val: 0.642830	test: 0.619732

Epoch: 60
Loss: 0.1593380943330023
Some target is missing!
Missing ratio: 0.011345
Some target is missing!
Missing ratio: 0.011345
train: 0.891501	val: 0.649619	test: 0.631136

Epoch: 61
Loss: 0.16054259528864137
Some target is missing!
Missing ratio: 0.011345
Some target is missing!
Missing ratio: 0.011345
train: 0.892646	val: 0.646321	test: 0.634305

Epoch: 62
Loss: 0.15952912273448613
Some target is missing!
Missing ratio: 0.011345
Some target is missing!
Missing ratio: 0.011345
train: 0.896084	val: 0.644135	test: 0.628433

Epoch: 63
Loss: 0.16016481810910385
Some target is missing!
Missing ratio: 0.011345
Some target is missing!
Missing ratio: 0.011345
train: 0.896787	val: 0.642913	test: 0.633101

Epoch: 64
Loss: 0.15988364172388023
Some target is missing!
Missing ratio: 0.011345
Some target is missing!
Missing ratio: 0.011345
train: 0.895389	val: 0.637866	test: 0.635094

Epoch: 65
Loss: 0.15921815240358533
Some target is missing!
Missing ratio: 0.011345
Some target is missing!
Missing ratio: 0.011345
train: 0.893837	val: 0.643532	test: 0.636244

Epoch: 66
Loss: 0.15811465646255152
Some target is missing!
Missing ratio: 0.011345
Some target is missing!
Missing ratio: 0.011345
train: 0.898780	val: 0.642315	test: 0.634856

Epoch: 67
Loss: 0.15698706695051612
Some target is missing!
Missing ratio: 0.011345
Some target is missing!
Missing ratio: 0.011345
train: 0.900324	val: 0.646706	test: 0.635748

Epoch: 68
Loss: 0.15700072004635768
Some target is missing!
Missing ratio: 0.011345
Some target is missing!
Missing ratio: 0.011345
train: 0.899588	val: 0.650352	test: 0.641902

Epoch: 69
Loss: 0.15649913662199585
Some target is missing!
Missing ratio: 0.011345
Some target is missing!
Missing ratio: 0.011345
train: 0.901463	val: 0.646865	test: 0.630972

Epoch: 70
Loss: 0.1562551496806136
Some target is missing!
Missing ratio: 0.011345
Some target is missing!
Missing ratio: 0.011345
train: 0.896449	val: 0.644191	test: 0.631764

Epoch: 71
Loss: 0.15593008695529967
Some target is missing!
Missing ratio: 0.011345
Some target is missing!
Missing ratio: 0.011345
train: 0.904244	val: 0.645848	test: 0.638216

Epoch: 72
Loss: 0.15625935711474617
Some target is missing!
Missing ratio: 0.011345
Some target is missing!
Missing ratio: 0.011345
train: 0.904079	val: 0.644758	test: 0.640265

Epoch: 73
Loss: 0.15519379376822096
Some target is missing!
Missing ratio: 0.011345
Some target is missing!
Missing ratio: 0.011345
train: 0.904934	val: 0.644551	test: 0.644861

Epoch: 74
Loss: 0.15489361228933696
Some target is missing!
Missing ratio: 0.011345
Some target is missing!
Missing ratio: 0.011345
train: 0.906279	val: 0.646020	test: 0.639178

Epoch: 75
Loss: 0.15407514024182353
Some target is missing!
Missing ratio: 0.011345
Some target is missing!
Missing ratio: 0.011345
train: 0.903443	val: 0.645426	test: 0.634934

Epoch: 76
Loss: 0.1548251058777294
Some target is missing!
Missing ratio: 0.011345
Some target is missing!
Missing ratio: 0.011345
train: 0.906140	val: 0.640718	test: 0.633617

Epoch: 77
Loss: 0.15457073174905409
Some target is missing!
Missing ratio: 0.011345
Some target is missing!
Missing ratio: 0.011345
train: 0.909017	val: 0.651697	test: 0.639236

Epoch: 78
Loss: 0.15428369812341428
Some target is missing!
Missing ratio: 0.011345
Some target is missing!
Missing ratio: 0.011345
train: 0.908508	val: 0.639078	test: 0.639572

Epoch: 79
Loss: 0.15314023114135755
Some target is missing!
Missing ratio: 0.011345
Some target is missing!
Missing ratio: 0.011345
train: 0.912035	val: 0.646025	test: 0.631960

Epoch: 80
Loss: 0.15202000320796294
Some target is missing!
Missing ratio: 0.011345
Some target is missing!
Missing ratio: 0.011345
train: 0.912905	val: 0.650323	test: 0.632879

Epoch: 81
Loss: 0.15346442410555716
Some target is missing!
Missing ratio: 0.011345
Some target is missing!
Missing ratio: 0.011345
train: 0.909727	val: 0.650814	test: 0.637239

Epoch: 82
Loss: 0.15202284782205117
Some target is missing!
Missing ratio: 0.011345
Some target is missing!
Missing ratio: 0.011345
train: 0.911971	val: 0.651345	test: 0.635624

Epoch: 83
Loss: 0.15229109259107051
Some target is missing!
Missing ratio: 0.011345
Some target is missing!
Missing ratio: 0.011345
train: 0.914009	val: 0.644003	test: 0.635696

Epoch: 84
Loss: 0.15102166032252282
Some target is missing!
Missing ratio: 0.011345
Some target is missing!
Missing ratio: 0.011345
train: 0.914731	val: 0.643911	test: 0.634664

Epoch: 85
Loss: 0.1501605656565283
Some target is missing!
Missing ratio: 0.011345
Some target is missing!
Missing ratio: 0.011345
train: 0.915266	val: 0.654191	test: 0.633009

Epoch: 86
Loss: 0.15025016458014978
Some target is missing!
Missing ratio: 0.011345
Some target is missing!
Missing ratio: 0.011345
train: 0.915019	val: 0.652447	test: 0.628156

Epoch: 87
Loss: 0.15010082505295458
Some target is missing!
Missing ratio: 0.011345
Some target is missing!
Missing ratio: 0.011345
train: 0.917703	val: 0.645847	test: 0.634506

Epoch: 88
Loss: 0.14984766151085682
Some target is missing!
Missing ratio: 0.011345
Some target is missing!
Missing ratio: 0.011345
train: 0.918454	val: 0.654269	test: 0.634257

Epoch: 89
Loss: 0.14881756759158252
Some target is missing!
Missing ratio: 0.011345
Some target is missing!
Missing ratio: 0.011345
train: 0.917402	val: 0.648944	test: 0.630599

Epoch: 90
Loss: 0.14887590512698243
Some target is missing!
Missing ratio: 0.011345
Some target is missing!
Missing ratio: 0.011345
train: 0.918994	val: 0.660420	test: 0.630245

Epoch: 91
Loss: 0.14900735102375517
Some target is missing!
Missing ratio: 0.011345
Some target is missing!
Missing ratio: 0.011345
train: 0.918147	val: 0.654611	test: 0.635222

Epoch: 92
Loss: 0.14884481548237197
Some target is missing!
Missing ratio: 0.011345
Some target is missing!
Missing ratio: 0.011345
train: 0.919134	val: 0.660548	test: 0.643011

Epoch: 93
Loss: 0.14787299260105888
Some target is missing!
Missing ratio: 0.011345
Some target is missing!
Missing ratio: 0.011345
train: 0.913223	val: 0.634157	test: 0.628283

Epoch: 94
Loss: 0.14816921405154812
Some target is missing!
Missing ratio: 0.011345
Some target is missing!
Missing ratio: 0.011345
train: 0.921567	val: 0.643176	test: 0.623132

Epoch: 95
Loss: 0.1483058189554077
Some target is missing!
Missing ratio: 0.011345
Some target is missing!
Missing ratio: 0.011345
train: 0.923697	val: 0.649981	test: 0.631352

Epoch: 96
Loss: 0.1476720165750209
Some target is missing!
Missing ratio: 0.011345
Some target is missing!
Missing ratio: 0.011345
train: 0.922733	val: 0.659828	test: 0.636085

Epoch: 97
Loss: 0.14733765507041713
Some target is missing!
Missing ratio: 0.011345
Some target is missing!
Missing ratio: 0.011345
train: 0.922360	val: 0.651135	test: 0.637789

Epoch: 98
Loss: 0.14662849275489884
Some target is missing!
Missing ratio: 0.011345
Some target is missing!
Missing ratio: 0.011345
train: 0.924539	val: 0.651816	test: 0.640119

Epoch: 99
Loss: 0.14604827894415745
Some target is missing!
Missing ratio: 0.011345
Some target is missing!
Missing ratio: 0.011345
train: 0.926456	val: 0.652650	test: 0.638866

Epoch: 100
Loss: 0.14585928910602275
Some target is missing!
Missing ratio: 0.011345
Some target is missing!
Missing ratio: 0.011345
train: 0.924284	val: 0.637009	test: 0.630586

best train: 0.919134	val: 0.660548	test: 0.643011
end
