9112533_2
--dataset=toxcast --runseed=2 --eval_train --batch_size=256 --dropout_ratio=0.5 --input_model_file=../output/3D_hybrid_03_masking/GEOM_3D_nmol50000_nconf5_nupper1000/CL_1_VAE_1_AM_1/6_51_10_0.1/0.3_EBM_dot_prod_0.05_normalize_l2_detach_target_2_100_0/pretraining_model.pth
start
arguments	 Namespace(AE_loss='l2', AE_model='AE', CL_neg_samples=1, CL_similarity_metric='InfoNCE_dot_prod', JK='last', SSL_2D_mode='AM', SSL_masking_ratio=0, T=0.1, alpha_1=1, alpha_2=1, alpha_3=0.1, batch_size=256, beta=1, contextpred_neg_samples=1, csize=3, cutoff=10, dataset='toxcast', decay=0, detach_target=True, device=0, dropout_ratio=0.5, emb_dim=300, engg_n_layers=4, epochs=100, eval_train=True, flow_length=8, flow_model='planar', gamma_joao=0.1, gamma_joaov2=0.1, gnn_lr_scale=1, gnn_type='gin', graph_pooling='mean', input_data_dir='', input_model_file='../output/3D_hybrid_03_masking/GEOM_3D_nmol50000_nconf5_nupper1000/CL_1_VAE_1_AM_1/6_51_10_0.1/0.3_EBM_dot_prod_0.05_normalize_l2_detach_target_2_100_0/pretraining_model.pth', iw_samples=5, lr=0.001, lr_scale=1, m_dim=50, mask_edge=0, mask_rate=0.15, model_3d='schnet', normalize=False, num_filters=128, num_gaussians=51, num_interactions=6, num_layer=5, num_workers=8, output_model_dir='', readout='mean', runseed=2, schnet_lr_scale=1, seed=42, split='scaffold', split_path=None, verbose=False)
Dataset: toxcast
Data: Data(edge_attr=[330356, 2], edge_index=[2, 330356], id=[8576], x=[161088, 2], y=[5291392])
MoleculeDataset(8576)
split via scaffold
Data(edge_attr=[28, 2], edge_index=[2, 28], id=[1], x=[15, 2], y=[617])
GNN_graphpred(
(molecule_model): GNN(
(x_embedding1): Embedding(120, 300)
(x_embedding2): Embedding(3, 300)
(gnns): ModuleList(
(0): GINConv(
(mlp): Sequential(
(0): Linear(in_features=300, out_features=600, bias=True)
(1): ReLU()
(2): Linear(in_features=600, out_features=300, bias=True)
)
(edge_embedding1): Embedding(6, 300)
(edge_embedding2): Embedding(3, 300)
)
(1): GINConv(
(mlp): Sequential(
(0): Linear(in_features=300, out_features=600, bias=True)
(1): ReLU()
(2): Linear(in_features=600, out_features=300, bias=True)
)
(edge_embedding1): Embedding(6, 300)
(edge_embedding2): Embedding(3, 300)
)
(2): GINConv(
(mlp): Sequential(
(0): Linear(in_features=300, out_features=600, bias=True)
(1): ReLU()
(2): Linear(in_features=600, out_features=300, bias=True)
)
(edge_embedding1): Embedding(6, 300)
(edge_embedding2): Embedding(3, 300)
)
(3): GINConv(
(mlp): Sequential(
(0): Linear(in_features=300, out_features=600, bias=True)
(1): ReLU()
(2): Linear(in_features=600, out_features=300, bias=True)
)
(edge_embedding1): Embedding(6, 300)
(edge_embedding2): Embedding(3, 300)
)
(4): GINConv(
(mlp): Sequential(
(0): Linear(in_features=300, out_features=600, bias=True)
(1): ReLU()
(2): Linear(in_features=600, out_features=300, bias=True)
)
(edge_embedding1): Embedding(6, 300)
(edge_embedding2): Embedding(3, 300)
)
)
(batch_norms): ModuleList(
(0): BatchNorm1d(300, eps=1e-05, momentum=0.1, affine=True, track_running_stats=True)
(1): BatchNorm1d(300, eps=1e-05, momentum=0.1, affine=True, track_running_stats=True)
(2): BatchNorm1d(300, eps=1e-05, momentum=0.1, affine=True, track_running_stats=True)
(3): BatchNorm1d(300, eps=1e-05, momentum=0.1, affine=True, track_running_stats=True)
(4): BatchNorm1d(300, eps=1e-05, momentum=0.1, affine=True, track_running_stats=True)
)
)
(graph_pred_linear): Linear(in_features=300, out_features=617, bias=True)
)
Epoch: 1
Loss: 0.5327957454547871
Some target is missing!
Missing ratio: 0.011345
Some target is missing!
Missing ratio: 0.011345
train: 0.632877	val: 0.554574	test: 0.545018

Epoch: 2
Loss: 0.33632160523291427
Some target is missing!
Missing ratio: 0.011345
Some target is missing!
Missing ratio: 0.011345
train: 0.677866	val: 0.569082	test: 0.565505

Epoch: 3
Loss: 0.24945354117933738
Some target is missing!
Missing ratio: 0.011345
Some target is missing!
Missing ratio: 0.011345
train: 0.713643	val: 0.594731	test: 0.589741

Epoch: 4
Loss: 0.2191132165951879
Some target is missing!
Missing ratio: 0.011345
Some target is missing!
Missing ratio: 0.011345
train: 0.734499	val: 0.618538	test: 0.606755

Epoch: 5
Loss: 0.2086286124491785
Some target is missing!
Missing ratio: 0.011345
Some target is missing!
Missing ratio: 0.011345
train: 0.746131	val: 0.614776	test: 0.603111

Epoch: 6
Loss: 0.20140734439743557
Some target is missing!
Missing ratio: 0.011345
Some target is missing!
Missing ratio: 0.011345
train: 0.762734	val: 0.631732	test: 0.612172

Epoch: 7
Loss: 0.1979038154595951
Some target is missing!
Missing ratio: 0.011345
Some target is missing!
Missing ratio: 0.011345
train: 0.765157	val: 0.639307	test: 0.618236

Epoch: 8
Loss: 0.19697681019921504
Some target is missing!
Missing ratio: 0.011345
Some target is missing!
Missing ratio: 0.011345
train: 0.781983	val: 0.631541	test: 0.619748

Epoch: 9
Loss: 0.19424911676014947
Some target is missing!
Missing ratio: 0.011345
Some target is missing!
Missing ratio: 0.011345
train: 0.789504	val: 0.639479	test: 0.622768

Epoch: 10
Loss: 0.18924754386367817
Some target is missing!
Missing ratio: 0.011345
Some target is missing!
Missing ratio: 0.011345
train: 0.791465	val: 0.616757	test: 0.606484

Epoch: 11
Loss: 0.18920524109240688
Some target is missing!
Missing ratio: 0.011345
Some target is missing!
Missing ratio: 0.011345
train: 0.799338	val: 0.630268	test: 0.614696

Epoch: 12
Loss: 0.1865804087601132
Some target is missing!
Missing ratio: 0.011345
Some target is missing!
Missing ratio: 0.011345
train: 0.806447	val: 0.634864	test: 0.612933

Epoch: 13
Loss: 0.1869353850379976
Some target is missing!
Missing ratio: 0.011345
Some target is missing!
Missing ratio: 0.011345
train: 0.810117	val: 0.643917	test: 0.623744

Epoch: 14
Loss: 0.18525560226344318
Some target is missing!
Missing ratio: 0.011345
Some target is missing!
Missing ratio: 0.011345
train: 0.809417	val: 0.653296	test: 0.625462

Epoch: 15
Loss: 0.18321602941436635
Some target is missing!
Missing ratio: 0.011345
Some target is missing!
Missing ratio: 0.011345
train: 0.820218	val: 0.644169	test: 0.626045

Epoch: 16
Loss: 0.181749452247266
Some target is missing!
Missing ratio: 0.011345
Some target is missing!
Missing ratio: 0.011345
train: 0.825192	val: 0.641515	test: 0.617122

Epoch: 17
Loss: 0.1809179754463546
Some target is missing!
Missing ratio: 0.011345
Some target is missing!
Missing ratio: 0.011345
train: 0.827465	val: 0.641766	test: 0.622255

Epoch: 18
Loss: 0.17991395362612345
Some target is missing!
Missing ratio: 0.011345
Some target is missing!
Missing ratio: 0.011345
train: 0.830832	val: 0.653606	test: 0.619345

Epoch: 19
Loss: 0.17926313888320397
Some target is missing!
Missing ratio: 0.011345
Some target is missing!
Missing ratio: 0.011345
train: 0.834342	val: 0.643963	test: 0.628476

Epoch: 20
Loss: 0.17840875952324695
Some target is missing!
Missing ratio: 0.011345
Some target is missing!
Missing ratio: 0.011345
train: 0.835070	val: 0.656125	test: 0.624841

Epoch: 21
Loss: 0.17721830958002108
Some target is missing!
Missing ratio: 0.011345
Some target is missing!
Missing ratio: 0.011345
train: 0.841617	val: 0.641805	test: 0.625850

Epoch: 22
Loss: 0.17673652326123832
Some target is missing!
Missing ratio: 0.011345
Some target is missing!
Missing ratio: 0.011345
train: 0.842140	val: 0.646291	test: 0.617400

Epoch: 23
Loss: 0.1765914735891752
Some target is missing!
Missing ratio: 0.011345
Some target is missing!
Missing ratio: 0.011345
train: 0.843992	val: 0.660241	test: 0.621428

Epoch: 24
Loss: 0.17682607566638117
Some target is missing!
Missing ratio: 0.011345
Some target is missing!
Missing ratio: 0.011345
train: 0.840964	val: 0.647683	test: 0.616526

Epoch: 25
Loss: 0.1751389405894107
Some target is missing!
Missing ratio: 0.011345
Some target is missing!
Missing ratio: 0.011345
train: 0.848835	val: 0.654001	test: 0.626000

Epoch: 26
Loss: 0.17330928903755297
Some target is missing!
Missing ratio: 0.011345
Some target is missing!
Missing ratio: 0.011345
train: 0.852744	val: 0.655199	test: 0.620634

Epoch: 27
Loss: 0.17372848486213077
Some target is missing!
Missing ratio: 0.011345
Some target is missing!
Missing ratio: 0.011345
train: 0.855295	val: 0.672590	test: 0.629668

Epoch: 28
Loss: 0.17295900094565475
Some target is missing!
Missing ratio: 0.011345
Some target is missing!
Missing ratio: 0.011345
train: 0.851308	val: 0.656389	test: 0.624647

Epoch: 29
Loss: 0.17176582293869808
Some target is missing!
Missing ratio: 0.011345
Some target is missing!
Missing ratio: 0.011345
train: 0.863567	val: 0.641481	test: 0.621618

Epoch: 30
Loss: 0.17109477681283852
Some target is missing!
Missing ratio: 0.011345
Some target is missing!
Missing ratio: 0.011345
train: 0.863118	val: 0.668106	test: 0.623327

Epoch: 31
Loss: 0.1694563198527977
Some target is missing!
Missing ratio: 0.011345
Some target is missing!
Missing ratio: 0.011345
train: 0.866225	val: 0.659617	test: 0.620264

Epoch: 32
Loss: 0.1690330078904656
Some target is missing!
Missing ratio: 0.011345
Some target is missing!
Missing ratio: 0.011345
train: 0.867215	val: 0.661404	test: 0.627249

Epoch: 33
Loss: 0.1683563897812959
Some target is missing!
Missing ratio: 0.011345
Some target is missing!
Missing ratio: 0.011345
train: 0.870204	val: 0.666973	test: 0.620922

Epoch: 34
Loss: 0.16798046433935845
Some target is missing!
Missing ratio: 0.011345
Some target is missing!
Missing ratio: 0.011345
train: 0.868552	val: 0.660027	test: 0.627782

Epoch: 35
Loss: 0.16766718541769585
Some target is missing!
Missing ratio: 0.011345
Some target is missing!
Missing ratio: 0.011345
train: 0.872411	val: 0.657065	test: 0.614441

Epoch: 36
Loss: 0.16671383673978094
Some target is missing!
Missing ratio: 0.011345
Some target is missing!
Missing ratio: 0.011345
train: 0.876301	val: 0.662213	test: 0.623758

Epoch: 37
Loss: 0.16723919181878089
Some target is missing!
Missing ratio: 0.011345
Some target is missing!
Missing ratio: 0.011345
train: 0.875170	val: 0.657475	test: 0.622086

Epoch: 38
Loss: 0.16584328993408098
Some target is missing!
Missing ratio: 0.011345
Some target is missing!
Missing ratio: 0.011345
train: 0.874271	val: 0.667199	test: 0.620388

Epoch: 39
Loss: 0.16497732434590764
Some target is missing!
Missing ratio: 0.011345
Some target is missing!
Missing ratio: 0.011345
train: 0.880423	val: 0.659518	test: 0.626607

Epoch: 40
Loss: 0.16527508342563027
Some target is missing!
Missing ratio: 0.011345
Some target is missing!
Missing ratio: 0.011345
train: 0.879520	val: 0.672544	test: 0.627718

Epoch: 41
Loss: 0.1638141864773411
Some target is missing!
Missing ratio: 0.011345
Some target is missing!
Missing ratio: 0.011345
train: 0.883555	val: 0.644537	test: 0.628831

Epoch: 42
Loss: 0.16300426925425088
Some target is missing!
Missing ratio: 0.011345
Some target is missing!
Missing ratio: 0.011345
train: 0.882836	val: 0.656687	test: 0.631538

Epoch: 43
Loss: 0.16275523384738746
Some target is missing!
Missing ratio: 0.011345
Some target is missing!
Missing ratio: 0.011345
train: 0.887615	val: 0.659208	test: 0.630080

Epoch: 44
Loss: 0.16177068485631627
Some target is missing!
Missing ratio: 0.011345
Some target is missing!
Missing ratio: 0.011345
train: 0.888372	val: 0.661885	test: 0.636381

Epoch: 45
Loss: 0.1619997410339058
Some target is missing!
Missing ratio: 0.011345
Some target is missing!
Missing ratio: 0.011345
train: 0.889189	val: 0.662822	test: 0.630689

Epoch: 46
Loss: 0.15991259444467049
Some target is missing!
Missing ratio: 0.011345
Some target is missing!
Missing ratio: 0.011345
train: 0.892034	val: 0.656732	test: 0.623216

Epoch: 47
Loss: 0.16065650305966653
Some target is missing!
Missing ratio: 0.011345
Some target is missing!
Missing ratio: 0.011345
train: 0.891421	val: 0.665850	test: 0.626724

Epoch: 48
Loss: 0.1602842980477204
Some target is missing!
Missing ratio: 0.011345
Some target is missing!
Missing ratio: 0.011345
train: 0.893432	val: 0.661182	test: 0.624949

Epoch: 49
Loss: 0.1606022109674155
Some target is missing!
Missing ratio: 0.011345
Some target is missing!
Missing ratio: 0.011345
train: 0.890032	val: 0.658634	test: 0.636430

Epoch: 50
Loss: 0.15835491980814456
Some target is missing!
Missing ratio: 0.011345
Some target is missing!
Missing ratio: 0.011345
train: 0.892613	val: 0.661940	test: 0.624387

Epoch: 51
Loss: 0.15899848681313036
Some target is missing!
Missing ratio: 0.011345
Some target is missing!
Missing ratio: 0.011345
train: 0.895145	val: 0.662774	test: 0.626834

Epoch: 52
Loss: 0.15953544367942613
Some target is missing!
Missing ratio: 0.011345
Some target is missing!
Missing ratio: 0.011345
train: 0.895412	val: 0.655831	test: 0.624154

Epoch: 53
Loss: 0.15965535631585034
Some target is missing!
Missing ratio: 0.011345
Some target is missing!
Missing ratio: 0.011345
train: 0.898652	val: 0.669403	test: 0.630974

Epoch: 54
Loss: 0.15656223504662634
Some target is missing!
Missing ratio: 0.011345
Some target is missing!
Missing ratio: 0.011345
train: 0.899816	val: 0.659904	test: 0.626311

Epoch: 55
Loss: 0.1586875487325722
Some target is missing!
Missing ratio: 0.011345
Some target is missing!
Missing ratio: 0.011345
train: 0.903150	val: 0.660837	test: 0.633912

Epoch: 56
Loss: 0.15842713474583303
Some target is missing!
Missing ratio: 0.011345
Some target is missing!
Missing ratio: 0.011345
train: 0.900656	val: 0.658007	test: 0.625735

Epoch: 57
Loss: 0.15633809286606273
Some target is missing!
Missing ratio: 0.011345
Some target is missing!
Missing ratio: 0.011345
train: 0.901256	val: 0.663602	test: 0.631866

Epoch: 58
Loss: 0.1562592131640679
Some target is missing!
Missing ratio: 0.011345
Some target is missing!
Missing ratio: 0.011345
train: 0.902523	val: 0.666330	test: 0.630866

Epoch: 59
Loss: 0.15600439871496766
Some target is missing!
Missing ratio: 0.011345
Some target is missing!
Missing ratio: 0.011345
train: 0.906437	val: 0.668988	test: 0.632458

Epoch: 60
Loss: 0.1544079044411142
Some target is missing!
Missing ratio: 0.011345
Some target is missing!
Missing ratio: 0.011345
train: 0.905885	val: 0.667015	test: 0.623454

Epoch: 61
Loss: 0.15311286584239994
Some target is missing!
Missing ratio: 0.011345
Some target is missing!
Missing ratio: 0.011345
train: 0.906717	val: 0.657515	test: 0.623719

Epoch: 62
Loss: 0.15415523569685807
Some target is missing!
Missing ratio: 0.011345
Some target is missing!
Missing ratio: 0.011345
train: 0.909369	val: 0.653301	test: 0.626882

Epoch: 63
Loss: 0.1531404704205699
Some target is missing!
Missing ratio: 0.011345
Some target is missing!
Missing ratio: 0.011345
train: 0.908310	val: 0.663693	test: 0.628179

Epoch: 64
Loss: 0.1540858256841444
Some target is missing!
Missing ratio: 0.011345
Some target is missing!
Missing ratio: 0.011345
train: 0.909167	val: 0.657178	test: 0.627227

Epoch: 65
Loss: 0.15221746694916888
Some target is missing!
Missing ratio: 0.011345
Some target is missing!
Missing ratio: 0.011345
train: 0.911080	val: 0.652649	test: 0.627561

Epoch: 66
Loss: 0.15310822016525585
Some target is missing!
Missing ratio: 0.011345
Some target is missing!
Missing ratio: 0.011345
train: 0.911663	val: 0.652523	test: 0.626360

Epoch: 67
Loss: 0.1521844749321898
Some target is missing!
Missing ratio: 0.011345
Some target is missing!
Missing ratio: 0.011345
train: 0.911644	val: 0.668743	test: 0.634677

Epoch: 68
Loss: 0.1513533770226384
Some target is missing!
Missing ratio: 0.011345
Some target is missing!
Missing ratio: 0.011345
train: 0.911643	val: 0.663069	test: 0.628546

Epoch: 69
Loss: 0.15086628673357513
Some target is missing!
Missing ratio: 0.011345
Some target is missing!
Missing ratio: 0.011345
train: 0.915802	val: 0.654776	test: 0.628296

Epoch: 70
Loss: 0.1510780586483963
Some target is missing!
Missing ratio: 0.011345
Some target is missing!
Missing ratio: 0.011345
train: 0.914840	val: 0.652667	test: 0.623144

Epoch: 71
Loss: 0.1505867248993521
Some target is missing!
Missing ratio: 0.011345
Some target is missing!
Missing ratio: 0.011345
train: 0.916710	val: 0.652709	test: 0.626874

Epoch: 72
Loss: 0.14980359856234582
Some target is missing!
Missing ratio: 0.011345
Some target is missing!
Missing ratio: 0.011345
train: 0.916995	val: 0.661962	test: 0.628283

Epoch: 73
Loss: 0.14908783225933797
Some target is missing!
Missing ratio: 0.011345
Some target is missing!
Missing ratio: 0.011345
train: 0.917941	val: 0.654618	test: 0.630508

Epoch: 74
Loss: 0.14868751405122854
Some target is missing!
Missing ratio: 0.011345
Some target is missing!
Missing ratio: 0.011345
train: 0.919282	val: 0.656167	test: 0.625445

Epoch: 75
Loss: 0.14899315751104558
Some target is missing!
Missing ratio: 0.011345
Some target is missing!
Missing ratio: 0.011345
train: 0.918942	val: 0.654496	test: 0.629623

Epoch: 76
Loss: 0.14787223746884381
Some target is missing!
Missing ratio: 0.011345
Some target is missing!
Missing ratio: 0.011345
train: 0.919219	val: 0.660299	test: 0.622223

Epoch: 77
Loss: 0.14621520117050096
Some target is missing!
Missing ratio: 0.011345
Some target is missing!
Missing ratio: 0.011345
train: 0.921414	val: 0.659706	test: 0.630322

Epoch: 78
Loss: 0.14764572517886795
Some target is missing!
Missing ratio: 0.011345
Some target is missing!
Missing ratio: 0.011345
train: 0.922907	val: 0.657898	test: 0.630206

Epoch: 79
Loss: 0.1463516078603575
Some target is missing!
Missing ratio: 0.011345
Some target is missing!
Missing ratio: 0.011345
train: 0.922695	val: 0.651114	test: 0.621521

Epoch: 80
Loss: 0.14703810473174445
Some target is missing!
Missing ratio: 0.011345
Some target is missing!
Missing ratio: 0.011345
train: 0.921129	val: 0.656854	test: 0.634078

Epoch: 81
Loss: 0.14547674783833525
Some target is missing!
Missing ratio: 0.011345
Some target is missing!
Missing ratio: 0.011345
train: 0.922205	val: 0.648924	test: 0.622200

Epoch: 82
Loss: 0.14582632583707383
Some target is missing!
Missing ratio: 0.011345
Some target is missing!
Missing ratio: 0.011345
train: 0.926004	val: 0.663086	test: 0.629254

Epoch: 83
Loss: 0.1465997163442058
Some target is missing!
Missing ratio: 0.011345
Some target is missing!
Missing ratio: 0.011345
train: 0.925209	val: 0.650931	test: 0.617773

Epoch: 84
Loss: 0.14566363983268382
Some target is missing!
Missing ratio: 0.011345
Some target is missing!
Missing ratio: 0.011345
train: 0.928110	val: 0.651209	test: 0.622687

Epoch: 85
Loss: 0.14502543635819531
Some target is missing!
Missing ratio: 0.011345
Some target is missing!
Missing ratio: 0.011345
train: 0.926201	val: 0.656084	test: 0.622263

Epoch: 86
Loss: 0.14483479072752037
Some target is missing!
Missing ratio: 0.011345
Some target is missing!
Missing ratio: 0.011345
train: 0.926546	val: 0.648300	test: 0.625351

Epoch: 87
Loss: 0.14371764607751758
Some target is missing!
Missing ratio: 0.011345
Some target is missing!
Missing ratio: 0.011345
train: 0.929710	val: 0.655500	test: 0.626249

Epoch: 88
Loss: 0.14334918824517023
Some target is missing!
Missing ratio: 0.011345
Some target is missing!
Missing ratio: 0.011345
train: 0.928876	val: 0.667017	test: 0.627410

Epoch: 89
Loss: 0.14361094641835906
Some target is missing!
Missing ratio: 0.011345
Some target is missing!
Missing ratio: 0.011345
train: 0.929515	val: 0.655899	test: 0.624905

Epoch: 90
Loss: 0.14376298626353293
Some target is missing!
Missing ratio: 0.011345
Some target is missing!
Missing ratio: 0.011345
train: 0.929553	val: 0.660555	test: 0.623012

Epoch: 91
Loss: 0.14315182475946445
Some target is missing!
Missing ratio: 0.011345
Some target is missing!
Missing ratio: 0.011345
train: 0.929851	val: 0.650095	test: 0.615894

Epoch: 92
Loss: 0.14289220444928022
Some target is missing!
Missing ratio: 0.011345
Some target is missing!
Missing ratio: 0.011345
train: 0.932253	val: 0.657354	test: 0.626097

Epoch: 93
Loss: 0.14232218878939434
Some target is missing!
Missing ratio: 0.011345
Some target is missing!
Missing ratio: 0.011345
train: 0.933203	val: 0.655200	test: 0.618908

Epoch: 94
Loss: 0.14308030455594295
Some target is missing!
Missing ratio: 0.011345
Some target is missing!
Missing ratio: 0.011345
train: 0.932659	val: 0.652310	test: 0.626063

Epoch: 95
Loss: 0.14125159089359404
Some target is missing!
Missing ratio: 0.011345
Some target is missing!
Missing ratio: 0.011345
train: 0.933084	val: 0.657350	test: 0.627154

Epoch: 96
Loss: 0.14237015359204144
Some target is missing!
Missing ratio: 0.011345
Some target is missing!
Missing ratio: 0.011345
train: 0.933472	val: 0.654519	test: 0.626705

Epoch: 97
Loss: 0.14114178176711703
Some target is missing!
Missing ratio: 0.011345
Some target is missing!
Missing ratio: 0.011345
train: 0.934958	val: 0.660483	test: 0.628720

Epoch: 98
Loss: 0.14090203779187452
Some target is missing!
Missing ratio: 0.011345
Some target is missing!
Missing ratio: 0.011345
train: 0.935399	val: 0.663524	test: 0.626409

Epoch: 99
Loss: 0.14043819128728408
Some target is missing!
Missing ratio: 0.011345
Some target is missing!
Missing ratio: 0.011345
train: 0.936320	val: 0.653392	test: 0.628035

Epoch: 100
Loss: 0.13974362762735393
Some target is missing!
Missing ratio: 0.011345
Some target is missing!
Missing ratio: 0.011345
train: 0.935301	val: 0.661594	test: 0.627795

best train: 0.855295	val: 0.672590	test: 0.629668
end
