11511808_0
--dataset=muv --runseed=0 --eval_train --batch_size=256 --dropout_ratio=0.5 --input_model_file=../output/3D_hybrid_03_masking/GEOM_3D_nmol50000_nconf5_nupper1000/CL_1_VAE_1_AM_1/6_51_10_0.1/0.15_EBM_dot_prod_0.05_normalize_l2_detach_target_2_100_0/pretraining_model.pth
start
arguments	 Namespace(AE_loss='l2', AE_model='AE', CL_neg_samples=1, CL_similarity_metric='InfoNCE_dot_prod', JK='last', SSL_2D_mode='AM', SSL_masking_ratio=0, T=0.1, alpha_1=1, alpha_2=1, alpha_3=0.1, batch_size=256, beta=1, contextpred_neg_samples=1, csize=3, cutoff=10, data_dir_chirality='../datasets/chirality/d4_docking/d4_docking_rs.csv', dataset='muv', decay=0, detach_target=True, device=0, dropout_ratio=0.5, emb_dim=300, engg_n_layers=4, epochs=100, eval_train=True, flow_length=8, flow_model='planar', gamma_joao=0.1, gamma_joaov2=0.1, gnn_lr_scale=1, gnn_type='gin', graph_pooling='mean', input_data_dir='', input_model_file='../output/3D_hybrid_03_masking/GEOM_3D_nmol50000_nconf5_nupper1000/CL_1_VAE_1_AM_1/6_51_10_0.1/0.15_EBM_dot_prod_0.05_normalize_l2_detach_target_2_100_0/pretraining_model.pth', iw_samples=5, lr=0.001, lr_scale=1, m_dim=50, mask_edge=0, mask_rate=0.15, model_3d='schnet', normalize=False, num_filters=128, num_gaussians=51, num_interactions=6, num_layer=5, num_workers=8, output_model_dir='', readout='mean', runseed=0, schnet_lr_scale=1, se3_transformer_div=2, se3_transformer_n_heads=8, se3_transformer_num_channels=32, se3_transformer_num_degrees=4, se3_transformer_num_layers=7, se3_transformer_num_nlayers=1, seed=42, spherenet_basis_emb_size_angle=8, spherenet_basis_emb_size_dist=8, spherenet_basis_emb_size_torsion=8, spherenet_cutoff=3.0, spherenet_envelope_exponent=5, spherenet_int_emb_size=64, spherenet_num_after_skip=2, spherenet_num_before_skip=1, spherenet_num_layers=4, spherenet_num_output_layers=3, spherenet_num_radial=6, spherenet_num_spherical=3, spherenet_out_emb_channels=256, split='scaffold', split_path='../datasets/chirality/d4_docking/rs/split0.npy', verbose=False)
Dataset: muv
Data: Data(edge_attr=[4892252, 2], edge_index=[2, 4892252], id=[93087], x=[2255846, 2], y=[1582479])
MoleculeDataset(93087)
split via scaffold
Data(edge_attr=[30, 2], edge_index=[2, 30], id=[1], x=[15, 2], y=[17])
GNN_graphpred(
(molecule_model): GNN(
(x_embedding1): Embedding(120, 300)
(x_embedding2): Embedding(3, 300)
(gnns): ModuleList(
(0): GINConv(
(mlp): Sequential(
(0): Linear(in_features=300, out_features=600, bias=True)
(1): ReLU()
(2): Linear(in_features=600, out_features=300, bias=True)
)
(edge_embedding1): Embedding(6, 300)
(edge_embedding2): Embedding(3, 300)
)
(1): GINConv(
(mlp): Sequential(
(0): Linear(in_features=300, out_features=600, bias=True)
(1): ReLU()
(2): Linear(in_features=600, out_features=300, bias=True)
)
(edge_embedding1): Embedding(6, 300)
(edge_embedding2): Embedding(3, 300)
)
(2): GINConv(
(mlp): Sequential(
(0): Linear(in_features=300, out_features=600, bias=True)
(1): ReLU()
(2): Linear(in_features=600, out_features=300, bias=True)
)
(edge_embedding1): Embedding(6, 300)
(edge_embedding2): Embedding(3, 300)
)
(3): GINConv(
(mlp): Sequential(
(0): Linear(in_features=300, out_features=600, bias=True)
(1): ReLU()
(2): Linear(in_features=600, out_features=300, bias=True)
)
(edge_embedding1): Embedding(6, 300)
(edge_embedding2): Embedding(3, 300)
)
(4): GINConv(
(mlp): Sequential(
(0): Linear(in_features=300, out_features=600, bias=True)
(1): ReLU()
(2): Linear(in_features=600, out_features=300, bias=True)
)
(edge_embedding1): Embedding(6, 300)
(edge_embedding2): Embedding(3, 300)
)
)
(batch_norms): ModuleList(
(0): BatchNorm1d(300, eps=1e-05, momentum=0.1, affine=True, track_running_stats=True)
(1): BatchNorm1d(300, eps=1e-05, momentum=0.1, affine=True, track_running_stats=True)
(2): BatchNorm1d(300, eps=1e-05, momentum=0.1, affine=True, track_running_stats=True)
(3): BatchNorm1d(300, eps=1e-05, momentum=0.1, affine=True, track_running_stats=True)
(4): BatchNorm1d(300, eps=1e-05, momentum=0.1, affine=True, track_running_stats=True)
)
)
(graph_pred_linear): Linear(in_features=300, out_features=17, bias=True)
)
Epoch: 1
Loss: 0.09936611540550082
Some target is missing!
Missing ratio: 0.058824
Some target is missing!
Missing ratio: 0.117647
train: 0.675242	val: 0.732023	test: 0.661828

Epoch: 2
Loss: 0.013879409266541297
Some target is missing!
Missing ratio: 0.058824
Some target is missing!
Missing ratio: 0.117647
train: 0.769186	val: 0.783712	test: 0.701295

Epoch: 3
Loss: 0.013096713351031271
Some target is missing!
Missing ratio: 0.058824
Some target is missing!
Missing ratio: 0.117647
train: 0.811810	val: 0.780175	test: 0.724367

Epoch: 4
Loss: 0.012694438276051422
Some target is missing!
Missing ratio: 0.058824
Some target is missing!
Missing ratio: 0.117647
train: 0.827130	val: 0.787601	test: 0.718510

Epoch: 5
Loss: 0.01245880196575527
Some target is missing!
Missing ratio: 0.058824
Some target is missing!
Missing ratio: 0.117647
train: 0.844003	val: 0.779226	test: 0.739349

Epoch: 6
Loss: 0.012307087344618202
Some target is missing!
Missing ratio: 0.058824
Some target is missing!
Missing ratio: 0.117647
train: 0.865151	val: 0.772819	test: 0.741227

Epoch: 7
Loss: 0.012201409540786827
Some target is missing!
Missing ratio: 0.058824
Some target is missing!
Missing ratio: 0.117647
train: 0.852268	val: 0.800130	test: 0.725687

Epoch: 8
Loss: 0.0118872332508141
Some target is missing!
Missing ratio: 0.058824
Some target is missing!
Missing ratio: 0.117647
train: 0.877753	val: 0.803364	test: 0.785248

Epoch: 9
Loss: 0.011692921930549988
Some target is missing!
Missing ratio: 0.058824
Some target is missing!
Missing ratio: 0.117647
train: 0.884545	val: 0.762960	test: 0.767355

Epoch: 10
Loss: 0.011604423780133011
Some target is missing!
Missing ratio: 0.058824
Some target is missing!
Missing ratio: 0.117647
train: 0.903035	val: 0.781046	test: 0.731690

Epoch: 11
Loss: 0.011375101542002974
Some target is missing!
Missing ratio: 0.058824
Some target is missing!
Missing ratio: 0.117647
train: 0.903008	val: 0.802920	test: 0.740250

Epoch: 12
Loss: 0.011352428227435167
Some target is missing!
Missing ratio: 0.058824
Some target is missing!
Missing ratio: 0.117647
train: 0.920480	val: 0.781833	test: 0.753993

Epoch: 13
Loss: 0.010914699709572437
Some target is missing!
Missing ratio: 0.058824
Some target is missing!
Missing ratio: 0.117647
train: 0.911035	val: 0.772924	test: 0.740080

Epoch: 14
Loss: 0.01089254851661511
Some target is missing!
Missing ratio: 0.058824
Some target is missing!
Missing ratio: 0.117647
train: 0.919512	val: 0.755762	test: 0.765842

Epoch: 15
Loss: 0.01094789308199574
Some target is missing!
Missing ratio: 0.058824
Some target is missing!
Missing ratio: 0.117647
train: 0.939763	val: 0.791107	test: 0.759280

Epoch: 16
Loss: 0.01067996903593122
Some target is missing!
Missing ratio: 0.058824
Some target is missing!
Missing ratio: 0.117647
train: 0.938072	val: 0.790768	test: 0.767370

Epoch: 17
Loss: 0.010384559538241354
Some target is missing!
Missing ratio: 0.058824
Some target is missing!
Missing ratio: 0.117647
train: 0.939974	val: 0.765683	test: 0.748424

Epoch: 18
Loss: 0.01046872181613933
Some target is missing!
Missing ratio: 0.058824
Some target is missing!
Missing ratio: 0.117647
train: 0.947143	val: 0.780626	test: 0.765661

Epoch: 19
Loss: 0.01023104613615888
Some target is missing!
Missing ratio: 0.058824
Some target is missing!
Missing ratio: 0.117647
train: 0.954763	val: 0.771684	test: 0.764580

Epoch: 20
Loss: 0.010169482943787595
Some target is missing!
Missing ratio: 0.058824
Some target is missing!
Missing ratio: 0.117647
train: 0.953488	val: 0.778835	test: 0.746624

Epoch: 21
Loss: 0.010089501945743689
Some target is missing!
Missing ratio: 0.058824
Some target is missing!
Missing ratio: 0.117647
train: 0.954707	val: 0.782274	test: 0.769985

Epoch: 22
Loss: 0.00980450472429596
Some target is missing!
Missing ratio: 0.058824
Some target is missing!
Missing ratio: 0.117647
train: 0.960568	val: 0.769368	test: 0.799440

Epoch: 23
Loss: 0.009549187450805378
Some target is missing!
Missing ratio: 0.058824
Some target is missing!
Missing ratio: 0.117647
train: 0.961660	val: 0.760583	test: 0.769635

Epoch: 24
Loss: 0.009621073496602434
Some target is missing!
Missing ratio: 0.058824
Some target is missing!
Missing ratio: 0.117647
train: 0.959078	val: 0.778868	test: 0.728508

Epoch: 25
Loss: 0.00958191435647457
Some target is missing!
Missing ratio: 0.058824
Some target is missing!
Missing ratio: 0.117647
train: 0.964855	val: 0.744708	test: 0.750600

Epoch: 26
Loss: 0.009349157686721262
Some target is missing!
Missing ratio: 0.058824
Some target is missing!
Missing ratio: 0.117647
train: 0.970555	val: 0.775029	test: 0.780905

Epoch: 27
Loss: 0.009232036167552795
Some target is missing!
Missing ratio: 0.058824
Some target is missing!
Missing ratio: 0.117647
train: 0.964996	val: 0.726989	test: 0.766143

Epoch: 28
Loss: 0.009122832154688433
Some target is missing!
Missing ratio: 0.058824
Some target is missing!
Missing ratio: 0.117647
train: 0.967248	val: 0.777712	test: 0.787056

Epoch: 29
Loss: 0.008814085813722125
Some target is missing!
Missing ratio: 0.058824
Some target is missing!
Missing ratio: 0.117647
train: 0.976883	val: 0.742215	test: 0.759187

Epoch: 30
Loss: 0.00873965216532285
Some target is missing!
Missing ratio: 0.058824
Some target is missing!
Missing ratio: 0.117647
train: 0.976784	val: 0.764488	test: 0.775160

Epoch: 31
Loss: 0.008594154489218566
Some target is missing!
Missing ratio: 0.058824
Some target is missing!
Missing ratio: 0.117647
train: 0.979581	val: 0.782518	test: 0.768728

Epoch: 32
Loss: 0.008605922496306278
Some target is missing!
Missing ratio: 0.058824
Some target is missing!
Missing ratio: 0.117647
train: 0.978851	val: 0.745878	test: 0.760784

Epoch: 33
Loss: 0.0084545809764923
Some target is missing!
Missing ratio: 0.058824
Some target is missing!
Missing ratio: 0.117647
train: 0.981484	val: 0.761834	test: 0.781429

Epoch: 34
Loss: 0.008356388912382998
Some target is missing!
Missing ratio: 0.058824
Some target is missing!
Missing ratio: 0.117647
train: 0.983178	val: 0.749189	test: 0.769979

Epoch: 35
Loss: 0.007950567273689337
Some target is missing!
Missing ratio: 0.058824
Some target is missing!
Missing ratio: 0.117647
train: 0.984314	val: 0.787585	test: 0.796152

Epoch: 36
Loss: 0.00822492224888352
Some target is missing!
Missing ratio: 0.058824
Some target is missing!
Missing ratio: 0.117647
train: 0.984076	val: 0.753309	test: 0.770639

Epoch: 37
Loss: 0.007948739043132374
Some target is missing!
Missing ratio: 0.058824
Some target is missing!
Missing ratio: 0.117647
train: 0.987036	val: 0.742629	test: 0.748948

Epoch: 38
Loss: 0.00784056377567577
Some target is missing!
Missing ratio: 0.058824
Some target is missing!
Missing ratio: 0.117647
train: 0.986167	val: 0.764506	test: 0.770809

Epoch: 39
Loss: 0.007588095482257738
Some target is missing!
Missing ratio: 0.058824
Some target is missing!
Missing ratio: 0.117647
train: 0.987605	val: 0.721779	test: 0.762042

Epoch: 40
Loss: 0.007529968545543041
Some target is missing!
Missing ratio: 0.058824
Some target is missing!
Missing ratio: 0.117647
train: 0.989419	val: 0.767434	test: 0.783606

Epoch: 41
Loss: 0.007656358467553967
Some target is missing!
Missing ratio: 0.058824
Some target is missing!
Missing ratio: 0.117647
train: 0.989364	val: 0.732167	test: 0.754283

Epoch: 42
Loss: 0.007376116435221237
Some target is missing!
Missing ratio: 0.058824
Some target is missing!
Missing ratio: 0.117647
train: 0.990039	val: 0.732485	test: 0.767583

Epoch: 43
Loss: 0.007340986592000964
Some target is missing!
Missing ratio: 0.058824
Some target is missing!
Missing ratio: 0.117647
train: 0.991843	val: 0.753690	test: 0.774424

Epoch: 44
Loss: 0.00723114864781772
Some target is missing!
Missing ratio: 0.058824
Some target is missing!
Missing ratio: 0.117647
train: 0.992809	val: 0.732402	test: 0.784491

Epoch: 45
Loss: 0.006949756865405934
Some target is missing!
Missing ratio: 0.058824
Some target is missing!
Missing ratio: 0.117647
train: 0.993034	val: 0.732749	test: 0.773105

Epoch: 46
Loss: 0.006871979492135696
Some target is missing!
Missing ratio: 0.058824
Some target is missing!
Missing ratio: 0.117647
train: 0.991420	val: 0.728523	test: 0.742258

Epoch: 47
Loss: 0.006937508338416569
Some target is missing!
Missing ratio: 0.058824
Some target is missing!
Missing ratio: 0.117647
train: 0.993538	val: 0.738334	test: 0.764310

Epoch: 48
Loss: 0.007009828803314628
Some target is missing!
Missing ratio: 0.058824
Some target is missing!
Missing ratio: 0.117647
train: 0.993200	val: 0.741531	test: 0.752771

Epoch: 49
Loss: 0.006708480712412948
Some target is missing!
Missing ratio: 0.058824
Some target is missing!
Missing ratio: 0.117647
train: 0.993956	val: 0.743626	test: 0.758017

Epoch: 50
Loss: 0.0065982106170450186
Some target is missing!
Missing ratio: 0.058824
Some target is missing!
Missing ratio: 0.117647
train: 0.994412	val: 0.757968	test: 0.768085

Epoch: 51
Loss: 0.006567420440965898
Some target is missing!
Missing ratio: 0.058824
Some target is missing!
Missing ratio: 0.117647
train: 0.994512	val: 0.741997	test: 0.759541

Epoch: 52
Loss: 0.00638014111273361
Some target is missing!
Missing ratio: 0.058824
Some target is missing!
Missing ratio: 0.117647
train: 0.995763	val: 0.740216	test: 0.763033

Epoch: 53
Loss: 0.0062670355356362825
Some target is missing!
Missing ratio: 0.058824
Some target is missing!
Missing ratio: 0.117647
train: 0.994615	val: 0.741113	test: 0.732537

Epoch: 54
Loss: 0.006224128716970698
Some target is missing!
Missing ratio: 0.058824
Some target is missing!
Missing ratio: 0.117647
train: 0.996022	val: 0.757768	test: 0.740233

Epoch: 55
Loss: 0.0062496365583779336
Some target is missing!
Missing ratio: 0.058824
Some target is missing!
Missing ratio: 0.117647
train: 0.997001	val: 0.733466	test: 0.757859

Epoch: 56
Loss: 0.0058123717357071655
Some target is missing!
Missing ratio: 0.058824
Some target is missing!
Missing ratio: 0.117647
train: 0.997224	val: 0.728424	test: 0.765896

Epoch: 57
Loss: 0.0059333871601978914
Some target is missing!
Missing ratio: 0.058824
Some target is missing!
Missing ratio: 0.117647
train: 0.996347	val: 0.735947	test: 0.748358

Epoch: 58
Loss: 0.0058922229920823155
Some target is missing!
Missing ratio: 0.058824
Some target is missing!
Missing ratio: 0.117647
train: 0.996137	val: 0.717117	test: 0.733375

Epoch: 59
Loss: 0.006014176713089322
Some target is missing!
Missing ratio: 0.058824
Some target is missing!
Missing ratio: 0.117647
train: 0.997576	val: 0.741046	test: 0.768866

Epoch: 60
Loss: 0.005852368135817338
Some target is missing!
Missing ratio: 0.058824
Some target is missing!
Missing ratio: 0.117647
train: 0.997675	val: 0.736880	test: 0.755582

Epoch: 61
Loss: 0.005527074934766147
Some target is missing!
Missing ratio: 0.058824
Some target is missing!
Missing ratio: 0.117647
train: 0.997837	val: 0.750817	test: 0.751438

Epoch: 62
Loss: 0.00548583836876736
Some target is missing!
Missing ratio: 0.058824
Some target is missing!
Missing ratio: 0.117647
train: 0.997201	val: 0.739771	test: 0.769337

Epoch: 63
Loss: 0.005607544919849919
Some target is missing!
Missing ratio: 0.058824
Some target is missing!
Missing ratio: 0.117647
train: 0.997625	val: 0.755788	test: 0.742696

Epoch: 64
Loss: 0.005929593258056501
Some target is missing!
Missing ratio: 0.058824
Some target is missing!
Missing ratio: 0.117647
train: 0.998135	val: 0.735099	test: 0.757431

Epoch: 65
Loss: 0.00537646789805075
Some target is missing!
Missing ratio: 0.058824
Some target is missing!
Missing ratio: 0.117647
train: 0.997968	val: 0.742345	test: 0.759576

Epoch: 66
Loss: 0.005302765151608341
Some target is missing!
Missing ratio: 0.058824
Some target is missing!
Missing ratio: 0.117647
train: 0.998408	val: 0.754510	test: 0.748777

Epoch: 67
Loss: 0.005158950936563759
Some target is missing!
Missing ratio: 0.058824
Some target is missing!
Missing ratio: 0.117647
train: 0.998719	val: 0.736342	test: 0.758206

Epoch: 68
Loss: 0.005063762906082135
Some target is missing!
Missing ratio: 0.058824
Some target is missing!
Missing ratio: 0.117647
train: 0.998050	val: 0.735146	test: 0.728186

Epoch: 69
Loss: 0.005063557415524229
Some target is missing!
Missing ratio: 0.058824
Some target is missing!
Missing ratio: 0.117647
train: 0.998724	val: 0.755226	test: 0.745589

Epoch: 70
Loss: 0.004871421830644518
Some target is missing!
Missing ratio: 0.058824
Some target is missing!
Missing ratio: 0.117647
train: 0.999034	val: 0.754780	test: 0.753140

Epoch: 71
Loss: 0.004807872088540221
Some target is missing!
Missing ratio: 0.058824
Some target is missing!
Missing ratio: 0.117647
train: 0.999385	val: 0.731860	test: 0.740719

Epoch: 72
Loss: 0.004873250173584288
Some target is missing!
Missing ratio: 0.058824
Some target is missing!
Missing ratio: 0.117647
train: 0.999014	val: 0.729070	test: 0.765091

Epoch: 73
Loss: 0.004912784366689893
Some target is missing!
Missing ratio: 0.058824
Some target is missing!
Missing ratio: 0.117647
train: 0.999048	val: 0.748812	test: 0.724088

Epoch: 74
Loss: 0.004653431820425984
Some target is missing!
Missing ratio: 0.058824
Some target is missing!
Missing ratio: 0.117647
train: 0.999120	val: 0.753445	test: 0.737080

Epoch: 75
Loss: 0.004604565524117622
Some target is missing!
Missing ratio: 0.058824
Some target is missing!
Missing ratio: 0.117647
train: 0.999392	val: 0.730729	test: 0.757376

Epoch: 76
Loss: 0.004563116573183263
Some target is missing!
Missing ratio: 0.058824
Some target is missing!
Missing ratio: 0.117647
train: 0.999476	val: 0.727011	test: 0.780613

Epoch: 77
Loss: 0.004457225524150706
Some target is missing!
Missing ratio: 0.058824
Some target is missing!
Missing ratio: 0.117647
train: 0.999390	val: 0.739524	test: 0.739564

Epoch: 78
Loss: 0.004424024559093765
Some target is missing!
Missing ratio: 0.058824
Some target is missing!
Missing ratio: 0.117647
train: 0.999308	val: 0.714152	test: 0.726846

Epoch: 79
Loss: 0.0042951524110400145
Some target is missing!
Missing ratio: 0.058824
Some target is missing!
Missing ratio: 0.117647
train: 0.998946	val: 0.726109	test: 0.738264

Epoch: 80
Loss: 0.004312293461142167
Some target is missing!
Missing ratio: 0.058824
Some target is missing!
Missing ratio: 0.117647
train: 0.999645	val: 0.723665	test: 0.731873

Epoch: 81
Loss: 0.004384509992132535
Some target is missing!
Missing ratio: 0.058824
Some target is missing!
Missing ratio: 0.117647
train: 0.999492	val: 0.734429	test: 0.730992

Epoch: 82
Loss: 0.004470020721500636
Some target is missing!
Missing ratio: 0.058824
Some target is missing!
Missing ratio: 0.117647
train: 0.999373	val: 0.711435	test: 0.692652

Epoch: 83
Loss: 0.004367150343918905
Some target is missing!
Missing ratio: 0.058824
Some target is missing!
Missing ratio: 0.117647
train: 0.999576	val: 0.709824	test: 0.765726

Epoch: 84
Loss: 0.00399140603954089
Some target is missing!
Missing ratio: 0.058824
Some target is missing!
Missing ratio: 0.117647
train: 0.999621	val: 0.741666	test: 0.748790

Epoch: 85
Loss: 0.004100709527661752
Some target is missing!
Missing ratio: 0.058824
Some target is missing!
Missing ratio: 0.117647
train: 0.999596	val: 0.733014	test: 0.759838

Epoch: 86
Loss: 0.0041959299471334855
Some target is missing!
Missing ratio: 0.058824
Some target is missing!
Missing ratio: 0.117647
train: 0.999762	val: 0.742409	test: 0.763936

Epoch: 87
Loss: 0.0038902512561024027
Some target is missing!
Missing ratio: 0.058824
Some target is missing!
Missing ratio: 0.117647
train: 0.999656	val: 0.713915	test: 0.747031

Epoch: 88
Loss: 0.003875686119311742
Some target is missing!
Missing ratio: 0.058824
Some target is missing!
Missing ratio: 0.117647
train: 0.999784	val: 0.751806	test: 0.734319

Epoch: 89
Loss: 0.003899037788328747
Some target is missing!
Missing ratio: 0.058824
Some target is missing!
Missing ratio: 0.117647
train: 0.999605	val: 0.712430	test: 0.735397

Epoch: 90
Loss: 0.004298447109165434
Some target is missing!
Missing ratio: 0.058824
Some target is missing!
Missing ratio: 0.117647
train: 0.999705	val: 0.736516	test: 0.768505

Epoch: 91
Loss: 0.003869317638611178
Some target is missing!
Missing ratio: 0.058824
Some target is missing!
Missing ratio: 0.117647
train: 0.999507	val: 0.742174	test: 0.726533

Epoch: 92
Loss: 0.0037019808148335146
Some target is missing!
Missing ratio: 0.058824
Some target is missing!
Missing ratio: 0.117647
train: 0.999737	val: 0.716494	test: 0.748489

Epoch: 93
Loss: 0.0038761435097890303
Some target is missing!
Missing ratio: 0.058824
Some target is missing!
Missing ratio: 0.117647
train: 0.999693	val: 0.717753	test: 0.726198

Epoch: 94
Loss: 0.003852301902960702
Some target is missing!
Missing ratio: 0.058824
Some target is missing!
Missing ratio: 0.117647
train: 0.999745	val: 0.755661	test: 0.734645

Epoch: 95
Loss: 0.0038925283552597866
Some target is missing!
Missing ratio: 0.058824
Some target is missing!
Missing ratio: 0.117647
train: 0.999773	val: 0.742068	test: 0.731244

Epoch: 96
Loss: 0.003427856667589403
Some target is missing!
Missing ratio: 0.058824
Some target is missing!
Missing ratio: 0.117647
train: 0.999837	val: 0.731866	test: 0.729014

Epoch: 97
Loss: 0.0034220223623534856
Some target is missing!
Missing ratio: 0.058824
Some target is missing!
Missing ratio: 0.117647
train: 0.999806	val: 0.709962	test: 0.753999

Epoch: 98
Loss: 0.0035097359952116253
Some target is missing!
Missing ratio: 0.058824
Some target is missing!
Missing ratio: 0.117647
train: 0.999832	val: 0.719942	test: 0.740279

Epoch: 99
Loss: 0.0032245715418414583
Some target is missing!
Missing ratio: 0.058824
Some target is missing!
Missing ratio: 0.117647
train: 0.999733	val: 0.712220	test: 0.715270

Epoch: 100
Loss: 0.003610614836284928
Some target is missing!
Missing ratio: 0.058824
Some target is missing!
Missing ratio: 0.117647
train: 0.999901	val: 0.722374	test: 0.751136

best train: 0.877753	val: 0.803364	test: 0.785248
end
