11511808_0
--dataset=toxcast --runseed=0 --eval_train --batch_size=256 --dropout_ratio=0.5 --input_model_file=../output/3D_hybrid_03_masking/GEOM_3D_nmol50000_nconf5_nupper1000/CL_1_VAE_1_AM_1/6_51_10_0.1/0.15_EBM_dot_prod_0.05_normalize_l2_detach_target_2_100_0/pretraining_model.pth
start
arguments	 Namespace(AE_loss='l2', AE_model='AE', CL_neg_samples=1, CL_similarity_metric='InfoNCE_dot_prod', JK='last', SSL_2D_mode='AM', SSL_masking_ratio=0, T=0.1, alpha_1=1, alpha_2=1, alpha_3=0.1, batch_size=256, beta=1, contextpred_neg_samples=1, csize=3, cutoff=10, data_dir_chirality='../datasets/chirality/d4_docking/d4_docking_rs.csv', dataset='toxcast', decay=0, detach_target=True, device=0, dropout_ratio=0.5, emb_dim=300, engg_n_layers=4, epochs=100, eval_train=True, flow_length=8, flow_model='planar', gamma_joao=0.1, gamma_joaov2=0.1, gnn_lr_scale=1, gnn_type='gin', graph_pooling='mean', input_data_dir='', input_model_file='../output/3D_hybrid_03_masking/GEOM_3D_nmol50000_nconf5_nupper1000/CL_1_VAE_1_AM_1/6_51_10_0.1/0.15_EBM_dot_prod_0.05_normalize_l2_detach_target_2_100_0/pretraining_model.pth', iw_samples=5, lr=0.001, lr_scale=1, m_dim=50, mask_edge=0, mask_rate=0.15, model_3d='schnet', normalize=False, num_filters=128, num_gaussians=51, num_interactions=6, num_layer=5, num_workers=8, output_model_dir='', readout='mean', runseed=0, schnet_lr_scale=1, se3_transformer_div=2, se3_transformer_n_heads=8, se3_transformer_num_channels=32, se3_transformer_num_degrees=4, se3_transformer_num_layers=7, se3_transformer_num_nlayers=1, seed=42, spherenet_basis_emb_size_angle=8, spherenet_basis_emb_size_dist=8, spherenet_basis_emb_size_torsion=8, spherenet_cutoff=3.0, spherenet_envelope_exponent=5, spherenet_int_emb_size=64, spherenet_num_after_skip=2, spherenet_num_before_skip=1, spherenet_num_layers=4, spherenet_num_output_layers=3, spherenet_num_radial=6, spherenet_num_spherical=3, spherenet_out_emb_channels=256, split='scaffold', split_path='../datasets/chirality/d4_docking/rs/split0.npy', verbose=False)
Dataset: toxcast
Data: Data(edge_attr=[330356, 2], edge_index=[2, 330356], id=[8576], x=[161088, 2], y=[5291392])
MoleculeDataset(8576)
split via scaffold
Data(edge_attr=[28, 2], edge_index=[2, 28], id=[1], x=[15, 2], y=[617])
GNN_graphpred(
(molecule_model): GNN(
(x_embedding1): Embedding(120, 300)
(x_embedding2): Embedding(3, 300)
(gnns): ModuleList(
(0): GINConv(
(mlp): Sequential(
(0): Linear(in_features=300, out_features=600, bias=True)
(1): ReLU()
(2): Linear(in_features=600, out_features=300, bias=True)
)
(edge_embedding1): Embedding(6, 300)
(edge_embedding2): Embedding(3, 300)
)
(1): GINConv(
(mlp): Sequential(
(0): Linear(in_features=300, out_features=600, bias=True)
(1): ReLU()
(2): Linear(in_features=600, out_features=300, bias=True)
)
(edge_embedding1): Embedding(6, 300)
(edge_embedding2): Embedding(3, 300)
)
(2): GINConv(
(mlp): Sequential(
(0): Linear(in_features=300, out_features=600, bias=True)
(1): ReLU()
(2): Linear(in_features=600, out_features=300, bias=True)
)
(edge_embedding1): Embedding(6, 300)
(edge_embedding2): Embedding(3, 300)
)
(3): GINConv(
(mlp): Sequential(
(0): Linear(in_features=300, out_features=600, bias=True)
(1): ReLU()
(2): Linear(in_features=600, out_features=300, bias=True)
)
(edge_embedding1): Embedding(6, 300)
(edge_embedding2): Embedding(3, 300)
)
(4): GINConv(
(mlp): Sequential(
(0): Linear(in_features=300, out_features=600, bias=True)
(1): ReLU()
(2): Linear(in_features=600, out_features=300, bias=True)
)
(edge_embedding1): Embedding(6, 300)
(edge_embedding2): Embedding(3, 300)
)
)
(batch_norms): ModuleList(
(0): BatchNorm1d(300, eps=1e-05, momentum=0.1, affine=True, track_running_stats=True)
(1): BatchNorm1d(300, eps=1e-05, momentum=0.1, affine=True, track_running_stats=True)
(2): BatchNorm1d(300, eps=1e-05, momentum=0.1, affine=True, track_running_stats=True)
(3): BatchNorm1d(300, eps=1e-05, momentum=0.1, affine=True, track_running_stats=True)
(4): BatchNorm1d(300, eps=1e-05, momentum=0.1, affine=True, track_running_stats=True)
)
)
(graph_pred_linear): Linear(in_features=300, out_features=617, bias=True)
)
Epoch: 1
Loss: 0.5257256977794361
Some target is missing!
Missing ratio: 0.011345
Some target is missing!
Missing ratio: 0.011345
train: 0.631524	val: 0.541211	test: 0.549952

Epoch: 2
Loss: 0.3354087459339556
Some target is missing!
Missing ratio: 0.011345
Some target is missing!
Missing ratio: 0.011345
train: 0.670918	val: 0.573680	test: 0.566793

Epoch: 3
Loss: 0.25297374683392454
Some target is missing!
Missing ratio: 0.011345
Some target is missing!
Missing ratio: 0.011345
train: 0.703480	val: 0.607722	test: 0.593563

Epoch: 4
Loss: 0.22103997467546999
Some target is missing!
Missing ratio: 0.011345
Some target is missing!
Missing ratio: 0.011345
train: 0.727251	val: 0.611395	test: 0.597592

Epoch: 5
Loss: 0.2103077879114453
Some target is missing!
Missing ratio: 0.011345
Some target is missing!
Missing ratio: 0.011345
train: 0.732948	val: 0.608312	test: 0.616079

Epoch: 6
Loss: 0.20388250275825914
Some target is missing!
Missing ratio: 0.011345
Some target is missing!
Missing ratio: 0.011345
train: 0.754760	val: 0.621359	test: 0.615409

Epoch: 7
Loss: 0.19966538813847926
Some target is missing!
Missing ratio: 0.011345
Some target is missing!
Missing ratio: 0.011345
train: 0.768050	val: 0.627516	test: 0.624231

Epoch: 8
Loss: 0.19590682296047385
Some target is missing!
Missing ratio: 0.011345
Some target is missing!
Missing ratio: 0.011345
train: 0.773888	val: 0.626216	test: 0.622785

Epoch: 9
Loss: 0.19392863885177578
Some target is missing!
Missing ratio: 0.011345
Some target is missing!
Missing ratio: 0.011345
train: 0.780727	val: 0.631904	test: 0.623058

Epoch: 10
Loss: 0.19235675568793453
Some target is missing!
Missing ratio: 0.011345
Some target is missing!
Missing ratio: 0.011345
train: 0.791773	val: 0.632319	test: 0.627309

Epoch: 11
Loss: 0.18930382096283668
Some target is missing!
Missing ratio: 0.011345
Some target is missing!
Missing ratio: 0.011345
train: 0.800419	val: 0.646868	test: 0.630606

Epoch: 12
Loss: 0.18754698194037014
Some target is missing!
Missing ratio: 0.011345
Some target is missing!
Missing ratio: 0.011345
train: 0.803652	val: 0.650288	test: 0.633789

Epoch: 13
Loss: 0.18619524966965267
Some target is missing!
Missing ratio: 0.011345
Some target is missing!
Missing ratio: 0.011345
train: 0.806918	val: 0.634718	test: 0.631059

Epoch: 14
Loss: 0.18619754951307285
Some target is missing!
Missing ratio: 0.011345
Some target is missing!
Missing ratio: 0.011345
train: 0.814512	val: 0.639207	test: 0.629470

Epoch: 15
Loss: 0.1841667804708491
Some target is missing!
Missing ratio: 0.011345
Some target is missing!
Missing ratio: 0.011345
train: 0.819348	val: 0.648755	test: 0.637658

Epoch: 16
Loss: 0.18297207867377596
Some target is missing!
Missing ratio: 0.011345
Some target is missing!
Missing ratio: 0.011345
train: 0.824180	val: 0.634590	test: 0.631580

Epoch: 17
Loss: 0.18191515331314959
Some target is missing!
Missing ratio: 0.011345
Some target is missing!
Missing ratio: 0.011345
train: 0.826832	val: 0.650130	test: 0.634888

Epoch: 18
Loss: 0.18141508180710755
Some target is missing!
Missing ratio: 0.011345
Some target is missing!
Missing ratio: 0.011345
train: 0.824077	val: 0.652572	test: 0.640681

Epoch: 19
Loss: 0.18061451570976017
Some target is missing!
Missing ratio: 0.011345
Some target is missing!
Missing ratio: 0.011345
train: 0.832091	val: 0.643488	test: 0.632111

Epoch: 20
Loss: 0.17911247153739046
Some target is missing!
Missing ratio: 0.011345
Some target is missing!
Missing ratio: 0.011345
train: 0.838854	val: 0.640263	test: 0.624013

Epoch: 21
Loss: 0.17767225115203222
Some target is missing!
Missing ratio: 0.011345
Some target is missing!
Missing ratio: 0.011345
train: 0.836676	val: 0.651428	test: 0.636088

Epoch: 22
Loss: 0.17694683172999745
Some target is missing!
Missing ratio: 0.011345
Some target is missing!
Missing ratio: 0.011345
train: 0.839735	val: 0.642984	test: 0.633863

Epoch: 23
Loss: 0.17830881157366815
Some target is missing!
Missing ratio: 0.011345
Some target is missing!
Missing ratio: 0.011345
train: 0.846447	val: 0.650387	test: 0.628587

Epoch: 24
Loss: 0.17539726446161194
Some target is missing!
Missing ratio: 0.011345
Some target is missing!
Missing ratio: 0.011345
train: 0.846309	val: 0.651152	test: 0.634745

Epoch: 25
Loss: 0.17409604877893145
Some target is missing!
Missing ratio: 0.011345
Some target is missing!
Missing ratio: 0.011345
train: 0.852766	val: 0.650522	test: 0.627553

Epoch: 26
Loss: 0.17449994916302333
Some target is missing!
Missing ratio: 0.011345
Some target is missing!
Missing ratio: 0.011345
train: 0.849391	val: 0.645820	test: 0.628455

Epoch: 27
Loss: 0.17302054285471152
Some target is missing!
Missing ratio: 0.011345
Some target is missing!
Missing ratio: 0.011345
train: 0.853649	val: 0.649386	test: 0.633379

Epoch: 28
Loss: 0.17164297710918247
Some target is missing!
Missing ratio: 0.011345
Some target is missing!
Missing ratio: 0.011345
train: 0.856783	val: 0.646278	test: 0.631765

Epoch: 29
Loss: 0.1712825209617608
Some target is missing!
Missing ratio: 0.011345
Some target is missing!
Missing ratio: 0.011345
train: 0.858065	val: 0.652634	test: 0.641460

Epoch: 30
Loss: 0.17136826222840215
Some target is missing!
Missing ratio: 0.011345
Some target is missing!
Missing ratio: 0.011345
train: 0.862193	val: 0.650195	test: 0.626924

Epoch: 31
Loss: 0.16979690776703052
Some target is missing!
Missing ratio: 0.011345
Some target is missing!
Missing ratio: 0.011345
train: 0.862244	val: 0.649094	test: 0.630544

Epoch: 32
Loss: 0.16923857236522163
Some target is missing!
Missing ratio: 0.011345
Some target is missing!
Missing ratio: 0.011345
train: 0.867155	val: 0.657558	test: 0.631149

Epoch: 33
Loss: 0.16829301874930364
Some target is missing!
Missing ratio: 0.011345
Some target is missing!
Missing ratio: 0.011345
train: 0.869007	val: 0.648514	test: 0.630211

Epoch: 34
Loss: 0.16834866660392472
Some target is missing!
Missing ratio: 0.011345
Some target is missing!
Missing ratio: 0.011345
train: 0.870646	val: 0.655237	test: 0.631184

Epoch: 35
Loss: 0.16788970740013237
Some target is missing!
Missing ratio: 0.011345
Some target is missing!
Missing ratio: 0.011345
train: 0.870336	val: 0.653942	test: 0.631566

Epoch: 36
Loss: 0.16707978284125732
Some target is missing!
Missing ratio: 0.011345
Some target is missing!
Missing ratio: 0.011345
train: 0.872518	val: 0.653706	test: 0.634395

Epoch: 37
Loss: 0.16556308496083896
Some target is missing!
Missing ratio: 0.011345
Some target is missing!
Missing ratio: 0.011345
train: 0.873838	val: 0.654644	test: 0.640418

Epoch: 38
Loss: 0.1661399886416547
Some target is missing!
Missing ratio: 0.011345
Some target is missing!
Missing ratio: 0.011345
train: 0.877515	val: 0.653501	test: 0.632576

Epoch: 39
Loss: 0.16422969180195904
Some target is missing!
Missing ratio: 0.011345
Some target is missing!
Missing ratio: 0.011345
train: 0.879096	val: 0.653762	test: 0.639702

Epoch: 40
Loss: 0.165325021693295
Some target is missing!
Missing ratio: 0.011345
Some target is missing!
Missing ratio: 0.011345
train: 0.879604	val: 0.662976	test: 0.637914

Epoch: 41
Loss: 0.1646840127972698
Some target is missing!
Missing ratio: 0.011345
Some target is missing!
Missing ratio: 0.011345
train: 0.880890	val: 0.659437	test: 0.634944

Epoch: 42
Loss: 0.1632935317357997
Some target is missing!
Missing ratio: 0.011345
Some target is missing!
Missing ratio: 0.011345
train: 0.882913	val: 0.666550	test: 0.630078

Epoch: 43
Loss: 0.16201086506106907
Some target is missing!
Missing ratio: 0.011345
Some target is missing!
Missing ratio: 0.011345
train: 0.885155	val: 0.659513	test: 0.634243

Epoch: 44
Loss: 0.16116573830323275
Some target is missing!
Missing ratio: 0.011345
Some target is missing!
Missing ratio: 0.011345
train: 0.886511	val: 0.660310	test: 0.631821

Epoch: 45
Loss: 0.16176487668222012
Some target is missing!
Missing ratio: 0.011345
Some target is missing!
Missing ratio: 0.011345
train: 0.886821	val: 0.660649	test: 0.637181

Epoch: 46
Loss: 0.1621071732206081
Some target is missing!
Missing ratio: 0.011345
Some target is missing!
Missing ratio: 0.011345
train: 0.886332	val: 0.663475	test: 0.636142

Epoch: 47
Loss: 0.16015505154754733
Some target is missing!
Missing ratio: 0.011345
Some target is missing!
Missing ratio: 0.011345
train: 0.889593	val: 0.664732	test: 0.637749

Epoch: 48
Loss: 0.15934802284086166
Some target is missing!
Missing ratio: 0.011345
Some target is missing!
Missing ratio: 0.011345
train: 0.893234	val: 0.658177	test: 0.629660

Epoch: 49
Loss: 0.15945957581214534
Some target is missing!
Missing ratio: 0.011345
Some target is missing!
Missing ratio: 0.011345
train: 0.894718	val: 0.658587	test: 0.633732

Epoch: 50
Loss: 0.1590233954069157
Some target is missing!
Missing ratio: 0.011345
Some target is missing!
Missing ratio: 0.011345
train: 0.894597	val: 0.652931	test: 0.625716

Epoch: 51
Loss: 0.1581866596454574
Some target is missing!
Missing ratio: 0.011345
Some target is missing!
Missing ratio: 0.011345
train: 0.895522	val: 0.661331	test: 0.631207

Epoch: 52
Loss: 0.1587744143616424
Some target is missing!
Missing ratio: 0.011345
Some target is missing!
Missing ratio: 0.011345
train: 0.895323	val: 0.655299	test: 0.633024

Epoch: 53
Loss: 0.15698797030764813
Some target is missing!
Missing ratio: 0.011345
Some target is missing!
Missing ratio: 0.011345
train: 0.896863	val: 0.662335	test: 0.634911

Epoch: 54
Loss: 0.15714993508072708
Some target is missing!
Missing ratio: 0.011345
Some target is missing!
Missing ratio: 0.011345
train: 0.897736	val: 0.661620	test: 0.634234

Epoch: 55
Loss: 0.15582251424837892
Some target is missing!
Missing ratio: 0.011345
Some target is missing!
Missing ratio: 0.011345
train: 0.900102	val: 0.661892	test: 0.638310

Epoch: 56
Loss: 0.15673446294575483
Some target is missing!
Missing ratio: 0.011345
Some target is missing!
Missing ratio: 0.011345
train: 0.900033	val: 0.653333	test: 0.630285

Epoch: 57
Loss: 0.1568767738012405
Some target is missing!
Missing ratio: 0.011345
Some target is missing!
Missing ratio: 0.011345
train: 0.903220	val: 0.655305	test: 0.635985

Epoch: 58
Loss: 0.15551617421000724
Some target is missing!
Missing ratio: 0.011345
Some target is missing!
Missing ratio: 0.011345
train: 0.902911	val: 0.652157	test: 0.627322

Epoch: 59
Loss: 0.15579203443442247
Some target is missing!
Missing ratio: 0.011345
Some target is missing!
Missing ratio: 0.011345
train: 0.904724	val: 0.656387	test: 0.625316

Epoch: 60
Loss: 0.15448184364891013
Some target is missing!
Missing ratio: 0.011345
Some target is missing!
Missing ratio: 0.011345
train: 0.904895	val: 0.655941	test: 0.631290

Epoch: 61
Loss: 0.15422713251017123
Some target is missing!
Missing ratio: 0.011345
Some target is missing!
Missing ratio: 0.011345
train: 0.906673	val: 0.660034	test: 0.631746

Epoch: 62
Loss: 0.15401977473316103
Some target is missing!
Missing ratio: 0.011345
Some target is missing!
Missing ratio: 0.011345
train: 0.907813	val: 0.655519	test: 0.629437

Epoch: 63
Loss: 0.1550423142191569
Some target is missing!
Missing ratio: 0.011345
Some target is missing!
Missing ratio: 0.011345
train: 0.908234	val: 0.664801	test: 0.639521

Epoch: 64
Loss: 0.15306662135022012
Some target is missing!
Missing ratio: 0.011345
Some target is missing!
Missing ratio: 0.011345
train: 0.907913	val: 0.670397	test: 0.640425

Epoch: 65
Loss: 0.15337714973612074
Some target is missing!
Missing ratio: 0.011345
Some target is missing!
Missing ratio: 0.011345
train: 0.909017	val: 0.663823	test: 0.635939

Epoch: 66
Loss: 0.15250501843637096
Some target is missing!
Missing ratio: 0.011345
Some target is missing!
Missing ratio: 0.011345
train: 0.912028	val: 0.658262	test: 0.638442

Epoch: 67
Loss: 0.15222932399494982
Some target is missing!
Missing ratio: 0.011345
Some target is missing!
Missing ratio: 0.011345
train: 0.913665	val: 0.665897	test: 0.631159

Epoch: 68
Loss: 0.15178883554247966
Some target is missing!
Missing ratio: 0.011345
Some target is missing!
Missing ratio: 0.011345
train: 0.913239	val: 0.665028	test: 0.639199

Epoch: 69
Loss: 0.15097275992652368
Some target is missing!
Missing ratio: 0.011345
Some target is missing!
Missing ratio: 0.011345
train: 0.915136	val: 0.662603	test: 0.636686

Epoch: 70
Loss: 0.1503768813006986
Some target is missing!
Missing ratio: 0.011345
Some target is missing!
Missing ratio: 0.011345
train: 0.914493	val: 0.669455	test: 0.632916

Epoch: 71
Loss: 0.14958466663852596
Some target is missing!
Missing ratio: 0.011345
Some target is missing!
Missing ratio: 0.011345
train: 0.915142	val: 0.663699	test: 0.632106

Epoch: 72
Loss: 0.1492074300101753
Some target is missing!
Missing ratio: 0.011345
Some target is missing!
Missing ratio: 0.011345
train: 0.917767	val: 0.662376	test: 0.628316

Epoch: 73
Loss: 0.14872061197507577
Some target is missing!
Missing ratio: 0.011345
Some target is missing!
Missing ratio: 0.011345
train: 0.916349	val: 0.654651	test: 0.635985

Epoch: 74
Loss: 0.14973704332258458
Some target is missing!
Missing ratio: 0.011345
Some target is missing!
Missing ratio: 0.011345
train: 0.918607	val: 0.666817	test: 0.639818

Epoch: 75
Loss: 0.14710807095114445
Some target is missing!
Missing ratio: 0.011345
Some target is missing!
Missing ratio: 0.011345
train: 0.920064	val: 0.666502	test: 0.635246

Epoch: 76
Loss: 0.14768650063624128
Some target is missing!
Missing ratio: 0.011345
Some target is missing!
Missing ratio: 0.011345
train: 0.921201	val: 0.662431	test: 0.635811

Epoch: 77
Loss: 0.14688060899401856
Some target is missing!
Missing ratio: 0.011345
Some target is missing!
Missing ratio: 0.011345
train: 0.919921	val: 0.657318	test: 0.629674

Epoch: 78
Loss: 0.14777249517488272
Some target is missing!
Missing ratio: 0.011345
Some target is missing!
Missing ratio: 0.011345
train: 0.921626	val: 0.665387	test: 0.639121

Epoch: 79
Loss: 0.1465404464471462
Some target is missing!
Missing ratio: 0.011345
Some target is missing!
Missing ratio: 0.011345
train: 0.921132	val: 0.660133	test: 0.637503

Epoch: 80
Loss: 0.14616669494766427
Some target is missing!
Missing ratio: 0.011345
Some target is missing!
Missing ratio: 0.011345
train: 0.923097	val: 0.662910	test: 0.636717

Epoch: 81
Loss: 0.14609403301274065
Some target is missing!
Missing ratio: 0.011345
Some target is missing!
Missing ratio: 0.011345
train: 0.925327	val: 0.666125	test: 0.633253

Epoch: 82
Loss: 0.14584109882876642
Some target is missing!
Missing ratio: 0.011345
Some target is missing!
Missing ratio: 0.011345
train: 0.923664	val: 0.667639	test: 0.627723

Epoch: 83
Loss: 0.1451665791005708
Some target is missing!
Missing ratio: 0.011345
Some target is missing!
Missing ratio: 0.011345
train: 0.924790	val: 0.670032	test: 0.633945

Epoch: 84
Loss: 0.1451525614133022
Some target is missing!
Missing ratio: 0.011345
Some target is missing!
Missing ratio: 0.011345
train: 0.926446	val: 0.661552	test: 0.629538

Epoch: 85
Loss: 0.1443854113644351
Some target is missing!
Missing ratio: 0.011345
Some target is missing!
Missing ratio: 0.011345
train: 0.927267	val: 0.662009	test: 0.629940

Epoch: 86
Loss: 0.14498057599778139
Some target is missing!
Missing ratio: 0.011345
Some target is missing!
Missing ratio: 0.011345
train: 0.927054	val: 0.673951	test: 0.637363

Epoch: 87
Loss: 0.14504696235553372
Some target is missing!
Missing ratio: 0.011345
Some target is missing!
Missing ratio: 0.011345
train: 0.928388	val: 0.671896	test: 0.626485

Epoch: 88
Loss: 0.14325968009946694
Some target is missing!
Missing ratio: 0.011345
Some target is missing!
Missing ratio: 0.011345
train: 0.928240	val: 0.667154	test: 0.627769

Epoch: 89
Loss: 0.14224356285461365
Some target is missing!
Missing ratio: 0.011345
Some target is missing!
Missing ratio: 0.011345
train: 0.929749	val: 0.669458	test: 0.632302

Epoch: 90
Loss: 0.14213607514681678
Some target is missing!
Missing ratio: 0.011345
Some target is missing!
Missing ratio: 0.011345
train: 0.930038	val: 0.666450	test: 0.624621

Epoch: 91
Loss: 0.14351310203670992
Some target is missing!
Missing ratio: 0.011345
Some target is missing!
Missing ratio: 0.011345
train: 0.930814	val: 0.664784	test: 0.630450

Epoch: 92
Loss: 0.14264600787085963
Some target is missing!
Missing ratio: 0.011345
Some target is missing!
Missing ratio: 0.011345
train: 0.930430	val: 0.655553	test: 0.623775

Epoch: 93
Loss: 0.1428067140679724
Some target is missing!
Missing ratio: 0.011345
Some target is missing!
Missing ratio: 0.011345
train: 0.931407	val: 0.669331	test: 0.642341

Epoch: 94
Loss: 0.14307708941209926
Some target is missing!
Missing ratio: 0.011345
Some target is missing!
Missing ratio: 0.011345
train: 0.933956	val: 0.668910	test: 0.634741

Epoch: 95
Loss: 0.14106905406464224
Some target is missing!
Missing ratio: 0.011345
Some target is missing!
Missing ratio: 0.011345
train: 0.932760	val: 0.675724	test: 0.633877

Epoch: 96
Loss: 0.14090693834037027
Some target is missing!
Missing ratio: 0.011345
Some target is missing!
Missing ratio: 0.011345
train: 0.933859	val: 0.666868	test: 0.632695

Epoch: 97
Loss: 0.1398695897592309
Some target is missing!
Missing ratio: 0.011345
Some target is missing!
Missing ratio: 0.011345
train: 0.934287	val: 0.665594	test: 0.636142

Epoch: 98
Loss: 0.1400498766860245
Some target is missing!
Missing ratio: 0.011345
Some target is missing!
Missing ratio: 0.011345
train: 0.935525	val: 0.665926	test: 0.630867

Epoch: 99
Loss: 0.1393279637950388
Some target is missing!
Missing ratio: 0.011345
Some target is missing!
Missing ratio: 0.011345
train: 0.936009	val: 0.672767	test: 0.636206

Epoch: 100
Loss: 0.1393437689634256
Some target is missing!
Missing ratio: 0.011345
Some target is missing!
Missing ratio: 0.011345
train: 0.935717	val: 0.668272	test: 0.629507

best train: 0.932760	val: 0.675724	test: 0.633877
end
