9087242_2
--dataset=toxcast --runseed=2 --eval_train --batch_size=256 --dropout_ratio=0.5 --input_model_file=../output/3D_hybrid_02_masking/GEOM_3D_nmol50000_nconf5_nupper1000/CL_1_VAE_1/6_51_10_0.1/0.15_EBM_dot_prod_0.2_normalize_l2_detach_target_2_100_0/pretraining_model.pth
start
arguments	 Namespace(AE_loss='l2', AE_model='AE', CL_neg_samples=1, CL_similarity_metric='InfoNCE_dot_prod', JK='last', SSL_2D_mode='AM', SSL_masking_ratio=0, T=0.1, alpha_1=1, alpha_2=1, alpha_3=0.1, batch_size=256, beta=1, contextpred_neg_samples=1, csize=3, cutoff=10, dataset='toxcast', decay=0, detach_target=True, device=0, dropout_ratio=0.5, emb_dim=300, engg_n_layers=4, epochs=100, eval_train=True, flow_length=8, flow_model='planar', gamma_joao=0.1, gamma_joaov2=0.1, gnn_lr_scale=1, gnn_type='gin', graph_pooling='mean', input_data_dir='', input_model_file='../output/3D_hybrid_02_masking/GEOM_3D_nmol50000_nconf5_nupper1000/CL_1_VAE_1/6_51_10_0.1/0.15_EBM_dot_prod_0.2_normalize_l2_detach_target_2_100_0/pretraining_model.pth', iw_samples=5, lr=0.001, lr_scale=1, m_dim=50, mask_edge=0, mask_rate=0.15, model_3d='schnet', normalize=True, num_filters=128, num_gaussians=51, num_interactions=6, num_layer=5, num_workers=8, output_model_dir='', readout='mean', runseed=2, schnet_lr_scale=1, seed=42, split='scaffold', verbose=False)
Dataset: toxcast
Data: Data(edge_attr=[330356, 2], edge_index=[2, 330356], id=[8576], x=[161088, 2], y=[5291392])
MoleculeDataset(8576)
split via scaffold
Data(edge_attr=[28, 2], edge_index=[2, 28], id=[1], x=[15, 2], y=[617])
GNN_graphpred(
(molecule_model): GNN(
(x_embedding1): Embedding(120, 300)
(x_embedding2): Embedding(3, 300)
(gnns): ModuleList(
(0): GINConv(
(mlp): Sequential(
(0): Linear(in_features=300, out_features=600, bias=True)
(1): ReLU()
(2): Linear(in_features=600, out_features=300, bias=True)
)
(edge_embedding1): Embedding(6, 300)
(edge_embedding2): Embedding(3, 300)
)
(1): GINConv(
(mlp): Sequential(
(0): Linear(in_features=300, out_features=600, bias=True)
(1): ReLU()
(2): Linear(in_features=600, out_features=300, bias=True)
)
(edge_embedding1): Embedding(6, 300)
(edge_embedding2): Embedding(3, 300)
)
(2): GINConv(
(mlp): Sequential(
(0): Linear(in_features=300, out_features=600, bias=True)
(1): ReLU()
(2): Linear(in_features=600, out_features=300, bias=True)
)
(edge_embedding1): Embedding(6, 300)
(edge_embedding2): Embedding(3, 300)
)
(3): GINConv(
(mlp): Sequential(
(0): Linear(in_features=300, out_features=600, bias=True)
(1): ReLU()
(2): Linear(in_features=600, out_features=300, bias=True)
)
(edge_embedding1): Embedding(6, 300)
(edge_embedding2): Embedding(3, 300)
)
(4): GINConv(
(mlp): Sequential(
(0): Linear(in_features=300, out_features=600, bias=True)
(1): ReLU()
(2): Linear(in_features=600, out_features=300, bias=True)
)
(edge_embedding1): Embedding(6, 300)
(edge_embedding2): Embedding(3, 300)
)
)
(batch_norms): ModuleList(
(0): BatchNorm1d(300, eps=1e-05, momentum=0.1, affine=True, track_running_stats=True)
(1): BatchNorm1d(300, eps=1e-05, momentum=0.1, affine=True, track_running_stats=True)
(2): BatchNorm1d(300, eps=1e-05, momentum=0.1, affine=True, track_running_stats=True)
(3): BatchNorm1d(300, eps=1e-05, momentum=0.1, affine=True, track_running_stats=True)
(4): BatchNorm1d(300, eps=1e-05, momentum=0.1, affine=True, track_running_stats=True)
)
)
(graph_pred_linear): Linear(in_features=300, out_features=617, bias=True)
)
Epoch: 1
Loss: 0.5472138674685348
Some target is missing!
Missing ratio: 0.011345
Some target is missing!
Missing ratio: 0.011345
train: 0.630480	val: 0.546397	test: 0.542767

Epoch: 2
Loss: 0.3461012500234748
Some target is missing!
Missing ratio: 0.011345
Some target is missing!
Missing ratio: 0.011345
train: 0.675650	val: 0.566551	test: 0.559331

Epoch: 3
Loss: 0.25216131916440077
Some target is missing!
Missing ratio: 0.011345
Some target is missing!
Missing ratio: 0.011345
train: 0.707748	val: 0.591240	test: 0.585800

Epoch: 4
Loss: 0.2200632508417641
Some target is missing!
Missing ratio: 0.011345
Some target is missing!
Missing ratio: 0.011345
train: 0.727054	val: 0.609778	test: 0.593146

Epoch: 5
Loss: 0.20973255558262624
Some target is missing!
Missing ratio: 0.011345
Some target is missing!
Missing ratio: 0.011345
train: 0.742864	val: 0.613382	test: 0.599454

Epoch: 6
Loss: 0.2033378499383047
Some target is missing!
Missing ratio: 0.011345
Some target is missing!
Missing ratio: 0.011345
train: 0.758366	val: 0.611555	test: 0.601892

Epoch: 7
Loss: 0.20059066595718533
Some target is missing!
Missing ratio: 0.011345
Some target is missing!
Missing ratio: 0.011345
train: 0.764525	val: 0.624344	test: 0.615666

Epoch: 8
Loss: 0.19773020025951513
Some target is missing!
Missing ratio: 0.011345
Some target is missing!
Missing ratio: 0.011345
train: 0.779101	val: 0.611621	test: 0.604157

Epoch: 9
Loss: 0.19564084725182276
Some target is missing!
Missing ratio: 0.011345
Some target is missing!
Missing ratio: 0.011345
train: 0.786340	val: 0.625966	test: 0.615383

Epoch: 10
Loss: 0.19354713028574425
Some target is missing!
Missing ratio: 0.011345
Some target is missing!
Missing ratio: 0.011345
train: 0.779036	val: 0.608744	test: 0.597847

Epoch: 11
Loss: 0.1924047379206741
Some target is missing!
Missing ratio: 0.011345
Some target is missing!
Missing ratio: 0.011345
train: 0.794757	val: 0.623084	test: 0.611427

Epoch: 12
Loss: 0.18925609090025763
Some target is missing!
Missing ratio: 0.011345
Some target is missing!
Missing ratio: 0.011345
train: 0.801059	val: 0.627715	test: 0.618909

Epoch: 13
Loss: 0.1888040492402807
Some target is missing!
Missing ratio: 0.011345
Some target is missing!
Missing ratio: 0.011345
train: 0.807476	val: 0.632554	test: 0.623520

Epoch: 14
Loss: 0.18716608733098639
Some target is missing!
Missing ratio: 0.011345
Some target is missing!
Missing ratio: 0.011345
train: 0.804991	val: 0.629140	test: 0.611866

Epoch: 15
Loss: 0.18642274540282985
Some target is missing!
Missing ratio: 0.011345
Some target is missing!
Missing ratio: 0.011345
train: 0.816223	val: 0.630847	test: 0.617060

Epoch: 16
Loss: 0.18600252089713631
Some target is missing!
Missing ratio: 0.011345
Some target is missing!
Missing ratio: 0.011345
train: 0.821858	val: 0.635585	test: 0.609999

Epoch: 17
Loss: 0.18414216636572792
Some target is missing!
Missing ratio: 0.011345
Some target is missing!
Missing ratio: 0.011345
train: 0.826354	val: 0.636352	test: 0.623227

Epoch: 18
Loss: 0.1823734028620004
Some target is missing!
Missing ratio: 0.011345
Some target is missing!
Missing ratio: 0.011345
train: 0.829574	val: 0.640531	test: 0.622238

Epoch: 19
Loss: 0.18189639465962454
Some target is missing!
Missing ratio: 0.011345
Some target is missing!
Missing ratio: 0.011345
train: 0.832618	val: 0.638308	test: 0.615678

Epoch: 20
Loss: 0.1806961419509798
Some target is missing!
Missing ratio: 0.011345
Some target is missing!
Missing ratio: 0.011345
train: 0.832243	val: 0.640228	test: 0.620202

Epoch: 21
Loss: 0.18065342126697187
Some target is missing!
Missing ratio: 0.011345
Some target is missing!
Missing ratio: 0.011345
train: 0.834898	val: 0.635257	test: 0.626292

Epoch: 22
Loss: 0.1799796463608498
Some target is missing!
Missing ratio: 0.011345
Some target is missing!
Missing ratio: 0.011345
train: 0.838862	val: 0.635172	test: 0.620465

Epoch: 23
Loss: 0.1782977993788876
Some target is missing!
Missing ratio: 0.011345
Some target is missing!
Missing ratio: 0.011345
train: 0.839659	val: 0.631994	test: 0.626498

Epoch: 24
Loss: 0.17769816625549187
Some target is missing!
Missing ratio: 0.011345
Some target is missing!
Missing ratio: 0.011345
train: 0.843334	val: 0.625362	test: 0.616123

Epoch: 25
Loss: 0.17831518886876663
Some target is missing!
Missing ratio: 0.011345
Some target is missing!
Missing ratio: 0.011345
train: 0.847051	val: 0.628490	test: 0.619743

Epoch: 26
Loss: 0.17631120518998333
Some target is missing!
Missing ratio: 0.011345
Some target is missing!
Missing ratio: 0.011345
train: 0.848560	val: 0.638609	test: 0.624715

Epoch: 27
Loss: 0.17644537565407478
Some target is missing!
Missing ratio: 0.011345
Some target is missing!
Missing ratio: 0.011345
train: 0.848744	val: 0.652467	test: 0.634446

Epoch: 28
Loss: 0.17545560116075157
Some target is missing!
Missing ratio: 0.011345
Some target is missing!
Missing ratio: 0.011345
train: 0.852354	val: 0.636602	test: 0.617307

Epoch: 29
Loss: 0.17490665631972518
Some target is missing!
Missing ratio: 0.011345
Some target is missing!
Missing ratio: 0.011345
train: 0.856918	val: 0.629128	test: 0.623996

Epoch: 30
Loss: 0.1748919259721976
Some target is missing!
Missing ratio: 0.011345
Some target is missing!
Missing ratio: 0.011345
train: 0.858880	val: 0.636376	test: 0.624404

Epoch: 31
Loss: 0.1734503480767906
Some target is missing!
Missing ratio: 0.011345
Some target is missing!
Missing ratio: 0.011345
train: 0.858451	val: 0.639786	test: 0.619944

Epoch: 32
Loss: 0.17321728857959331
Some target is missing!
Missing ratio: 0.011345
Some target is missing!
Missing ratio: 0.011345
train: 0.860177	val: 0.635974	test: 0.628903

Epoch: 33
Loss: 0.1712024836509128
Some target is missing!
Missing ratio: 0.011345
Some target is missing!
Missing ratio: 0.011345
train: 0.861376	val: 0.636877	test: 0.622400

Epoch: 34
Loss: 0.1713525460258421
Some target is missing!
Missing ratio: 0.011345
Some target is missing!
Missing ratio: 0.011345
train: 0.861736	val: 0.642816	test: 0.625847

Epoch: 35
Loss: 0.17163321783451424
Some target is missing!
Missing ratio: 0.011345
Some target is missing!
Missing ratio: 0.011345
train: 0.862198	val: 0.637942	test: 0.617925

Epoch: 36
Loss: 0.17049014950193875
Some target is missing!
Missing ratio: 0.011345
Some target is missing!
Missing ratio: 0.011345
train: 0.867372	val: 0.644444	test: 0.620526

Epoch: 37
Loss: 0.16986515459803378
Some target is missing!
Missing ratio: 0.011345
Some target is missing!
Missing ratio: 0.011345
train: 0.866261	val: 0.643356	test: 0.629145

Epoch: 38
Loss: 0.16849072674158255
Some target is missing!
Missing ratio: 0.011345
Some target is missing!
Missing ratio: 0.011345
train: 0.869791	val: 0.650221	test: 0.624534

Epoch: 39
Loss: 0.1689155926853403
Some target is missing!
Missing ratio: 0.011345
Some target is missing!
Missing ratio: 0.011345
train: 0.868504	val: 0.642296	test: 0.626128

Epoch: 40
Loss: 0.16858517098914585
Some target is missing!
Missing ratio: 0.011345
Some target is missing!
Missing ratio: 0.011345
train: 0.869015	val: 0.642441	test: 0.616576

Epoch: 41
Loss: 0.16808938748051505
Some target is missing!
Missing ratio: 0.011345
Some target is missing!
Missing ratio: 0.011345
train: 0.873706	val: 0.635246	test: 0.631554

Epoch: 42
Loss: 0.1674517836909182
Some target is missing!
Missing ratio: 0.011345
Some target is missing!
Missing ratio: 0.011345
train: 0.872973	val: 0.641419	test: 0.624225

Epoch: 43
Loss: 0.16599921084194616
Some target is missing!
Missing ratio: 0.011345
Some target is missing!
Missing ratio: 0.011345
train: 0.876728	val: 0.641258	test: 0.626609

Epoch: 44
Loss: 0.16584313061081588
Some target is missing!
Missing ratio: 0.011345
Some target is missing!
Missing ratio: 0.011345
train: 0.878118	val: 0.649980	test: 0.623991

Epoch: 45
Loss: 0.16616506895669403
Some target is missing!
Missing ratio: 0.011345
Some target is missing!
Missing ratio: 0.011345
train: 0.878146	val: 0.639193	test: 0.625516

Epoch: 46
Loss: 0.16630129560942045
Some target is missing!
Missing ratio: 0.011345
Some target is missing!
Missing ratio: 0.011345
train: 0.879905	val: 0.639603	test: 0.622765

Epoch: 47
Loss: 0.1639144748088846
Some target is missing!
Missing ratio: 0.011345
Some target is missing!
Missing ratio: 0.011345
train: 0.880627	val: 0.646507	test: 0.619216

Epoch: 48
Loss: 0.1653720454431293
Some target is missing!
Missing ratio: 0.011345
Some target is missing!
Missing ratio: 0.011345
train: 0.879784	val: 0.648016	test: 0.622655

Epoch: 49
Loss: 0.16523628697547327
Some target is missing!
Missing ratio: 0.011345
Some target is missing!
Missing ratio: 0.011345
train: 0.879348	val: 0.655225	test: 0.629026

Epoch: 50
Loss: 0.16346500898733587
Some target is missing!
Missing ratio: 0.011345
Some target is missing!
Missing ratio: 0.011345
train: 0.882784	val: 0.646867	test: 0.620404

Epoch: 51
Loss: 0.163228697395899
Some target is missing!
Missing ratio: 0.011345
Some target is missing!
Missing ratio: 0.011345
train: 0.884211	val: 0.654602	test: 0.626524

Epoch: 52
Loss: 0.16239392464365018
Some target is missing!
Missing ratio: 0.011345
Some target is missing!
Missing ratio: 0.011345
train: 0.884864	val: 0.647241	test: 0.624537

Epoch: 53
Loss: 0.1634580996256009
Some target is missing!
Missing ratio: 0.011345
Some target is missing!
Missing ratio: 0.011345
train: 0.887956	val: 0.649697	test: 0.627370

Epoch: 54
Loss: 0.16142354960514307
Some target is missing!
Missing ratio: 0.011345
Some target is missing!
Missing ratio: 0.011345
train: 0.885738	val: 0.643623	test: 0.616718

Epoch: 55
Loss: 0.1617050600446179
Some target is missing!
Missing ratio: 0.011345
Some target is missing!
Missing ratio: 0.011345
train: 0.890055	val: 0.647426	test: 0.624380

Epoch: 56
Loss: 0.16134830429243438
Some target is missing!
Missing ratio: 0.011345
Some target is missing!
Missing ratio: 0.011345
train: 0.889569	val: 0.648452	test: 0.630117

Epoch: 57
Loss: 0.16024124121172953
Some target is missing!
Missing ratio: 0.011345
Some target is missing!
Missing ratio: 0.011345
train: 0.889279	val: 0.652613	test: 0.629929

Epoch: 58
Loss: 0.16064562110319808
Some target is missing!
Missing ratio: 0.011345
Some target is missing!
Missing ratio: 0.011345
train: 0.891026	val: 0.654271	test: 0.627307

Epoch: 59
Loss: 0.16055302541507177
Some target is missing!
Missing ratio: 0.011345
Some target is missing!
Missing ratio: 0.011345
train: 0.893470	val: 0.652059	test: 0.623029

Epoch: 60
Loss: 0.15867532293763784
Some target is missing!
Missing ratio: 0.011345
Some target is missing!
Missing ratio: 0.011345
train: 0.893862	val: 0.643203	test: 0.630699

Epoch: 61
Loss: 0.15755269584375833
Some target is missing!
Missing ratio: 0.011345
Some target is missing!
Missing ratio: 0.011345
train: 0.894847	val: 0.648677	test: 0.629023

Epoch: 62
Loss: 0.15884852296348637
Some target is missing!
Missing ratio: 0.011345
Some target is missing!
Missing ratio: 0.011345
train: 0.895224	val: 0.642614	test: 0.620095

Epoch: 63
Loss: 0.15869905707965348
Some target is missing!
Missing ratio: 0.011345
Some target is missing!
Missing ratio: 0.011345
train: 0.897228	val: 0.649941	test: 0.626486

Epoch: 64
Loss: 0.15914877625605303
Some target is missing!
Missing ratio: 0.011345
Some target is missing!
Missing ratio: 0.011345
train: 0.895918	val: 0.643557	test: 0.623260

Epoch: 65
Loss: 0.1564885650354847
Some target is missing!
Missing ratio: 0.011345
Some target is missing!
Missing ratio: 0.011345
train: 0.897021	val: 0.646753	test: 0.631469

Epoch: 66
Loss: 0.15815217331815537
Some target is missing!
Missing ratio: 0.011345
Some target is missing!
Missing ratio: 0.011345
train: 0.895189	val: 0.643190	test: 0.618389

Epoch: 67
Loss: 0.15643237019482506
Some target is missing!
Missing ratio: 0.011345
Some target is missing!
Missing ratio: 0.011345
train: 0.901165	val: 0.651778	test: 0.626849

Epoch: 68
Loss: 0.15577473483867876
Some target is missing!
Missing ratio: 0.011345
Some target is missing!
Missing ratio: 0.011345
train: 0.899448	val: 0.652548	test: 0.629868

Epoch: 69
Loss: 0.15698596010865093
Some target is missing!
Missing ratio: 0.011345
Some target is missing!
Missing ratio: 0.011345
train: 0.901529	val: 0.638915	test: 0.616165

Epoch: 70
Loss: 0.15573247498393422
Some target is missing!
Missing ratio: 0.011345
Some target is missing!
Missing ratio: 0.011345
train: 0.900702	val: 0.647539	test: 0.633696

Epoch: 71
Loss: 0.15540922071164187
Some target is missing!
Missing ratio: 0.011345
Some target is missing!
Missing ratio: 0.011345
train: 0.903988	val: 0.650363	test: 0.621247

Epoch: 72
Loss: 0.15440633058489026
Some target is missing!
Missing ratio: 0.011345
Some target is missing!
Missing ratio: 0.011345
train: 0.902160	val: 0.657170	test: 0.625510

Epoch: 73
Loss: 0.15544125897884095
Some target is missing!
Missing ratio: 0.011345
Some target is missing!
Missing ratio: 0.011345
train: 0.904560	val: 0.657069	test: 0.624601

Epoch: 74
Loss: 0.15425044291466478
Some target is missing!
Missing ratio: 0.011345
Some target is missing!
Missing ratio: 0.011345
train: 0.903603	val: 0.651620	test: 0.627722

Epoch: 75
Loss: 0.1537830616397493
Some target is missing!
Missing ratio: 0.011345
Some target is missing!
Missing ratio: 0.011345
train: 0.904836	val: 0.652122	test: 0.628302

Epoch: 76
Loss: 0.15259639792707316
Some target is missing!
Missing ratio: 0.011345
Some target is missing!
Missing ratio: 0.011345
train: 0.906341	val: 0.660294	test: 0.620587

Epoch: 77
Loss: 0.15380499258970956
Some target is missing!
Missing ratio: 0.011345
Some target is missing!
Missing ratio: 0.011345
train: 0.904670	val: 0.649392	test: 0.628287

Epoch: 78
Loss: 0.15419659612309078
Some target is missing!
Missing ratio: 0.011345
Some target is missing!
Missing ratio: 0.011345
train: 0.908114	val: 0.651484	test: 0.631141

Epoch: 79
Loss: 0.15105447402459907
Some target is missing!
Missing ratio: 0.011345
Some target is missing!
Missing ratio: 0.011345
train: 0.909735	val: 0.657566	test: 0.628718

Epoch: 80
Loss: 0.15267842289423197
Some target is missing!
Missing ratio: 0.011345
Some target is missing!
Missing ratio: 0.011345
train: 0.907070	val: 0.654039	test: 0.633497

Epoch: 81
Loss: 0.152769709493794
Some target is missing!
Missing ratio: 0.011345
Some target is missing!
Missing ratio: 0.011345
train: 0.909190	val: 0.661424	test: 0.627943

Epoch: 82
Loss: 0.15185566710400397
Some target is missing!
Missing ratio: 0.011345
Some target is missing!
Missing ratio: 0.011345
train: 0.912051	val: 0.650397	test: 0.622512

Epoch: 83
Loss: 0.1514453645785523
Some target is missing!
Missing ratio: 0.011345
Some target is missing!
Missing ratio: 0.011345
train: 0.908131	val: 0.655998	test: 0.631805

Epoch: 84
Loss: 0.150887074668866
Some target is missing!
Missing ratio: 0.011345
Some target is missing!
Missing ratio: 0.011345
train: 0.912819	val: 0.661298	test: 0.628360

Epoch: 85
Loss: 0.1498596978605915
Some target is missing!
Missing ratio: 0.011345
Some target is missing!
Missing ratio: 0.011345
train: 0.913161	val: 0.662742	test: 0.630040

Epoch: 86
Loss: 0.15038638874412694
Some target is missing!
Missing ratio: 0.011345
Some target is missing!
Missing ratio: 0.011345
train: 0.911785	val: 0.658719	test: 0.626244

Epoch: 87
Loss: 0.14949692990879201
Some target is missing!
Missing ratio: 0.011345
Some target is missing!
Missing ratio: 0.011345
train: 0.914150	val: 0.651150	test: 0.623187

Epoch: 88
Loss: 0.15038290902146673
Some target is missing!
Missing ratio: 0.011345
Some target is missing!
Missing ratio: 0.011345
train: 0.914786	val: 0.665621	test: 0.627564

Epoch: 89
Loss: 0.14917798650326136
Some target is missing!
Missing ratio: 0.011345
Some target is missing!
Missing ratio: 0.011345
train: 0.913021	val: 0.653010	test: 0.624134

Epoch: 90
Loss: 0.1484543695203213
Some target is missing!
Missing ratio: 0.011345
Some target is missing!
Missing ratio: 0.011345
train: 0.915378	val: 0.662653	test: 0.624688

Epoch: 91
Loss: 0.14861271731768325
Some target is missing!
Missing ratio: 0.011345
Some target is missing!
Missing ratio: 0.011345
train: 0.914330	val: 0.654231	test: 0.620783

Epoch: 92
Loss: 0.1495063246633807
Some target is missing!
Missing ratio: 0.011345
Some target is missing!
Missing ratio: 0.011345
train: 0.916638	val: 0.657278	test: 0.624162

Epoch: 93
Loss: 0.14860819526506402
Some target is missing!
Missing ratio: 0.011345
Some target is missing!
Missing ratio: 0.011345
train: 0.915448	val: 0.653614	test: 0.629551

Epoch: 94
Loss: 0.14849031841391386
Some target is missing!
Missing ratio: 0.011345
Some target is missing!
Missing ratio: 0.011345
train: 0.918818	val: 0.655051	test: 0.621957

Epoch: 95
Loss: 0.1473961402767306
Some target is missing!
Missing ratio: 0.011345
Some target is missing!
Missing ratio: 0.011345
train: 0.919036	val: 0.661421	test: 0.630995

Epoch: 96
Loss: 0.1467190577164373
Some target is missing!
Missing ratio: 0.011345
Some target is missing!
Missing ratio: 0.011345
train: 0.920093	val: 0.657107	test: 0.626946

Epoch: 97
Loss: 0.14635541629409682
Some target is missing!
Missing ratio: 0.011345
Some target is missing!
Missing ratio: 0.011345
train: 0.919847	val: 0.664049	test: 0.631643

Epoch: 98
Loss: 0.1463948595622371
Some target is missing!
Missing ratio: 0.011345
Some target is missing!
Missing ratio: 0.011345
train: 0.918239	val: 0.657910	test: 0.624967

Epoch: 99
Loss: 0.14673048638669528
Some target is missing!
Missing ratio: 0.011345
Some target is missing!
Missing ratio: 0.011345
train: 0.922023	val: 0.654406	test: 0.625875

Epoch: 100
Loss: 0.1452157556306816
Some target is missing!
Missing ratio: 0.011345
Some target is missing!
Missing ratio: 0.011345
train: 0.922897	val: 0.660605	test: 0.622330

best train: 0.914786	val: 0.665621	test: 0.627564
end
